#
# There is insufficient memory for the Java Runtime Environment to continue.
# Native memory allocation (mmap) failed to map 90177536 bytes for Failed to commit area from 0x000000008ad00000 to 0x0000000090300000 of length 90177536.
# Possible reasons:
#   The system is out of physical RAM or swap space
#   The process is running with CompressedOops enabled, and the Java Heap may be blocking the growth of the native heap
# Possible solutions:
#   Reduce memory load on the system
#   Increase physical memory or swap space
#   Check if swap backing store is full
#   Decrease Java heap size (-Xmx/-Xms)
#   Decrease number of Java threads
#   Decrease Java thread stack sizes (-Xss)
#   Set larger code cache with -XX:ReservedCodeCacheSize=
#   JVM is running with Unscaled Compressed Oops mode in which the Java heap is
#     placed in the first 4GB address space. The Java Heap base address is the
#     maximum limit for the native heap growth. Please use -XX:HeapBaseMinAddress
#     to set the Java Heap base and to place the Java Heap above 4GB virtual address.
# This output file may be truncated or incomplete.
#
#  Out of Memory Error (./src/hotspot/os/windows/os_windows.cpp:3301), pid=17628, tid=12952
#
# JRE version: OpenJDK Runtime Environment (11.0.10) (build 11.0.10+0-b96-7249189)
# Java VM: OpenJDK 64-Bit Server VM (11.0.10+0-b96-7249189, mixed mode, tiered, compressed oops, g1 gc, windows-amd64)
# No core dump will be written. Minidumps are not enabled by default on client versions of Windows
#

---------------  S U M M A R Y ------------

Command Line: --add-opens=java.base/java.util=ALL-UNNAMED --add-opens=java.base/java.lang=ALL-UNNAMED --add-opens=java.base/java.lang.invoke=ALL-UNNAMED --add-opens=java.base/java.util=ALL-UNNAMED --add-opens=java.prefs/java.util.prefs=ALL-UNNAMED --add-opens=java.prefs/java.util.prefs=ALL-UNNAMED --add-opens=java.base/java.nio.charset=ALL-UNNAMED --add-opens=java.base/java.net=ALL-UNNAMED --add-opens=java.base/java.util.concurrent.atomic=ALL-UNNAMED -Xmx2048m -Dfile.encoding=UTF-8 -Duser.country=IT -Duser.language=it -Duser.variant org.gradle.launcher.daemon.bootstrap.GradleDaemon 7.0.2

Host: AMD Ryzen 5 2500U with Radeon Vega Mobile Gfx  , 8 cores, 6G,  Windows 10 , 64 bit Build 19041 (10.0.19041.1348)
Time: Mon Dec 27 22:36:49 2021 ora solare Europa occidentale elapsed time: 23.712382 seconds (0d 0h 0m 23s)

---------------  T H R E A D  ---------------

Current thread (0x000001b7b95c7000):  VMThread "VM Thread" [stack: 0x0000008f49300000,0x0000008f49400000] [id=12952]

Stack: [0x0000008f49300000,0x0000008f49400000]
[error occurred during error reporting (printing stack bounds), id 0xc0000005, EXCEPTION_ACCESS_VIOLATION (0xc0000005) at pc=0x000001b7a2c50f2d]

Native frames: (J=compiled Java code, j=interpreted, Vv=VM code, C=native code)
V  [jvm.dll+0x5ecfaa]
V  [jvm.dll+0x722bd5]
V  [jvm.dll+0x72412d]
V  [jvm.dll+0x724745]
V  [jvm.dll+0x7246fb]
V  [jvm.dll+0x5ec348]
V  [jvm.dll+0x5ecad8]
C  [ntdll.dll+0xa20cf]
C  [ntdll.dll+0x51454]
C  [ntdll.dll+0xa0bfe]
C  0x000001b7a2c50f2d

VM_Operation (0x0000008f4c2f8c80): G1CollectForAllocation, mode: safepoint, requested by thread 0x000001b7bff5f000


---------------  P R O C E S S  ---------------

Threads class SMR info:
_java_thread_list=0x000001b7bb675760, length=61, elements={
0x000001b79f16a000, 0x000001b7b95cc000, 0x000001b7b95cd800, 0x000001b7b95e4000,
0x000001b7b95e5800, 0x000001b7b95e6800, 0x000001b7b95f8000, 0x000001b7b95fc000,
0x000001b7b95fd800, 0x000001b7ba0c0000, 0x000001b7baae8800, 0x000001b7baae7000,
0x000001b7baae5800, 0x000001b7baae8000, 0x000001b7baae9800, 0x000001b7baaea000,
0x000001b7baaeb000, 0x000001b7baaec000, 0x000001b7baae6000, 0x000001b7bc678000,
0x000001b7bc672000, 0x000001b7bc677000, 0x000001b7bc679000, 0x000001b7bc674800,
0x000001b7bc675800, 0x000001b7bc673000, 0x000001b7bc674000, 0x000001b7bc67c000,
0x000001b7bc676800, 0x000001b7bc67d000, 0x000001b7bc67d800, 0x000001b7bc67e800,
0x000001b7bc67a800, 0x000001b7bc680000, 0x000001b7bc681000, 0x000001b7bff61800,
0x000001b7bff5f000, 0x000001b7bff60800, 0x000001b7bff5f800, 0x000001b7bff5d800,
0x000001b7bff62000, 0x000001b7bff63000, 0x000001b7bff64000, 0x000001b7bff5e000,
0x000001b7bff69800, 0x000001b7bff64800, 0x000001b7bff6a800, 0x000001b7bff6b000,
0x000001b7bff66800, 0x000001b7bff67000, 0x000001b7bff6c000, 0x000001b7bf9b2800,
0x000001b7bf9b0000, 0x000001b7bf9b4000, 0x000001b7bf9b3000, 0x000001b7bf9b0800,
0x000001b7bf9ae800, 0x000001b7bf9b1800, 0x000001b7bf9af000, 0x000001b7c0fd2000,
0x000001b7bf9b5000
}

Java Threads: ( => current thread )
  0x000001b79f16a000 JavaThread "main" [_thread_blocked, id=18056, stack(0x0000008f48d00000,0x0000008f48e00000)]
  0x000001b7b95cc000 JavaThread "Reference Handler" daemon [_thread_blocked, id=7564, stack(0x0000008f49400000,0x0000008f49500000)]
  0x000001b7b95cd800 JavaThread "Finalizer" daemon [_thread_blocked, id=1908, stack(0x0000008f49500000,0x0000008f49600000)]
  0x000001b7b95e4000 JavaThread "Signal Dispatcher" daemon [_thread_blocked, id=7820, stack(0x0000008f49600000,0x0000008f49700000)]
  0x000001b7b95e5800 JavaThread "Attach Listener" daemon [_thread_blocked, id=7400, stack(0x0000008f49700000,0x0000008f49800000)]
  0x000001b7b95e6800 JavaThread "Service Thread" daemon [_thread_blocked, id=1960, stack(0x0000008f49800000,0x0000008f49900000)]
  0x000001b7b95f8000 JavaThread "C2 CompilerThread0" daemon [_thread_in_native, id=10280, stack(0x0000008f49900000,0x0000008f49a00000)]
  0x000001b7b95fc000 JavaThread "C1 CompilerThread0" daemon [_thread_blocked, id=6248, stack(0x0000008f49a00000,0x0000008f49b00000)]
  0x000001b7b95fd800 JavaThread "Sweeper thread" daemon [_thread_blocked, id=9184, stack(0x0000008f49b00000,0x0000008f49c00000)]
  0x000001b7ba0c0000 JavaThread "Common-Cleaner" daemon [_thread_blocked, id=3348, stack(0x0000008f49c00000,0x0000008f49d00000)]
  0x000001b7baae8800 JavaThread "Daemon health stats" [_thread_blocked, id=11468, stack(0x0000008f4a100000,0x0000008f4a200000)]
  0x000001b7baae7000 JavaThread "Incoming local TCP Connector on port 62320" [_thread_in_native, id=13480, stack(0x0000008f49e00000,0x0000008f49f00000)]
  0x000001b7baae5800 JavaThread "Daemon periodic checks" [_thread_blocked, id=9156, stack(0x0000008f4a000000,0x0000008f4a100000)]
  0x000001b7baae8000 JavaThread "Daemon" [_thread_blocked, id=11476, stack(0x0000008f4a200000,0x0000008f4a300000)]
  0x000001b7baae9800 JavaThread "Handler for socket connection from /127.0.0.1:62320 to /127.0.0.1:62321" [_thread_in_native, id=12060, stack(0x0000008f4a300000,0x0000008f4a400000)]
  0x000001b7baaea000 JavaThread "Cancel handler" [_thread_blocked, id=15480, stack(0x0000008f4a400000,0x0000008f4a500000)]
  0x000001b7baaeb000 JavaThread "Daemon worker" [_thread_blocked, id=16528, stack(0x0000008f4a500000,0x0000008f4a600000)]
  0x000001b7baaec000 JavaThread "Asynchronous log dispatcher for DefaultDaemonConnection: socket connection from /127.0.0.1:62320 to /127.0.0.1:62321" [_thread_blocked, id=11024, stack(0x0000008f4a600000,0x0000008f4a700000)]
  0x000001b7baae6000 JavaThread "Stdin handler" [_thread_blocked, id=2360, stack(0x0000008f4a700000,0x0000008f4a800000)]
  0x000001b7bc678000 JavaThread "Daemon client event forwarder" [_thread_blocked, id=4620, stack(0x0000008f4af00000,0x0000008f4b000000)]
  0x000001b7bc672000 JavaThread "Cache worker for file hash cache (C:\Users\Umby\.gradle\caches\7.0.2\fileHashes)" [_thread_blocked, id=8456, stack(0x0000008f4b000000,0x0000008f4b100000)]
  0x000001b7bc677000 JavaThread "File lock request listener" [_thread_in_native, id=4936, stack(0x0000008f4b100000,0x0000008f4b200000)]
  0x000001b7bc679000 JavaThread "Cache worker for journal cache (C:\Users\Umby\.gradle\caches\journal-1)" [_thread_blocked, id=15592, stack(0x0000008f4b300000,0x0000008f4b400000)]
  0x000001b7bc674800 JavaThread "Cache worker for file hash cache (C:\Users\Umby\AndroidStudioProjects\Pothub\.gradle\7.0.2\fileHashes)" [_thread_blocked, id=8440, stack(0x0000008f4b500000,0x0000008f4b600000)]
  0x000001b7bc675800 JavaThread "File watcher server" daemon [_thread_in_native, id=16352, stack(0x0000008f4b600000,0x0000008f4b700000)]
  0x000001b7bc673000 JavaThread "File watcher consumer" daemon [_thread_blocked, id=9460, stack(0x0000008f4b700000,0x0000008f4b800000)]
  0x000001b7bc674000 JavaThread "Cache worker for checksums cache (C:\Users\Umby\AndroidStudioProjects\Pothub\.gradle\checksums)" [_thread_blocked, id=3524, stack(0x0000008f4b800000,0x0000008f4b900000)]
  0x000001b7bc67c000 JavaThread "Cache worker for cache directory md-supplier (C:\Users\Umby\.gradle\caches\7.0.2\md-supplier)" [_thread_blocked, id=1104, stack(0x0000008f4b900000,0x0000008f4ba00000)]
  0x000001b7bc676800 JavaThread "Cache worker for cache directory md-rule (C:\Users\Umby\.gradle\caches\7.0.2\md-rule)" [_thread_blocked, id=6316, stack(0x0000008f4ba00000,0x0000008f4bb00000)]
  0x000001b7bc67d000 JavaThread "Cache worker for execution history cache (C:\Users\Umby\.gradle\caches\7.0.2\executionHistory)" [_thread_blocked, id=8452, stack(0x0000008f4bb00000,0x0000008f4bc00000)]
  0x000001b7bc67d800 JavaThread "jar transforms" [_thread_blocked, id=17284, stack(0x0000008f4bc00000,0x0000008f4bd00000)]
  0x000001b7bc67e800 JavaThread "jar transforms Thread 2" [_thread_blocked, id=1632, stack(0x0000008f4bd00000,0x0000008f4be00000)]
  0x000001b7bc67a800 JavaThread "Cache worker for file content cache (C:\Users\Umby\.gradle\caches\7.0.2\fileContent)" [_thread_blocked, id=8404, stack(0x0000008f4be00000,0x0000008f4bf00000)]
  0x000001b7bc680000 JavaThread "Cache worker for dependencies-accessors (C:\Users\Umby\AndroidStudioProjects\Pothub\.gradle\7.0.2\dependencies-accessors)" [_thread_blocked, id=15728, stack(0x0000008f4bf00000,0x0000008f4c000000)]
  0x000001b7bc681000 JavaThread "jar transforms Thread 3" [_thread_blocked, id=6428, stack(0x0000008f4c000000,0x0000008f4c100000)]
  0x000001b7bff61800 JavaThread "Cache worker for Build Output Cleanup Cache (C:\Users\Umby\AndroidStudioProjects\Pothub\.gradle\buildOutputCleanup)" [_thread_blocked, id=17916, stack(0x0000008f4c100000,0x0000008f4c200000)]
  0x000001b7bff5f000 JavaThread "Build operations" [_thread_blocked, id=15780, stack(0x0000008f4c200000,0x0000008f4c300000)]
  0x000001b7bff60800 JavaThread "Build operations Thread 2" [_thread_blocked, id=16788, stack(0x0000008f4c300000,0x0000008f4c400000)]
  0x000001b7bff5f800 JavaThread "Build operations Thread 3" [_thread_blocked, id=6384, stack(0x0000008f4c400000,0x0000008f4c500000)]
  0x000001b7bff5d800 JavaThread "Build operations Thread 4" [_thread_blocked, id=18248, stack(0x0000008f4c500000,0x0000008f4c600000)]
  0x000001b7bff62000 JavaThread "Build operations Thread 5" [_thread_blocked, id=4480, stack(0x0000008f4c600000,0x0000008f4c700000)]
  0x000001b7bff63000 JavaThread "Build operations Thread 6" [_thread_blocked, id=8976, stack(0x0000008f4c700000,0x0000008f4c800000)]
  0x000001b7bff64000 JavaThread "Build operations Thread 7" [_thread_blocked, id=756, stack(0x0000008f4c800000,0x0000008f4c900000)]
  0x000001b7bff5e000 JavaThread "Build operations Thread 8" [_thread_blocked, id=4608, stack(0x0000008f4c900000,0x0000008f4ca00000)]
  0x000001b7bff69800 JavaThread "jar transforms Thread 4" [_thread_blocked, id=13900, stack(0x0000008f4ca00000,0x0000008f4cb00000)]
  0x000001b7bff64800 JavaThread "jar transforms Thread 5" [_thread_blocked, id=9540, stack(0x0000008f4cb00000,0x0000008f4cc00000)]
  0x000001b7bff6a800 JavaThread "jar transforms Thread 6" [_thread_blocked, id=13372, stack(0x0000008f4cc00000,0x0000008f4cd00000)]
  0x000001b7bff6b000 JavaThread "jar transforms Thread 7" [_thread_blocked, id=13068, stack(0x0000008f4cd00000,0x0000008f4ce00000)]
  0x000001b7bff66800 JavaThread "jar transforms Thread 8" [_thread_blocked, id=760, stack(0x0000008f4ce00000,0x0000008f4cf00000)]
  0x000001b7bff67000 JavaThread "Memory manager" [_thread_blocked, id=7192, stack(0x0000008f4cf00000,0x0000008f4d000000)]
  0x000001b7bff6c000 JavaThread "build event listener" [_thread_blocked, id=16668, stack(0x0000008f4d000000,0x0000008f4d100000)]
  0x000001b7bf9b2800 JavaThread "Execution worker for ':'" [_thread_blocked, id=1584, stack(0x0000008f4d100000,0x0000008f4d200000)]
  0x000001b7bf9b0000 JavaThread "Execution worker for ':' Thread 2" [_thread_blocked, id=13164, stack(0x0000008f4d200000,0x0000008f4d300000)]
  0x000001b7bf9b4000 JavaThread "Execution worker for ':' Thread 3" [_thread_blocked, id=6392, stack(0x0000008f4d300000,0x0000008f4d400000)]
  0x000001b7bf9b3000 JavaThread "Execution worker for ':' Thread 4" [_thread_blocked, id=7592, stack(0x0000008f4d400000,0x0000008f4d500000)]
  0x000001b7bf9b0800 JavaThread "Execution worker for ':' Thread 5" [_thread_blocked, id=3056, stack(0x0000008f4d500000,0x0000008f4d600000)]
  0x000001b7bf9ae800 JavaThread "Execution worker for ':' Thread 6" [_thread_blocked, id=15868, stack(0x0000008f4d600000,0x0000008f4d700000)]
  0x000001b7bf9b1800 JavaThread "Execution worker for ':' Thread 7" [_thread_blocked, id=17124, stack(0x0000008f4d700000,0x0000008f4d800000)]
  0x000001b7bf9af000 JavaThread "Cache worker for execution history cache (C:\Users\Umby\AndroidStudioProjects\Pothub\.gradle\7.0.2\executionHistory)" [_thread_blocked, id=5772, stack(0x0000008f4d800000,0x0000008f4d900000)]
  0x000001b7c0fd2000 JavaThread "C2 CompilerThread1" daemon [_thread_in_native, id=6228, stack(0x0000008f4b400000,0x0000008f4b500000)]
  0x000001b7bf9b5000 JavaThread "WorkerExecutor Queue" [_thread_blocked, id=17052, stack(0x0000008f4d900000,0x0000008f4da00000)]

Other Threads:
=>0x000001b7b95c7000 VMThread "VM Thread" [stack: 0x0000008f49300000,0x0000008f49400000] [id=12952]
  0x000001b7ba0d6800 WatcherThread [stack: 0x0000008f49d00000,0x0000008f49e00000] [id=13176]
  0x000001b79f183800 GCTaskThread "GC Thread#0" [stack: 0x0000008f48e00000,0x0000008f48f00000] [id=13668]
  0x000001b7baeec000 GCTaskThread "GC Thread#1" [stack: 0x0000008f49f00000,0x0000008f4a000000] [id=15852]
  0x000001b7bc252000 GCTaskThread "GC Thread#2" [stack: 0x0000008f4a800000,0x0000008f4a900000] [id=10264]
  0x000001b7bc97c800 GCTaskThread "GC Thread#3" [stack: 0x0000008f4a900000,0x0000008f4aa00000] [id=12968]
  0x000001b7bc97d000 GCTaskThread "GC Thread#4" [stack: 0x0000008f4aa00000,0x0000008f4ab00000] [id=7540]
  0x000001b7bac7a800 GCTaskThread "GC Thread#5" [stack: 0x0000008f4ab00000,0x0000008f4ac00000] [id=5588]
  0x000001b7bac7b000 GCTaskThread "GC Thread#6" [stack: 0x0000008f4ac00000,0x0000008f4ad00000] [id=11952]
  0x000001b7bac7b800 GCTaskThread "GC Thread#7" [stack: 0x0000008f4ad00000,0x0000008f4ae00000] [id=15488]
  0x000001b79f1b5800 ConcurrentGCThread "G1 Main Marker" [stack: 0x0000008f48f00000,0x0000008f49000000] [id=13512]
  0x000001b79f1b7000 ConcurrentGCThread "G1 Conc#0" [stack: 0x0000008f49000000,0x0000008f49100000] [id=12872]
  0x000001b7bc6d3800 ConcurrentGCThread "G1 Conc#1" [stack: 0x0000008f4b200000,0x0000008f4b300000] [id=17688]
  0x000001b7b9420800 ConcurrentGCThread "G1 Refine#0" [stack: 0x0000008f49100000,0x0000008f49200000] [id=15372]
  0x000001b7ba8e3800 ConcurrentGCThread "G1 Refine#1" [stack: 0x0000008f4ae00000,0x0000008f4af00000] [id=5380]
  0x000001b79f236000 ConcurrentGCThread "G1 Young RemSet Sampling" [stack: 0x0000008f49200000,0x0000008f49300000] [id=5756]

Threads with active compile tasks:
C2 CompilerThread0  23730 10422       4       com.android.tools.r8.graph.G0::a (138 bytes)
C2 CompilerThread1  23730 10330 %     4       com.android.tools.r8.internal.U6::a @ 2560 (6044 bytes)

VM state:at safepoint (normal execution)

VM Mutex/Monitor currently owned by a thread:  ([mutex/lock_event])
[0x000001b79f166d00] Threads_lock - owner thread: 0x000001b7b95c7000
[0x000001b79f165560] Heap_lock - owner thread: 0x000001b7bff5f000

Heap address: 0x0000000080000000, size: 2048 MB, Compressed Oops mode: 32-bit
Narrow klass base: 0x0000000000000000, Narrow klass shift: 3
Compressed class space size: 1073741824 Address: 0x0000000100000000

Heap:
 garbage-first heap   total 265216K, used 116691K [0x0000000080000000, 0x0000000100000000)
  region size 1024K, 4 young (4096K), 4 survivors (4096K)
 Metaspace       used 91248K, capacity 93611K, committed 93696K, reserved 1130496K
  class space    used 11969K, capacity 12846K, committed 12876K, reserved 1048576K
Heap Regions: E=young(eden), S=young(survivor), O=old, HS=humongous(starts), HC=humongous(continues), CS=collection set, F=free, A=archive, TAMS=top-at-mark-start (previous, next)
|   0|0x0000000080000000, 0x0000000080100000, 0x0000000080100000|100%| O|  |TAMS 0x0000000080100000, 0x0000000080000000| Untracked 
|   1|0x0000000080100000, 0x0000000080200000, 0x0000000080200000|100%| O|  |TAMS 0x0000000080200000, 0x0000000080100000| Complete 
|   2|0x0000000080200000, 0x0000000080300000, 0x0000000080300000|100%| O|  |TAMS 0x0000000080300000, 0x0000000080200000| Untracked 
|   3|0x0000000080300000, 0x0000000080400000, 0x0000000080400000|100%|HS|  |TAMS 0x0000000080400000, 0x0000000080300000| Complete 
|   4|0x0000000080400000, 0x0000000080500000, 0x0000000080500000|100%|HC|  |TAMS 0x0000000080500000, 0x0000000080400000| Complete 
|   5|0x0000000080500000, 0x0000000080600000, 0x0000000080600000|100%|HC|  |TAMS 0x0000000080600000, 0x0000000080500000| Complete 
|   6|0x0000000080600000, 0x0000000080700000, 0x0000000080700000|100%| O|  |TAMS 0x0000000080700000, 0x0000000080600000| Untracked 
|   7|0x0000000080700000, 0x0000000080800000, 0x0000000080800000|100%| O|  |TAMS 0x0000000080800000, 0x0000000080700000| Untracked 
|   8|0x0000000080800000, 0x0000000080900000, 0x0000000080900000|100%| O|  |TAMS 0x0000000080900000, 0x0000000080800000| Untracked 
|   9|0x0000000080900000, 0x0000000080a00000, 0x0000000080a00000|100%| O|  |TAMS 0x0000000080a00000, 0x0000000080900000| Untracked 
|  10|0x0000000080a00000, 0x0000000080b00000, 0x0000000080b00000|100%| O|  |TAMS 0x0000000080b00000, 0x0000000080a00000| Complete 
|  11|0x0000000080b00000, 0x0000000080c00000, 0x0000000080c00000|100%| O|  |TAMS 0x0000000080c00000, 0x0000000080b00000| Complete 
|  12|0x0000000080c00000, 0x0000000080d00000, 0x0000000080d00000|100%| O|  |TAMS 0x0000000080d00000, 0x0000000080c00000| Untracked 
|  13|0x0000000080d00000, 0x0000000080e00000, 0x0000000080e00000|100%| O|  |TAMS 0x0000000080e00000, 0x0000000080d00000| Untracked 
|  14|0x0000000080e00000, 0x0000000080f00000, 0x0000000080f00000|100%| O|  |TAMS 0x0000000080f00000, 0x0000000080e00000| Untracked 
|  15|0x0000000080f00000, 0x0000000081000000, 0x0000000081000000|100%| O|  |TAMS 0x0000000081000000, 0x0000000080f00000| Untracked 
|  16|0x0000000081000000, 0x0000000081100000, 0x0000000081100000|100%| O|  |TAMS 0x0000000081100000, 0x0000000081000000| Untracked 
|  17|0x0000000081100000, 0x0000000081200000, 0x0000000081200000|100%| O|  |TAMS 0x0000000081200000, 0x0000000081100000| Untracked 
|  18|0x0000000081200000, 0x0000000081300000, 0x0000000081300000|100%| O|  |TAMS 0x0000000081300000, 0x0000000081200000| Untracked 
|  19|0x0000000081300000, 0x0000000081400000, 0x0000000081400000|100%| O|  |TAMS 0x0000000081400000, 0x0000000081300000| Untracked 
|  20|0x0000000081400000, 0x0000000081500000, 0x0000000081500000|100%| O|  |TAMS 0x0000000081500000, 0x0000000081400000| Untracked 
|  21|0x0000000081500000, 0x0000000081600000, 0x0000000081600000|100%| O|  |TAMS 0x0000000081600000, 0x0000000081500000| Complete 
|  22|0x0000000081600000, 0x0000000081700000, 0x0000000081700000|100%| O|  |TAMS 0x0000000081700000, 0x0000000081600000| Untracked 
|  23|0x0000000081700000, 0x0000000081800000, 0x0000000081800000|100%| O|  |TAMS 0x0000000081800000, 0x0000000081700000| Untracked 
|  24|0x0000000081800000, 0x0000000081900000, 0x0000000081900000|100%| O|  |TAMS 0x0000000081900000, 0x0000000081800000| Untracked 
|  25|0x0000000081900000, 0x0000000081a00000, 0x0000000081a00000|100%| O|  |TAMS 0x0000000081a00000, 0x0000000081900000| Untracked 
|  26|0x0000000081a00000, 0x0000000081b00000, 0x0000000081b00000|100%| O|  |TAMS 0x0000000081b00000, 0x0000000081a00000| Complete 
|  27|0x0000000081b00000, 0x0000000081c00000, 0x0000000081c00000|100%|HS|  |TAMS 0x0000000081c00000, 0x0000000081b00000| Complete 
|  28|0x0000000081c00000, 0x0000000081d00000, 0x0000000081d00000|100%|HS|  |TAMS 0x0000000081d00000, 0x0000000081c00000| Complete 
|  29|0x0000000081d00000, 0x0000000081e00000, 0x0000000081e00000|100%|HS|  |TAMS 0x0000000081e00000, 0x0000000081d00000| Complete 
|  30|0x0000000081e00000, 0x0000000081f00000, 0x0000000081f00000|100%|HC|  |TAMS 0x0000000081f00000, 0x0000000081e00000| Complete 
|  31|0x0000000081f00000, 0x0000000082000000, 0x0000000082000000|100%| O|  |TAMS 0x0000000082000000, 0x0000000081f00000| Untracked 
|  32|0x0000000082000000, 0x0000000082100000, 0x0000000082100000|100%| O|  |TAMS 0x0000000082100000, 0x0000000082000000| Untracked 
|  33|0x0000000082100000, 0x0000000082200000, 0x0000000082200000|100%| O|  |TAMS 0x0000000082200000, 0x0000000082100000| Untracked 
|  34|0x0000000082200000, 0x0000000082300000, 0x0000000082300000|100%| O|  |TAMS 0x0000000082300000, 0x0000000082200000| Complete 
|  35|0x0000000082300000, 0x0000000082400000, 0x0000000082400000|100%| O|  |TAMS 0x0000000082400000, 0x0000000082300000| Untracked 
|  36|0x0000000082400000, 0x0000000082500000, 0x0000000082500000|100%| O|  |TAMS 0x0000000082500000, 0x0000000082400000| Untracked 
|  37|0x0000000082500000, 0x0000000082600000, 0x0000000082600000|100%| O|  |TAMS 0x0000000082600000, 0x0000000082500000| Untracked 
|  38|0x0000000082600000, 0x0000000082700000, 0x0000000082700000|100%| O|  |TAMS 0x0000000082700000, 0x0000000082600000| Untracked 
|  39|0x0000000082700000, 0x0000000082800000, 0x0000000082800000|100%| O|  |TAMS 0x0000000082800000, 0x0000000082700000| Untracked 
|  40|0x0000000082800000, 0x0000000082900000, 0x0000000082900000|100%| O|  |TAMS 0x0000000082900000, 0x0000000082800000| Untracked 
|  41|0x0000000082900000, 0x0000000082a00000, 0x0000000082a00000|100%| O|  |TAMS 0x0000000082a00000, 0x0000000082900000| Untracked 
|  42|0x0000000082a00000, 0x0000000082b00000, 0x0000000082b00000|100%| O|  |TAMS 0x0000000082b00000, 0x0000000082a00000| Complete 
|  43|0x0000000082b00000, 0x0000000082c00000, 0x0000000082c00000|100%| O|  |TAMS 0x0000000082c00000, 0x0000000082b00000| Untracked 
|  44|0x0000000082c00000, 0x0000000082d00000, 0x0000000082d00000|100%| O|  |TAMS 0x0000000082d00000, 0x0000000082c00000| Untracked 
|  45|0x0000000082d00000, 0x0000000082e00000, 0x0000000082e00000|100%| O|  |TAMS 0x0000000082e00000, 0x0000000082d00000| Untracked 
|  46|0x0000000082e00000, 0x0000000082f00000, 0x0000000082f00000|100%| O|  |TAMS 0x0000000082f00000, 0x0000000082e00000| Untracked 
|  47|0x0000000082f00000, 0x0000000083000000, 0x0000000083000000|100%| O|  |TAMS 0x0000000083000000, 0x0000000082f00000| Untracked 
|  48|0x0000000083000000, 0x0000000083100000, 0x0000000083100000|100%| O|  |TAMS 0x0000000083100000, 0x0000000083000000| Untracked 
|  49|0x0000000083100000, 0x0000000083200000, 0x0000000083200000|100%| O|  |TAMS 0x0000000083200000, 0x0000000083100000| Untracked 
|  50|0x0000000083200000, 0x0000000083300000, 0x0000000083300000|100%| O|  |TAMS 0x0000000083300000, 0x0000000083200000| Untracked 
|  51|0x0000000083300000, 0x0000000083400000, 0x0000000083400000|100%| O|  |TAMS 0x0000000083400000, 0x0000000083300000| Complete 
|  52|0x0000000083400000, 0x0000000083500000, 0x0000000083500000|100%| O|  |TAMS 0x0000000083500000, 0x0000000083400000| Untracked 
|  53|0x0000000083500000, 0x0000000083600000, 0x0000000083600000|100%| O|  |TAMS 0x0000000083600000, 0x0000000083500000| Untracked 
|  54|0x0000000083600000, 0x0000000083700000, 0x0000000083700000|100%| O|  |TAMS 0x0000000083700000, 0x0000000083600000| Untracked 
|  55|0x0000000083700000, 0x0000000083800000, 0x0000000083800000|100%| O|  |TAMS 0x0000000083800000, 0x0000000083700000| Untracked 
|  56|0x0000000083800000, 0x0000000083900000, 0x0000000083900000|100%| O|  |TAMS 0x0000000083900000, 0x0000000083800000| Untracked 
|  57|0x0000000083900000, 0x0000000083a00000, 0x0000000083a00000|100%| O|  |TAMS 0x0000000083a00000, 0x0000000083900000| Untracked 
|  58|0x0000000083a00000, 0x0000000083b00000, 0x0000000083b00000|100%| O|  |TAMS 0x0000000083b00000, 0x0000000083a00000| Complete 
|  59|0x0000000083b00000, 0x0000000083c00000, 0x0000000083c00000|100%| O|  |TAMS 0x0000000083c00000, 0x0000000083b00000| Untracked 
|  60|0x0000000083c00000, 0x0000000083d00000, 0x0000000083d00000|100%| O|  |TAMS 0x0000000083d00000, 0x0000000083c00000| Untracked 
|  61|0x0000000083d00000, 0x0000000083e00000, 0x0000000083e00000|100%| O|  |TAMS 0x0000000083e00000, 0x0000000083d00000| Untracked 
|  62|0x0000000083e00000, 0x0000000083f00000, 0x0000000083f00000|100%| O|  |TAMS 0x0000000083f00000, 0x0000000083e00000| Untracked 
|  63|0x0000000083f00000, 0x0000000084000000, 0x0000000084000000|100%| O|  |TAMS 0x0000000084000000, 0x0000000083f00000| Complete 
|  64|0x0000000084000000, 0x0000000084100000, 0x0000000084100000|100%| O|  |TAMS 0x0000000084100000, 0x0000000084000000| Untracked 
|  65|0x0000000084100000, 0x0000000084200000, 0x0000000084200000|100%| O|  |TAMS 0x0000000084200000, 0x0000000084100000| Untracked 
|  66|0x0000000084200000, 0x0000000084300000, 0x0000000084300000|100%| O|  |TAMS 0x0000000084300000, 0x0000000084200000| Untracked 
|  67|0x0000000084300000, 0x0000000084400000, 0x0000000084400000|100%| O|  |TAMS 0x0000000084400000, 0x0000000084300000| Complete 
|  68|0x0000000084400000, 0x0000000084500000, 0x0000000084500000|100%| O|  |TAMS 0x0000000084500000, 0x0000000084400000| Complete 
|  69|0x0000000084500000, 0x0000000084600000, 0x0000000084600000|100%| O|  |TAMS 0x0000000084600000, 0x0000000084500000| Untracked 
|  70|0x0000000084600000, 0x0000000084700000, 0x0000000084700000|100%| O|  |TAMS 0x0000000084700000, 0x0000000084600000| Untracked 
|  71|0x0000000084700000, 0x0000000084800000, 0x0000000084800000|100%| O|  |TAMS 0x0000000084800000, 0x0000000084700000| Untracked 
|  72|0x0000000084800000, 0x0000000084900000, 0x0000000084900000|100%| O|  |TAMS 0x0000000084900000, 0x0000000084800000| Complete 
|  73|0x0000000084900000, 0x0000000084a00000, 0x0000000084a00000|100%| O|  |TAMS 0x0000000084a00000, 0x0000000084900000| Complete 
|  74|0x0000000084a00000, 0x0000000084b00000, 0x0000000084b00000|100%| O|  |TAMS 0x0000000084b00000, 0x0000000084a00000| Complete 
|  75|0x0000000084b00000, 0x0000000084c00000, 0x0000000084c00000|100%| O|  |TAMS 0x0000000084c00000, 0x0000000084b00000| Complete 
|  76|0x0000000084c00000, 0x0000000084d00000, 0x0000000084d00000|100%| O|  |TAMS 0x0000000084d00000, 0x0000000084c00000| Complete 
|  77|0x0000000084d00000, 0x0000000084e00000, 0x0000000084e00000|100%| O|  |TAMS 0x0000000084e00000, 0x0000000084d00000| Untracked 
|  78|0x0000000084e00000, 0x0000000084f00000, 0x0000000084f00000|100%| O|  |TAMS 0x0000000084f00000, 0x0000000084e00000| Complete 
|  79|0x0000000084f00000, 0x0000000085000000, 0x0000000085000000|100%| O|  |TAMS 0x0000000085000000, 0x0000000084f00000| Complete 
|  80|0x0000000085000000, 0x0000000085100000, 0x0000000085100000|100%| O|  |TAMS 0x0000000085100000, 0x0000000085000000| Untracked 
|  81|0x0000000085100000, 0x0000000085200000, 0x0000000085200000|100%| O|  |TAMS 0x0000000085200000, 0x0000000085100000| Complete 
|  82|0x0000000085200000, 0x0000000085300000, 0x0000000085300000|100%| O|  |TAMS 0x0000000085300000, 0x0000000085200000| Untracked 
|  83|0x0000000085300000, 0x0000000085400000, 0x0000000085400000|100%| O|  |TAMS 0x0000000085400000, 0x0000000085300000| Untracked 
|  84|0x0000000085400000, 0x0000000085500000, 0x0000000085500000|100%| O|  |TAMS 0x0000000085500000, 0x0000000085400000| Complete 
|  85|0x0000000085500000, 0x0000000085600000, 0x0000000085600000|100%| O|  |TAMS 0x0000000085600000, 0x0000000085500000| Untracked 
|  86|0x0000000085600000, 0x0000000085700000, 0x0000000085700000|100%| O|  |TAMS 0x0000000085700000, 0x0000000085600000| Untracked 
|  87|0x0000000085700000, 0x0000000085800000, 0x0000000085800000|100%| O|  |TAMS 0x0000000085800000, 0x0000000085700000| Untracked 
|  88|0x0000000085800000, 0x0000000085900000, 0x0000000085900000|100%| O|  |TAMS 0x0000000085900000, 0x0000000085800000| Complete 
|  89|0x0000000085900000, 0x0000000085a00000, 0x0000000085a00000|100%| O|  |TAMS 0x0000000085a00000, 0x0000000085900000| Untracked 
|  90|0x0000000085a00000, 0x0000000085b00000, 0x0000000085b00000|100%| O|  |TAMS 0x0000000085b00000, 0x0000000085a00000| Untracked 
|  91|0x0000000085b00000, 0x0000000085c00000, 0x0000000085c00000|100%| O|  |TAMS 0x0000000085c00000, 0x0000000085b00000| Complete 
|  92|0x0000000085c00000, 0x0000000085d00000, 0x0000000085d00000|100%| O|  |TAMS 0x0000000085d00000, 0x0000000085c00000| Complete 
|  93|0x0000000085d00000, 0x0000000085e00000, 0x0000000085e00000|100%| O|  |TAMS 0x0000000085e00000, 0x0000000085d00000| Untracked 
|  94|0x0000000085e00000, 0x0000000085f00000, 0x0000000085f00000|100%| O|  |TAMS 0x0000000085f00000, 0x0000000085e00000| Untracked 
|  95|0x0000000085f00000, 0x0000000086000000, 0x0000000086000000|100%| O|  |TAMS 0x0000000086000000, 0x0000000085f00000| Complete 
|  96|0x0000000086000000, 0x0000000086100000, 0x0000000086100000|100%| O|  |TAMS 0x0000000086100000, 0x0000000086000000| Untracked 
|  97|0x0000000086100000, 0x0000000086200000, 0x0000000086200000|100%| O|  |TAMS 0x0000000086200000, 0x0000000086100000| Untracked 
|  98|0x0000000086200000, 0x0000000086300000, 0x0000000086300000|100%| O|  |TAMS 0x0000000086300000, 0x0000000086200000| Complete 
|  99|0x0000000086300000, 0x0000000086400000, 0x0000000086400000|100%| O|  |TAMS 0x0000000086400000, 0x0000000086300000| Untracked 
| 100|0x0000000086400000, 0x0000000086500000, 0x0000000086500000|100%| O|  |TAMS 0x00000000864e2400, 0x0000000086400000| Complete 
| 101|0x0000000086500000, 0x0000000086600000, 0x0000000086600000|100%| O|  |TAMS 0x0000000086500000, 0x0000000086500000| Untracked 
| 102|0x0000000086600000, 0x0000000086700000, 0x0000000086700000|100%| O|  |TAMS 0x0000000086600000, 0x0000000086600000| Untracked 
| 103|0x0000000086700000, 0x0000000086800000, 0x0000000086800000|100%| O|  |TAMS 0x0000000086700000, 0x0000000086700000| Untracked 
| 104|0x0000000086800000, 0x0000000086900000, 0x0000000086900000|100%| O|  |TAMS 0x0000000086800000, 0x0000000086800000| Untracked 
| 105|0x0000000086900000, 0x0000000086a00000, 0x0000000086a00000|100%| O|  |TAMS 0x0000000086900000, 0x0000000086900000| Untracked 
| 106|0x0000000086a00000, 0x0000000086b00000, 0x0000000086b00000|100%| O|  |TAMS 0x0000000086a00000, 0x0000000086a00000| Untracked 
| 107|0x0000000086b00000, 0x0000000086c00000, 0x0000000086c00000|100%| O|  |TAMS 0x0000000086b00000, 0x0000000086b00000| Untracked 
| 108|0x0000000086c00000, 0x0000000086d00000, 0x0000000086d00000|100%| O|  |TAMS 0x0000000086c00000, 0x0000000086c00000| Untracked 
| 109|0x0000000086d00000, 0x0000000086df4c00, 0x0000000086e00000| 95%| O|  |TAMS 0x0000000086d00000, 0x0000000086d00000| Untracked 
| 110|0x0000000086e00000, 0x0000000086e00000, 0x0000000086f00000|  0%| F|  |TAMS 0x0000000086e00000, 0x0000000086e00000| Untracked 
| 111|0x0000000086f00000, 0x0000000086f00000, 0x0000000087000000|  0%| F|  |TAMS 0x0000000086f00000, 0x0000000086f00000| Untracked 
| 112|0x0000000087000000, 0x0000000087000000, 0x0000000087100000|  0%| F|  |TAMS 0x0000000087000000, 0x0000000087000000| Untracked 
| 113|0x0000000087100000, 0x0000000087100000, 0x0000000087200000|  0%| F|  |TAMS 0x0000000087100000, 0x0000000087100000| Untracked 
| 114|0x0000000087200000, 0x0000000087200000, 0x0000000087300000|  0%| F|  |TAMS 0x0000000087200000, 0x0000000087200000| Untracked 
| 115|0x0000000087300000, 0x0000000087300000, 0x0000000087400000|  0%| F|  |TAMS 0x0000000087300000, 0x0000000087300000| Untracked 
| 116|0x0000000087400000, 0x0000000087400000, 0x0000000087500000|  0%| F|  |TAMS 0x0000000087400000, 0x0000000087400000| Untracked 
| 117|0x0000000087500000, 0x0000000087500000, 0x0000000087600000|  0%| F|  |TAMS 0x0000000087500000, 0x0000000087500000| Untracked 
| 118|0x0000000087600000, 0x0000000087600000, 0x0000000087700000|  0%| F|  |TAMS 0x0000000087600000, 0x0000000087600000| Untracked 
| 119|0x0000000087700000, 0x0000000087700000, 0x0000000087800000|  0%| F|  |TAMS 0x0000000087700000, 0x0000000087700000| Untracked 
| 120|0x0000000087800000, 0x0000000087800000, 0x0000000087900000|  0%| F|  |TAMS 0x0000000087800000, 0x0000000087800000| Untracked 
| 121|0x0000000087900000, 0x0000000087900000, 0x0000000087a00000|  0%| F|  |TAMS 0x0000000087900000, 0x0000000087900000| Untracked 
| 122|0x0000000087a00000, 0x0000000087a00000, 0x0000000087b00000|  0%| F|  |TAMS 0x0000000087a00000, 0x0000000087a00000| Untracked 
| 123|0x0000000087b00000, 0x0000000087b00000, 0x0000000087c00000|  0%| F|  |TAMS 0x0000000087b00000, 0x0000000087b00000| Untracked 
| 124|0x0000000087c00000, 0x0000000087c00000, 0x0000000087d00000|  0%| F|  |TAMS 0x0000000087c00000, 0x0000000087c00000| Untracked 
| 125|0x0000000087d00000, 0x0000000087d00000, 0x0000000087e00000|  0%| F|  |TAMS 0x0000000087d00000, 0x0000000087d00000| Untracked 
| 126|0x0000000087e00000, 0x0000000087e00000, 0x0000000087f00000|  0%| F|  |TAMS 0x0000000087e00000, 0x0000000087e00000| Untracked 
| 127|0x0000000087f00000, 0x0000000087f00000, 0x0000000088000000|  0%| F|  |TAMS 0x0000000087f00000, 0x0000000087f00000| Untracked 
| 128|0x0000000088000000, 0x0000000088000000, 0x0000000088100000|  0%| F|  |TAMS 0x0000000088000000, 0x0000000088000000| Untracked 
| 129|0x0000000088100000, 0x0000000088100000, 0x0000000088200000|  0%| F|  |TAMS 0x0000000088100000, 0x0000000088100000| Untracked 
| 130|0x0000000088200000, 0x0000000088200000, 0x0000000088300000|  0%| F|  |TAMS 0x0000000088200000, 0x0000000088200000| Untracked 
| 131|0x0000000088300000, 0x0000000088300000, 0x0000000088400000|  0%| F|  |TAMS 0x0000000088300000, 0x0000000088300000| Untracked 
| 132|0x0000000088400000, 0x0000000088400000, 0x0000000088500000|  0%| F|  |TAMS 0x0000000088400000, 0x0000000088400000| Untracked 
| 133|0x0000000088500000, 0x0000000088500000, 0x0000000088600000|  0%| F|  |TAMS 0x0000000088500000, 0x0000000088500000| Untracked 
| 134|0x0000000088600000, 0x0000000088600000, 0x0000000088700000|  0%| F|  |TAMS 0x0000000088600000, 0x0000000088600000| Untracked 
| 135|0x0000000088700000, 0x0000000088700000, 0x0000000088800000|  0%| F|  |TAMS 0x0000000088700000, 0x0000000088700000| Untracked 
| 136|0x0000000088800000, 0x0000000088800000, 0x0000000088900000|  0%| F|  |TAMS 0x0000000088800000, 0x0000000088800000| Untracked 
| 137|0x0000000088900000, 0x0000000088900000, 0x0000000088a00000|  0%| F|  |TAMS 0x0000000088900000, 0x0000000088900000| Untracked 
| 138|0x0000000088a00000, 0x0000000088a00000, 0x0000000088b00000|  0%| F|  |TAMS 0x0000000088a00000, 0x0000000088a00000| Untracked 
| 139|0x0000000088b00000, 0x0000000088b00000, 0x0000000088c00000|  0%| F|  |TAMS 0x0000000088b00000, 0x0000000088b00000| Untracked 
| 140|0x0000000088c00000, 0x0000000088c00000, 0x0000000088d00000|  0%| F|  |TAMS 0x0000000088c00000, 0x0000000088c00000| Untracked 
| 141|0x0000000088d00000, 0x0000000088d00000, 0x0000000088e00000|  0%| F|  |TAMS 0x0000000088d00000, 0x0000000088d00000| Untracked 
| 142|0x0000000088e00000, 0x0000000088f00000, 0x0000000088f00000|100%| S|CS|TAMS 0x0000000088e00000, 0x0000000088e00000| Complete 
| 143|0x0000000088f00000, 0x0000000089000000, 0x0000000089000000|100%| S|CS|TAMS 0x0000000088f00000, 0x0000000088f00000| Complete 
| 144|0x0000000089000000, 0x0000000089100000, 0x0000000089100000|100%| S|CS|TAMS 0x0000000089000000, 0x0000000089000000| Complete 
| 145|0x0000000089100000, 0x0000000089100000, 0x0000000089200000|  0%| F|  |TAMS 0x0000000089100000, 0x0000000089100000| Untracked 
| 146|0x0000000089200000, 0x0000000089200000, 0x0000000089300000|  0%| F|  |TAMS 0x0000000089200000, 0x0000000089200000| Untracked 
| 147|0x0000000089300000, 0x0000000089400000, 0x0000000089400000|100%| S|CS|TAMS 0x0000000089300000, 0x0000000089300000| Complete 
| 148|0x0000000089400000, 0x0000000089400000, 0x0000000089500000|  0%| F|  |TAMS 0x0000000089400000, 0x0000000089400000| Untracked 
| 149|0x0000000089500000, 0x0000000089500000, 0x0000000089600000|  0%| F|  |TAMS 0x0000000089500000, 0x0000000089500000| Untracked 
| 150|0x0000000089600000, 0x0000000089600000, 0x0000000089700000|  0%| F|  |TAMS 0x0000000089600000, 0x0000000089600000| Untracked 
| 151|0x0000000089700000, 0x0000000089700000, 0x0000000089800000|  0%| F|  |TAMS 0x0000000089700000, 0x0000000089700000| Untracked 
| 152|0x0000000089800000, 0x0000000089800000, 0x0000000089900000|  0%| F|  |TAMS 0x0000000089800000, 0x0000000089800000| Untracked 
| 153|0x0000000089900000, 0x0000000089900000, 0x0000000089a00000|  0%| F|  |TAMS 0x0000000089900000, 0x0000000089900000| Untracked 
| 154|0x0000000089a00000, 0x0000000089a00000, 0x0000000089b00000|  0%| F|  |TAMS 0x0000000089a00000, 0x0000000089a00000| Untracked 
| 155|0x0000000089b00000, 0x0000000089b00000, 0x0000000089c00000|  0%| F|  |TAMS 0x0000000089b00000, 0x0000000089b00000| Untracked 
| 156|0x0000000089c00000, 0x0000000089c00000, 0x0000000089d00000|  0%| F|  |TAMS 0x0000000089c00000, 0x0000000089c00000| Untracked 
| 157|0x0000000089d00000, 0x0000000089d00000, 0x0000000089e00000|  0%| F|  |TAMS 0x0000000089d00000, 0x0000000089d00000| Untracked 
| 158|0x0000000089e00000, 0x0000000089e00000, 0x0000000089f00000|  0%| F|  |TAMS 0x0000000089e00000, 0x0000000089e00000| Untracked 
| 159|0x0000000089f00000, 0x0000000089f00000, 0x000000008a000000|  0%| F|  |TAMS 0x0000000089f00000, 0x0000000089f00000| Untracked 
| 160|0x000000008a000000, 0x000000008a000000, 0x000000008a100000|  0%| F|  |TAMS 0x000000008a000000, 0x000000008a000000| Untracked 
| 161|0x000000008a100000, 0x000000008a100000, 0x000000008a200000|  0%| F|  |TAMS 0x000000008a100000, 0x000000008a100000| Untracked 
| 162|0x000000008a200000, 0x000000008a200000, 0x000000008a300000|  0%| F|  |TAMS 0x000000008a200000, 0x000000008a200000| Untracked 
| 163|0x000000008a300000, 0x000000008a300000, 0x000000008a400000|  0%| F|  |TAMS 0x000000008a300000, 0x000000008a300000| Untracked 
| 164|0x000000008a400000, 0x000000008a400000, 0x000000008a500000|  0%| F|  |TAMS 0x000000008a400000, 0x000000008a400000| Untracked 
| 165|0x000000008a500000, 0x000000008a500000, 0x000000008a600000|  0%| F|  |TAMS 0x000000008a500000, 0x000000008a500000| Untracked 
| 166|0x000000008a600000, 0x000000008a600000, 0x000000008a700000|  0%| F|  |TAMS 0x000000008a600000, 0x000000008a600000| Untracked 
| 167|0x000000008a700000, 0x000000008a700000, 0x000000008a800000|  0%| F|  |TAMS 0x000000008a700000, 0x000000008a700000| Untracked 
| 168|0x000000008a800000, 0x000000008a800000, 0x000000008a900000|  0%| F|  |TAMS 0x000000008a800000, 0x000000008a800000| Untracked 
| 169|0x000000008a900000, 0x000000008a900000, 0x000000008aa00000|  0%| F|  |TAMS 0x000000008a900000, 0x000000008a900000| Untracked 
| 170|0x000000008aa00000, 0x000000008aa00000, 0x000000008ab00000|  0%| F|  |TAMS 0x000000008aa00000, 0x000000008aa00000| Untracked 
| 171|0x000000008ab00000, 0x000000008ab00000, 0x000000008ac00000|  0%| F|  |TAMS 0x000000008ab00000, 0x000000008ab00000| Untracked 
| 172|0x000000008ac00000, 0x000000008ac00000, 0x000000008ad00000|  0%| F|  |TAMS 0x000000008ac00000, 0x000000008ac00000| Untracked 

Card table byte_map: [0x000001b7b2380000,0x000001b7b2780000] _byte_map_base: 0x000001b7b1f80000

Marking Bits (Prev, Next): (CMBitMap*) 0x000001b79f1ac850, (CMBitMap*) 0x000001b79f1ac818
 Prev Bits: [0x000001b7b4b80000, 0x000001b7b6b80000)
 Next Bits: [0x000001b7b2b80000, 0x000001b7b4b80000)

Polling page: 0x000001b79d100000

Metaspace:

Usage:
  Non-class:     78.87 MB capacity,    77.42 MB ( 98%) used,     1.19 MB (  2%) free+waste,   265.44 KB ( <1%) overhead. 
      Class:     12.54 MB capacity,    11.69 MB ( 93%) used,   753.22 KB (  6%) free+waste,   123.06 KB ( <1%) overhead. 
       Both:     91.42 MB capacity,    89.11 MB ( 97%) used,     1.93 MB (  2%) free+waste,   388.50 KB ( <1%) overhead. 

Virtual space:
  Non-class space:       80.00 MB reserved,      78.93 MB ( 99%) committed 
      Class space:        1.00 GB reserved,      12.57 MB (  1%) committed 
             Both:        1.08 GB reserved,      91.50 MB (  8%) committed 

Chunk freelists:
   Non-Class:  55.00 KB
       Class:  18.00 KB
        Both:  73.00 KB

MaxMetaspaceSize: 17179869184.00 GB
CompressedClassSpaceSize: 1.00 GB

CodeHeap 'non-profiled nmethods': size=120000Kb used=5835Kb max_used=5835Kb free=114164Kb
 bounds [0x000001b7aa720000, 0x000001b7aace0000, 0x000001b7b1c50000]
CodeHeap 'profiled nmethods': size=120000Kb used=23285Kb max_used=23285Kb free=96715Kb
 bounds [0x000001b7a31f0000, 0x000001b7a48b0000, 0x000001b7aa720000]
CodeHeap 'non-nmethods': size=5760Kb used=2295Kb max_used=2327Kb free=3464Kb
 bounds [0x000001b7a2c50000, 0x000001b7a2ec0000, 0x000001b7a31f0000]
 total_blobs=11221 nmethods=10321 adapters=811
 compilation: enabled
              stopped_count=0, restarted_count=0
 full_count=0

Compilation events (20 events):
Event: 23.559 Thread 0x000001b7b95fc000 10433       2       com.android.tools.r8.internal.g7::a (16 bytes)
Event: 23.560 Thread 0x000001b7b95fc000 nmethod 10433 0x000001b7a48a5f10 code [0x000001b7a48a60c0, 0x000001b7a48a61e8]
Event: 23.608 Thread 0x000001b7b95fc000 10435       2       com.android.tools.r8.graph.D0::<init> (38 bytes)
Event: 23.609 Thread 0x000001b7b95fc000 nmethod 10435 0x000001b7a48a6290 code [0x000001b7a48a6460, 0x000001b7a48a67c8]
Event: 23.610 Thread 0x000001b7b95fc000 10436       2       com.android.tools.r8.internal.ir$$Lambda$1228/0x0000000100bf8440::<init> (15 bytes)
Event: 23.610 Thread 0x000001b7b95fc000 nmethod 10436 0x000001b7a48a6910 code [0x000001b7a48a6ac0, 0x000001b7a48a6c58]
Event: 23.612 Thread 0x000001b7b95fc000 10438       2       com.android.tools.r8.graph.d0::Y (21 bytes)
Event: 23.612 Thread 0x000001b7b95fc000 nmethod 10438 0x000001b7a48a6d10 code [0x000001b7a48a6ec0, 0x000001b7a48a7018]
Event: 23.612 Thread 0x000001b7b95fc000 10440       2       com.android.tools.r8.graph.c::l (8 bytes)
Event: 23.612 Thread 0x000001b7b95f8000 nmethod 10409 0x000001b7aacced90 code [0x000001b7aaccf080, 0x000001b7aacd1558]
Event: 23.613 Thread 0x000001b7b95f8000 10386       4       java.util.ArrayList::forEach (74 bytes)
Event: 23.613 Thread 0x000001b7b95fc000 nmethod 10440 0x000001b7a48a7110 code [0x000001b7a48a72c0, 0x000001b7a48a73b8]
Event: 23.613 Thread 0x000001b7b95fc000 10439       2       com.android.tools.r8.graph.e::A (8 bytes)
Event: 23.613 Thread 0x000001b7b95fc000 nmethod 10439 0x000001b7a48a7490 code [0x000001b7a48a7640, 0x000001b7a48a7758]
Event: 23.615 Thread 0x000001b7b95f8000 nmethod 10386 0x000001b7aacd2690 code [0x000001b7aacd2840, 0x000001b7aacd29d8]
Event: 23.616 Thread 0x000001b7b95f8000 10422       4       com.android.tools.r8.graph.G0::a (138 bytes)
Event: 23.633 Thread 0x000001b7b95fc000 10443       2       com.android.tools.r8.internal.D4::<init> (86 bytes)
Event: 23.634 Thread 0x000001b7b95fc000 nmethod 10443 0x000001b7a48a7810 code [0x000001b7a48a79c0, 0x000001b7a48a7b58]
Event: 23.637 Thread 0x000001b7b95fc000 10444       2       com.android.tools.r8.internal.d6::a (873 bytes)
Event: 23.646 Thread 0x000001b7b95fc000 nmethod 10444 0x000001b7a48a7c10 code [0x000001b7a48a8300, 0x000001b7a48abc08]

GC Heap History (20 events):
Event: 21.842 GC heap after
{Heap after GC invocations=31 (full 0):
 garbage-first heap   total 114688K, used 81499K [0x0000000080000000, 0x0000000100000000)
  region size 1024K, 3 young (3072K), 3 survivors (3072K)
 Metaspace       used 85405K, capacity 87527K, committed 87680K, reserved 1124352K
  class space    used 11090K, capacity 11857K, committed 11980K, reserved 1048576K
}
Event: 22.230 GC heap before
{Heap before GC invocations=32 (full 0):
 garbage-first heap   total 114688K, used 94811K [0x0000000080000000, 0x0000000100000000)
  region size 1024K, 16 young (16384K), 3 survivors (3072K)
 Metaspace       used 87224K, capacity 89528K, committed 89728K, reserved 1126400K
  class space    used 11393K, capacity 12223K, committed 12236K, reserved 1048576K
}
Event: 22.237 GC heap after
{Heap after GC invocations=33 (full 0):
 garbage-first heap   total 114688K, used 83207K [0x0000000080000000, 0x0000000100000000)
  region size 1024K, 2 young (2048K), 2 survivors (2048K)
 Metaspace       used 87224K, capacity 89528K, committed 89728K, reserved 1126400K
  class space    used 11393K, capacity 12223K, committed 12236K, reserved 1048576K
}
Event: 22.350 GC heap before
{Heap before GC invocations=33 (full 0):
 garbage-first heap   total 114688K, used 95495K [0x0000000080000000, 0x0000000100000000)
  region size 1024K, 14 young (14336K), 2 survivors (2048K)
 Metaspace       used 87750K, capacity 90060K, committed 90368K, reserved 1128448K
  class space    used 11457K, capacity 12293K, committed 12364K, reserved 1048576K
}
Event: 22.359 GC heap after
{Heap after GC invocations=34 (full 0):
 garbage-first heap   total 138240K, used 85330K [0x0000000080000000, 0x0000000100000000)
  region size 1024K, 2 young (2048K), 2 survivors (2048K)
 Metaspace       used 87750K, capacity 90060K, committed 90368K, reserved 1128448K
  class space    used 11457K, capacity 12293K, committed 12364K, reserved 1048576K
}
Event: 22.716 GC heap before
{Heap before GC invocations=35 (full 0):
 garbage-first heap   total 138240K, used 105810K [0x0000000080000000, 0x0000000100000000)
  region size 1024K, 22 young (22528K), 2 survivors (2048K)
 Metaspace       used 88538K, capacity 90867K, committed 91264K, reserved 1128448K
  class space    used 11555K, capacity 12408K, committed 12492K, reserved 1048576K
}
Event: 22.726 GC heap after
{Heap after GC invocations=36 (full 0):
 garbage-first heap   total 138240K, used 89597K [0x0000000080000000, 0x0000000100000000)
  region size 1024K, 3 young (3072K), 3 survivors (3072K)
 Metaspace       used 88538K, capacity 90867K, committed 91264K, reserved 1128448K
  class space    used 11555K, capacity 12408K, committed 12492K, reserved 1048576K
}
Event: 22.871 GC heap before
{Heap before GC invocations=36 (full 0):
 garbage-first heap   total 138240K, used 109053K [0x0000000080000000, 0x0000000100000000)
  region size 1024K, 22 young (22528K), 3 survivors (3072K)
 Metaspace       used 88848K, capacity 91163K, committed 91520K, reserved 1128448K
  class space    used 11590K, capacity 12441K, committed 12492K, reserved 1048576K
}
Event: 22.887 GC heap after
{Heap after GC invocations=37 (full 0):
 garbage-first heap   total 138240K, used 93864K [0x0000000080000000, 0x0000000100000000)
  region size 1024K, 3 young (3072K), 3 survivors (3072K)
 Metaspace       used 88848K, capacity 91163K, committed 91520K, reserved 1128448K
  class space    used 11590K, capacity 12441K, committed 12492K, reserved 1048576K
}
Event: 23.104 GC heap before
{Heap before GC invocations=37 (full 0):
 garbage-first heap   total 138240K, used 111272K [0x0000000080000000, 0x0000000100000000)
  region size 1024K, 20 young (20480K), 3 survivors (3072K)
 Metaspace       used 89219K, capacity 91464K, committed 92160K, reserved 1128448K
  class space    used 11606K, capacity 12399K, committed 12620K, reserved 1048576K
}
Event: 23.118 GC heap after
{Heap after GC invocations=38 (full 0):
 garbage-first heap   total 138240K, used 97547K [0x0000000080000000, 0x0000000100000000)
  region size 1024K, 3 young (3072K), 3 survivors (3072K)
 Metaspace       used 89219K, capacity 91464K, committed 92160K, reserved 1128448K
  class space    used 11606K, capacity 12399K, committed 12620K, reserved 1048576K
}
Event: 23.205 GC heap before
{Heap before GC invocations=39 (full 0):
 garbage-first heap   total 138240K, used 111883K [0x0000000080000000, 0x0000000100000000)
  region size 1024K, 18 young (18432K), 3 survivors (3072K)
 Metaspace       used 89676K, capacity 91907K, committed 92416K, reserved 1128448K
  class space    used 11642K, capacity 12440K, committed 12620K, reserved 1048576K
}
Event: 23.219 GC heap after
{Heap after GC invocations=40 (full 0):
 garbage-first heap   total 177152K, used 100936K [0x0000000080000000, 0x0000000100000000)
  region size 1024K, 3 young (3072K), 3 survivors (3072K)
 Metaspace       used 89676K, capacity 91907K, committed 92416K, reserved 1128448K
  class space    used 11642K, capacity 12440K, committed 12620K, reserved 1048576K
}
Event: 23.253 GC heap before
{Heap before GC invocations=40 (full 0):
 garbage-first heap   total 177152K, used 106056K [0x0000000080000000, 0x0000000100000000)
  region size 1024K, 8 young (8192K), 3 survivors (3072K)
 Metaspace       used 89867K, capacity 92157K, committed 92416K, reserved 1128448K
  class space    used 11708K, capacity 12552K, committed 12620K, reserved 1048576K
}
Event: 23.261 GC heap after
{Heap after GC invocations=41 (full 0):
 garbage-first heap   total 177152K, used 102310K [0x0000000080000000, 0x0000000100000000)
  region size 1024K, 1 young (1024K), 1 survivors (1024K)
 Metaspace       used 89867K, capacity 92157K, committed 92416K, reserved 1128448K
  class space    used 11708K, capacity 12552K, committed 12620K, reserved 1048576K
}
Event: 23.365 GC heap before
{Heap before GC invocations=41 (full 0):
 garbage-first heap   total 177152K, used 129958K [0x0000000080000000, 0x0000000100000000)
  region size 1024K, 28 young (28672K), 1 survivors (1024K)
 Metaspace       used 90135K, capacity 92493K, committed 92800K, reserved 1130496K
  class space    used 11751K, capacity 12618K, committed 12748K, reserved 1048576K
}
Event: 23.375 GC heap after
{Heap after GC invocations=42 (full 0):
 garbage-first heap   total 177152K, used 107401K [0x0000000080000000, 0x0000000100000000)
  region size 1024K, 4 young (4096K), 4 survivors (4096K)
 Metaspace       used 90135K, capacity 92493K, committed 92800K, reserved 1130496K
  class space    used 11751K, capacity 12618K, committed 12748K, reserved 1048576K
}
Event: 23.531 GC heap before
{Heap before GC invocations=42 (full 0):
 garbage-first heap   total 177152K, used 134025K [0x0000000080000000, 0x0000000100000000)
  region size 1024K, 30 young (30720K), 4 survivors (4096K)
 Metaspace       used 90881K, capacity 93243K, committed 93440K, reserved 1130496K
  class space    used 11887K, capacity 12761K, committed 12876K, reserved 1048576K
}
Event: 23.542 GC heap after
{Heap after GC invocations=43 (full 0):
 garbage-first heap   total 177152K, used 111970K [0x0000000080000000, 0x0000000100000000)
  region size 1024K, 4 young (4096K), 4 survivors (4096K)
 Metaspace       used 90881K, capacity 93243K, committed 93440K, reserved 1130496K
  class space    used 11887K, capacity 12761K, committed 12876K, reserved 1048576K
}
Event: 23.693 GC heap before
{Heap before GC invocations=44 (full 0):
 garbage-first heap   total 177152K, used 137570K [0x0000000080000000, 0x0000000100000000)
  region size 1024K, 29 young (29696K), 4 survivors (4096K)
 Metaspace       used 91248K, capacity 93611K, committed 93696K, reserved 1130496K
  class space    used 11969K, capacity 12846K, committed 12876K, reserved 1048576K
}

Deoptimization events (20 events):
Event: 23.429 Thread 0x000001b7bff5d800 DEOPT PACKING pc=0x000001b7a484c477 sp=0x0000008f4c5f8f50
Event: 23.429 Thread 0x000001b7bff5d800 DEOPT UNPACKING pc=0x000001b7a2c776ce sp=0x0000008f4c5f84c8 mode 0
Event: 23.439 Thread 0x000001b7bff5f000 DEOPT PACKING pc=0x000001b7a484c477 sp=0x0000008f4c2f9510
Event: 23.439 Thread 0x000001b7bff5f000 DEOPT UNPACKING pc=0x000001b7a2c776ce sp=0x0000008f4c2f8a88 mode 0
Event: 23.452 Thread 0x000001b7bff5f000 DEOPT PACKING pc=0x000001b7a484c477 sp=0x0000008f4c2f9930
Event: 23.452 Thread 0x000001b7bff5f000 DEOPT UNPACKING pc=0x000001b7a2c776ce sp=0x0000008f4c2f8ea8 mode 0
Event: 23.460 Thread 0x000001b7bff5f000 DEOPT PACKING pc=0x000001b7a484c477 sp=0x0000008f4c2f9510
Event: 23.460 Thread 0x000001b7bff5f000 DEOPT UNPACKING pc=0x000001b7a2c776ce sp=0x0000008f4c2f8a88 mode 0
Event: 23.502 Thread 0x000001b7bff5f000 DEOPT PACKING pc=0x000001b7a484c477 sp=0x0000008f4c2f9510
Event: 23.502 Thread 0x000001b7bff5f000 DEOPT UNPACKING pc=0x000001b7a2c776ce sp=0x0000008f4c2f8a88 mode 0
Event: 23.519 Thread 0x000001b7bff5f000 DEOPT PACKING pc=0x000001b7a484c477 sp=0x0000008f4c2f9930
Event: 23.519 Thread 0x000001b7bff5f000 DEOPT UNPACKING pc=0x000001b7a2c776ce sp=0x0000008f4c2f8ea8 mode 0
Event: 23.527 Thread 0x000001b7bff5e000 DEOPT PACKING pc=0x000001b7a484c477 sp=0x0000008f4c9f8ea0
Event: 23.527 Thread 0x000001b7bff5e000 DEOPT UNPACKING pc=0x000001b7a2c776ce sp=0x0000008f4c9f8418 mode 0
Event: 23.555 Thread 0x000001b7bff5e000 DEOPT PACKING pc=0x000001b7a484c477 sp=0x0000008f4c9f8b70
Event: 23.555 Thread 0x000001b7bff5e000 DEOPT UNPACKING pc=0x000001b7a2c776ce sp=0x0000008f4c9f80e8 mode 0
Event: 23.586 Thread 0x000001b7bff64000 DEOPT PACKING pc=0x000001b7a484c477 sp=0x0000008f4c8f8d80
Event: 23.586 Thread 0x000001b7bff64000 DEOPT UNPACKING pc=0x000001b7a2c776ce sp=0x0000008f4c8f82f8 mode 0
Event: 23.609 Thread 0x000001b7bff5f000 DEOPT PACKING pc=0x000001b7a484c477 sp=0x0000008f4c2f94e0
Event: 23.609 Thread 0x000001b7bff5f000 DEOPT UNPACKING pc=0x000001b7a2c776ce sp=0x0000008f4c2f8a58 mode 0

Classes redefined (0 events):
No events

Internal exceptions (20 events):
Event: 22.209 Thread 0x000001b7bff62000 Exception <a 'java/lang/NoSuchMethodError'{0x00000000864baef0}: 'java.lang.Object java.lang.invoke.Invokers$Holder.linkToTargetMethod(long, java.lang.Object)'> (0x00000000864baef0) thrown at [./src/hotspot/share/interpreter/linkResolver.cpp, line 773]
Event: 22.367 Thread 0x000001b7bff62000 Exception <a 'java/lang/NoSuchMethodError'{0x000000008865b558}: 'int java.lang.invoke.DirectMethodHandle$Holder.invokeVirtual(java.lang.Object, java.lang.Object, java.lang.Object, java.lang.Object)'> (0x000000008865b558) thrown at [./src/hotspot/share/interpreter/linkResolver.cpp, line 773]
Event: 22.367 Thread 0x000001b7bff63000 Exception <a 'java/lang/NoSuchMethodError'{0x0000000088665f08}: 'int java.lang.invoke.DirectMethodHandle$Holder.invokeVirtual(java.lang.Object, java.lang.Object, java.lang.Object, java.lang.Object)'> (0x0000000088665f08) thrown at [./src/hotspot/share/interpreter/linkResolver.cpp, line 773]
Event: 22.544 Thread 0x000001b7bff60800 Exception <a 'java/lang/NoSuchMethodError'{0x0000000087f15828}: 'void java.lang.invoke.DirectMethodHandle$Holder.invokeStatic(java.lang.Object, java.lang.Object, java.lang.Object, int)'> (0x0000000087f15828) thrown at [./src/hotspot/share/interpreter/linkResolver.cpp, line 773]
Event: 22.556 Thread 0x000001b7bff62000 Exception <a 'java/lang/NoSuchMethodError'{0x00000000880b54e8}: 'void java.lang.invoke.DirectMethodHandle$Holder.invokeStatic(java.lang.Object, java.lang.Object, java.lang.Object, int)'> (0x00000000880b54e8) thrown at [./src/hotspot/share/interpreter/linkResolver.cpp, line 773]
Event: 22.560 Thread 0x000001b7bff63000 Exception <a 'java/lang/IncompatibleClassChangeError'{0x0000000087ecc078}: Found class java.lang.Object, but interface was expected> (0x0000000087ecc078) thrown at [./src/hotspot/share/interpreter/linkResolver.cpp, line 839]
Event: 22.560 Thread 0x000001b7bff62000 Exception <a 'java/lang/IncompatibleClassChangeError'{0x0000000087ea4ca0}: Found class java.lang.Object, but interface was expected> (0x0000000087ea4ca0) thrown at [./src/hotspot/share/interpreter/linkResolver.cpp, line 839]
Event: 22.561 Thread 0x000001b7bff60800 Exception <a 'java/lang/IncompatibleClassChangeError'{0x0000000087e44f18}: Found class java.lang.Object, but interface was expected> (0x0000000087e44f18) thrown at [./src/hotspot/share/interpreter/linkResolver.cpp, line 839]
Event: 22.581 Thread 0x000001b7bff60800 Exception <a 'java/lang/NoSuchMethodError'{0x0000000087c4f5f8}: 'int java.lang.invoke.DirectMethodHandle$Holder.invokeVirtual(java.lang.Object, java.lang.Object, java.lang.Object)'> (0x0000000087c4f5f8) thrown at [./src/hotspot/share/interpreter/linkResolver.cpp, line 773]
Event: 23.229 Thread 0x000001b7bff5e000 Exception <a 'java/lang/NoSuchMethodError'{0x000000008ab38120}: 'java.lang.Object java.lang.invoke.DirectMethodHandle$Holder.invokeStatic(java.lang.Object, int, java.lang.Object, java.lang.Object)'> (0x000000008ab38120) thrown at [./src/hotspot/share/interpreter/linkResolver.cpp, line 773]
Event: 23.354 Thread 0x000001b7bff60800 Exception <a 'java/lang/NoSuchMethodError'{0x00000000892e6c90}: 'java.lang.Object java.lang.invoke.Invokers$Holder.linkToTargetMethod(java.lang.Object, java.lang.Object, java.lang.Object, java.lang.Object, java.lang.Object, java.lang.Object, java.lang.Object)'> (0x00000000892e6c90) thrown at [./src/hotspot/share/interpreter/linkResolver.cpp, line 773]
Event: 23.524 Thread 0x000001b7bff63000 Exception <a 'java/lang/NoSuchMethodError'{0x000000008940c4b0}: 'java.lang.Object java.lang.invoke.DirectMethodHandle$Holder.invokeVirtual(java.lang.Object, java.lang.Object, int, java.lang.Object)'> (0x000000008940c4b0) thrown at [./src/hotspot/share/interpreter/linkResolver.cpp, line 773]
Event: 23.620 Thread 0x000001b7bff60800 Exception <a 'java/lang/IncompatibleClassChangeError'{0x0000000089d4e2b0}: Found class java.lang.Object, but interface was expected> (0x0000000089d4e2b0) thrown at [./src/hotspot/share/interpreter/linkResolver.cpp, line 839]
Event: 23.620 Thread 0x000001b7bff62000 Exception <a 'java/lang/IncompatibleClassChangeError'{0x0000000089d49640}: Found class java.lang.Object, but interface was expected> (0x0000000089d49640) thrown at [./src/hotspot/share/interpreter/linkResolver.cpp, line 839]
Event: 23.622 Thread 0x000001b7bff60800 Exception <a 'java/lang/IncompatibleClassChangeError'{0x0000000089d51b60}: Found class java.lang.Object, but interface was expected> (0x0000000089d51b60) thrown at [./src/hotspot/share/interpreter/linkResolver.cpp, line 839]
Event: 23.622 Thread 0x000001b7bff62000 Exception <a 'java/lang/IncompatibleClassChangeError'{0x0000000089da8a48}: Found class java.lang.Object, but interface was expected> (0x0000000089da8a48) thrown at [./src/hotspot/share/interpreter/linkResolver.cpp, line 839]
Event: 23.622 Thread 0x000001b7bff63000 Exception <a 'java/lang/IncompatibleClassChangeError'{0x0000000089d108f8}: Found class java.lang.Object, but interface was expected> (0x0000000089d108f8) thrown at [./src/hotspot/share/interpreter/linkResolver.cpp, line 839]
Event: 23.657 Thread 0x000001b7bff63000 Exception <a 'java/lang/NoSuchMethodError'{0x00000000897ccb00}: 'void java.lang.invoke.DirectMethodHandle$Holder.invokeVirtual(java.lang.Object, java.lang.Object, int, java.lang.Object)'> (0x00000000897ccb00) thrown at [./src/hotspot/share/interpreter/linkResolver.cpp, line 773]
Event: 23.657 Thread 0x000001b7bff62000 Exception <a 'java/lang/NoSuchMethodError'{0x000000008973cbf0}: 'void java.lang.invoke.DirectMethodHandle$Holder.invokeVirtual(java.lang.Object, java.lang.Object, int, java.lang.Object)'> (0x000000008973cbf0) thrown at [./src/hotspot/share/interpreter/linkResolver.cpp, line 773]
Event: 23.658 Thread 0x000001b7bff60800 Exception <a 'java/lang/NoSuchMethodError'{0x0000000089bb4368}: 'void java.lang.invoke.DirectMethodHandle$Holder.invokeVirtual(java.lang.Object, java.lang.Object, int, java.lang.Object)'> (0x0000000089bb4368) thrown at [./src/hotspot/share/interpreter/linkResolver.cpp, line 773]

Events (20 events):
Event: 23.657 loading class com/android/tools/r8/internal/g9 done
Event: 23.657 loading class com/android/tools/r8/internal/Me
Event: 23.657 loading class com/android/tools/r8/internal/Me done
Event: 23.658 Executing VM operation: RevokeBias
Event: 23.665 Executing VM operation: RevokeBias done
Event: 23.666 loading class com/android/tools/r8/code/f3
Event: 23.666 loading class com/android/tools/r8/code/f3 done
Event: 23.666 loading class com/android/tools/r8/code/C0
Event: 23.666 loading class com/android/tools/r8/code/C0 done
Event: 23.669 loading class com/android/tools/r8/code/e3
Event: 23.669 loading class com/android/tools/r8/code/e3 done
Event: 23.674 loading class com/android/tools/r8/code/d3
Event: 23.674 loading class com/android/tools/r8/code/d3 done
Event: 23.677 Executing VM operation: CGC_Operation
Event: 23.678 Executing VM operation: CGC_Operation done
Event: 23.683 loading class com/android/tools/r8/code/g3
Event: 23.683 loading class com/android/tools/r8/code/g3 done
Event: 23.685 loading class com/android/tools/r8/internal/l2
Event: 23.685 loading class com/android/tools/r8/internal/l2 done
Event: 23.689 Executing VM operation: G1CollectForAllocation


Dynamic libraries:
0x00007ff744300000 - 0x00007ff74430a000 	D:\Programmi\Android Studio\jre\bin\java.exe
0x00007ffcc35d0000 - 0x00007ffcc37c5000 	C:\WINDOWS\SYSTEM32\ntdll.dll
0x00007ffcc26a0000 - 0x00007ffcc275e000 	C:\WINDOWS\System32\KERNEL32.DLL
0x00007ffcc0ce0000 - 0x00007ffcc0fa8000 	C:\WINDOWS\System32\KERNELBASE.dll
0x00007ffcbe5f0000 - 0x00007ffcbe680000 	C:\WINDOWS\SYSTEM32\apphelp.dll
0x00007ffcc1130000 - 0x00007ffcc1230000 	C:\WINDOWS\System32\ucrtbase.dll
0x00007ffcbba10000 - 0x00007ffcbba27000 	D:\Programmi\Android Studio\jre\bin\VCRUNTIME140.dll
0x00007ffcbb920000 - 0x00007ffcbb939000 	D:\Programmi\Android Studio\jre\bin\jli.dll
0x00007ffcc33e0000 - 0x00007ffcc3581000 	C:\WINDOWS\System32\USER32.dll
0x00007ffcc1100000 - 0x00007ffcc1122000 	C:\WINDOWS\System32\win32u.dll
0x00007ffcb6930000 - 0x00007ffcb6bca000 	C:\WINDOWS\WinSxS\amd64_microsoft.windows.common-controls_6595b64144ccf1df_6.0.19041.1110_none_60b5254171f9507e\COMCTL32.dll
0x00007ffcc2550000 - 0x00007ffcc257b000 	C:\WINDOWS\System32\GDI32.dll
0x00007ffcc1470000 - 0x00007ffcc157d000 	C:\WINDOWS\System32\gdi32full.dll
0x00007ffcc1bd0000 - 0x00007ffcc1c6e000 	C:\WINDOWS\System32\msvcrt.dll
0x00007ffcc0fb0000 - 0x00007ffcc104d000 	C:\WINDOWS\System32\msvcp_win.dll
0x00007ffcc21f0000 - 0x00007ffcc2220000 	C:\WINDOWS\System32\IMM32.DLL
0x00007ffc8eb60000 - 0x00007ffc8ebfd000 	D:\Programmi\Android Studio\jre\bin\msvcp140.dll
0x00007ffc898e0000 - 0x00007ffc8a3af000 	D:\Programmi\Android Studio\jre\bin\server\jvm.dll
0x00007ffcc2760000 - 0x00007ffcc280c000 	C:\WINDOWS\System32\ADVAPI32.dll
0x00007ffcc1680000 - 0x00007ffcc171b000 	C:\WINDOWS\System32\sechost.dll
0x00007ffcc2290000 - 0x00007ffcc23ba000 	C:\WINDOWS\System32\RPCRT4.dll
0x00007ffcc2c80000 - 0x00007ffcc2c88000 	C:\WINDOWS\System32\PSAPI.DLL
0x00007ffcae400000 - 0x00007ffcae409000 	C:\WINDOWS\SYSTEM32\WSOCK32.dll
0x00007ffcc2220000 - 0x00007ffcc228b000 	C:\WINDOWS\System32\WS2_32.dll
0x00007ffcb4b70000 - 0x00007ffcb4b97000 	C:\WINDOWS\SYSTEM32\WINMM.dll
0x00007ffcb31f0000 - 0x00007ffcb31fa000 	C:\WINDOWS\SYSTEM32\VERSION.dll
0x00007ffcbebd0000 - 0x00007ffcbebe2000 	C:\WINDOWS\SYSTEM32\kernel.appcore.dll
0x00007ffcbb940000 - 0x00007ffcbb951000 	D:\Programmi\Android Studio\jre\bin\verify.dll
0x00007ffcb8670000 - 0x00007ffcb8854000 	C:\WINDOWS\SYSTEM32\DBGHELP.DLL
0x00007ffcb8640000 - 0x00007ffcb866c000 	C:\WINDOWS\SYSTEM32\dbgcore.DLL
0x00007ffcc13e0000 - 0x00007ffcc1462000 	C:\WINDOWS\System32\bcryptPrimitives.dll
0x00007ffcbb0f0000 - 0x00007ffcbb119000 	D:\Programmi\Android Studio\jre\bin\java.dll
0x00007ffcbbd70000 - 0x00007ffcbbd7b000 	D:\Programmi\Android Studio\jre\bin\jimage.dll
0x00007ffcbb870000 - 0x00007ffcbb888000 	D:\Programmi\Android Studio\jre\bin\zip.dll
0x00007ffcc2c90000 - 0x00007ffcc33d4000 	C:\WINDOWS\System32\SHELL32.dll
0x00007ffcbedd0000 - 0x00007ffcbf564000 	C:\WINDOWS\SYSTEM32\windows.storage.dll
0x00007ffcc2870000 - 0x00007ffcc2bc5000 	C:\WINDOWS\System32\combase.dll
0x00007ffcc0660000 - 0x00007ffcc068e000 	C:\WINDOWS\SYSTEM32\Wldp.dll
0x00007ffcc17f0000 - 0x00007ffcc189d000 	C:\WINDOWS\System32\SHCORE.dll
0x00007ffcc1d10000 - 0x00007ffcc1d65000 	C:\WINDOWS\System32\shlwapi.dll
0x00007ffcc0c20000 - 0x00007ffcc0c3f000 	C:\WINDOWS\SYSTEM32\profapi.dll
0x00007ffcbb810000 - 0x00007ffcbb82a000 	D:\Programmi\Android Studio\jre\bin\net.dll
0x00007ffcb77e0000 - 0x00007ffcb78ec000 	C:\WINDOWS\SYSTEM32\WINHTTP.dll
0x00007ffcc03c0000 - 0x00007ffcc042a000 	C:\WINDOWS\system32\mswsock.dll
0x00007ffcbb3f0000 - 0x00007ffcbb404000 	D:\Programmi\Android Studio\jre\bin\nio.dll
0x00007ffca6ac0000 - 0x00007ffca6ae7000 	C:\Users\Umby\.gradle\native\8bec1ad78214c89d9ad589b4d07fe93259594b29d510b10fafb7a158f7737e5d\windows-amd64\native-platform.dll
0x00007ffc8ec00000 - 0x00007ffc8ed3d000 	C:\Users\Umby\.gradle\native\53dbd7edfb1c66fb8903c78663c9afc45aea4f116125fa6feffd364cf09443e8\windows-amd64\native-platform-file-events.dll
0x00007ffcbbd50000 - 0x00007ffcbbd5a000 	D:\Programmi\Android Studio\jre\bin\management.dll
0x00007ffcbbc40000 - 0x00007ffcbbc4c000 	D:\Programmi\Android Studio\jre\bin\management_ext.dll
0x00007ffcc05b0000 - 0x00007ffcc05c8000 	C:\WINDOWS\SYSTEM32\CRYPTSP.dll
0x00007ffcbfd40000 - 0x00007ffcbfd74000 	C:\WINDOWS\system32\rsaenh.dll
0x00007ffcc1580000 - 0x00007ffcc15a7000 	C:\WINDOWS\System32\bcrypt.dll
0x00007ffcc0be0000 - 0x00007ffcc0c0e000 	C:\WINDOWS\SYSTEM32\USERENV.dll
0x00007ffcc05d0000 - 0x00007ffcc05dc000 	C:\WINDOWS\SYSTEM32\CRYPTBASE.dll
0x00007ffcc00b0000 - 0x00007ffcc00eb000 	C:\WINDOWS\SYSTEM32\IPHLPAPI.DLL
0x00007ffcc1610000 - 0x00007ffcc1618000 	C:\WINDOWS\System32\NSI.dll
0x00007ffcb8c30000 - 0x00007ffcb8c47000 	C:\WINDOWS\SYSTEM32\dhcpcsvc6.DLL
0x00007ffcb9560000 - 0x00007ffcb957d000 	C:\WINDOWS\SYSTEM32\dhcpcsvc.DLL
0x00007ffcc00f0000 - 0x00007ffcc01bb000 	C:\WINDOWS\SYSTEM32\DNSAPI.dll

dbghelp: loaded successfully - version: 4.0.5 - missing functions: none
symbol engine: initialized successfully - sym options: 0x614 - pdb path: .;D:\Programmi\Android Studio\jre\bin;C:\WINDOWS\SYSTEM32;C:\WINDOWS\WinSxS\amd64_microsoft.windows.common-controls_6595b64144ccf1df_6.0.19041.1110_none_60b5254171f9507e;D:\Programmi\Android Studio\jre\bin\server;C:\Users\Umby\.gradle\native\8bec1ad78214c89d9ad589b4d07fe93259594b29d510b10fafb7a158f7737e5d\windows-amd64;C:\Users\Umby\.gradle\native\53dbd7edfb1c66fb8903c78663c9afc45aea4f116125fa6feffd364cf09443e8\windows-amd64

VM Arguments:
jvm_args: --add-opens=java.base/java.util=ALL-UNNAMED --add-opens=java.base/java.lang=ALL-UNNAMED --add-opens=java.base/java.lang.invoke=ALL-UNNAMED --add-opens=java.base/java.util=ALL-UNNAMED --add-opens=java.prefs/java.util.prefs=ALL-UNNAMED --add-opens=java.prefs/java.util.prefs=ALL-UNNAMED --add-opens=java.base/java.nio.charset=ALL-UNNAMED --add-opens=java.base/java.net=ALL-UNNAMED --add-opens=java.base/java.util.concurrent.atomic=ALL-UNNAMED -Xmx2048m -Dfile.encoding=UTF-8 -Duser.country=IT -Duser.language=it -Duser.variant 
java_command: org.gradle.launcher.daemon.bootstrap.GradleDaemon 7.0.2
java_class_path (initial): C:\Users\Umby\.gradle\wrapper\dists\gradle-7.0.2-bin\857tjihv64xamwrf0h14cai3r\gradle-7.0.2\lib\gradle-launcher-7.0.2.jar
Launcher Type: SUN_STANDARD

[Global flags]
     intx CICompilerCount                          = 4                                         {product} {ergonomic}
     uint ConcGCThreads                            = 2                                         {product} {ergonomic}
     uint G1ConcRefinementThreads                  = 8                                         {product} {ergonomic}
   size_t G1HeapRegionSize                         = 1048576                                   {product} {ergonomic}
    uintx GCDrainStackTargetSize                   = 64                                        {product} {ergonomic}
   size_t InitialHeapSize                          = 117440512                                 {product} {ergonomic}
   size_t MarkStackSize                            = 4194304                                   {product} {ergonomic}
   size_t MaxHeapSize                              = 2147483648                                {product} {command line}
   size_t MaxNewSize                               = 1287651328                                {product} {ergonomic}
   size_t MinHeapDeltaBytes                        = 1048576                                   {product} {ergonomic}
    uintx NonNMethodCodeHeapSize                   = 5836300                                {pd product} {ergonomic}
    uintx NonProfiledCodeHeapSize                  = 122910970                              {pd product} {ergonomic}
    uintx ProfiledCodeHeapSize                     = 122910970                              {pd product} {ergonomic}
    uintx ReservedCodeCacheSize                    = 251658240                              {pd product} {ergonomic}
     bool SegmentedCodeCache                       = true                                      {product} {ergonomic}
     bool UseCompressedClassPointers               = true                                 {lp64_product} {ergonomic}
     bool UseCompressedOops                        = true                                 {lp64_product} {ergonomic}
     bool UseG1GC                                  = true                                      {product} {ergonomic}
     bool UseLargePagesIndividualAllocation        = false                                  {pd product} {ergonomic}

Logging:
Log output configuration:
 #0: stdout all=warning uptime,level,tags
 #1: stderr all=off uptime,level,tags

Environment Variables:
PATH=C:\Program Files (x86)\Common Files\Oracle\Java\javapath;C:\Program Files (x86)\NVIDIA Corporation\PhysX\Common;C:\WINDOWS\system32;C:\WINDOWS;C:\WINDOWS\System32\Wbem;C:\WINDOWS\System32\WindowsPowerShell\v1.0\;C:\WINDOWS\System32\OpenSSH\;C:\Program Files\Intel\WiFi\bin\;C:\Program Files\Common Files\Intel\WirelessCommon\;D:\Programmi\MinGW\bin;C:\Users\Umby\AppData\Local\Microsoft\WindowsApps;D:\Programmi\Microsoft VS Code\bin
USERNAME=Umby
OS=Windows_NT
PROCESSOR_IDENTIFIER=AMD64 Family 23 Model 17 Stepping 0, AuthenticAMD



---------------  S Y S T E M  ---------------

OS: Windows 10 , 64 bit Build 19041 (10.0.19041.1348)
OS uptime: 2 days 12:20 hours

CPU:total 8 (initial active 8) (8 cores per cpu, 2 threads per core) family 23 model 17 stepping 0 microcode 0x0, cmov, cx8, fxsr, mmx, sse, sse2, sse3, ssse3, sse4.1, sse4.2, popcnt, avx, avx2, aes, clmul, mmxext, 3dnowpref, lzcnt, sse4a, ht, tsc, tscinvbit, tscinv, bmi1, bmi2, adx, s

Memory: 4k page, system-wide physical 7069M (367M free)
TotalPageFile size 17309M (AvailPageFile size 55M)
current process WorkingSet (physical memory assigned to process): 447M, peak: 450M
current process commit charge ("private bytes"): 507M, peak: 592M

vm_info: OpenJDK 64-Bit Server VM (11.0.10+0-b96-7249189) for windows-amd64 JRE (11.0.10+0-b96-7249189), built on Mar 31 2021 21:44:00 by "builder" with MS VC++ 14.0 (VS2015)

END.
