#
# There is insufficient memory for the Java Runtime Environment to continue.
# Native memory allocation (mmap) failed to map 71303168 bytes for Failed to commit area from 0x0000000097200000 to 0x000000009b600000 of length 71303168.
# Possible reasons:
#   The system is out of physical RAM or swap space
#   The process is running with CompressedOops enabled, and the Java Heap may be blocking the growth of the native heap
# Possible solutions:
#   Reduce memory load on the system
#   Increase physical memory or swap space
#   Check if swap backing store is full
#   Decrease Java heap size (-Xmx/-Xms)
#   Decrease number of Java threads
#   Decrease Java thread stack sizes (-Xss)
#   Set larger code cache with -XX:ReservedCodeCacheSize=
#   JVM is running with Unscaled Compressed Oops mode in which the Java heap is
#     placed in the first 4GB address space. The Java Heap base address is the
#     maximum limit for the native heap growth. Please use -XX:HeapBaseMinAddress
#     to set the Java Heap base and to place the Java Heap above 4GB virtual address.
# This output file may be truncated or incomplete.
#
#  Out of Memory Error (./src/hotspot/os/windows/os_windows.cpp:3521), pid=16228, tid=10748
#
# JRE version: OpenJDK Runtime Environment (11.0.12+7) (build 11.0.12+7-b1504.28-7817840)
# Java VM: OpenJDK 64-Bit Server VM (11.0.12+7-b1504.28-7817840, mixed mode, tiered, compressed oops, g1 gc, windows-amd64)
# No core dump will be written. Minidumps are not enabled by default on client versions of Windows
#

---------------  S U M M A R Y ------------

Command Line: --add-opens=java.base/java.util=ALL-UNNAMED --add-opens=java.base/java.lang=ALL-UNNAMED --add-opens=java.base/java.lang.invoke=ALL-UNNAMED --add-opens=java.base/java.util=ALL-UNNAMED --add-opens=java.prefs/java.util.prefs=ALL-UNNAMED --add-opens=java.prefs/java.util.prefs=ALL-UNNAMED --add-opens=java.base/java.nio.charset=ALL-UNNAMED --add-opens=java.base/java.net=ALL-UNNAMED --add-opens=java.base/java.util.concurrent.atomic=ALL-UNNAMED -Xmx2048m -Dfile.encoding=UTF-8 -Duser.country=IT -Duser.language=it -Duser.variant org.gradle.launcher.daemon.bootstrap.GradleDaemon 7.0.2

Host: Intel(R) Core(TM) i7-4790 CPU @ 3.60GHz, 8 cores, 15G,  Windows 10 , 64 bit Build 19041 (10.0.19041.1706)
Time: Sun Jun 12 13:42:26 2022 ora legale Europa occidentale elapsed time: 21.665417 seconds (0d 0h 0m 21s)

---------------  T H R E A D  ---------------

Current thread (0x00000262a6439000):  VMThread "VM Thread" [stack: 0x000000ad98200000,0x000000ad98300000] [id=10748]

Stack: [0x000000ad98200000,0x000000ad98300000]
[error occurred during error reporting (printing stack bounds), id 0xc0000005, EXCEPTION_ACCESS_VIOLATION (0xc0000005) at pc=0x000002628f23112d]

Native frames: (J=compiled Java code, j=interpreted, Vv=VM code, C=native code)
V  [jvm.dll+0x5fbcea]
V  [jvm.dll+0x731905]
V  [jvm.dll+0x732f1d]
V  [jvm.dll+0x733535]
V  [jvm.dll+0x7334eb]
V  [jvm.dll+0x5fb080]
V  [jvm.dll+0x5fb818]
C  [ntdll.dll+0xa209f]
C  [ntdll.dll+0x51454]
C  [ntdll.dll+0xa0bce]
C  0x000002628f23112d

VM_Operation (0x000000ad9b6f8bd0): G1CollectForAllocation, mode: safepoint, requested by thread 0x00000262a8b91000


---------------  P R O C E S S  ---------------

Threads class SMR info:
_java_thread_list=0x00000262af975720, length=61, elements={
0x000002628b71d000, 0x00000262a643b800, 0x00000262a643c800, 0x00000262a649d800,
0x00000262a64a1000, 0x00000262a64a3000, 0x00000262a64a6800, 0x00000262a64ad000,
0x00000262a64b8000, 0x00000262a6611000, 0x00000262a86b7000, 0x00000262a8bdc000,
0x00000262a89a1800, 0x00000262a898b800, 0x00000262a96f0800, 0x00000262a75ae800,
0x00000262a75af800, 0x00000262a8a6a800, 0x00000262a89e0800, 0x00000262a92bc000,
0x00000262a92bb000, 0x00000262a92ba000, 0x00000262a92bc800, 0x00000262a95fa000,
0x00000262a8fd7000, 0x00000262a8fd7800, 0x00000262a8fd8800, 0x00000262a8fd9800,
0x00000262a8fd5800, 0x00000262a8fd3800, 0x00000262a8fda000, 0x00000262a8fd4800,
0x00000262a8fdf000, 0x00000262a8fdc800, 0x00000262a8fe0800, 0x00000262a8fdb000,
0x00000262a8fe1800, 0x00000262a8fdc000, 0x00000262a8fe2800, 0x00000262a8b94800,
0x00000262a8b90000, 0x00000262a8b92000, 0x00000262a8b91000, 0x00000262a8b93800,
0x00000262a8b92800, 0x00000262a8b8e800, 0x00000262a8b95000, 0x00000262a8b8f800,
0x00000262a8b9b000, 0x00000262a8b9b800, 0x00000262a8b99000, 0x00000262a8b9c800,
0x00000262a8b97800, 0x00000262a8b98800, 0x00000262a8b97000, 0x00000262a8b9a000,
0x00000262a8b9d800, 0x00000262afc11000, 0x00000262afc14800, 0x00000262afc15800,
0x00000262ad40e000
}

Java Threads: ( => current thread )
  0x000002628b71d000 JavaThread "main" [_thread_blocked, id=11400, stack(0x000000ad97c00000,0x000000ad97d00000)]
  0x00000262a643b800 JavaThread "Reference Handler" daemon [_thread_blocked, id=17820, stack(0x000000ad98300000,0x000000ad98400000)]
  0x00000262a643c800 JavaThread "Finalizer" daemon [_thread_blocked, id=17224, stack(0x000000ad98400000,0x000000ad98500000)]
  0x00000262a649d800 JavaThread "Signal Dispatcher" daemon [_thread_blocked, id=16028, stack(0x000000ad98500000,0x000000ad98600000)]
  0x00000262a64a1000 JavaThread "Attach Listener" daemon [_thread_blocked, id=9532, stack(0x000000ad98600000,0x000000ad98700000)]
  0x00000262a64a3000 JavaThread "Service Thread" daemon [_thread_blocked, id=14496, stack(0x000000ad98700000,0x000000ad98800000)]
  0x00000262a64a6800 JavaThread "C2 CompilerThread0" daemon [_thread_blocked, id=9076, stack(0x000000ad98800000,0x000000ad98900000)]
  0x00000262a64ad000 JavaThread "C1 CompilerThread0" daemon [_thread_blocked, id=16608, stack(0x000000ad98900000,0x000000ad98a00000)]
  0x00000262a64b8000 JavaThread "Sweeper thread" daemon [_thread_blocked, id=13380, stack(0x000000ad98a00000,0x000000ad98b00000)]
  0x00000262a6611000 JavaThread "Common-Cleaner" daemon [_thread_blocked, id=5968, stack(0x000000ad98b00000,0x000000ad98c00000)]
  0x00000262a86b7000 JavaThread "Daemon health stats" [_thread_blocked, id=12244, stack(0x000000ad99400000,0x000000ad99500000)]
  0x00000262a8bdc000 JavaThread "Incoming local TCP Connector on port 58563" [_thread_in_native, id=15804, stack(0x000000ad98d00000,0x000000ad98e00000)]
  0x00000262a89a1800 JavaThread "Daemon periodic checks" [_thread_blocked, id=13600, stack(0x000000ad98e00000,0x000000ad98f00000)]
  0x00000262a898b800 JavaThread "Daemon" [_thread_blocked, id=12152, stack(0x000000ad99500000,0x000000ad99600000)]
  0x00000262a96f0800 JavaThread "Handler for socket connection from /127.0.0.1:58563 to /127.0.0.1:58564" [_thread_in_native, id=10612, stack(0x000000ad99600000,0x000000ad99700000)]
  0x00000262a75ae800 JavaThread "Cancel handler" [_thread_blocked, id=13128, stack(0x000000ad99700000,0x000000ad99800000)]
  0x00000262a75af800 JavaThread "Daemon worker" [_thread_blocked, id=11448, stack(0x000000ad99800000,0x000000ad99900000)]
  0x00000262a8a6a800 JavaThread "Asynchronous log dispatcher for DefaultDaemonConnection: socket connection from /127.0.0.1:58563 to /127.0.0.1:58564" [_thread_blocked, id=2756, stack(0x000000ad99900000,0x000000ad99a00000)]
  0x00000262a89e0800 JavaThread "Stdin handler" [_thread_blocked, id=6652, stack(0x000000ad99a00000,0x000000ad99b00000)]
  0x00000262a92bc000 JavaThread "Daemon client event forwarder" [_thread_blocked, id=5792, stack(0x000000ad99b00000,0x000000ad99c00000)]
  0x00000262a92bb000 JavaThread "Cache worker for file hash cache (C:\Users\corel\.gradle\caches\7.0.2\fileHashes)" [_thread_blocked, id=16336, stack(0x000000ad99c00000,0x000000ad99d00000)]
  0x00000262a92ba000 JavaThread "File lock request listener" [_thread_in_native, id=10472, stack(0x000000ad99d00000,0x000000ad99e00000)]
  0x00000262a92bc800 JavaThread "Cache worker for journal cache (C:\Users\corel\.gradle\caches\journal-1)" [_thread_blocked, id=15132, stack(0x000000ad9a100000,0x000000ad9a200000)]
  0x00000262a95fa000 JavaThread "C2 CompilerThread1" daemon [_thread_in_native, id=14388, stack(0x000000ad9a200000,0x000000ad9a300000)]
  0x00000262a8fd7000 JavaThread "Cache worker for file hash cache (C:\Users\corel\AndroidStudioProjects\Pothub\.gradle\7.0.2\fileHashes)" [_thread_blocked, id=1800, stack(0x000000ad9a300000,0x000000ad9a400000)]
  0x00000262a8fd7800 JavaThread "File watcher server" daemon [_thread_blocked, id=15524, stack(0x000000ad9a400000,0x000000ad9a500000)]
  0x00000262a8fd8800 JavaThread "File watcher consumer" daemon [_thread_blocked, id=7580, stack(0x000000ad9a500000,0x000000ad9a600000)]
  0x00000262a8fd9800 JavaThread "Cache worker for checksums cache (C:\Users\corel\AndroidStudioProjects\Pothub\.gradle\checksums)" [_thread_blocked, id=5036, stack(0x000000ad9a600000,0x000000ad9a700000)]
  0x00000262a8fd5800 JavaThread "Cache worker for cache directory md-supplier (C:\Users\corel\.gradle\caches\7.0.2\md-supplier)" [_thread_blocked, id=2808, stack(0x000000ad9a700000,0x000000ad9a800000)]
  0x00000262a8fd3800 JavaThread "Cache worker for cache directory md-rule (C:\Users\corel\.gradle\caches\7.0.2\md-rule)" [_thread_blocked, id=11248, stack(0x000000ad9a800000,0x000000ad9a900000)]
  0x00000262a8fda000 JavaThread "Cache worker for execution history cache (C:\Users\corel\.gradle\caches\7.0.2\executionHistory)" [_thread_blocked, id=15652, stack(0x000000ad9aa00000,0x000000ad9ab00000)]
  0x00000262a8fd4800 JavaThread "jar transforms" [_thread_blocked, id=14572, stack(0x000000ad9ab00000,0x000000ad9ac00000)]
  0x00000262a8fdf000 JavaThread "jar transforms Thread 2" [_thread_blocked, id=14864, stack(0x000000ad9ac00000,0x000000ad9ad00000)]
  0x00000262a8fdc800 JavaThread "Cache worker for file content cache (C:\Users\corel\.gradle\caches\7.0.2\fileContent)" [_thread_blocked, id=12696, stack(0x000000ad9ad00000,0x000000ad9ae00000)]
  0x00000262a8fe0800 JavaThread "Cache worker for dependencies-accessors (C:\Users\corel\AndroidStudioProjects\Pothub\.gradle\7.0.2\dependencies-accessors)" [_thread_blocked, id=15380, stack(0x000000ad9ae00000,0x000000ad9af00000)]
  0x00000262a8fdb000 JavaThread "jar transforms Thread 3" [_thread_blocked, id=3208, stack(0x000000ad9af00000,0x000000ad9b000000)]
  0x00000262a8fe1800 JavaThread "Cache worker for Build Output Cleanup Cache (C:\Users\corel\AndroidStudioProjects\Pothub\.gradle\buildOutputCleanup)" [_thread_blocked, id=15404, stack(0x000000ad9b000000,0x000000ad9b100000)]
  0x00000262a8fdc000 JavaThread "Build operations" [_thread_blocked, id=11984, stack(0x000000ad9b100000,0x000000ad9b200000)]
  0x00000262a8fe2800 JavaThread "Build operations Thread 2" [_thread_blocked, id=8652, stack(0x000000ad9b200000,0x000000ad9b300000)]
  0x00000262a8b94800 JavaThread "Build operations Thread 3" [_thread_blocked, id=5396, stack(0x000000ad9b300000,0x000000ad9b400000)]
  0x00000262a8b90000 JavaThread "Build operations Thread 4" [_thread_blocked, id=12632, stack(0x000000ad9b400000,0x000000ad9b500000)]
  0x00000262a8b92000 JavaThread "Build operations Thread 5" [_thread_blocked, id=5516, stack(0x000000ad9b500000,0x000000ad9b600000)]
  0x00000262a8b91000 JavaThread "Build operations Thread 6" [_thread_blocked, id=16372, stack(0x000000ad9b600000,0x000000ad9b700000)]
  0x00000262a8b93800 JavaThread "Build operations Thread 7" [_thread_blocked, id=6052, stack(0x000000ad9b700000,0x000000ad9b800000)]
  0x00000262a8b92800 JavaThread "Build operations Thread 8" [_thread_blocked, id=996, stack(0x000000ad9b800000,0x000000ad9b900000)]
  0x00000262a8b8e800 JavaThread "jar transforms Thread 4" [_thread_blocked, id=17188, stack(0x000000ad9b900000,0x000000ad9ba00000)]
  0x00000262a8b95000 JavaThread "jar transforms Thread 5" [_thread_blocked, id=7528, stack(0x000000ad9ba00000,0x000000ad9bb00000)]
  0x00000262a8b8f800 JavaThread "jar transforms Thread 6" [_thread_blocked, id=12156, stack(0x000000ad9bb00000,0x000000ad9bc00000)]
  0x00000262a8b9b000 JavaThread "jar transforms Thread 7" [_thread_blocked, id=552, stack(0x000000ad9bc00000,0x000000ad9bd00000)]
  0x00000262a8b9b800 JavaThread "jar transforms Thread 8" [_thread_blocked, id=11716, stack(0x000000ad9bd00000,0x000000ad9be00000)]
  0x00000262a8b99000 JavaThread "Memory manager" [_thread_blocked, id=12220, stack(0x000000ad9be00000,0x000000ad9bf00000)]
  0x00000262a8b9c800 JavaThread "build event listener" [_thread_blocked, id=6900, stack(0x000000ad9bf00000,0x000000ad9c000000)]
  0x00000262a8b97800 JavaThread "Execution worker for ':'" [_thread_blocked, id=1176, stack(0x000000ad9c000000,0x000000ad9c100000)]
  0x00000262a8b98800 JavaThread "Execution worker for ':' Thread 2" [_thread_blocked, id=9680, stack(0x000000ad9c100000,0x000000ad9c200000)]
  0x00000262a8b97000 JavaThread "Execution worker for ':' Thread 3" [_thread_blocked, id=6064, stack(0x000000ad9c200000,0x000000ad9c300000)]
  0x00000262a8b9a000 JavaThread "Execution worker for ':' Thread 4" [_thread_blocked, id=9024, stack(0x000000ad9c300000,0x000000ad9c400000)]
  0x00000262a8b9d800 JavaThread "Execution worker for ':' Thread 5" [_thread_blocked, id=4300, stack(0x000000ad9c400000,0x000000ad9c500000)]
  0x00000262afc11000 JavaThread "Execution worker for ':' Thread 6" [_thread_blocked, id=9388, stack(0x000000ad9c500000,0x000000ad9c600000)]
  0x00000262afc14800 JavaThread "Execution worker for ':' Thread 7" [_thread_blocked, id=7252, stack(0x000000ad9c600000,0x000000ad9c700000)]
  0x00000262afc15800 JavaThread "Cache worker for execution history cache (C:\Users\corel\AndroidStudioProjects\Pothub\.gradle\7.0.2\executionHistory)" [_thread_blocked, id=14488, stack(0x000000ad9c700000,0x000000ad9c800000)]
  0x00000262ad40e000 JavaThread "C2 CompilerThread2" daemon [_thread_in_native, id=11772, stack(0x000000ad9a900000,0x000000ad9aa00000)]

Other Threads:
=>0x00000262a6439000 VMThread "VM Thread" [stack: 0x000000ad98200000,0x000000ad98300000] [id=10748]
  0x00000262a662a800 WatcherThread [stack: 0x000000ad98c00000,0x000000ad98d00000] [id=16088]
  0x000002628b735000 GCTaskThread "GC Thread#0" [stack: 0x000000ad97d00000,0x000000ad97e00000] [id=11652]
  0x00000262a7214000 GCTaskThread "GC Thread#1" [stack: 0x000000ad98f00000,0x000000ad99000000] [id=15756]
  0x00000262a7422000 GCTaskThread "GC Thread#2" [stack: 0x000000ad99000000,0x000000ad99100000] [id=6348]
  0x00000262a6de9000 GCTaskThread "GC Thread#3" [stack: 0x000000ad99100000,0x000000ad99200000] [id=14460]
  0x00000262a71c0800 GCTaskThread "GC Thread#4" [stack: 0x000000ad99200000,0x000000ad99300000] [id=5016]
  0x00000262a738b000 GCTaskThread "GC Thread#5" [stack: 0x000000ad99300000,0x000000ad99400000] [id=10896]
  0x00000262a899d000 GCTaskThread "GC Thread#6" [stack: 0x000000ad99e00000,0x000000ad99f00000] [id=11692]
  0x00000262a8752800 GCTaskThread "GC Thread#7" [stack: 0x000000ad99f00000,0x000000ad9a000000] [id=9460]
  0x000002628b767000 ConcurrentGCThread "G1 Main Marker" [stack: 0x000000ad97e00000,0x000000ad97f00000] [id=1540]
  0x000002628b769800 ConcurrentGCThread "G1 Conc#0" [stack: 0x000000ad97f00000,0x000000ad98000000] [id=9036]
  0x00000262a914d800 ConcurrentGCThread "G1 Conc#1" [stack: 0x000000ad9a000000,0x000000ad9a100000] [id=9308]
  0x00000262a5a76800 ConcurrentGCThread "G1 Refine#0" [stack: 0x000000ad98000000,0x000000ad98100000] [id=14952]
  0x00000262a9d7c800 ConcurrentGCThread "G1 Refine#1" [stack: 0x000000ad9c800000,0x000000ad9c900000] [id=17656]
  0x00000262a9d7d800 ConcurrentGCThread "G1 Refine#2" [stack: 0x000000ad9c900000,0x000000ad9ca00000] [id=12856]
  0x00000262a9d7f000 ConcurrentGCThread "G1 Refine#3" [stack: 0x000000ad9ca00000,0x000000ad9cb00000] [id=16424]
  0x00000262b7e08800 ConcurrentGCThread "G1 Refine#4" [stack: 0x000000ad9cb00000,0x000000ad9cc00000] [id=8040]
  0x00000262b7e09000 ConcurrentGCThread "G1 Refine#5" [stack: 0x000000ad9cc00000,0x000000ad9cd00000] [id=14012]
  0x00000262a5a77800 ConcurrentGCThread "G1 Young RemSet Sampling" [stack: 0x000000ad98100000,0x000000ad98200000] [id=17468]

Threads with active compile tasks:
C2 CompilerThread0  21689 15597       4       com.android.tools.r8.graph.d0::a (10 bytes)
C1 CompilerThread0  21689 16086 %     2       com.android.tools.r8.ir.regalloc.a::i @ 341 (620 bytes)
C2 CompilerThread1  21689 14137 %     4       com.android.tools.r8.ir.regalloc.a::a @ 995 (1824 bytes)
C2 CompilerThread2  21689 14864       4       com.android.tools.r8.internal.Nv::a (455 bytes)

VM state:at safepoint (normal execution)

VM Mutex/Monitor currently owned by a thread:  ([mutex/lock_event])
[0x000002628b719b40] Threads_lock - owner thread: 0x00000262a6439000
[0x000002628b718790] Heap_lock - owner thread: 0x00000262a8b91000

Heap address: 0x0000000080000000, size: 2048 MB, Compressed Oops mode: 32-bit
Narrow klass base: 0x0000000000000000, Narrow klass shift: 3
Compressed class space size: 1073741824 Address: 0x0000000100000000

Heap:
 garbage-first heap   total 448512K, used 178324K [0x0000000080000000, 0x0000000100000000)
  region size 1024K, 11 young (11264K), 11 survivors (11264K)
 Metaspace       used 102508K, capacity 105084K, committed 105420K, reserved 1140736K
  class space    used 13311K, capacity 14314K, committed 14540K, reserved 1048576K
Heap Regions: E=young(eden), S=young(survivor), O=old, HS=humongous(starts), HC=humongous(continues), CS=collection set, F=free, A=archive, TAMS=top-at-mark-start (previous, next)
|   0|0x0000000080000000, 0x0000000080100000, 0x0000000080100000|100%| O|  |TAMS 0x0000000080100000, 0x0000000080000000| Untracked 
|   1|0x0000000080100000, 0x0000000080200000, 0x0000000080200000|100%| O|  |TAMS 0x0000000080200000, 0x0000000080100000| Untracked 
|   2|0x0000000080200000, 0x0000000080300000, 0x0000000080300000|100%| O|  |TAMS 0x0000000080300000, 0x0000000080200000| Untracked 
|   3|0x0000000080300000, 0x0000000080400000, 0x0000000080400000|100%|HS|  |TAMS 0x0000000080400000, 0x0000000080300000| Complete 
|   4|0x0000000080400000, 0x0000000080500000, 0x0000000080500000|100%|HC|  |TAMS 0x0000000080500000, 0x0000000080400000| Complete 
|   5|0x0000000080500000, 0x0000000080600000, 0x0000000080600000|100%|HC|  |TAMS 0x0000000080600000, 0x0000000080500000| Complete 
|   6|0x0000000080600000, 0x0000000080700000, 0x0000000080700000|100%| O|  |TAMS 0x0000000080700000, 0x0000000080600000| Untracked 
|   7|0x0000000080700000, 0x0000000080800000, 0x0000000080800000|100%| O|  |TAMS 0x0000000080800000, 0x0000000080700000| Untracked 
|   8|0x0000000080800000, 0x0000000080900000, 0x0000000080900000|100%| O|  |TAMS 0x0000000080900000, 0x0000000080800000| Untracked 
|   9|0x0000000080900000, 0x0000000080a00000, 0x0000000080a00000|100%| O|  |TAMS 0x0000000080a00000, 0x0000000080900000| Untracked 
|  10|0x0000000080a00000, 0x0000000080b00000, 0x0000000080b00000|100%| O|  |TAMS 0x0000000080b00000, 0x0000000080a00000| Untracked 
|  11|0x0000000080b00000, 0x0000000080c00000, 0x0000000080c00000|100%| O|  |TAMS 0x0000000080c00000, 0x0000000080b00000| Untracked 
|  12|0x0000000080c00000, 0x0000000080d00000, 0x0000000080d00000|100%| O|  |TAMS 0x0000000080d00000, 0x0000000080c00000| Untracked 
|  13|0x0000000080d00000, 0x0000000080e00000, 0x0000000080e00000|100%| O|  |TAMS 0x0000000080e00000, 0x0000000080d00000| Untracked 
|  14|0x0000000080e00000, 0x0000000080f00000, 0x0000000080f00000|100%| O|  |TAMS 0x0000000080f00000, 0x0000000080e00000| Untracked 
|  15|0x0000000080f00000, 0x0000000081000000, 0x0000000081000000|100%| O|  |TAMS 0x0000000081000000, 0x0000000080f00000| Untracked 
|  16|0x0000000081000000, 0x0000000081100000, 0x0000000081100000|100%|HS|  |TAMS 0x0000000081100000, 0x0000000081000000| Complete 
|  17|0x0000000081100000, 0x0000000081200000, 0x0000000081200000|100%|HS|  |TAMS 0x0000000081200000, 0x0000000081100000| Complete 
|  18|0x0000000081200000, 0x0000000081300000, 0x0000000081300000|100%|HS|  |TAMS 0x0000000081300000, 0x0000000081200000| Complete 
|  19|0x0000000081300000, 0x0000000081400000, 0x0000000081400000|100%|HS|  |TAMS 0x0000000081400000, 0x0000000081300000| Complete 
|  20|0x0000000081400000, 0x0000000081500000, 0x0000000081500000|100%|HC|  |TAMS 0x0000000081500000, 0x0000000081400000| Complete 
|  21|0x0000000081500000, 0x0000000081600000, 0x0000000081600000|100%|HC|  |TAMS 0x0000000081600000, 0x0000000081500000| Complete 
|  22|0x0000000081600000, 0x0000000081700000, 0x0000000081700000|100%|HS|  |TAMS 0x0000000081700000, 0x0000000081600000| Complete 
|  23|0x0000000081700000, 0x0000000081800000, 0x0000000081800000|100%|HC|  |TAMS 0x0000000081800000, 0x0000000081700000| Complete 
|  24|0x0000000081800000, 0x0000000081900000, 0x0000000081900000|100%| O|  |TAMS 0x0000000081900000, 0x0000000081800000| Untracked 
|  25|0x0000000081900000, 0x0000000081a00000, 0x0000000081a00000|100%| O|  |TAMS 0x0000000081a00000, 0x0000000081900000| Untracked 
|  26|0x0000000081a00000, 0x0000000081b00000, 0x0000000081b00000|100%| O|  |TAMS 0x0000000081b00000, 0x0000000081a00000| Untracked 
|  27|0x0000000081b00000, 0x0000000081c00000, 0x0000000081c00000|100%| O|  |TAMS 0x0000000081c00000, 0x0000000081b00000| Untracked 
|  28|0x0000000081c00000, 0x0000000081d00000, 0x0000000081d00000|100%| O|  |TAMS 0x0000000081d00000, 0x0000000081c00000| Untracked 
|  29|0x0000000081d00000, 0x0000000081e00000, 0x0000000081e00000|100%| O|  |TAMS 0x0000000081e00000, 0x0000000081d00000| Untracked 
|  30|0x0000000081e00000, 0x0000000081f00000, 0x0000000081f00000|100%| O|  |TAMS 0x0000000081f00000, 0x0000000081e00000| Untracked 
|  31|0x0000000081f00000, 0x0000000082000000, 0x0000000082000000|100%| O|  |TAMS 0x0000000082000000, 0x0000000081f00000| Untracked 
|  32|0x0000000082000000, 0x0000000082100000, 0x0000000082100000|100%| O|  |TAMS 0x0000000082100000, 0x0000000082000000| Untracked 
|  33|0x0000000082100000, 0x0000000082200000, 0x0000000082200000|100%| O|  |TAMS 0x0000000082200000, 0x0000000082100000| Untracked 
|  34|0x0000000082200000, 0x0000000082300000, 0x0000000082300000|100%| O|  |TAMS 0x0000000082300000, 0x0000000082200000| Untracked 
|  35|0x0000000082300000, 0x0000000082400000, 0x0000000082400000|100%| O|  |TAMS 0x0000000082400000, 0x0000000082300000| Untracked 
|  36|0x0000000082400000, 0x0000000082500000, 0x0000000082500000|100%| O|  |TAMS 0x0000000082500000, 0x0000000082400000| Untracked 
|  37|0x0000000082500000, 0x0000000082600000, 0x0000000082600000|100%| O|  |TAMS 0x0000000082600000, 0x0000000082500000| Untracked 
|  38|0x0000000082600000, 0x0000000082700000, 0x0000000082700000|100%| O|  |TAMS 0x0000000082700000, 0x0000000082600000| Untracked 
|  39|0x0000000082700000, 0x0000000082800000, 0x0000000082800000|100%| O|  |TAMS 0x0000000082800000, 0x0000000082700000| Untracked 
|  40|0x0000000082800000, 0x0000000082900000, 0x0000000082900000|100%| O|  |TAMS 0x0000000082900000, 0x0000000082800000| Untracked 
|  41|0x0000000082900000, 0x0000000082a00000, 0x0000000082a00000|100%| O|  |TAMS 0x0000000082a00000, 0x0000000082900000| Untracked 
|  42|0x0000000082a00000, 0x0000000082b00000, 0x0000000082b00000|100%| O|  |TAMS 0x0000000082b00000, 0x0000000082a00000| Untracked 
|  43|0x0000000082b00000, 0x0000000082c00000, 0x0000000082c00000|100%| O|  |TAMS 0x0000000082c00000, 0x0000000082b00000| Untracked 
|  44|0x0000000082c00000, 0x0000000082d00000, 0x0000000082d00000|100%| O|  |TAMS 0x0000000082d00000, 0x0000000082c00000| Untracked 
|  45|0x0000000082d00000, 0x0000000082e00000, 0x0000000082e00000|100%| O|  |TAMS 0x0000000082e00000, 0x0000000082d00000| Untracked 
|  46|0x0000000082e00000, 0x0000000082f00000, 0x0000000082f00000|100%| O|  |TAMS 0x0000000082f00000, 0x0000000082e00000| Untracked 
|  47|0x0000000082f00000, 0x0000000083000000, 0x0000000083000000|100%| O|  |TAMS 0x0000000083000000, 0x0000000082f00000| Untracked 
|  48|0x0000000083000000, 0x0000000083100000, 0x0000000083100000|100%| O|  |TAMS 0x0000000083100000, 0x0000000083000000| Untracked 
|  49|0x0000000083100000, 0x0000000083200000, 0x0000000083200000|100%| O|  |TAMS 0x0000000083200000, 0x0000000083100000| Untracked 
|  50|0x0000000083200000, 0x0000000083300000, 0x0000000083300000|100%| O|  |TAMS 0x0000000083300000, 0x0000000083200000| Untracked 
|  51|0x0000000083300000, 0x0000000083400000, 0x0000000083400000|100%| O|  |TAMS 0x0000000083400000, 0x0000000083300000| Untracked 
|  52|0x0000000083400000, 0x0000000083500000, 0x0000000083500000|100%| O|  |TAMS 0x0000000083500000, 0x0000000083400000| Untracked 
|  53|0x0000000083500000, 0x0000000083600000, 0x0000000083600000|100%| O|  |TAMS 0x0000000083600000, 0x0000000083500000| Untracked 
|  54|0x0000000083600000, 0x0000000083700000, 0x0000000083700000|100%| O|  |TAMS 0x0000000083700000, 0x0000000083600000| Untracked 
|  55|0x0000000083700000, 0x0000000083800000, 0x0000000083800000|100%| O|  |TAMS 0x0000000083800000, 0x0000000083700000| Untracked 
|  56|0x0000000083800000, 0x0000000083900000, 0x0000000083900000|100%| O|  |TAMS 0x0000000083900000, 0x0000000083800000| Untracked 
|  57|0x0000000083900000, 0x0000000083a00000, 0x0000000083a00000|100%| O|  |TAMS 0x0000000083a00000, 0x0000000083900000| Untracked 
|  58|0x0000000083a00000, 0x0000000083b00000, 0x0000000083b00000|100%| O|  |TAMS 0x0000000083b00000, 0x0000000083a00000| Untracked 
|  59|0x0000000083b00000, 0x0000000083c00000, 0x0000000083c00000|100%| O|  |TAMS 0x0000000083c00000, 0x0000000083b00000| Untracked 
|  60|0x0000000083c00000, 0x0000000083d00000, 0x0000000083d00000|100%| O|  |TAMS 0x0000000083d00000, 0x0000000083c00000| Untracked 
|  61|0x0000000083d00000, 0x0000000083e00000, 0x0000000083e00000|100%| O|  |TAMS 0x0000000083e00000, 0x0000000083d00000| Untracked 
|  62|0x0000000083e00000, 0x0000000083f00000, 0x0000000083f00000|100%| O|  |TAMS 0x0000000083f00000, 0x0000000083e00000| Untracked 
|  63|0x0000000083f00000, 0x0000000084000000, 0x0000000084000000|100%| O|  |TAMS 0x0000000084000000, 0x0000000083f00000| Untracked 
|  64|0x0000000084000000, 0x0000000084100000, 0x0000000084100000|100%| O|  |TAMS 0x0000000084100000, 0x0000000084000000| Untracked 
|  65|0x0000000084100000, 0x0000000084200000, 0x0000000084200000|100%| O|  |TAMS 0x0000000084200000, 0x0000000084100000| Untracked 
|  66|0x0000000084200000, 0x0000000084300000, 0x0000000084300000|100%| O|  |TAMS 0x0000000084300000, 0x0000000084200000| Untracked 
|  67|0x0000000084300000, 0x0000000084400000, 0x0000000084400000|100%| O|  |TAMS 0x0000000084400000, 0x0000000084300000| Untracked 
|  68|0x0000000084400000, 0x0000000084500000, 0x0000000084500000|100%| O|  |TAMS 0x0000000084500000, 0x0000000084400000| Untracked 
|  69|0x0000000084500000, 0x0000000084600000, 0x0000000084600000|100%| O|  |TAMS 0x0000000084600000, 0x0000000084500000| Untracked 
|  70|0x0000000084600000, 0x0000000084700000, 0x0000000084700000|100%| O|  |TAMS 0x0000000084700000, 0x0000000084600000| Untracked 
|  71|0x0000000084700000, 0x0000000084800000, 0x0000000084800000|100%| O|  |TAMS 0x0000000084800000, 0x0000000084700000| Untracked 
|  72|0x0000000084800000, 0x0000000084900000, 0x0000000084900000|100%| O|  |TAMS 0x0000000084900000, 0x0000000084800000| Untracked 
|  73|0x0000000084900000, 0x0000000084a00000, 0x0000000084a00000|100%| O|  |TAMS 0x0000000084a00000, 0x0000000084900000| Untracked 
|  74|0x0000000084a00000, 0x0000000084b00000, 0x0000000084b00000|100%| O|  |TAMS 0x0000000084b00000, 0x0000000084a00000| Untracked 
|  75|0x0000000084b00000, 0x0000000084c00000, 0x0000000084c00000|100%| O|  |TAMS 0x0000000084c00000, 0x0000000084b00000| Untracked 
|  76|0x0000000084c00000, 0x0000000084d00000, 0x0000000084d00000|100%| O|  |TAMS 0x0000000084d00000, 0x0000000084c00000| Untracked 
|  77|0x0000000084d00000, 0x0000000084e00000, 0x0000000084e00000|100%| O|  |TAMS 0x0000000084e00000, 0x0000000084d00000| Untracked 
|  78|0x0000000084e00000, 0x0000000084f00000, 0x0000000084f00000|100%| O|  |TAMS 0x0000000084f00000, 0x0000000084e00000| Untracked 
|  79|0x0000000084f00000, 0x0000000085000000, 0x0000000085000000|100%| O|  |TAMS 0x0000000085000000, 0x0000000084f00000| Untracked 
|  80|0x0000000085000000, 0x0000000085100000, 0x0000000085100000|100%| O|  |TAMS 0x0000000085100000, 0x0000000085000000| Untracked 
|  81|0x0000000085100000, 0x0000000085200000, 0x0000000085200000|100%| O|  |TAMS 0x0000000085200000, 0x0000000085100000| Untracked 
|  82|0x0000000085200000, 0x0000000085300000, 0x0000000085300000|100%| O|  |TAMS 0x0000000085300000, 0x0000000085200000| Untracked 
|  83|0x0000000085300000, 0x0000000085400000, 0x0000000085400000|100%| O|  |TAMS 0x0000000085400000, 0x0000000085300000| Untracked 
|  84|0x0000000085400000, 0x0000000085500000, 0x0000000085500000|100%| O|  |TAMS 0x0000000085500000, 0x0000000085400000| Untracked 
|  85|0x0000000085500000, 0x0000000085600000, 0x0000000085600000|100%| O|  |TAMS 0x0000000085600000, 0x0000000085500000| Untracked 
|  86|0x0000000085600000, 0x0000000085700000, 0x0000000085700000|100%| O|  |TAMS 0x0000000085700000, 0x0000000085600000| Untracked 
|  87|0x0000000085700000, 0x0000000085800000, 0x0000000085800000|100%| O|  |TAMS 0x0000000085800000, 0x0000000085700000| Untracked 
|  88|0x0000000085800000, 0x0000000085900000, 0x0000000085900000|100%| O|  |TAMS 0x0000000085900000, 0x0000000085800000| Untracked 
|  89|0x0000000085900000, 0x0000000085a00000, 0x0000000085a00000|100%| O|  |TAMS 0x0000000085a00000, 0x0000000085900000| Untracked 
|  90|0x0000000085a00000, 0x0000000085b00000, 0x0000000085b00000|100%| O|  |TAMS 0x0000000085b00000, 0x0000000085a00000| Untracked 
|  91|0x0000000085b00000, 0x0000000085c00000, 0x0000000085c00000|100%| O|  |TAMS 0x0000000085c00000, 0x0000000085b00000| Untracked 
|  92|0x0000000085c00000, 0x0000000085d00000, 0x0000000085d00000|100%| O|  |TAMS 0x0000000085d00000, 0x0000000085c00000| Untracked 
|  93|0x0000000085d00000, 0x0000000085e00000, 0x0000000085e00000|100%| O|  |TAMS 0x0000000085e00000, 0x0000000085d00000| Untracked 
|  94|0x0000000085e00000, 0x0000000085f00000, 0x0000000085f00000|100%| O|  |TAMS 0x0000000085f00000, 0x0000000085e00000| Untracked 
|  95|0x0000000085f00000, 0x0000000086000000, 0x0000000086000000|100%| O|  |TAMS 0x0000000086000000, 0x0000000085f00000| Untracked 
|  96|0x0000000086000000, 0x0000000086100000, 0x0000000086100000|100%| O|  |TAMS 0x0000000086100000, 0x0000000086000000| Untracked 
|  97|0x0000000086100000, 0x0000000086200000, 0x0000000086200000|100%| O|  |TAMS 0x0000000086200000, 0x0000000086100000| Untracked 
|  98|0x0000000086200000, 0x0000000086300000, 0x0000000086300000|100%| O|  |TAMS 0x0000000086300000, 0x0000000086200000| Untracked 
|  99|0x0000000086300000, 0x0000000086400000, 0x0000000086400000|100%| O|  |TAMS 0x0000000086400000, 0x0000000086300000| Untracked 
| 100|0x0000000086400000, 0x0000000086500000, 0x0000000086500000|100%| O|  |TAMS 0x0000000086500000, 0x0000000086400000| Untracked 
| 101|0x0000000086500000, 0x0000000086600000, 0x0000000086600000|100%| O|  |TAMS 0x0000000086600000, 0x0000000086500000| Untracked 
| 102|0x0000000086600000, 0x0000000086700000, 0x0000000086700000|100%| O|  |TAMS 0x0000000086700000, 0x0000000086600000| Untracked 
| 103|0x0000000086700000, 0x0000000086800000, 0x0000000086800000|100%| O|  |TAMS 0x0000000086800000, 0x0000000086700000| Untracked 
| 104|0x0000000086800000, 0x0000000086900000, 0x0000000086900000|100%| O|  |TAMS 0x0000000086900000, 0x0000000086800000| Untracked 
| 105|0x0000000086900000, 0x0000000086a00000, 0x0000000086a00000|100%| O|  |TAMS 0x0000000086a00000, 0x0000000086900000| Untracked 
| 106|0x0000000086a00000, 0x0000000086b00000, 0x0000000086b00000|100%| O|  |TAMS 0x0000000086b00000, 0x0000000086a00000| Untracked 
| 107|0x0000000086b00000, 0x0000000086c00000, 0x0000000086c00000|100%| O|  |TAMS 0x0000000086c00000, 0x0000000086b00000| Untracked 
| 108|0x0000000086c00000, 0x0000000086d00000, 0x0000000086d00000|100%| O|  |TAMS 0x0000000086d00000, 0x0000000086c00000| Untracked 
| 109|0x0000000086d00000, 0x0000000086e00000, 0x0000000086e00000|100%| O|  |TAMS 0x0000000086e00000, 0x0000000086d00000| Untracked 
| 110|0x0000000086e00000, 0x0000000086f00000, 0x0000000086f00000|100%| O|  |TAMS 0x0000000086f00000, 0x0000000086e00000| Untracked 
| 111|0x0000000086f00000, 0x0000000087000000, 0x0000000087000000|100%| O|  |TAMS 0x0000000087000000, 0x0000000086f00000| Untracked 
| 112|0x0000000087000000, 0x0000000087100000, 0x0000000087100000|100%| O|  |TAMS 0x0000000087100000, 0x0000000087000000| Untracked 
| 113|0x0000000087100000, 0x0000000087200000, 0x0000000087200000|100%| O|  |TAMS 0x0000000087200000, 0x0000000087100000| Untracked 
| 114|0x0000000087200000, 0x0000000087300000, 0x0000000087300000|100%| O|  |TAMS 0x0000000087300000, 0x0000000087200000| Untracked 
| 115|0x0000000087300000, 0x0000000087400000, 0x0000000087400000|100%| O|  |TAMS 0x0000000087400000, 0x0000000087300000| Untracked 
| 116|0x0000000087400000, 0x0000000087500000, 0x0000000087500000|100%| O|  |TAMS 0x0000000087500000, 0x0000000087400000| Untracked 
| 117|0x0000000087500000, 0x0000000087600000, 0x0000000087600000|100%| O|  |TAMS 0x0000000087600000, 0x0000000087500000| Untracked 
| 118|0x0000000087600000, 0x0000000087700000, 0x0000000087700000|100%| O|  |TAMS 0x0000000087700000, 0x0000000087600000| Untracked 
| 119|0x0000000087700000, 0x0000000087800000, 0x0000000087800000|100%| O|  |TAMS 0x0000000087800000, 0x0000000087700000| Untracked 
| 120|0x0000000087800000, 0x0000000087900000, 0x0000000087900000|100%| O|  |TAMS 0x0000000087900000, 0x0000000087800000| Untracked 
| 121|0x0000000087900000, 0x0000000087a00000, 0x0000000087a00000|100%| O|  |TAMS 0x0000000087a00000, 0x0000000087900000| Untracked 
| 122|0x0000000087a00000, 0x0000000087b00000, 0x0000000087b00000|100%| O|  |TAMS 0x0000000087b00000, 0x0000000087a00000| Untracked 
| 123|0x0000000087b00000, 0x0000000087c00000, 0x0000000087c00000|100%| O|  |TAMS 0x0000000087c00000, 0x0000000087b00000| Untracked 
| 124|0x0000000087c00000, 0x0000000087d00000, 0x0000000087d00000|100%| O|  |TAMS 0x0000000087d00000, 0x0000000087c00000| Untracked 
| 125|0x0000000087d00000, 0x0000000087e00000, 0x0000000087e00000|100%| O|  |TAMS 0x0000000087e00000, 0x0000000087d00000| Untracked 
| 126|0x0000000087e00000, 0x0000000087f00000, 0x0000000087f00000|100%| O|  |TAMS 0x0000000087f00000, 0x0000000087e00000| Untracked 
| 127|0x0000000087f00000, 0x0000000088000000, 0x0000000088000000|100%| O|  |TAMS 0x0000000088000000, 0x0000000087f00000| Untracked 
| 128|0x0000000088000000, 0x0000000088100000, 0x0000000088100000|100%| O|  |TAMS 0x0000000088100000, 0x0000000088000000| Untracked 
| 129|0x0000000088100000, 0x0000000088200000, 0x0000000088200000|100%| O|  |TAMS 0x0000000088200000, 0x0000000088100000| Untracked 
| 130|0x0000000088200000, 0x0000000088300000, 0x0000000088300000|100%| O|  |TAMS 0x0000000088300000, 0x0000000088200000| Untracked 
| 131|0x0000000088300000, 0x0000000088400000, 0x0000000088400000|100%| O|  |TAMS 0x0000000088400000, 0x0000000088300000| Untracked 
| 132|0x0000000088400000, 0x0000000088500000, 0x0000000088500000|100%| O|  |TAMS 0x0000000088500000, 0x0000000088400000| Untracked 
| 133|0x0000000088500000, 0x0000000088600000, 0x0000000088600000|100%| O|  |TAMS 0x0000000088600000, 0x0000000088500000| Untracked 
| 134|0x0000000088600000, 0x0000000088700000, 0x0000000088700000|100%| O|  |TAMS 0x0000000088700000, 0x0000000088600000| Untracked 
| 135|0x0000000088700000, 0x0000000088800000, 0x0000000088800000|100%| O|  |TAMS 0x0000000088800000, 0x0000000088700000| Untracked 
| 136|0x0000000088800000, 0x0000000088900000, 0x0000000088900000|100%| O|  |TAMS 0x0000000088900000, 0x0000000088800000| Untracked 
| 137|0x0000000088900000, 0x0000000088a00000, 0x0000000088a00000|100%| O|  |TAMS 0x0000000088a00000, 0x0000000088900000| Untracked 
| 138|0x0000000088a00000, 0x0000000088b00000, 0x0000000088b00000|100%| O|  |TAMS 0x0000000088b00000, 0x0000000088a00000| Untracked 
| 139|0x0000000088b00000, 0x0000000088c00000, 0x0000000088c00000|100%| O|  |TAMS 0x0000000088c00000, 0x0000000088b00000| Untracked 
| 140|0x0000000088c00000, 0x0000000088d00000, 0x0000000088d00000|100%| O|  |TAMS 0x0000000088d00000, 0x0000000088c00000| Untracked 
| 141|0x0000000088d00000, 0x0000000088e00000, 0x0000000088e00000|100%| O|  |TAMS 0x0000000088e00000, 0x0000000088d00000| Untracked 
| 142|0x0000000088e00000, 0x0000000088f00000, 0x0000000088f00000|100%| O|  |TAMS 0x0000000088f00000, 0x0000000088e00000| Untracked 
| 143|0x0000000088f00000, 0x0000000089000000, 0x0000000089000000|100%| O|  |TAMS 0x0000000089000000, 0x0000000088f00000| Untracked 
| 144|0x0000000089000000, 0x0000000089100000, 0x0000000089100000|100%| O|  |TAMS 0x0000000089100000, 0x0000000089000000| Untracked 
| 145|0x0000000089100000, 0x0000000089200000, 0x0000000089200000|100%| O|  |TAMS 0x0000000089200000, 0x0000000089100000| Untracked 
| 146|0x0000000089200000, 0x0000000089300000, 0x0000000089300000|100%| O|  |TAMS 0x0000000089300000, 0x0000000089200000| Untracked 
| 147|0x0000000089300000, 0x0000000089400000, 0x0000000089400000|100%| O|  |TAMS 0x0000000089400000, 0x0000000089300000| Untracked 
| 148|0x0000000089400000, 0x0000000089500000, 0x0000000089500000|100%| O|  |TAMS 0x0000000089500000, 0x0000000089400000| Untracked 
| 149|0x0000000089500000, 0x0000000089600000, 0x0000000089600000|100%| O|  |TAMS 0x0000000089600000, 0x0000000089500000| Untracked 
| 150|0x0000000089600000, 0x0000000089700000, 0x0000000089700000|100%| O|  |TAMS 0x0000000089700000, 0x0000000089600000| Untracked 
| 151|0x0000000089700000, 0x0000000089800000, 0x0000000089800000|100%| O|  |TAMS 0x0000000089800000, 0x0000000089700000| Untracked 
| 152|0x0000000089800000, 0x0000000089900000, 0x0000000089900000|100%| O|  |TAMS 0x0000000089900000, 0x0000000089800000| Untracked 
| 153|0x0000000089900000, 0x0000000089a00000, 0x0000000089a00000|100%| O|  |TAMS 0x0000000089a00000, 0x0000000089900000| Untracked 
| 154|0x0000000089a00000, 0x0000000089b00000, 0x0000000089b00000|100%| O|  |TAMS 0x0000000089b00000, 0x0000000089a00000| Untracked 
| 155|0x0000000089b00000, 0x0000000089c00000, 0x0000000089c00000|100%| O|  |TAMS 0x0000000089c00000, 0x0000000089b00000| Untracked 
| 156|0x0000000089c00000, 0x0000000089d00000, 0x0000000089d00000|100%| O|  |TAMS 0x0000000089d00000, 0x0000000089c00000| Untracked 
| 157|0x0000000089d00000, 0x0000000089e00000, 0x0000000089e00000|100%| O|  |TAMS 0x0000000089e00000, 0x0000000089d00000| Untracked 
| 158|0x0000000089e00000, 0x0000000089f00000, 0x0000000089f00000|100%| O|  |TAMS 0x0000000089f00000, 0x0000000089e00000| Untracked 
| 159|0x0000000089f00000, 0x000000008a000000, 0x000000008a000000|100%| O|  |TAMS 0x000000008a000000, 0x0000000089f00000| Untracked 
| 160|0x000000008a000000, 0x000000008a100000, 0x000000008a100000|100%| O|  |TAMS 0x000000008a100000, 0x000000008a000000| Untracked 
| 161|0x000000008a100000, 0x000000008a200000, 0x000000008a200000|100%| O|  |TAMS 0x000000008a200000, 0x000000008a100000| Untracked 
| 162|0x000000008a200000, 0x000000008a300000, 0x000000008a300000|100%| O|  |TAMS 0x000000008a300000, 0x000000008a200000| Untracked 
| 163|0x000000008a300000, 0x000000008a395e00, 0x000000008a400000| 58%| O|  |TAMS 0x000000008a395e00, 0x000000008a300000| Untracked 
| 164|0x000000008a400000, 0x000000008a400000, 0x000000008a500000|  0%| F|  |TAMS 0x000000008a400000, 0x000000008a400000| Untracked 
| 165|0x000000008a500000, 0x000000008a500000, 0x000000008a600000|  0%| F|  |TAMS 0x000000008a500000, 0x000000008a500000| Untracked 
| 166|0x000000008a600000, 0x000000008a600000, 0x000000008a700000|  0%| F|  |TAMS 0x000000008a600000, 0x000000008a600000| Untracked 
| 167|0x000000008a700000, 0x000000008a700000, 0x000000008a800000|  0%| F|  |TAMS 0x000000008a700000, 0x000000008a700000| Untracked 
| 168|0x000000008a800000, 0x000000008a800000, 0x000000008a900000|  0%| F|  |TAMS 0x000000008a800000, 0x000000008a800000| Untracked 
| 169|0x000000008a900000, 0x000000008a900000, 0x000000008aa00000|  0%| F|  |TAMS 0x000000008a900000, 0x000000008a900000| Untracked 
| 170|0x000000008aa00000, 0x000000008aa00000, 0x000000008ab00000|  0%| F|  |TAMS 0x000000008aa00000, 0x000000008aa00000| Untracked 
| 171|0x000000008ab00000, 0x000000008ab00000, 0x000000008ac00000|  0%| F|  |TAMS 0x000000008ab00000, 0x000000008ab00000| Untracked 
| 172|0x000000008ac00000, 0x000000008ac00000, 0x000000008ad00000|  0%| F|  |TAMS 0x000000008ac00000, 0x000000008ac00000| Untracked 
| 173|0x000000008ad00000, 0x000000008ad00000, 0x000000008ae00000|  0%| F|  |TAMS 0x000000008ad00000, 0x000000008ad00000| Untracked 
| 174|0x000000008ae00000, 0x000000008ae00000, 0x000000008af00000|  0%| F|  |TAMS 0x000000008ae00000, 0x000000008ae00000| Untracked 
| 175|0x000000008af00000, 0x000000008af00000, 0x000000008b000000|  0%| F|  |TAMS 0x000000008af00000, 0x000000008af00000| Untracked 
| 176|0x000000008b000000, 0x000000008b000000, 0x000000008b100000|  0%| F|  |TAMS 0x000000008b000000, 0x000000008b000000| Untracked 
| 177|0x000000008b100000, 0x000000008b100000, 0x000000008b200000|  0%| F|  |TAMS 0x000000008b100000, 0x000000008b100000| Untracked 
| 178|0x000000008b200000, 0x000000008b200000, 0x000000008b300000|  0%| F|  |TAMS 0x000000008b200000, 0x000000008b200000| Untracked 
| 179|0x000000008b300000, 0x000000008b300000, 0x000000008b400000|  0%| F|  |TAMS 0x000000008b300000, 0x000000008b300000| Untracked 
| 180|0x000000008b400000, 0x000000008b400000, 0x000000008b500000|  0%| F|  |TAMS 0x000000008b400000, 0x000000008b400000| Untracked 
| 181|0x000000008b500000, 0x000000008b500000, 0x000000008b600000|  0%| F|  |TAMS 0x000000008b500000, 0x000000008b500000| Untracked 
| 182|0x000000008b600000, 0x000000008b600000, 0x000000008b700000|  0%| F|  |TAMS 0x000000008b600000, 0x000000008b600000| Untracked 
| 183|0x000000008b700000, 0x000000008b700000, 0x000000008b800000|  0%| F|  |TAMS 0x000000008b700000, 0x000000008b700000| Untracked 
| 184|0x000000008b800000, 0x000000008b800000, 0x000000008b900000|  0%| F|  |TAMS 0x000000008b800000, 0x000000008b800000| Untracked 
| 185|0x000000008b900000, 0x000000008b900000, 0x000000008ba00000|  0%| F|  |TAMS 0x000000008b900000, 0x000000008b900000| Untracked 
| 186|0x000000008ba00000, 0x000000008ba00000, 0x000000008bb00000|  0%| F|  |TAMS 0x000000008ba00000, 0x000000008ba00000| Untracked 
| 187|0x000000008bb00000, 0x000000008bb00000, 0x000000008bc00000|  0%| F|  |TAMS 0x000000008bb00000, 0x000000008bb00000| Untracked 
| 188|0x000000008bc00000, 0x000000008bc00000, 0x000000008bd00000|  0%| F|  |TAMS 0x000000008bc00000, 0x000000008bc00000| Untracked 
| 189|0x000000008bd00000, 0x000000008bd00000, 0x000000008be00000|  0%| F|  |TAMS 0x000000008bd00000, 0x000000008bd00000| Untracked 
| 190|0x000000008be00000, 0x000000008be00000, 0x000000008bf00000|  0%| F|  |TAMS 0x000000008be00000, 0x000000008be00000| Untracked 
| 191|0x000000008bf00000, 0x000000008bf00000, 0x000000008c000000|  0%| F|  |TAMS 0x000000008bf00000, 0x000000008bf00000| Untracked 
| 192|0x000000008c000000, 0x000000008c000000, 0x000000008c100000|  0%| F|  |TAMS 0x000000008c000000, 0x000000008c000000| Untracked 
| 193|0x000000008c100000, 0x000000008c100000, 0x000000008c200000|  0%| F|  |TAMS 0x000000008c100000, 0x000000008c100000| Untracked 
| 194|0x000000008c200000, 0x000000008c200000, 0x000000008c300000|  0%| F|  |TAMS 0x000000008c200000, 0x000000008c200000| Untracked 
| 195|0x000000008c300000, 0x000000008c300000, 0x000000008c400000|  0%| F|  |TAMS 0x000000008c300000, 0x000000008c300000| Untracked 
| 196|0x000000008c400000, 0x000000008c400000, 0x000000008c500000|  0%| F|  |TAMS 0x000000008c400000, 0x000000008c400000| Untracked 
| 197|0x000000008c500000, 0x000000008c500000, 0x000000008c600000|  0%| F|  |TAMS 0x000000008c500000, 0x000000008c500000| Untracked 
| 198|0x000000008c600000, 0x000000008c600000, 0x000000008c700000|  0%| F|  |TAMS 0x000000008c600000, 0x000000008c600000| Untracked 
| 199|0x000000008c700000, 0x000000008c700000, 0x000000008c800000|  0%| F|  |TAMS 0x000000008c700000, 0x000000008c700000| Untracked 
| 200|0x000000008c800000, 0x000000008c800000, 0x000000008c900000|  0%| F|  |TAMS 0x000000008c800000, 0x000000008c800000| Untracked 
| 201|0x000000008c900000, 0x000000008c900000, 0x000000008ca00000|  0%| F|  |TAMS 0x000000008c900000, 0x000000008c900000| Untracked 
| 202|0x000000008ca00000, 0x000000008ca00000, 0x000000008cb00000|  0%| F|  |TAMS 0x000000008ca00000, 0x000000008ca00000| Untracked 
| 203|0x000000008cb00000, 0x000000008cb00000, 0x000000008cc00000|  0%| F|  |TAMS 0x000000008cb00000, 0x000000008cb00000| Untracked 
| 204|0x000000008cc00000, 0x000000008cc00000, 0x000000008cd00000|  0%| F|  |TAMS 0x000000008cc00000, 0x000000008cc00000| Untracked 
| 205|0x000000008cd00000, 0x000000008cd00000, 0x000000008ce00000|  0%| F|  |TAMS 0x000000008cd00000, 0x000000008cd00000| Untracked 
| 206|0x000000008ce00000, 0x000000008ce00000, 0x000000008cf00000|  0%| F|  |TAMS 0x000000008ce00000, 0x000000008ce00000| Untracked 
| 207|0x000000008cf00000, 0x000000008cf00000, 0x000000008d000000|  0%| F|  |TAMS 0x000000008cf00000, 0x000000008cf00000| Untracked 
| 208|0x000000008d000000, 0x000000008d000000, 0x000000008d100000|  0%| F|  |TAMS 0x000000008d000000, 0x000000008d000000| Untracked 
| 209|0x000000008d100000, 0x000000008d100000, 0x000000008d200000|  0%| F|  |TAMS 0x000000008d100000, 0x000000008d100000| Untracked 
| 210|0x000000008d200000, 0x000000008d28f380, 0x000000008d300000| 55%| S|CS|TAMS 0x000000008d200000, 0x000000008d200000| Complete 
| 211|0x000000008d300000, 0x000000008d400000, 0x000000008d400000|100%| S|CS|TAMS 0x000000008d300000, 0x000000008d300000| Complete 
| 212|0x000000008d400000, 0x000000008d500000, 0x000000008d500000|100%| S|CS|TAMS 0x000000008d400000, 0x000000008d400000| Complete 
| 213|0x000000008d500000, 0x000000008d600000, 0x000000008d600000|100%| S|CS|TAMS 0x000000008d500000, 0x000000008d500000| Complete 
| 214|0x000000008d600000, 0x000000008d700000, 0x000000008d700000|100%| S|CS|TAMS 0x000000008d600000, 0x000000008d600000| Complete 
| 215|0x000000008d700000, 0x000000008d800000, 0x000000008d800000|100%| S|CS|TAMS 0x000000008d700000, 0x000000008d700000| Complete 
| 216|0x000000008d800000, 0x000000008d900000, 0x000000008d900000|100%| S|CS|TAMS 0x000000008d800000, 0x000000008d800000| Complete 
| 217|0x000000008d900000, 0x000000008da00000, 0x000000008da00000|100%| S|CS|TAMS 0x000000008d900000, 0x000000008d900000| Complete 
| 218|0x000000008da00000, 0x000000008da00000, 0x000000008db00000|  0%| F|  |TAMS 0x000000008da00000, 0x000000008da00000| Untracked 
| 219|0x000000008db00000, 0x000000008db00000, 0x000000008dc00000|  0%| F|  |TAMS 0x000000008db00000, 0x000000008db00000| Untracked 
| 220|0x000000008dc00000, 0x000000008dc00000, 0x000000008dd00000|  0%| F|  |TAMS 0x000000008dc00000, 0x000000008dc00000| Untracked 
| 221|0x000000008dd00000, 0x000000008dd00000, 0x000000008de00000|  0%| F|  |TAMS 0x000000008dd00000, 0x000000008dd00000| Untracked 
| 222|0x000000008de00000, 0x000000008de00000, 0x000000008df00000|  0%| F|  |TAMS 0x000000008de00000, 0x000000008de00000| Untracked 
| 223|0x000000008df00000, 0x000000008e000000, 0x000000008e000000|100%| S|CS|TAMS 0x000000008df00000, 0x000000008df00000| Complete 
| 224|0x000000008e000000, 0x000000008e100000, 0x000000008e100000|100%| S|CS|TAMS 0x000000008e000000, 0x000000008e000000| Complete 
| 225|0x000000008e100000, 0x000000008e200000, 0x000000008e200000|100%| S|CS|TAMS 0x000000008e100000, 0x000000008e100000| Complete 
| 226|0x000000008e200000, 0x000000008e200000, 0x000000008e300000|  0%| F|  |TAMS 0x000000008e200000, 0x000000008e200000| Untracked 
| 227|0x000000008e300000, 0x000000008e300000, 0x000000008e400000|  0%| F|  |TAMS 0x000000008e300000, 0x000000008e300000| Untracked 
| 228|0x000000008e400000, 0x000000008e400000, 0x000000008e500000|  0%| F|  |TAMS 0x000000008e400000, 0x000000008e400000| Untracked 
| 229|0x000000008e500000, 0x000000008e500000, 0x000000008e600000|  0%| F|  |TAMS 0x000000008e500000, 0x000000008e500000| Untracked 
| 230|0x000000008e600000, 0x000000008e600000, 0x000000008e700000|  0%| F|  |TAMS 0x000000008e600000, 0x000000008e600000| Untracked 
| 231|0x000000008e700000, 0x000000008e700000, 0x000000008e800000|  0%| F|  |TAMS 0x000000008e700000, 0x000000008e700000| Untracked 
| 232|0x000000008e800000, 0x000000008e800000, 0x000000008e900000|  0%| F|  |TAMS 0x000000008e800000, 0x000000008e800000| Untracked 
| 233|0x000000008e900000, 0x000000008e900000, 0x000000008ea00000|  0%| F|  |TAMS 0x000000008e900000, 0x000000008e900000| Untracked 
| 234|0x000000008ea00000, 0x000000008ea00000, 0x000000008eb00000|  0%| F|  |TAMS 0x000000008ea00000, 0x000000008ea00000| Untracked 
| 235|0x000000008eb00000, 0x000000008eb00000, 0x000000008ec00000|  0%| F|  |TAMS 0x000000008eb00000, 0x000000008eb00000| Untracked 
| 236|0x000000008ec00000, 0x000000008ec00000, 0x000000008ed00000|  0%| F|  |TAMS 0x000000008ec00000, 0x000000008ec00000| Untracked 
| 237|0x000000008ed00000, 0x000000008ed00000, 0x000000008ee00000|  0%| F|  |TAMS 0x000000008ed00000, 0x000000008ed00000| Untracked 
| 238|0x000000008ee00000, 0x000000008ee00000, 0x000000008ef00000|  0%| F|  |TAMS 0x000000008ee00000, 0x000000008ee00000| Untracked 
| 239|0x000000008ef00000, 0x000000008ef00000, 0x000000008f000000|  0%| F|  |TAMS 0x000000008ef00000, 0x000000008ef00000| Untracked 
| 240|0x000000008f000000, 0x000000008f000000, 0x000000008f100000|  0%| F|  |TAMS 0x000000008f000000, 0x000000008f000000| Untracked 
| 241|0x000000008f100000, 0x000000008f100000, 0x000000008f200000|  0%| F|  |TAMS 0x000000008f100000, 0x000000008f100000| Untracked 
| 242|0x000000008f200000, 0x000000008f200000, 0x000000008f300000|  0%| F|  |TAMS 0x000000008f200000, 0x000000008f200000| Untracked 
| 243|0x000000008f300000, 0x000000008f300000, 0x000000008f400000|  0%| F|  |TAMS 0x000000008f300000, 0x000000008f300000| Untracked 
| 244|0x000000008f400000, 0x000000008f400000, 0x000000008f500000|  0%| F|  |TAMS 0x000000008f400000, 0x000000008f400000| Untracked 
| 245|0x000000008f500000, 0x000000008f500000, 0x000000008f600000|  0%| F|  |TAMS 0x000000008f500000, 0x000000008f500000| Untracked 
| 246|0x000000008f600000, 0x000000008f600000, 0x000000008f700000|  0%| F|  |TAMS 0x000000008f600000, 0x000000008f600000| Untracked 
| 247|0x000000008f700000, 0x000000008f700000, 0x000000008f800000|  0%| F|  |TAMS 0x000000008f700000, 0x000000008f700000| Untracked 
| 248|0x000000008f800000, 0x000000008f800000, 0x000000008f900000|  0%| F|  |TAMS 0x000000008f800000, 0x000000008f800000| Untracked 
| 249|0x000000008f900000, 0x000000008f900000, 0x000000008fa00000|  0%| F|  |TAMS 0x000000008f900000, 0x000000008f900000| Untracked 
| 250|0x000000008fa00000, 0x000000008fa00000, 0x000000008fb00000|  0%| F|  |TAMS 0x000000008fa00000, 0x000000008fa00000| Untracked 
| 251|0x000000008fb00000, 0x000000008fb00000, 0x000000008fc00000|  0%| F|  |TAMS 0x000000008fb00000, 0x000000008fb00000| Untracked 
| 252|0x000000008fc00000, 0x000000008fc00000, 0x000000008fd00000|  0%| F|  |TAMS 0x000000008fc00000, 0x000000008fc00000| Untracked 
| 253|0x000000008fd00000, 0x000000008fd00000, 0x000000008fe00000|  0%| F|  |TAMS 0x000000008fd00000, 0x000000008fd00000| Untracked 
| 254|0x000000008fe00000, 0x000000008fe00000, 0x000000008ff00000|  0%| F|  |TAMS 0x000000008fe00000, 0x000000008fe00000| Untracked 
| 255|0x000000008ff00000, 0x000000008ff00000, 0x0000000090000000|  0%| F|  |TAMS 0x000000008ff00000, 0x000000008ff00000| Untracked 
| 256|0x0000000090000000, 0x0000000090000000, 0x0000000090100000|  0%| F|  |TAMS 0x0000000090000000, 0x0000000090000000| Untracked 
| 257|0x0000000090100000, 0x0000000090100000, 0x0000000090200000|  0%| F|  |TAMS 0x0000000090100000, 0x0000000090100000| Untracked 
| 258|0x0000000090200000, 0x0000000090200000, 0x0000000090300000|  0%| F|  |TAMS 0x0000000090200000, 0x0000000090200000| Untracked 
| 259|0x0000000090300000, 0x0000000090300000, 0x0000000090400000|  0%| F|  |TAMS 0x0000000090300000, 0x0000000090300000| Untracked 
| 260|0x0000000090400000, 0x0000000090400000, 0x0000000090500000|  0%| F|  |TAMS 0x0000000090400000, 0x0000000090400000| Untracked 
| 261|0x0000000090500000, 0x0000000090500000, 0x0000000090600000|  0%| F|  |TAMS 0x0000000090500000, 0x0000000090500000| Untracked 
| 262|0x0000000090600000, 0x0000000090600000, 0x0000000090700000|  0%| F|  |TAMS 0x0000000090600000, 0x0000000090600000| Untracked 
| 263|0x0000000090700000, 0x0000000090700000, 0x0000000090800000|  0%| F|  |TAMS 0x0000000090700000, 0x0000000090700000| Untracked 
| 264|0x0000000090800000, 0x0000000090800000, 0x0000000090900000|  0%| F|  |TAMS 0x0000000090800000, 0x0000000090800000| Untracked 
| 265|0x0000000090900000, 0x0000000090900000, 0x0000000090a00000|  0%| F|  |TAMS 0x0000000090900000, 0x0000000090900000| Untracked 
| 266|0x0000000090a00000, 0x0000000090a00000, 0x0000000090b00000|  0%| F|  |TAMS 0x0000000090a00000, 0x0000000090a00000| Untracked 
| 267|0x0000000090b00000, 0x0000000090b00000, 0x0000000090c00000|  0%| F|  |TAMS 0x0000000090b00000, 0x0000000090b00000| Untracked 
| 268|0x0000000090c00000, 0x0000000090c00000, 0x0000000090d00000|  0%| F|  |TAMS 0x0000000090c00000, 0x0000000090c00000| Untracked 
| 269|0x0000000090d00000, 0x0000000090d00000, 0x0000000090e00000|  0%| F|  |TAMS 0x0000000090d00000, 0x0000000090d00000| Untracked 
| 270|0x0000000090e00000, 0x0000000090e00000, 0x0000000090f00000|  0%| F|  |TAMS 0x0000000090e00000, 0x0000000090e00000| Untracked 
| 271|0x0000000090f00000, 0x0000000090f00000, 0x0000000091000000|  0%| F|  |TAMS 0x0000000090f00000, 0x0000000090f00000| Untracked 
| 272|0x0000000091000000, 0x0000000091000000, 0x0000000091100000|  0%| F|  |TAMS 0x0000000091000000, 0x0000000091000000| Untracked 
| 273|0x0000000091100000, 0x0000000091100000, 0x0000000091200000|  0%| F|  |TAMS 0x0000000091100000, 0x0000000091100000| Untracked 
| 274|0x0000000091200000, 0x0000000091200000, 0x0000000091300000|  0%| F|  |TAMS 0x0000000091200000, 0x0000000091200000| Untracked 
| 275|0x0000000091300000, 0x0000000091300000, 0x0000000091400000|  0%| F|  |TAMS 0x0000000091300000, 0x0000000091300000| Untracked 
| 276|0x0000000091400000, 0x0000000091400000, 0x0000000091500000|  0%| F|  |TAMS 0x0000000091400000, 0x0000000091400000| Untracked 
| 277|0x0000000091500000, 0x0000000091500000, 0x0000000091600000|  0%| F|  |TAMS 0x0000000091500000, 0x0000000091500000| Untracked 
| 278|0x0000000091600000, 0x0000000091600000, 0x0000000091700000|  0%| F|  |TAMS 0x0000000091600000, 0x0000000091600000| Untracked 
| 279|0x0000000091700000, 0x0000000091700000, 0x0000000091800000|  0%| F|  |TAMS 0x0000000091700000, 0x0000000091700000| Untracked 
| 280|0x0000000091800000, 0x0000000091800000, 0x0000000091900000|  0%| F|  |TAMS 0x0000000091800000, 0x0000000091800000| Untracked 
| 281|0x0000000091900000, 0x0000000091900000, 0x0000000091a00000|  0%| F|  |TAMS 0x0000000091900000, 0x0000000091900000| Untracked 
| 282|0x0000000091a00000, 0x0000000091a00000, 0x0000000091b00000|  0%| F|  |TAMS 0x0000000091a00000, 0x0000000091a00000| Untracked 
| 283|0x0000000091b00000, 0x0000000091b00000, 0x0000000091c00000|  0%| F|  |TAMS 0x0000000091b00000, 0x0000000091b00000| Untracked 
| 284|0x0000000091c00000, 0x0000000091c00000, 0x0000000091d00000|  0%| F|  |TAMS 0x0000000091c00000, 0x0000000091c00000| Untracked 
| 285|0x0000000091d00000, 0x0000000091d00000, 0x0000000091e00000|  0%| F|  |TAMS 0x0000000091d00000, 0x0000000091d00000| Untracked 
| 286|0x0000000091e00000, 0x0000000091e00000, 0x0000000091f00000|  0%| F|  |TAMS 0x0000000091e00000, 0x0000000091e00000| Untracked 
| 287|0x0000000091f00000, 0x0000000091f00000, 0x0000000092000000|  0%| F|  |TAMS 0x0000000091f00000, 0x0000000091f00000| Untracked 
| 288|0x0000000092000000, 0x0000000092000000, 0x0000000092100000|  0%| F|  |TAMS 0x0000000092000000, 0x0000000092000000| Untracked 
| 289|0x0000000092100000, 0x0000000092100000, 0x0000000092200000|  0%| F|  |TAMS 0x0000000092100000, 0x0000000092100000| Untracked 
| 290|0x0000000092200000, 0x0000000092200000, 0x0000000092300000|  0%| F|  |TAMS 0x0000000092200000, 0x0000000092200000| Untracked 
| 291|0x0000000092300000, 0x0000000092300000, 0x0000000092400000|  0%| F|  |TAMS 0x0000000092300000, 0x0000000092300000| Untracked 
| 292|0x0000000092400000, 0x0000000092400000, 0x0000000092500000|  0%| F|  |TAMS 0x0000000092400000, 0x0000000092400000| Untracked 
| 293|0x0000000092500000, 0x0000000092500000, 0x0000000092600000|  0%| F|  |TAMS 0x0000000092500000, 0x0000000092500000| Untracked 
| 294|0x0000000092600000, 0x0000000092600000, 0x0000000092700000|  0%| F|  |TAMS 0x0000000092600000, 0x0000000092600000| Untracked 
| 295|0x0000000092700000, 0x0000000092700000, 0x0000000092800000|  0%| F|  |TAMS 0x0000000092700000, 0x0000000092700000| Untracked 
| 296|0x0000000092800000, 0x0000000092800000, 0x0000000092900000|  0%| F|  |TAMS 0x0000000092800000, 0x0000000092800000| Untracked 
| 297|0x0000000092900000, 0x0000000092900000, 0x0000000092a00000|  0%| F|  |TAMS 0x0000000092900000, 0x0000000092900000| Untracked 
| 298|0x0000000092a00000, 0x0000000092a00000, 0x0000000092b00000|  0%| F|  |TAMS 0x0000000092a00000, 0x0000000092a00000| Untracked 
| 299|0x0000000092b00000, 0x0000000092b00000, 0x0000000092c00000|  0%| F|  |TAMS 0x0000000092b00000, 0x0000000092b00000| Untracked 
| 300|0x0000000092c00000, 0x0000000092c00000, 0x0000000092d00000|  0%| F|  |TAMS 0x0000000092c00000, 0x0000000092c00000| Untracked 
| 301|0x0000000092d00000, 0x0000000092d00000, 0x0000000092e00000|  0%| F|  |TAMS 0x0000000092d00000, 0x0000000092d00000| Untracked 
| 302|0x0000000092e00000, 0x0000000092e00000, 0x0000000092f00000|  0%| F|  |TAMS 0x0000000092e00000, 0x0000000092e00000| Untracked 
| 303|0x0000000092f00000, 0x0000000092f00000, 0x0000000093000000|  0%| F|  |TAMS 0x0000000092f00000, 0x0000000092f00000| Untracked 
| 304|0x0000000093000000, 0x0000000093000000, 0x0000000093100000|  0%| F|  |TAMS 0x0000000093000000, 0x0000000093000000| Untracked 
| 305|0x0000000093100000, 0x0000000093100000, 0x0000000093200000|  0%| F|  |TAMS 0x0000000093100000, 0x0000000093100000| Untracked 
| 306|0x0000000093200000, 0x0000000093200000, 0x0000000093300000|  0%| F|  |TAMS 0x0000000093200000, 0x0000000093200000| Untracked 
| 307|0x0000000093300000, 0x0000000093300000, 0x0000000093400000|  0%| F|  |TAMS 0x0000000093300000, 0x0000000093300000| Untracked 
| 308|0x0000000093400000, 0x0000000093400000, 0x0000000093500000|  0%| F|  |TAMS 0x0000000093400000, 0x0000000093400000| Untracked 
| 309|0x0000000093500000, 0x0000000093500000, 0x0000000093600000|  0%| F|  |TAMS 0x0000000093500000, 0x0000000093500000| Untracked 
| 310|0x0000000093600000, 0x0000000093600000, 0x0000000093700000|  0%| F|  |TAMS 0x0000000093600000, 0x0000000093600000| Untracked 
| 311|0x0000000093700000, 0x0000000093700000, 0x0000000093800000|  0%| F|  |TAMS 0x0000000093700000, 0x0000000093700000| Untracked 
| 312|0x0000000093800000, 0x0000000093800000, 0x0000000093900000|  0%| F|  |TAMS 0x0000000093800000, 0x0000000093800000| Untracked 
| 313|0x0000000093900000, 0x0000000093900000, 0x0000000093a00000|  0%| F|  |TAMS 0x0000000093900000, 0x0000000093900000| Untracked 
| 314|0x0000000093a00000, 0x0000000093a00000, 0x0000000093b00000|  0%| F|  |TAMS 0x0000000093a00000, 0x0000000093a00000| Untracked 
| 315|0x0000000093b00000, 0x0000000093b00000, 0x0000000093c00000|  0%| F|  |TAMS 0x0000000093b00000, 0x0000000093b00000| Untracked 
| 316|0x0000000093c00000, 0x0000000093c00000, 0x0000000093d00000|  0%| F|  |TAMS 0x0000000093c00000, 0x0000000093c00000| Untracked 
| 317|0x0000000093d00000, 0x0000000093d00000, 0x0000000093e00000|  0%| F|  |TAMS 0x0000000093d00000, 0x0000000093d00000| Untracked 
| 318|0x0000000093e00000, 0x0000000093e00000, 0x0000000093f00000|  0%| F|  |TAMS 0x0000000093e00000, 0x0000000093e00000| Untracked 
| 319|0x0000000093f00000, 0x0000000093f00000, 0x0000000094000000|  0%| F|  |TAMS 0x0000000093f00000, 0x0000000093f00000| Untracked 
| 320|0x0000000094000000, 0x0000000094000000, 0x0000000094100000|  0%| F|  |TAMS 0x0000000094000000, 0x0000000094000000| Untracked 
| 321|0x0000000094100000, 0x0000000094100000, 0x0000000094200000|  0%| F|  |TAMS 0x0000000094100000, 0x0000000094100000| Untracked 
| 322|0x0000000094200000, 0x0000000094200000, 0x0000000094300000|  0%| F|  |TAMS 0x0000000094200000, 0x0000000094200000| Untracked 
| 323|0x0000000094300000, 0x0000000094300000, 0x0000000094400000|  0%| F|  |TAMS 0x0000000094300000, 0x0000000094300000| Untracked 
| 324|0x0000000094400000, 0x0000000094400000, 0x0000000094500000|  0%| F|  |TAMS 0x0000000094400000, 0x0000000094400000| Untracked 
| 325|0x0000000094500000, 0x0000000094500000, 0x0000000094600000|  0%| F|  |TAMS 0x0000000094500000, 0x0000000094500000| Untracked 
| 326|0x0000000094600000, 0x0000000094600000, 0x0000000094700000|  0%| F|  |TAMS 0x0000000094600000, 0x0000000094600000| Untracked 
| 327|0x0000000094700000, 0x0000000094700000, 0x0000000094800000|  0%| F|  |TAMS 0x0000000094700000, 0x0000000094700000| Untracked 
| 328|0x0000000094800000, 0x0000000094800000, 0x0000000094900000|  0%| F|  |TAMS 0x0000000094800000, 0x0000000094800000| Untracked 
| 329|0x0000000094900000, 0x0000000094900000, 0x0000000094a00000|  0%| F|  |TAMS 0x0000000094900000, 0x0000000094900000| Untracked 
| 330|0x0000000094a00000, 0x0000000094a00000, 0x0000000094b00000|  0%| F|  |TAMS 0x0000000094a00000, 0x0000000094a00000| Untracked 
| 331|0x0000000094b00000, 0x0000000094b00000, 0x0000000094c00000|  0%| F|  |TAMS 0x0000000094b00000, 0x0000000094b00000| Untracked 
| 332|0x0000000094c00000, 0x0000000094c00000, 0x0000000094d00000|  0%| F|  |TAMS 0x0000000094c00000, 0x0000000094c00000| Untracked 
| 333|0x0000000094d00000, 0x0000000094d00000, 0x0000000094e00000|  0%| F|  |TAMS 0x0000000094d00000, 0x0000000094d00000| Untracked 
| 334|0x0000000094e00000, 0x0000000094e00000, 0x0000000094f00000|  0%| F|  |TAMS 0x0000000094e00000, 0x0000000094e00000| Untracked 
| 335|0x0000000094f00000, 0x0000000094f00000, 0x0000000095000000|  0%| F|  |TAMS 0x0000000094f00000, 0x0000000094f00000| Untracked 
| 336|0x0000000095000000, 0x0000000095000000, 0x0000000095100000|  0%| F|  |TAMS 0x0000000095000000, 0x0000000095000000| Untracked 
| 337|0x0000000095100000, 0x0000000095100000, 0x0000000095200000|  0%| F|  |TAMS 0x0000000095100000, 0x0000000095100000| Untracked 
| 338|0x0000000095200000, 0x0000000095200000, 0x0000000095300000|  0%| F|  |TAMS 0x0000000095200000, 0x0000000095200000| Untracked 
| 339|0x0000000095300000, 0x0000000095300000, 0x0000000095400000|  0%| F|  |TAMS 0x0000000095300000, 0x0000000095300000| Untracked 
| 340|0x0000000095400000, 0x0000000095400000, 0x0000000095500000|  0%| F|  |TAMS 0x0000000095400000, 0x0000000095400000| Untracked 
| 341|0x0000000095500000, 0x0000000095500000, 0x0000000095600000|  0%| F|  |TAMS 0x0000000095500000, 0x0000000095500000| Untracked 
| 342|0x0000000095600000, 0x0000000095600000, 0x0000000095700000|  0%| F|  |TAMS 0x0000000095600000, 0x0000000095600000| Untracked 
| 343|0x0000000095700000, 0x0000000095700000, 0x0000000095800000|  0%| F|  |TAMS 0x0000000095700000, 0x0000000095700000| Untracked 
| 344|0x0000000095800000, 0x0000000095800000, 0x0000000095900000|  0%| F|  |TAMS 0x0000000095800000, 0x0000000095800000| Untracked 
| 345|0x0000000095900000, 0x0000000095900000, 0x0000000095a00000|  0%| F|  |TAMS 0x0000000095900000, 0x0000000095900000| Untracked 
| 346|0x0000000095a00000, 0x0000000095a00000, 0x0000000095b00000|  0%| F|  |TAMS 0x0000000095a00000, 0x0000000095a00000| Untracked 
| 347|0x0000000095b00000, 0x0000000095b00000, 0x0000000095c00000|  0%| F|  |TAMS 0x0000000095b00000, 0x0000000095b00000| Untracked 
| 348|0x0000000095c00000, 0x0000000095c00000, 0x0000000095d00000|  0%| F|  |TAMS 0x0000000095c00000, 0x0000000095c00000| Untracked 
| 349|0x0000000095d00000, 0x0000000095d00000, 0x0000000095e00000|  0%| F|  |TAMS 0x0000000095d00000, 0x0000000095d00000| Untracked 
| 350|0x0000000095e00000, 0x0000000095e00000, 0x0000000095f00000|  0%| F|  |TAMS 0x0000000095e00000, 0x0000000095e00000| Untracked 
| 351|0x0000000095f00000, 0x0000000095f00000, 0x0000000096000000|  0%| F|  |TAMS 0x0000000095f00000, 0x0000000095f00000| Untracked 
| 352|0x0000000096000000, 0x0000000096000000, 0x0000000096100000|  0%| F|  |TAMS 0x0000000096000000, 0x0000000096000000| Untracked 
| 353|0x0000000096100000, 0x0000000096100000, 0x0000000096200000|  0%| F|  |TAMS 0x0000000096100000, 0x0000000096100000| Untracked 
| 354|0x0000000096200000, 0x0000000096200000, 0x0000000096300000|  0%| F|  |TAMS 0x0000000096200000, 0x0000000096200000| Untracked 
| 355|0x0000000096300000, 0x0000000096300000, 0x0000000096400000|  0%| F|  |TAMS 0x0000000096300000, 0x0000000096300000| Untracked 
| 356|0x0000000096400000, 0x0000000096400000, 0x0000000096500000|  0%| F|  |TAMS 0x0000000096400000, 0x0000000096400000| Untracked 
| 357|0x0000000096500000, 0x0000000096500000, 0x0000000096600000|  0%| F|  |TAMS 0x0000000096500000, 0x0000000096500000| Untracked 
| 358|0x0000000096600000, 0x0000000096600000, 0x0000000096700000|  0%| F|  |TAMS 0x0000000096600000, 0x0000000096600000| Untracked 
| 359|0x0000000096700000, 0x0000000096700000, 0x0000000096800000|  0%| F|  |TAMS 0x0000000096700000, 0x0000000096700000| Untracked 
| 360|0x0000000096800000, 0x0000000096800000, 0x0000000096900000|  0%| F|  |TAMS 0x0000000096800000, 0x0000000096800000| Untracked 
| 361|0x0000000096900000, 0x0000000096900000, 0x0000000096a00000|  0%| F|  |TAMS 0x0000000096900000, 0x0000000096900000| Untracked 
| 362|0x0000000096a00000, 0x0000000096a00000, 0x0000000096b00000|  0%| F|  |TAMS 0x0000000096a00000, 0x0000000096a00000| Untracked 
| 363|0x0000000096b00000, 0x0000000096b00000, 0x0000000096c00000|  0%| F|  |TAMS 0x0000000096b00000, 0x0000000096b00000| Untracked 
| 364|0x0000000096c00000, 0x0000000096c00000, 0x0000000096d00000|  0%| F|  |TAMS 0x0000000096c00000, 0x0000000096c00000| Untracked 
| 365|0x0000000096d00000, 0x0000000096d00000, 0x0000000096e00000|  0%| F|  |TAMS 0x0000000096d00000, 0x0000000096d00000| Untracked 
| 366|0x0000000096e00000, 0x0000000096e00000, 0x0000000096f00000|  0%| F|  |TAMS 0x0000000096e00000, 0x0000000096e00000| Untracked 
| 367|0x0000000096f00000, 0x0000000096f00000, 0x0000000097000000|  0%| F|  |TAMS 0x0000000096f00000, 0x0000000096f00000| Untracked 
| 368|0x0000000097000000, 0x0000000097000000, 0x0000000097100000|  0%| F|  |TAMS 0x0000000097000000, 0x0000000097000000| Untracked 
| 369|0x0000000097100000, 0x0000000097100000, 0x0000000097200000|  0%| F|  |TAMS 0x0000000097100000, 0x0000000097100000| Untracked 

Card table byte_map: [0x000002629e970000,0x000002629ed70000] _byte_map_base: 0x000002629e570000

Marking Bits (Prev, Next): (CMBitMap*) 0x000002628b75e300, (CMBitMap*) 0x000002628b75e2c8
 Prev Bits: [0x00000262a1170000, 0x00000262a3170000)
 Next Bits: [0x000002629f170000, 0x00000262a1170000)

Polling page: 0x0000026289720000

Metaspace:

Usage:
  Non-class:     88.64 MB capacity,    87.11 MB ( 98%) used,     1.22 MB (  1%) free+waste,   320.00 KB ( <1%) overhead. 
      Class:     13.98 MB capacity,    13.00 MB ( 93%) used,   861.59 KB (  6%) free+waste,   141.19 KB ( <1%) overhead. 
       Both:    102.62 MB capacity,   100.11 MB ( 98%) used,     2.06 MB (  2%) free+waste,   461.19 KB ( <1%) overhead. 

Virtual space:
  Non-class space:       90.00 MB reserved,      88.75 MB ( 99%) committed 
      Class space:        1.00 GB reserved,      14.20 MB (  1%) committed 
             Both:        1.09 GB reserved,     102.95 MB (  9%) committed 

Chunk freelists:
   Non-Class:  46.00 KB
       Class:  150.00 KB
        Both:  196.00 KB

MaxMetaspaceSize: 17179869184.00 GB
CompressedClassSpaceSize: 1.00 GB
Initial GC threshold: 20.80 MB
Current GC threshold: 168.25 MB
CDS: off

CodeHeap 'non-profiled nmethods': size=120000Kb used=8917Kb max_used=8917Kb free=111082Kb
 bounds [0x0000026296d00000, 0x00000262975c0000, 0x000002629e230000]
CodeHeap 'profiled nmethods': size=120000Kb used=34982Kb max_used=34982Kb free=85017Kb
 bounds [0x000002628f7d0000, 0x0000026291a00000, 0x0000026296d00000]
CodeHeap 'non-nmethods': size=5760Kb used=2399Kb max_used=2467Kb free=3360Kb
 bounds [0x000002628f230000, 0x000002628f4a0000, 0x000002628f7d0000]
 total_blobs=16328 nmethods=15408 adapters=831
 compilation: enabled
              stopped_count=0, restarted_count=0
 full_count=0

Compilation events (20 events):
Event: 21.625 Thread 0x00000262a64ad000 nmethod 16078 0x00000262919f6310 code [0x00000262919f6500, 0x00000262919f6988]
Event: 21.625 Thread 0x00000262a64ad000 16079       2       com.android.tools.r8.internal.Wr::e (11 bytes)
Event: 21.625 Thread 0x00000262a64ad000 nmethod 16079 0x00000262919f6b90 code [0x00000262919f6d40, 0x00000262919f6ec8]
Event: 21.625 Thread 0x00000262a64ad000 16080       2       com.android.tools.r8.code.z2::<init> (8 bytes)
Event: 21.626 Thread 0x00000262a64ad000 nmethod 16080 0x00000262919f6f90 code [0x00000262919f7140, 0x00000262919f7248]
Event: 21.630 Thread 0x00000262a64ad000 16081       1       com.android.tools.r8.internal.yi::y1 (2 bytes)
Event: 21.631 Thread 0x00000262a64ad000 nmethod 16081 0x00000262975a9910 code [0x00000262975a9ac0, 0x00000262975a9b78]
Event: 21.632 Thread 0x00000262a64ad000 16082       3       java.util.IdentityHashMap::remove (102 bytes)
Event: 21.632 Thread 0x00000262a64ad000 nmethod 16082 0x00000262919f7310 code [0x00000262919f7540, 0x00000262919f7cf8]
Event: 21.635 Thread 0x00000262a64a6800 nmethod 15298 0x00000262975a9c10 code [0x00000262975aa2a0, 0x00000262975b0d60]
Event: 21.635 Thread 0x00000262a64a6800 15939       4       com.android.tools.r8.graph.c0::a (158 bytes)
Event: 21.641 Thread 0x00000262a64ad000 16083       2       com.android.tools.r8.internal.v8::b (111 bytes)
Event: 21.641 Thread 0x00000262a64ad000 nmethod 16083 0x00000262919f7f90 code [0x00000262919f81c0, 0x00000262919f8578]
Event: 21.642 Thread 0x00000262a64ad000 16084       3       com.android.tools.r8.ir.regalloc.b::d (44 bytes)
Event: 21.642 Thread 0x00000262a64ad000 nmethod 16084 0x00000262919f8910 code [0x00000262919f8b20, 0x00000262919f91b8]
Event: 21.643 Thread 0x00000262a64ad000 16085       2       java.util.HashMap::replacementTreeNode (21 bytes)
Event: 21.643 Thread 0x00000262a64a6800 nmethod 15939 0x00000262975b4d10 code [0x00000262975b4ec0, 0x00000262975b5218]
Event: 21.643 Thread 0x00000262a64ad000 nmethod 16085 0x00000262919f9410 code [0x00000262919f95c0, 0x00000262919f9858]
Event: 21.644 Thread 0x00000262a64a6800 15597       4       com.android.tools.r8.graph.d0::a (10 bytes)
Event: 21.644 Thread 0x00000262a64ad000 16086 %     2       com.android.tools.r8.ir.regalloc.a::i @ 341 (620 bytes)

GC Heap History (20 events):
Event: 18.081 GC heap after
{Heap after GC invocations=24 (full 0):
 garbage-first heap   total 315392K, used 169761K [0x0000000080000000, 0x0000000100000000)
  region size 1024K, 3 young (3072K), 3 survivors (3072K)
 Metaspace       used 100033K, capacity 102528K, committed 103116K, reserved 1138688K
  class space    used 13115K, capacity 14042K, committed 14284K, reserved 1048576K
}
Event: 18.672 GC heap before
{Heap before GC invocations=25 (full 0):
 garbage-first heap   total 315392K, used 250657K [0x0000000080000000, 0x0000000100000000)
  region size 1024K, 82 young (83968K), 3 survivors (3072K)
 Metaspace       used 100115K, capacity 102482K, committed 103372K, reserved 1138688K
  class space    used 13066K, capacity 13940K, committed 14284K, reserved 1048576K
}
Event: 18.688 GC heap after
{Heap after GC invocations=26 (full 0):
 garbage-first heap   total 315392K, used 170768K [0x0000000080000000, 0x0000000100000000)
  region size 1024K, 4 young (4096K), 4 survivors (4096K)
 Metaspace       used 100115K, capacity 102482K, committed 103372K, reserved 1138688K
  class space    used 13066K, capacity 13940K, committed 14284K, reserved 1048576K
}
Event: 18.957 GC heap before
{Heap before GC invocations=26 (full 0):
 garbage-first heap   total 315392K, used 253712K [0x0000000080000000, 0x0000000100000000)
  region size 1024K, 85 young (87040K), 4 survivors (4096K)
 Metaspace       used 100126K, capacity 102515K, committed 103500K, reserved 1138688K
  class space    used 13068K, capacity 13972K, committed 14412K, reserved 1048576K
}
Event: 18.967 GC heap after
{Heap after GC invocations=27 (full 0):
 garbage-first heap   total 315392K, used 171500K [0x0000000080000000, 0x0000000100000000)
  region size 1024K, 4 young (4096K), 4 survivors (4096K)
 Metaspace       used 100126K, capacity 102515K, committed 103500K, reserved 1138688K
  class space    used 13068K, capacity 13972K, committed 14412K, reserved 1048576K
}
Event: 19.227 GC heap before
{Heap before GC invocations=27 (full 0):
 garbage-first heap   total 315392K, used 257516K [0x0000000080000000, 0x0000000100000000)
  region size 1024K, 88 young (90112K), 4 survivors (4096K)
 Metaspace       used 100131K, capacity 102520K, committed 103500K, reserved 1138688K
  class space    used 13069K, capacity 13974K, committed 14412K, reserved 1048576K
}
Event: 19.237 GC heap after
{Heap after GC invocations=28 (full 0):
 garbage-first heap   total 315392K, used 172796K [0x0000000080000000, 0x0000000100000000)
  region size 1024K, 6 young (6144K), 6 survivors (6144K)
 Metaspace       used 100131K, capacity 102520K, committed 103500K, reserved 1138688K
  class space    used 13069K, capacity 13974K, committed 14412K, reserved 1048576K
}
Event: 19.755 GC heap before
{Heap before GC invocations=29 (full 0):
 garbage-first heap   total 315392K, used 258812K [0x0000000080000000, 0x0000000100000000)
  region size 1024K, 91 young (93184K), 6 survivors (6144K)
 Metaspace       used 100229K, capacity 102659K, committed 103756K, reserved 1138688K
  class space    used 13071K, capacity 13977K, committed 14412K, reserved 1048576K
}
Event: 19.771 GC heap after
{Heap after GC invocations=30 (full 0):
 garbage-first heap   total 378880K, used 173177K [0x0000000080000000, 0x0000000100000000)
  region size 1024K, 6 young (6144K), 6 survivors (6144K)
 Metaspace       used 100229K, capacity 102659K, committed 103756K, reserved 1138688K
  class space    used 13071K, capacity 13977K, committed 14412K, reserved 1048576K
}
Event: 20.086 GC heap before
{Heap before GC invocations=30 (full 0):
 garbage-first heap   total 378880K, used 294009K [0x0000000080000000, 0x0000000100000000)
  region size 1024K, 124 young (126976K), 6 survivors (6144K)
 Metaspace       used 100358K, capacity 102748K, committed 103756K, reserved 1138688K
  class space    used 13080K, capacity 13981K, committed 14412K, reserved 1048576K
}
Event: 20.106 GC heap after
{Heap after GC invocations=31 (full 0):
 garbage-first heap   total 378880K, used 171734K [0x0000000080000000, 0x0000000100000000)
  region size 1024K, 5 young (5120K), 5 survivors (5120K)
 Metaspace       used 100358K, capacity 102748K, committed 103756K, reserved 1138688K
  class space    used 13080K, capacity 13981K, committed 14412K, reserved 1048576K
}
Event: 20.498 GC heap before
{Heap before GC invocations=31 (full 0):
 garbage-first heap   total 378880K, used 298710K [0x0000000080000000, 0x0000000100000000)
  region size 1024K, 130 young (133120K), 5 survivors (5120K)
 Metaspace       used 100659K, capacity 103030K, committed 104012K, reserved 1138688K
  class space    used 13086K, capacity 13987K, committed 14412K, reserved 1048576K
}
Event: 20.507 GC heap after
{Heap after GC invocations=32 (full 0):
 garbage-first heap   total 378880K, used 172836K [0x0000000080000000, 0x0000000100000000)
  region size 1024K, 6 young (6144K), 6 survivors (6144K)
 Metaspace       used 100659K, capacity 103030K, committed 104012K, reserved 1138688K
  class space    used 13086K, capacity 13987K, committed 14412K, reserved 1048576K
}
Event: 20.733 GC heap before
{Heap before GC invocations=32 (full 0):
 garbage-first heap   total 378880K, used 304932K [0x0000000080000000, 0x0000000100000000)
  region size 1024K, 135 young (138240K), 6 survivors (6144K)
 Metaspace       used 100777K, capacity 103174K, committed 104012K, reserved 1138688K
  class space    used 13087K, capacity 13988K, committed 14412K, reserved 1048576K
}
Event: 20.741 GC heap after
{Heap after GC invocations=33 (full 0):
 garbage-first heap   total 378880K, used 172748K [0x0000000080000000, 0x0000000100000000)
  region size 1024K, 6 young (6144K), 6 survivors (6144K)
 Metaspace       used 100777K, capacity 103174K, committed 104012K, reserved 1138688K
  class space    used 13087K, capacity 13988K, committed 14412K, reserved 1048576K
}
Event: 21.010 GC heap before
{Heap before GC invocations=33 (full 0):
 garbage-first heap   total 378880K, used 308940K [0x0000000080000000, 0x0000000100000000)
  region size 1024K, 140 young (143360K), 6 survivors (6144K)
 Metaspace       used 101705K, capacity 104177K, committed 104780K, reserved 1140736K
  class space    used 13204K, capacity 14125K, committed 14412K, reserved 1048576K
}
Event: 21.022 GC heap after
{Heap after GC invocations=34 (full 0):
 garbage-first heap   total 378880K, used 174156K [0x0000000080000000, 0x0000000100000000)
  region size 1024K, 7 young (7168K), 7 survivors (7168K)
 Metaspace       used 101705K, capacity 104177K, committed 104780K, reserved 1140736K
  class space    used 13204K, capacity 14125K, committed 14412K, reserved 1048576K
}
Event: 21.346 GC heap before
{Heap before GC invocations=34 (full 0):
 garbage-first heap   total 378880K, used 315468K [0x0000000080000000, 0x0000000100000000)
  region size 1024K, 145 young (148480K), 7 survivors (7168K)
 Metaspace       used 102339K, capacity 104891K, committed 105420K, reserved 1140736K
  class space    used 13288K, capacity 14273K, committed 14540K, reserved 1048576K
}
Event: 21.357 GC heap after
{Heap after GC invocations=35 (full 0):
 garbage-first heap   total 378880K, used 173799K [0x0000000080000000, 0x0000000100000000)
  region size 1024K, 7 young (7168K), 7 survivors (7168K)
 Metaspace       used 102339K, capacity 104891K, committed 105420K, reserved 1140736K
  class space    used 13288K, capacity 14273K, committed 14540K, reserved 1048576K
}
Event: 21.648 GC heap before
{Heap before GC invocations=35 (full 0):
 garbage-first heap   total 378880K, used 319207K [0x0000000080000000, 0x0000000100000000)
  region size 1024K, 149 young (152576K), 7 survivors (7168K)
 Metaspace       used 102508K, capacity 105084K, committed 105420K, reserved 1140736K
  class space    used 13311K, capacity 14314K, committed 14540K, reserved 1048576K
}

Deoptimization events (20 events):
Event: 21.486 Thread 0x00000262a8b93800 Uncommon trap: trap_request=0xffffff4d fr.pc=0x0000026297491f3c relative=0x00000000000075bc
Event: 21.486 Thread 0x00000262a8b93800 Uncommon trap: reason=unstable_if action=reinterpret pc=0x0000026297491f3c method=com.android.tools.r8.internal.U6.a(Lcom/android/tools/r8/internal/g7;[Lcom/android/tools/r8/internal/Y1;I)V @ 3404 c2
Event: 21.486 Thread 0x00000262a8b93800 DEOPT PACKING pc=0x0000026297491f3c sp=0x000000ad9b7fa6b0
Event: 21.487 Thread 0x00000262a8b93800 DEOPT UNPACKING pc=0x000002628f27a1af sp=0x000000ad9b7fa680 mode 2
Event: 21.487 Thread 0x00000262a8b93800 Uncommon trap: trap_request=0xffffff4d fr.pc=0x0000026297400f9c relative=0x0000000000001e7c
Event: 21.487 Thread 0x00000262a8b93800 Uncommon trap: reason=unstable_if action=reinterpret pc=0x0000026297400f9c method=com.android.tools.r8.internal.U6.a(Lcom/android/tools/r8/internal/k1;ILjava/lang/String;[C)I @ 81 c2
Event: 21.487 Thread 0x00000262a8b93800 DEOPT PACKING pc=0x0000026297400f9c sp=0x000000ad9b7fa5d0
Event: 21.487 Thread 0x00000262a8b93800 DEOPT UNPACKING pc=0x000002628f27a1af sp=0x000000ad9b7fa5d8 mode 2
Event: 21.546 Thread 0x00000262a8b93800 Uncommon trap: trap_request=0xffffff4d fr.pc=0x000002629746cc54 relative=0x0000000000005994
Event: 21.546 Thread 0x00000262a8b93800 Uncommon trap: reason=unstable_if action=reinterpret pc=0x000002629746cc54 method=com.android.tools.r8.graph.G0.a(I)V @ 1250 c2
Event: 21.546 Thread 0x00000262a8b93800 DEOPT PACKING pc=0x000002629746cc54 sp=0x000000ad9b7f9e00
Event: 21.546 Thread 0x00000262a8b93800 DEOPT UNPACKING pc=0x000002628f27a1af sp=0x000000ad9b7f9de0 mode 2
Event: 21.622 Thread 0x00000262a8b93800 DEOPT PACKING pc=0x00000262913fcbeb sp=0x000000ad9b7f9440
Event: 21.622 Thread 0x00000262a8b93800 DEOPT UNPACKING pc=0x000002628f27a95e sp=0x000000ad9b7f88e8 mode 0
Event: 21.638 Thread 0x00000262a8b91000 DEOPT PACKING pc=0x000002629174b625 sp=0x000000ad9b6f9590
Event: 21.638 Thread 0x00000262a8b91000 DEOPT UNPACKING pc=0x000002628f27a95e sp=0x000000ad9b6f8ab0 mode 0
Event: 21.644 Thread 0x00000262a8b91000 Uncommon trap: trap_request=0xffffffc6 fr.pc=0x0000026297596a08 relative=0x0000000000005b08
Event: 21.644 Thread 0x00000262a8b91000 Uncommon trap: reason=bimorphic_or_optimized_type_check action=maybe_recompile pc=0x0000026297596a08 method=com.android.tools.r8.ir.regalloc.a.i()V @ 392 c2
Event: 21.644 Thread 0x00000262a8b91000 DEOPT PACKING pc=0x0000026297596a08 sp=0x000000ad9b6f9480
Event: 21.644 Thread 0x00000262a8b91000 DEOPT UNPACKING pc=0x000002628f27a1af sp=0x000000ad9b6f9478 mode 2

Classes redefined (0 events):
No events

Internal exceptions (20 events):
Event: 16.814 Thread 0x00000262a8b90000 Exception <a 'java/lang/IncompatibleClassChangeError'{0x0000000092b9e980}: Found class java.lang.Object, but interface was expected> (0x0000000092b9e980) thrown at [./src/hotspot/share/interpreter/linkResolver.cpp, line 839]
Event: 16.833 Thread 0x00000262a8b93800 Exception <a 'java/lang/NoSuchMethodError'{0x0000000092488f30}: 'void java.lang.invoke.DirectMethodHandle$Holder.invokeVirtual(java.lang.Object, java.lang.Object, int, java.lang.Object)'> (0x0000000092488f30) thrown at [./src/hotspot/share/interpreter/linkResolver.cpp, line 773]
Event: 17.049 Thread 0x00000262a8b92000 Exception <a 'java/lang/NoSuchMethodError'{0x000000008ef7ca48}: 'java.lang.Object java.lang.invoke.DirectMethodHandle$Holder.newInvokeSpecial(java.lang.Object, int)'> (0x000000008ef7ca48) thrown at [./src/hotspot/share/interpreter/linkResolver.cpp, line 773]
Event: 17.326 Thread 0x00000262a8b92800 Exception <a 'java/lang/NoSuchMethodError'{0x00000000928492b8}: 'java.lang.Object java.lang.invoke.DirectMethodHandle$Holder.invokeInterface(java.lang.Object, java.lang.Object, int)'> (0x00000000928492b8) thrown at [./src/hotspot/share/interpreter/linkResolver.cpp, line 773]
Event: 17.356 Thread 0x00000262a8b91000 Exception <a 'java/lang/NoSuchMethodError'{0x0000000092a48c18}: 'java.lang.Object java.lang.invoke.DirectMethodHandle$Holder.invokeInterface(java.lang.Object, java.lang.Object, int)'> (0x0000000092a48c18) thrown at [./src/hotspot/share/interpreter/linkResolver.cpp, line 773]
Event: 17.888 Thread 0x00000262a8b90000 Implicit null exception at 0x00000262974a16dc to 0x00000262974a19a4
Event: 18.563 Thread 0x00000262a8fe2800 Implicit null exception at 0x00000262974e1528 to 0x00000262974e2170
Event: 18.993 Thread 0x00000262a8fdc000 Exception <a 'java/lang/NoSuchMethodError'{0x0000000091aed410}: 'int java.lang.invoke.DirectMethodHandle$Holder.invokeInterface(java.lang.Object, java.lang.Object, int)'> (0x0000000091aed410) thrown at [./src/hotspot/share/interpreter/linkResolver.cpp, line 773]
Event: 19.858 Thread 0x00000262a8b92800 Implicit null exception at 0x00000262975520e8 to 0x0000026297553044
Event: 20.815 Thread 0x00000262a8b93800 Exception <a 'java/lang/NoSuchMethodError'{0x000000009492fa70}: 'void java.lang.invoke.DirectMethodHandle$Holder.invokeSpecial(java.lang.Object, java.lang.Object, int, java.lang.Object, java.lang.Object, java.lang.Object, java.lang.Object)'> (0x000000009492fa70) thrown at [./src/hotspot/share/interpreter/linkResolver.cpp, line 773]
Event: 20.823 Thread 0x00000262a8b93800 Exception <a 'java/lang/NoSuchMethodError'{0x000000009493b670}: 'java.lang.Object java.lang.invoke.Invokers$Holder.linkToTargetMethod(java.lang.Object, int, java.lang.Object, java.lang.Object, java.lang.Object, java.lang.Object)'> (0x000000009493b670) thrown at [./src/hotspot/share/interpreter/linkResolver.cpp, line 773]
Event: 20.823 Thread 0x00000262a8b93800 Exception <a 'java/lang/NoSuchMethodError'{0x000000009493fb20}: 'void java.lang.invoke.DirectMethodHandle$Holder.invokeSpecial(java.lang.Object, java.lang.Object, java.lang.Object, java.lang.Object, java.lang.Object, java.lang.Object, java.lang.Object, java.lang.Object, java.lang.Object)'> (0x000000009493fb20) thrown at [./src/hotspot/share/interpreter/linkResolver.cpp, line 773]
Event: 20.826 Thread 0x00000262a8b93800 Exception <a 'java/lang/NoSuchMethodError'{0x000000009495a970}: 'void java.lang.invoke.DirectMethodHandle$Holder.invokeStatic(java.lang.Object, java.lang.Object, java.lang.Object, java.lang.Object, java.lang.Object, java.lang.Object, java.lang.Object, java.lang.Object)'> (0x000000009495a970) thrown at [./src/hotspot/share/interpreter/linkResolver.cpp, line 773]
Event: 20.958 Thread 0x00000262a8b93800 Exception <a 'java/lang/IncompatibleClassChangeError'{0x0000000090aa5ec8}: Found class java.lang.Object, but interface was expected> (0x0000000090aa5ec8) thrown at [./src/hotspot/share/interpreter/linkResolver.cpp, line 839]
Event: 21.159 Thread 0x00000262a8b93800 Exception <a 'java/lang/NoSuchMethodError'{0x0000000092a7f6c0}: 'void java.lang.invoke.DirectMethodHandle$Holder.invokeVirtual(java.lang.Object, java.lang.Object, int)'> (0x0000000092a7f6c0) thrown at [./src/hotspot/share/interpreter/linkResolver.cpp, line 773]
Event: 21.230 Thread 0x00000262a8b93800 Exception <a 'sun/nio/fs/WindowsException'{0x00000000916ba970}> (0x00000000916ba970) thrown at [./src/hotspot/share/prims/jni.cpp, line 615]
Event: 21.239 Thread 0x00000262a8b93800 Implicit null exception at 0x000002629738e0d2 to 0x000002629738e4d8
Event: 21.364 Thread 0x00000262a8b93800 Exception <a 'java/lang/NoSuchMethodError'{0x0000000097158ff8}: 'void java.lang.invoke.DirectMethodHandle$Holder.invokeStatic(java.lang.Object, java.lang.Object, java.lang.Object, java.lang.Object, java.lang.Object, java.lang.Object, java.lang.Object)'> (0x0000000097158ff8) thrown at [./src/hotspot/share/interpreter/linkResolver.cpp, line 773]
Event: 21.379 Thread 0x00000262a8b93800 Implicit null exception at 0x000002629738c5dd to 0x000002629738ce60
Event: 21.484 Thread 0x00000262a8b93800 Exception <a 'sun/nio/fs/WindowsException'{0x0000000093664c10}> (0x0000000093664c10) thrown at [./src/hotspot/share/prims/jni.cpp, line 615]

Events (20 events):
Event: 21.387 loading class org/gradle/internal/snapshot/SnapshotHierarchy done
Event: 21.387 loading class org/gradle/internal/watch/vfs/impl/WatchingVirtualFileSystem$3
Event: 21.387 loading class org/gradle/internal/watch/vfs/impl/WatchingVirtualFileSystem$3 done
Event: 21.387 loading class org/gradle/internal/snapshot/SnapshotHierarchy$NodeDiffListener
Event: 21.387 loading class org/gradle/internal/snapshot/SnapshotHierarchy$NodeDiffListener done
Event: 21.387 loading class org/gradle/internal/snapshot/SnapshotHierarchy
Event: 21.387 loading class org/gradle/internal/snapshot/SnapshotHierarchy done
Event: 21.387 loading class org/gradle/internal/snapshot/SnapshotHierarchy
Event: 21.387 loading class org/gradle/internal/snapshot/SnapshotHierarchy done
Event: 21.387 loading class org/gradle/internal/watch/vfs/impl/WatchingVirtualFileSystem$VfsChangeLoggingNodeDiffListener
Event: 21.387 loading class org/gradle/internal/watch/vfs/impl/WatchingVirtualFileSystem$VfsChangeLoggingNodeDiffListener done
Event: 21.388 Executing VM operation: Deoptimize
Event: 21.391 Executing VM operation: Deoptimize done
Event: 21.398 loading class org/gradle/internal/execution/history/impl/FileSystemSnapshotSerializer$1
Event: 21.398 loading class org/gradle/internal/execution/history/impl/FileSystemSnapshotSerializer$1 done
Event: 21.401 loading class org/gradle/internal/execution/history/impl/FileSystemSnapshotSerializer$1$1
Event: 21.401 loading class org/gradle/internal/execution/history/impl/FileSystemSnapshotSerializer$1$1 done
Event: 21.487 loading class com/android/tools/r8/graph/B0$d
Event: 21.487 loading class com/android/tools/r8/graph/B0$d done
Event: 21.647 Executing VM operation: G1CollectForAllocation


Dynamic libraries:
0x00007ff66f280000 - 0x00007ff66f28a000 	T:\Programmi\Android Studio\jre\bin\java.exe
0x00007ffc91370000 - 0x00007ffc91565000 	C:\WINDOWS\SYSTEM32\ntdll.dll
0x00007ffc90150000 - 0x00007ffc9020d000 	C:\WINDOWS\System32\KERNEL32.DLL
0x00007ffc8ee90000 - 0x00007ffc8f15d000 	C:\WINDOWS\System32\KERNELBASE.dll
0x00007ffc8f160000 - 0x00007ffc8f260000 	C:\WINDOWS\System32\ucrtbase.dll
0x00007ffc6bea0000 - 0x00007ffc6beb9000 	T:\Programmi\Android Studio\jre\bin\jli.dll
0x00007ffc6bb40000 - 0x00007ffc6bb57000 	T:\Programmi\Android Studio\jre\bin\VCRUNTIME140.dll
0x00007ffc8fb30000 - 0x00007ffc8fcd0000 	C:\WINDOWS\System32\USER32.dll
0x00007ffc8ec00000 - 0x00007ffc8ec22000 	C:\WINDOWS\System32\win32u.dll
0x00007ffc7d600000 - 0x00007ffc7d89a000 	C:\WINDOWS\WinSxS\amd64_microsoft.windows.common-controls_6595b64144ccf1df_6.0.19041.1110_none_60b5254171f9507e\COMCTL32.dll
0x00007ffc91230000 - 0x00007ffc9125a000 	C:\WINDOWS\System32\GDI32.dll
0x00007ffc91190000 - 0x00007ffc9122e000 	C:\WINDOWS\System32\msvcrt.dll
0x00007ffc8eaf0000 - 0x00007ffc8ebfb000 	C:\WINDOWS\System32\gdi32full.dll
0x00007ffc8ed30000 - 0x00007ffc8edcd000 	C:\WINDOWS\System32\msvcp_win.dll
0x00007ffc8f960000 - 0x00007ffc8f990000 	C:\WINDOWS\System32\IMM32.DLL
0x00007ffc5d7e0000 - 0x00007ffc5d87d000 	T:\Programmi\Android Studio\jre\bin\msvcp140.dll
0x00007ffc472b0000 - 0x00007ffc47d95000 	T:\Programmi\Android Studio\jre\bin\server\jvm.dll
0x00007ffc90af0000 - 0x00007ffc90b9e000 	C:\WINDOWS\System32\ADVAPI32.dll
0x00007ffc8f630000 - 0x00007ffc8f6cc000 	C:\WINDOWS\System32\sechost.dll
0x00007ffc8f3c0000 - 0x00007ffc8f4e5000 	C:\WINDOWS\System32\RPCRT4.dll
0x00007ffc90ae0000 - 0x00007ffc90ae8000 	C:\WINDOWS\System32\PSAPI.DLL
0x00007ffc8be80000 - 0x00007ffc8be89000 	C:\WINDOWS\SYSTEM32\WSOCK32.dll
0x00007ffc81c80000 - 0x00007ffc81ca7000 	C:\WINDOWS\SYSTEM32\WINMM.dll
0x00007ffc889c0000 - 0x00007ffc889ca000 	C:\WINDOWS\SYSTEM32\VERSION.dll
0x00007ffc8f990000 - 0x00007ffc8f9fb000 	C:\WINDOWS\System32\WS2_32.dll
0x00007ffc8cb80000 - 0x00007ffc8cb92000 	C:\WINDOWS\SYSTEM32\kernel.appcore.dll
0x00007ffc80390000 - 0x00007ffc803a1000 	T:\Programmi\Android Studio\jre\bin\verify.dll
0x00007ffc8c670000 - 0x00007ffc8c854000 	C:\WINDOWS\SYSTEM32\DBGHELP.DLL
0x00007ffc7ad30000 - 0x00007ffc7ad5c000 	C:\WINDOWS\SYSTEM32\dbgcore.DLL
0x00007ffc8edd0000 - 0x00007ffc8ee52000 	C:\WINDOWS\System32\bcryptPrimitives.dll
0x00007ffc7fed0000 - 0x00007ffc7fef9000 	T:\Programmi\Android Studio\jre\bin\java.dll
0x00007ffc8a350000 - 0x00007ffc8a35b000 	T:\Programmi\Android Studio\jre\bin\jimage.dll
0x00007ffc80120000 - 0x00007ffc80138000 	T:\Programmi\Android Studio\jre\bin\zip.dll
0x00007ffc90390000 - 0x00007ffc90ad4000 	C:\WINDOWS\System32\SHELL32.dll
0x00007ffc8cba0000 - 0x00007ffc8d334000 	C:\WINDOWS\SYSTEM32\windows.storage.dll
0x00007ffc90ba0000 - 0x00007ffc90ef4000 	C:\WINDOWS\System32\combase.dll
0x00007ffc8e4e0000 - 0x00007ffc8e50c000 	C:\WINDOWS\SYSTEM32\Wldp.dll
0x00007ffc910e0000 - 0x00007ffc9118d000 	C:\WINDOWS\System32\SHCORE.dll
0x00007ffc8f790000 - 0x00007ffc8f7e5000 	C:\WINDOWS\System32\shlwapi.dll
0x00007ffc8e9c0000 - 0x00007ffc8e9df000 	C:\WINDOWS\SYSTEM32\profapi.dll
0x00007ffc7feb0000 - 0x00007ffc7feca000 	T:\Programmi\Android Studio\jre\bin\net.dll
0x00007ffc818a0000 - 0x00007ffc819aa000 	C:\WINDOWS\SYSTEM32\WINHTTP.dll
0x00007ffc8e240000 - 0x00007ffc8e2aa000 	C:\WINDOWS\system32\mswsock.dll
0x00007ffc7fe90000 - 0x00007ffc7fea4000 	T:\Programmi\Android Studio\jre\bin\nio.dll
0x00007ffc6e420000 - 0x00007ffc6e447000 	C:\Users\corel\.gradle\native\8bec1ad78214c89d9ad589b4d07fe93259594b29d510b10fafb7a158f7737e5d\windows-amd64\native-platform.dll
0x00007ffc5ae30000 - 0x00007ffc5af6d000 	C:\Users\corel\.gradle\native\53dbd7edfb1c66fb8903c78663c9afc45aea4f116125fa6feffd364cf09443e8\windows-amd64\native-platform-file-events.dll
0x00007ffc81750000 - 0x00007ffc8175a000 	T:\Programmi\Android Studio\jre\bin\management.dll
0x00007ffc81680000 - 0x00007ffc8168d000 	T:\Programmi\Android Studio\jre\bin\management_ext.dll
0x00007ffc8e440000 - 0x00007ffc8e458000 	C:\WINDOWS\SYSTEM32\CRYPTSP.dll
0x00007ffc8db50000 - 0x00007ffc8db84000 	C:\WINDOWS\system32\rsaenh.dll
0x00007ffc8ee60000 - 0x00007ffc8ee87000 	C:\WINDOWS\System32\bcrypt.dll
0x00007ffc8e980000 - 0x00007ffc8e9ae000 	C:\WINDOWS\SYSTEM32\USERENV.dll
0x00007ffc8e430000 - 0x00007ffc8e43c000 	C:\WINDOWS\SYSTEM32\CRYPTBASE.dll
0x00007ffc8dee0000 - 0x00007ffc8df1b000 	C:\WINDOWS\SYSTEM32\IPHLPAPI.DLL
0x00007ffc8f620000 - 0x00007ffc8f628000 	C:\WINDOWS\System32\NSI.dll
0x00007ffc889d0000 - 0x00007ffc889e7000 	C:\WINDOWS\SYSTEM32\dhcpcsvc6.DLL
0x00007ffc88710000 - 0x00007ffc8872d000 	C:\WINDOWS\SYSTEM32\dhcpcsvc.DLL
0x00007ffc8df20000 - 0x00007ffc8dfeb000 	C:\WINDOWS\SYSTEM32\DNSAPI.dll

dbghelp: loaded successfully - version: 4.0.5 - missing functions: none
symbol engine: initialized successfully - sym options: 0x614 - pdb path: .;T:\Programmi\Android Studio\jre\bin;C:\WINDOWS\SYSTEM32;C:\WINDOWS\WinSxS\amd64_microsoft.windows.common-controls_6595b64144ccf1df_6.0.19041.1110_none_60b5254171f9507e;T:\Programmi\Android Studio\jre\bin\server;C:\Users\corel\.gradle\native\8bec1ad78214c89d9ad589b4d07fe93259594b29d510b10fafb7a158f7737e5d\windows-amd64;C:\Users\corel\.gradle\native\53dbd7edfb1c66fb8903c78663c9afc45aea4f116125fa6feffd364cf09443e8\windows-amd64

VM Arguments:
jvm_args: --add-opens=java.base/java.util=ALL-UNNAMED --add-opens=java.base/java.lang=ALL-UNNAMED --add-opens=java.base/java.lang.invoke=ALL-UNNAMED --add-opens=java.base/java.util=ALL-UNNAMED --add-opens=java.prefs/java.util.prefs=ALL-UNNAMED --add-opens=java.prefs/java.util.prefs=ALL-UNNAMED --add-opens=java.base/java.nio.charset=ALL-UNNAMED --add-opens=java.base/java.net=ALL-UNNAMED --add-opens=java.base/java.util.concurrent.atomic=ALL-UNNAMED -Xmx2048m -Dfile.encoding=UTF-8 -Duser.country=IT -Duser.language=it -Duser.variant 
java_command: org.gradle.launcher.daemon.bootstrap.GradleDaemon 7.0.2
java_class_path (initial): C:\Users\corel\.gradle\wrapper\dists\gradle-7.0.2-bin\857tjihv64xamwrf0h14cai3r\gradle-7.0.2\lib\gradle-launcher-7.0.2.jar
Launcher Type: SUN_STANDARD

[Global flags]
     intx CICompilerCount                          = 4                                         {product} {ergonomic}
     uint ConcGCThreads                            = 2                                         {product} {ergonomic}
     uint G1ConcRefinementThreads                  = 8                                         {product} {ergonomic}
   size_t G1HeapRegionSize                         = 1048576                                   {product} {ergonomic}
    uintx GCDrainStackTargetSize                   = 64                                        {product} {ergonomic}
   size_t InitialHeapSize                          = 268435456                                 {product} {ergonomic}
   size_t MarkStackSize                            = 4194304                                   {product} {ergonomic}
   size_t MaxHeapSize                              = 2147483648                                {product} {command line}
   size_t MaxNewSize                               = 1287651328                                {product} {ergonomic}
   size_t MinHeapDeltaBytes                        = 1048576                                   {product} {ergonomic}
    uintx NonNMethodCodeHeapSize                   = 5836300                                {pd product} {ergonomic}
    uintx NonProfiledCodeHeapSize                  = 122910970                              {pd product} {ergonomic}
    uintx ProfiledCodeHeapSize                     = 122910970                              {pd product} {ergonomic}
    uintx ReservedCodeCacheSize                    = 251658240                              {pd product} {ergonomic}
     bool SegmentedCodeCache                       = true                                      {product} {ergonomic}
     bool UseCompressedClassPointers               = true                                 {lp64_product} {ergonomic}
     bool UseCompressedOops                        = true                                 {lp64_product} {ergonomic}
     bool UseG1GC                                  = true                                      {product} {ergonomic}
     bool UseLargePagesIndividualAllocation        = false                                  {pd product} {ergonomic}

Logging:
Log output configuration:
 #0: stdout all=warning uptime,level,tags
 #1: stderr all=off uptime,level,tags

Environment Variables:
PATH=C:\Windows\system32;C:\Windows;C:\Windows\System32\Wbem;C:\Windows\System32\WindowsPowerShell\v1.0\;C:\Windows\System32\OpenSSH\;C:\Program Files\NVIDIA Corporation\NVIDIA NvDLISR;C:\Program Files (x86)\NVIDIA Corporation\PhysX\Common;C:\WINDOWS\system32;C:\WINDOWS;C:\WINDOWS\System32\Wbem;C:\WINDOWS\System32\WindowsPowerShell\v1.0\;C:\WINDOWS\System32\OpenSSH\;T:\Programmi\PuTTy\;C:\Users\corel\AppData\Local\Microsoft\WindowsApps;T:\Programmi\Microsoft VS Code\bin;C:\Users\corel\AppData\Local\GitHubDesktop\bin
USERNAME=corel
OS=Windows_NT
PROCESSOR_IDENTIFIER=Intel64 Family 6 Model 60 Stepping 3, GenuineIntel



---------------  S Y S T E M  ---------------

OS: Windows 10 , 64 bit Build 19041 (10.0.19041.1706)
OS uptime: 12 days 13:05 hours

CPU:total 8 (initial active 8) (4 cores per cpu, 2 threads per core) family 6 model 60 stepping 3 microcode 0x27, cmov, cx8, fxsr, mmx, sse, sse2, sse3, ssse3, sse4.1, sse4.2, popcnt, avx, avx2, aes, clmul, erms, lzcnt, ht, tsc, tscinvbit, bmi1, bmi2, fma

Memory: 4k page, system-wide physical 16323M (3912M free)
TotalPageFile size 30564M (AvailPageFile size 6M)
current process WorkingSet (physical memory assigned to process): 765M, peak: 768M
current process commit charge ("private bytes"): 836M, peak: 904M

vm_info: OpenJDK 64-Bit Server VM (11.0.12+7-b1504.28-7817840) for windows-amd64 JRE (11.0.12+7-b1504.28-7817840), built on Oct 13 2021 22:12:33 by "builder" with MS VC++ 14.0 (VS2015)

END.
