#
# There is insufficient memory for the Java Runtime Environment to continue.
# Native memory allocation (mmap) failed to map 36700160 bytes for Failed to commit area from 0x000000008a200000 to 0x000000008c500000 of length 36700160.
# Possible reasons:
#   The system is out of physical RAM or swap space
#   The process is running with CompressedOops enabled, and the Java Heap may be blocking the growth of the native heap
# Possible solutions:
#   Reduce memory load on the system
#   Increase physical memory or swap space
#   Check if swap backing store is full
#   Decrease Java heap size (-Xmx/-Xms)
#   Decrease number of Java threads
#   Decrease Java thread stack sizes (-Xss)
#   Set larger code cache with -XX:ReservedCodeCacheSize=
#   JVM is running with Unscaled Compressed Oops mode in which the Java heap is
#     placed in the first 4GB address space. The Java Heap base address is the
#     maximum limit for the native heap growth. Please use -XX:HeapBaseMinAddress
#     to set the Java Heap base and to place the Java Heap above 4GB virtual address.
# This output file may be truncated or incomplete.
#
#  Out of Memory Error (./src/hotspot/os/windows/os_windows.cpp:3301), pid=16756, tid=4956
#
# JRE version: OpenJDK Runtime Environment (11.0.10) (build 11.0.10+0-b96-7249189)
# Java VM: OpenJDK 64-Bit Server VM (11.0.10+0-b96-7249189, mixed mode, tiered, compressed oops, g1 gc, windows-amd64)
# No core dump will be written. Minidumps are not enabled by default on client versions of Windows
#

---------------  S U M M A R Y ------------

Command Line: --add-opens=java.base/java.util=ALL-UNNAMED --add-opens=java.base/java.lang=ALL-UNNAMED --add-opens=java.base/java.lang.invoke=ALL-UNNAMED --add-opens=java.base/java.util=ALL-UNNAMED --add-opens=java.prefs/java.util.prefs=ALL-UNNAMED --add-opens=java.prefs/java.util.prefs=ALL-UNNAMED --add-opens=java.base/java.nio.charset=ALL-UNNAMED --add-opens=java.base/java.net=ALL-UNNAMED --add-opens=java.base/java.util.concurrent.atomic=ALL-UNNAMED -Xmx2048m -Dfile.encoding=UTF-8 -Duser.country=IT -Duser.language=it -Duser.variant org.gradle.launcher.daemon.bootstrap.GradleDaemon 7.0.2

Host: AMD Ryzen 5 2500U with Radeon Vega Mobile Gfx  , 8 cores, 6G,  Windows 10 , 64 bit Build 19041 (10.0.19041.1348)
Time: Mon Dec 27 22:35:41 2021 ora solare Europa occidentale elapsed time: 18.379202 seconds (0d 0h 0m 18s)

---------------  T H R E A D  ---------------

Current thread (0x000002a96be07000):  VMThread "VM Thread" [stack: 0x000000cb5f000000,0x000000cb5f100000] [id=4956]

Stack: [0x000000cb5f000000,0x000000cb5f100000]
[error occurred during error reporting (printing stack bounds), id 0xc0000005, EXCEPTION_ACCESS_VIOLATION (0xc0000005) at pc=0x000002a954cc0f2d]

Native frames: (J=compiled Java code, j=interpreted, Vv=VM code, C=native code)
V  [jvm.dll+0x5ecfaa]
V  [jvm.dll+0x722bd5]
V  [jvm.dll+0x72412d]
V  [jvm.dll+0x724745]
V  [jvm.dll+0x7246fb]
V  [jvm.dll+0x5ec348]
V  [jvm.dll+0x5ecad8]
C  [ntdll.dll+0xa20cf]
C  [ntdll.dll+0x51454]
C  [ntdll.dll+0xa0bfe]
C  0x000002a954cc0f2d

VM_Operation (0x000000cb630f2780): G1CollectForAllocation, mode: safepoint, requested by thread 0x000002a972428000


---------------  P R O C E S S  ---------------

Threads class SMR info:
_java_thread_list=0x000002a96f9420e0, length=61, elements={
0x000002a94fa0a800, 0x000002a96be0c000, 0x000002a96be0d800, 0x000002a96be25800,
0x000002a96be26800, 0x000002a96be27800, 0x000002a96be3c000, 0x000002a96be3d000,
0x000002a96be3e800, 0x000002a96c92d800, 0x000002a96f07b800, 0x000002a96f43a800,
0x000002a96e274000, 0x000002a96c9c8000, 0x000002a96d93d800, 0x000002a96f1ca800,
0x000002a96f6da000, 0x000002a96e7d2000, 0x000002a96ef83000, 0x000002a96f438000,
0x000002a96f435800, 0x000002a96f436800, 0x000002a96f437800, 0x000002a96e9c1000,
0x000002a96e9c6800, 0x000002a96e9c3800, 0x000002a96e9c4000, 0x000002a96e9c6000,
0x000002a96e9c2000, 0x000002a96e9c5000, 0x000002a96e9cb000, 0x000002a96e9c7800,
0x000002a96e9cd000, 0x000002a96e9ce000, 0x000002a96e9c8800, 0x000002a96e9cf000,
0x000002a96e9cf800, 0x000002a96e9ca000, 0x000002a97241e800, 0x000002a972420000,
0x000002a972421000, 0x000002a97241b000, 0x000002a972421800, 0x000002a97241f000,
0x000002a97241d800, 0x000002a97241c000, 0x000002a972422800, 0x000002a97241d000,
0x000002a972423800, 0x000002a972425000, 0x000002a972429000, 0x000002a972427800,
0x000002a972424000, 0x000002a97242a000, 0x000002a972428000, 0x000002a975e8b800,
0x000002a975e8a800, 0x000002a975e86800, 0x000002a975e85800, 0x000002a975e89000,
0x000002a975e8c800
}

Java Threads: ( => current thread )
  0x000002a94fa0a800 JavaThread "main" [_thread_blocked, id=6692, stack(0x000000cb5ea00000,0x000000cb5eb00000)]
  0x000002a96be0c000 JavaThread "Reference Handler" daemon [_thread_blocked, id=7476, stack(0x000000cb5f100000,0x000000cb5f200000)]
  0x000002a96be0d800 JavaThread "Finalizer" daemon [_thread_blocked, id=17300, stack(0x000000cb5f200000,0x000000cb5f300000)]
  0x000002a96be25800 JavaThread "Signal Dispatcher" daemon [_thread_blocked, id=7132, stack(0x000000cb5f300000,0x000000cb5f400000)]
  0x000002a96be26800 JavaThread "Attach Listener" daemon [_thread_blocked, id=10680, stack(0x000000cb5f400000,0x000000cb5f500000)]
  0x000002a96be27800 JavaThread "Service Thread" daemon [_thread_blocked, id=16008, stack(0x000000cb5f500000,0x000000cb5f600000)]
  0x000002a96be3c000 JavaThread "C2 CompilerThread0" daemon [_thread_in_native, id=12632, stack(0x000000cb5f600000,0x000000cb5f700000)]
  0x000002a96be3d000 JavaThread "C1 CompilerThread0" daemon [_thread_blocked, id=5632, stack(0x000000cb5f700000,0x000000cb5f800000)]
  0x000002a96be3e800 JavaThread "Sweeper thread" daemon [_thread_blocked, id=6412, stack(0x000000cb5f800000,0x000000cb5f900000)]
  0x000002a96c92d800 JavaThread "Common-Cleaner" daemon [_thread_blocked, id=11332, stack(0x000000cb5f900000,0x000000cb5fa00000)]
  0x000002a96f07b800 JavaThread "Daemon health stats" [_thread_blocked, id=692, stack(0x000000cb5fe00000,0x000000cb5ff00000)]
  0x000002a96f43a800 JavaThread "Incoming local TCP Connector on port 62291" [_thread_in_native, id=9212, stack(0x000000cb5fb00000,0x000000cb5fc00000)]
  0x000002a96e274000 JavaThread "Daemon periodic checks" [_thread_blocked, id=17836, stack(0x000000cb5fd00000,0x000000cb5fe00000)]
  0x000002a96c9c8000 JavaThread "Daemon" [_thread_blocked, id=16460, stack(0x000000cb5ff00000,0x000000cb60000000)]
  0x000002a96d93d800 JavaThread "Handler for socket connection from /127.0.0.1:62291 to /127.0.0.1:62292" [_thread_in_native, id=18068, stack(0x000000cb60000000,0x000000cb60100000)]
  0x000002a96f1ca800 JavaThread "Cancel handler" [_thread_blocked, id=17884, stack(0x000000cb60100000,0x000000cb60200000)]
  0x000002a96f6da000 JavaThread "Daemon worker" [_thread_blocked, id=1040, stack(0x000000cb60200000,0x000000cb60300000)]
  0x000002a96e7d2000 JavaThread "Asynchronous log dispatcher for DefaultDaemonConnection: socket connection from /127.0.0.1:62291 to /127.0.0.1:62292" [_thread_blocked, id=18292, stack(0x000000cb60300000,0x000000cb60400000)]
  0x000002a96ef83000 JavaThread "Stdin handler" [_thread_blocked, id=9260, stack(0x000000cb60400000,0x000000cb60500000)]
  0x000002a96f438000 JavaThread "Daemon client event forwarder" [_thread_blocked, id=9452, stack(0x000000cb60b00000,0x000000cb60c00000)]
  0x000002a96f435800 JavaThread "Cache worker for file hash cache (C:\Users\Umby\.gradle\caches\7.0.2\fileHashes)" [_thread_blocked, id=10008, stack(0x000000cb60c00000,0x000000cb60d00000)]
  0x000002a96f436800 JavaThread "File lock request listener" [_thread_in_native, id=8884, stack(0x000000cb60d00000,0x000000cb60e00000)]
  0x000002a96f437800 JavaThread "Cache worker for journal cache (C:\Users\Umby\.gradle\caches\journal-1)" [_thread_blocked, id=15240, stack(0x000000cb60f00000,0x000000cb61000000)]
  0x000002a96e9c1000 JavaThread "Cache worker for file hash cache (C:\Users\Umby\AndroidStudioProjects\Pothub\.gradle\7.0.2\fileHashes)" [_thread_blocked, id=16888, stack(0x000000cb61100000,0x000000cb61200000)]
  0x000002a96e9c6800 JavaThread "File watcher server" daemon [_thread_blocked, id=12172, stack(0x000000cb61200000,0x000000cb61300000)]
  0x000002a96e9c3800 JavaThread "File watcher consumer" daemon [_thread_blocked, id=13532, stack(0x000000cb61300000,0x000000cb61400000)]
  0x000002a96e9c4000 JavaThread "Cache worker for checksums cache (C:\Users\Umby\AndroidStudioProjects\Pothub\.gradle\checksums)" [_thread_blocked, id=14952, stack(0x000000cb61400000,0x000000cb61500000)]
  0x000002a96e9c6000 JavaThread "Cache worker for cache directory md-supplier (C:\Users\Umby\.gradle\caches\7.0.2\md-supplier)" [_thread_blocked, id=16600, stack(0x000000cb61500000,0x000000cb61600000)]
  0x000002a96e9c2000 JavaThread "Cache worker for cache directory md-rule (C:\Users\Umby\.gradle\caches\7.0.2\md-rule)" [_thread_blocked, id=7816, stack(0x000000cb61600000,0x000000cb61700000)]
  0x000002a96e9c5000 JavaThread "Cache worker for execution history cache (C:\Users\Umby\.gradle\caches\7.0.2\executionHistory)" [_thread_blocked, id=16132, stack(0x000000cb61700000,0x000000cb61800000)]
  0x000002a96e9cb000 JavaThread "jar transforms" [_thread_blocked, id=10880, stack(0x000000cb61800000,0x000000cb61900000)]
  0x000002a96e9c7800 JavaThread "jar transforms Thread 2" [_thread_blocked, id=15084, stack(0x000000cb61900000,0x000000cb61a00000)]
  0x000002a96e9cd000 JavaThread "Cache worker for file content cache (C:\Users\Umby\.gradle\caches\7.0.2\fileContent)" [_thread_blocked, id=5988, stack(0x000000cb61a00000,0x000000cb61b00000)]
  0x000002a96e9ce000 JavaThread "Cache worker for dependencies-accessors (C:\Users\Umby\AndroidStudioProjects\Pothub\.gradle\7.0.2\dependencies-accessors)" [_thread_blocked, id=18168, stack(0x000000cb61b00000,0x000000cb61c00000)]
  0x000002a96e9c8800 JavaThread "jar transforms Thread 3" [_thread_blocked, id=12940, stack(0x000000cb61c00000,0x000000cb61d00000)]
  0x000002a96e9cf000 JavaThread "Cache worker for Build Output Cleanup Cache (C:\Users\Umby\AndroidStudioProjects\Pothub\.gradle\buildOutputCleanup)" [_thread_blocked, id=13796, stack(0x000000cb61d00000,0x000000cb61e00000)]
  0x000002a96e9cf800 JavaThread "Build operations" [_thread_blocked, id=9864, stack(0x000000cb61e00000,0x000000cb61f00000)]
  0x000002a96e9ca000 JavaThread "Build operations Thread 2" [_thread_blocked, id=6152, stack(0x000000cb61f00000,0x000000cb62000000)]
  0x000002a97241e800 JavaThread "Build operations Thread 3" [_thread_blocked, id=2000, stack(0x000000cb62000000,0x000000cb62100000)]
  0x000002a972420000 JavaThread "Build operations Thread 4" [_thread_blocked, id=15412, stack(0x000000cb62100000,0x000000cb62200000)]
  0x000002a972421000 JavaThread "Build operations Thread 5" [_thread_blocked, id=6696, stack(0x000000cb62200000,0x000000cb62300000)]
  0x000002a97241b000 JavaThread "Build operations Thread 6" [_thread_blocked, id=9048, stack(0x000000cb62300000,0x000000cb62400000)]
  0x000002a972421800 JavaThread "Build operations Thread 7" [_thread_blocked, id=13652, stack(0x000000cb62400000,0x000000cb62500000)]
  0x000002a97241f000 JavaThread "Build operations Thread 8" [_thread_blocked, id=4376, stack(0x000000cb62500000,0x000000cb62600000)]
  0x000002a97241d800 JavaThread "jar transforms Thread 4" [_thread_blocked, id=4484, stack(0x000000cb62600000,0x000000cb62700000)]
  0x000002a97241c000 JavaThread "jar transforms Thread 5" [_thread_blocked, id=12564, stack(0x000000cb62700000,0x000000cb62800000)]
  0x000002a972422800 JavaThread "jar transforms Thread 6" [_thread_blocked, id=10780, stack(0x000000cb62800000,0x000000cb62900000)]
  0x000002a97241d000 JavaThread "jar transforms Thread 7" [_thread_blocked, id=7112, stack(0x000000cb62900000,0x000000cb62a00000)]
  0x000002a972423800 JavaThread "jar transforms Thread 8" [_thread_blocked, id=13260, stack(0x000000cb62a00000,0x000000cb62b00000)]
  0x000002a972425000 JavaThread "Memory manager" [_thread_blocked, id=13908, stack(0x000000cb62b00000,0x000000cb62c00000)]
  0x000002a972429000 JavaThread "build event listener" [_thread_blocked, id=7072, stack(0x000000cb62c00000,0x000000cb62d00000)]
  0x000002a972427800 JavaThread "Execution worker for ':'" [_thread_blocked, id=12904, stack(0x000000cb62d00000,0x000000cb62e00000)]
  0x000002a972424000 JavaThread "Execution worker for ':' Thread 2" [_thread_blocked, id=6360, stack(0x000000cb62e00000,0x000000cb62f00000)]
  0x000002a97242a000 JavaThread "Execution worker for ':' Thread 3" [_thread_blocked, id=11464, stack(0x000000cb62f00000,0x000000cb63000000)]
  0x000002a972428000 JavaThread "Execution worker for ':' Thread 4" [_thread_blocked, id=1572, stack(0x000000cb63000000,0x000000cb63100000)]
  0x000002a975e8b800 JavaThread "Execution worker for ':' Thread 5" [_thread_blocked, id=2676, stack(0x000000cb63100000,0x000000cb63200000)]
  0x000002a975e8a800 JavaThread "Execution worker for ':' Thread 6" [_thread_blocked, id=1048, stack(0x000000cb63200000,0x000000cb63300000)]
  0x000002a975e86800 JavaThread "Execution worker for ':' Thread 7" [_thread_blocked, id=10764, stack(0x000000cb63300000,0x000000cb63400000)]
  0x000002a975e85800 JavaThread "Cache worker for execution history cache (C:\Users\Umby\AndroidStudioProjects\Pothub\.gradle\7.0.2\executionHistory)" [_thread_blocked, id=32, stack(0x000000cb63400000,0x000000cb63500000)]
  0x000002a975e89000 JavaThread "C2 CompilerThread1" daemon [_thread_in_native, id=10228, stack(0x000000cb61000000,0x000000cb61100000)]
  0x000002a975e8c800 JavaThread "WorkerExecutor Queue" [_thread_blocked, id=13008, stack(0x000000cb63500000,0x000000cb63600000)]

Other Threads:
=>0x000002a96be07000 VMThread "VM Thread" [stack: 0x000000cb5f000000,0x000000cb5f100000] [id=4956]
  0x000002a96c95b800 WatcherThread [stack: 0x000000cb5fa00000,0x000000cb5fb00000] [id=6408]
  0x000002a94fa23000 GCTaskThread "GC Thread#0" [stack: 0x000000cb5eb00000,0x000000cb5ec00000] [id=12444]
  0x000002a96d4c4800 GCTaskThread "GC Thread#1" [stack: 0x000000cb5fc00000,0x000000cb5fd00000] [id=11592]
  0x000002a96ea2d000 GCTaskThread "GC Thread#2" [stack: 0x000000cb60500000,0x000000cb60600000] [id=148]
  0x000002a96f4e5800 GCTaskThread "GC Thread#3" [stack: 0x000000cb60600000,0x000000cb60700000] [id=9584]
  0x000002a96f306000 GCTaskThread "GC Thread#4" [stack: 0x000000cb60700000,0x000000cb60800000] [id=8768]
  0x000002a96e916000 GCTaskThread "GC Thread#5" [stack: 0x000000cb60800000,0x000000cb60900000] [id=5000]
  0x000002a96ea08800 GCTaskThread "GC Thread#6" [stack: 0x000000cb60900000,0x000000cb60a00000] [id=3492]
  0x000002a96ea09000 GCTaskThread "GC Thread#7" [stack: 0x000000cb60a00000,0x000000cb60b00000] [id=9960]
  0x000002a94fa56000 ConcurrentGCThread "G1 Main Marker" [stack: 0x000000cb5ec00000,0x000000cb5ed00000] [id=17512]
  0x000002a94fa57800 ConcurrentGCThread "G1 Conc#0" [stack: 0x000000cb5ed00000,0x000000cb5ee00000] [id=3212]
  0x000002a96e9c0000 ConcurrentGCThread "G1 Conc#1" [stack: 0x000000cb60e00000,0x000000cb60f00000] [id=11720]
  0x000002a94fad6800 ConcurrentGCThread "G1 Refine#0" [stack: 0x000000cb5ee00000,0x000000cb5ef00000] [id=11676]
  0x000002a96ecbc800 ConcurrentGCThread "G1 Refine#1" [stack: 0x000000cb63600000,0x000000cb63700000] [id=11736]
  0x000002a9794a4000 ConcurrentGCThread "G1 Refine#2" [stack: 0x000000cb63700000,0x000000cb63800000] [id=13356]
  0x000002a96bc60800 ConcurrentGCThread "G1 Young RemSet Sampling" [stack: 0x000000cb5ef00000,0x000000cb5f000000] [id=18008]

Threads with active compile tasks:
C2 CompilerThread0  18398 10152       4       com.android.tools.r8.graph.G0::a (138 bytes)
C1 CompilerThread0  18398 10171 %     3       java.util.IdentityHashMap::resize @ 58 (153 bytes)
C2 CompilerThread1  18398 9982       4       com.android.tools.r8.graph.A0::c (177 bytes)

VM state:at safepoint (normal execution)

VM Mutex/Monitor currently owned by a thread:  ([mutex/lock_event])
[0x000002a94fa08bd0] Threads_lock - owner thread: 0x000002a96be07000
[0x000002a94fa09a70] Heap_lock - owner thread: 0x000002a972428000

Heap address: 0x0000000080000000, size: 2048 MB, Compressed Oops mode: 32-bit
Narrow klass base: 0x0000000000000000, Narrow klass shift: 3
Compressed class space size: 1073741824 Address: 0x0000000100000000

Heap:
 garbage-first heap   total 201728K, used 112640K [0x0000000080000000, 0x0000000100000000)
  region size 1024K, 4 young (4096K), 4 survivors (4096K)
 Metaspace       used 90681K, capacity 93068K, committed 93312K, reserved 1130496K
  class space    used 11887K, capacity 12818K, committed 12928K, reserved 1048576K
Heap Regions: E=young(eden), S=young(survivor), O=old, HS=humongous(starts), HC=humongous(continues), CS=collection set, F=free, A=archive, TAMS=top-at-mark-start (previous, next)
|   0|0x0000000080000000, 0x0000000080100000, 0x0000000080100000|100%| O|  |TAMS 0x0000000080100000, 0x0000000080100000| Untracked 
|   1|0x0000000080100000, 0x0000000080200000, 0x0000000080200000|100%| O|  |TAMS 0x0000000080200000, 0x0000000080200000| Untracked 
|   2|0x0000000080200000, 0x0000000080300000, 0x0000000080300000|100%| O|  |TAMS 0x0000000080300000, 0x0000000080300000| Untracked 
|   3|0x0000000080300000, 0x0000000080400000, 0x0000000080400000|100%|HS|  |TAMS 0x0000000080400000, 0x0000000080400000| Complete 
|   4|0x0000000080400000, 0x0000000080500000, 0x0000000080500000|100%|HC|  |TAMS 0x0000000080500000, 0x0000000080500000| Complete 
|   5|0x0000000080500000, 0x0000000080600000, 0x0000000080600000|100%|HC|  |TAMS 0x0000000080600000, 0x0000000080600000| Complete 
|   6|0x0000000080600000, 0x0000000080700000, 0x0000000080700000|100%| O|  |TAMS 0x0000000080700000, 0x0000000080700000| Untracked 
|   7|0x0000000080700000, 0x0000000080800000, 0x0000000080800000|100%| O|  |TAMS 0x0000000080800000, 0x0000000080800000| Untracked 
|   8|0x0000000080800000, 0x0000000080900000, 0x0000000080900000|100%| O|  |TAMS 0x0000000080900000, 0x0000000080900000| Untracked 
|   9|0x0000000080900000, 0x0000000080a00000, 0x0000000080a00000|100%| O|  |TAMS 0x0000000080a00000, 0x0000000080a00000| Untracked 
|  10|0x0000000080a00000, 0x0000000080b00000, 0x0000000080b00000|100%| O|  |TAMS 0x0000000080b00000, 0x0000000080b00000| Untracked 
|  11|0x0000000080b00000, 0x0000000080c00000, 0x0000000080c00000|100%| O|  |TAMS 0x0000000080c00000, 0x0000000080c00000| Untracked 
|  12|0x0000000080c00000, 0x0000000080d00000, 0x0000000080d00000|100%| O|  |TAMS 0x0000000080d00000, 0x0000000080d00000| Untracked 
|  13|0x0000000080d00000, 0x0000000080e00000, 0x0000000080e00000|100%| O|  |TAMS 0x0000000080e00000, 0x0000000080e00000| Untracked 
|  14|0x0000000080e00000, 0x0000000080f00000, 0x0000000080f00000|100%| O|  |TAMS 0x0000000080f00000, 0x0000000080f00000| Untracked 
|  15|0x0000000080f00000, 0x0000000081000000, 0x0000000081000000|100%| O|  |TAMS 0x0000000081000000, 0x0000000081000000| Untracked 
|  16|0x0000000081000000, 0x0000000081100000, 0x0000000081100000|100%|HS|  |TAMS 0x0000000081100000, 0x0000000081100000| Complete 
|  17|0x0000000081100000, 0x0000000081200000, 0x0000000081200000|100%| O|  |TAMS 0x0000000081200000, 0x0000000081200000| Untracked 
|  18|0x0000000081200000, 0x0000000081300000, 0x0000000081300000|100%| O|  |TAMS 0x0000000081300000, 0x0000000081300000| Untracked 
|  19|0x0000000081300000, 0x0000000081400000, 0x0000000081400000|100%| O|  |TAMS 0x0000000081400000, 0x0000000081400000| Untracked 
|  20|0x0000000081400000, 0x0000000081500000, 0x0000000081500000|100%| O|  |TAMS 0x0000000081500000, 0x0000000081500000| Untracked 
|  21|0x0000000081500000, 0x0000000081600000, 0x0000000081600000|100%| O|  |TAMS 0x0000000081600000, 0x0000000081600000| Untracked 
|  22|0x0000000081600000, 0x0000000081700000, 0x0000000081700000|100%| O|  |TAMS 0x0000000081700000, 0x0000000081700000| Untracked 
|  23|0x0000000081700000, 0x0000000081800000, 0x0000000081800000|100%| O|  |TAMS 0x0000000081800000, 0x0000000081800000| Untracked 
|  24|0x0000000081800000, 0x0000000081900000, 0x0000000081900000|100%| O|  |TAMS 0x0000000081900000, 0x0000000081900000| Untracked 
|  25|0x0000000081900000, 0x0000000081a00000, 0x0000000081a00000|100%| O|  |TAMS 0x0000000081a00000, 0x0000000081a00000| Untracked 
|  26|0x0000000081a00000, 0x0000000081b00000, 0x0000000081b00000|100%|HS|  |TAMS 0x0000000081b00000, 0x0000000081b00000| Complete 
|  27|0x0000000081b00000, 0x0000000081c00000, 0x0000000081c00000|100%|HS|  |TAMS 0x0000000081c00000, 0x0000000081c00000| Complete 
|  28|0x0000000081c00000, 0x0000000081d00000, 0x0000000081d00000|100%|HC|  |TAMS 0x0000000081d00000, 0x0000000081d00000| Complete 
|  29|0x0000000081d00000, 0x0000000081e00000, 0x0000000081e00000|100%| O|  |TAMS 0x0000000081e00000, 0x0000000081e00000| Untracked 
|  30|0x0000000081e00000, 0x0000000081f00000, 0x0000000081f00000|100%| O|  |TAMS 0x0000000081f00000, 0x0000000081f00000| Untracked 
|  31|0x0000000081f00000, 0x0000000082000000, 0x0000000082000000|100%| O|  |TAMS 0x0000000082000000, 0x0000000082000000| Untracked 
|  32|0x0000000082000000, 0x0000000082100000, 0x0000000082100000|100%| O|  |TAMS 0x0000000082100000, 0x0000000082100000| Untracked 
|  33|0x0000000082100000, 0x0000000082200000, 0x0000000082200000|100%| O|  |TAMS 0x0000000082200000, 0x0000000082200000| Untracked 
|  34|0x0000000082200000, 0x0000000082300000, 0x0000000082300000|100%| O|  |TAMS 0x0000000082300000, 0x0000000082300000| Untracked 
|  35|0x0000000082300000, 0x0000000082400000, 0x0000000082400000|100%| O|  |TAMS 0x0000000082400000, 0x0000000082400000| Untracked 
|  36|0x0000000082400000, 0x0000000082500000, 0x0000000082500000|100%| O|  |TAMS 0x0000000082500000, 0x0000000082500000| Untracked 
|  37|0x0000000082500000, 0x0000000082600000, 0x0000000082600000|100%| O|  |TAMS 0x0000000082600000, 0x0000000082600000| Untracked 
|  38|0x0000000082600000, 0x0000000082700000, 0x0000000082700000|100%| O|  |TAMS 0x0000000082700000, 0x0000000082700000| Untracked 
|  39|0x0000000082700000, 0x0000000082800000, 0x0000000082800000|100%| O|  |TAMS 0x0000000082800000, 0x0000000082800000| Untracked 
|  40|0x0000000082800000, 0x0000000082900000, 0x0000000082900000|100%| O|  |TAMS 0x0000000082900000, 0x0000000082900000| Untracked 
|  41|0x0000000082900000, 0x0000000082a00000, 0x0000000082a00000|100%| O|  |TAMS 0x0000000082a00000, 0x0000000082a00000| Untracked 
|  42|0x0000000082a00000, 0x0000000082b00000, 0x0000000082b00000|100%| O|  |TAMS 0x0000000082b00000, 0x0000000082b00000| Untracked 
|  43|0x0000000082b00000, 0x0000000082c00000, 0x0000000082c00000|100%| O|  |TAMS 0x0000000082c00000, 0x0000000082c00000| Untracked 
|  44|0x0000000082c00000, 0x0000000082d00000, 0x0000000082d00000|100%| O|  |TAMS 0x0000000082d00000, 0x0000000082d00000| Untracked 
|  45|0x0000000082d00000, 0x0000000082e00000, 0x0000000082e00000|100%| O|  |TAMS 0x0000000082e00000, 0x0000000082e00000| Untracked 
|  46|0x0000000082e00000, 0x0000000082f00000, 0x0000000082f00000|100%| O|  |TAMS 0x0000000082f00000, 0x0000000082f00000| Untracked 
|  47|0x0000000082f00000, 0x0000000083000000, 0x0000000083000000|100%| O|  |TAMS 0x0000000083000000, 0x0000000083000000| Untracked 
|  48|0x0000000083000000, 0x0000000083100000, 0x0000000083100000|100%| O|  |TAMS 0x0000000083100000, 0x0000000083100000| Untracked 
|  49|0x0000000083100000, 0x0000000083200000, 0x0000000083200000|100%| O|  |TAMS 0x0000000083200000, 0x0000000083200000| Untracked 
|  50|0x0000000083200000, 0x0000000083300000, 0x0000000083300000|100%| O|  |TAMS 0x0000000083300000, 0x0000000083300000| Untracked 
|  51|0x0000000083300000, 0x0000000083400000, 0x0000000083400000|100%| O|  |TAMS 0x0000000083400000, 0x0000000083400000| Untracked 
|  52|0x0000000083400000, 0x0000000083500000, 0x0000000083500000|100%| O|  |TAMS 0x0000000083500000, 0x0000000083500000| Untracked 
|  53|0x0000000083500000, 0x0000000083600000, 0x0000000083600000|100%| O|  |TAMS 0x0000000083600000, 0x0000000083600000| Untracked 
|  54|0x0000000083600000, 0x0000000083700000, 0x0000000083700000|100%| O|  |TAMS 0x0000000083700000, 0x0000000083700000| Untracked 
|  55|0x0000000083700000, 0x0000000083800000, 0x0000000083800000|100%| O|  |TAMS 0x0000000083800000, 0x0000000083800000| Untracked 
|  56|0x0000000083800000, 0x0000000083900000, 0x0000000083900000|100%| O|  |TAMS 0x0000000083900000, 0x0000000083900000| Untracked 
|  57|0x0000000083900000, 0x0000000083a00000, 0x0000000083a00000|100%| O|  |TAMS 0x0000000083a00000, 0x0000000083a00000| Untracked 
|  58|0x0000000083a00000, 0x0000000083b00000, 0x0000000083b00000|100%| O|  |TAMS 0x0000000083b00000, 0x0000000083b00000| Untracked 
|  59|0x0000000083b00000, 0x0000000083c00000, 0x0000000083c00000|100%| O|  |TAMS 0x0000000083c00000, 0x0000000083c00000| Untracked 
|  60|0x0000000083c00000, 0x0000000083d00000, 0x0000000083d00000|100%| O|  |TAMS 0x0000000083d00000, 0x0000000083d00000| Untracked 
|  61|0x0000000083d00000, 0x0000000083e00000, 0x0000000083e00000|100%| O|  |TAMS 0x0000000083e00000, 0x0000000083e00000| Untracked 
|  62|0x0000000083e00000, 0x0000000083f00000, 0x0000000083f00000|100%| O|  |TAMS 0x0000000083f00000, 0x0000000083f00000| Untracked 
|  63|0x0000000083f00000, 0x0000000084000000, 0x0000000084000000|100%| O|  |TAMS 0x0000000084000000, 0x0000000084000000| Untracked 
|  64|0x0000000084000000, 0x0000000084100000, 0x0000000084100000|100%| O|  |TAMS 0x0000000084100000, 0x0000000084100000| Untracked 
|  65|0x0000000084100000, 0x0000000084200000, 0x0000000084200000|100%| O|  |TAMS 0x0000000084200000, 0x0000000084200000| Untracked 
|  66|0x0000000084200000, 0x0000000084300000, 0x0000000084300000|100%| O|  |TAMS 0x0000000084300000, 0x0000000084300000| Untracked 
|  67|0x0000000084300000, 0x0000000084400000, 0x0000000084400000|100%| O|  |TAMS 0x0000000084400000, 0x0000000084400000| Untracked 
|  68|0x0000000084400000, 0x0000000084500000, 0x0000000084500000|100%| O|  |TAMS 0x0000000084500000, 0x0000000084500000| Untracked 
|  69|0x0000000084500000, 0x0000000084600000, 0x0000000084600000|100%| O|  |TAMS 0x0000000084600000, 0x0000000084600000| Untracked 
|  70|0x0000000084600000, 0x0000000084700000, 0x0000000084700000|100%| O|  |TAMS 0x0000000084700000, 0x0000000084700000| Untracked 
|  71|0x0000000084700000, 0x0000000084800000, 0x0000000084800000|100%| O|  |TAMS 0x0000000084800000, 0x0000000084800000| Untracked 
|  72|0x0000000084800000, 0x0000000084900000, 0x0000000084900000|100%| O|  |TAMS 0x0000000084900000, 0x0000000084900000| Untracked 
|  73|0x0000000084900000, 0x0000000084a00000, 0x0000000084a00000|100%| O|  |TAMS 0x0000000084a00000, 0x0000000084a00000| Untracked 
|  74|0x0000000084a00000, 0x0000000084b00000, 0x0000000084b00000|100%| O|  |TAMS 0x0000000084b00000, 0x0000000084b00000| Untracked 
|  75|0x0000000084b00000, 0x0000000084c00000, 0x0000000084c00000|100%| O|  |TAMS 0x0000000084c00000, 0x0000000084c00000| Untracked 
|  76|0x0000000084c00000, 0x0000000084d00000, 0x0000000084d00000|100%| O|  |TAMS 0x0000000084d00000, 0x0000000084d00000| Untracked 
|  77|0x0000000084d00000, 0x0000000084e00000, 0x0000000084e00000|100%| O|  |TAMS 0x0000000084e00000, 0x0000000084e00000| Untracked 
|  78|0x0000000084e00000, 0x0000000084f00000, 0x0000000084f00000|100%| O|  |TAMS 0x0000000084f00000, 0x0000000084f00000| Untracked 
|  79|0x0000000084f00000, 0x0000000085000000, 0x0000000085000000|100%| O|  |TAMS 0x0000000085000000, 0x0000000085000000| Untracked 
|  80|0x0000000085000000, 0x0000000085100000, 0x0000000085100000|100%| O|  |TAMS 0x0000000085100000, 0x0000000085100000| Untracked 
|  81|0x0000000085100000, 0x0000000085200000, 0x0000000085200000|100%| O|  |TAMS 0x0000000085200000, 0x0000000085200000| Untracked 
|  82|0x0000000085200000, 0x0000000085300000, 0x0000000085300000|100%| O|  |TAMS 0x0000000085300000, 0x0000000085300000| Untracked 
|  83|0x0000000085300000, 0x0000000085400000, 0x0000000085400000|100%| O|  |TAMS 0x0000000085400000, 0x0000000085400000| Untracked 
|  84|0x0000000085400000, 0x0000000085500000, 0x0000000085500000|100%| O|  |TAMS 0x00000000854a3c00, 0x0000000085500000| Untracked 
|  85|0x0000000085500000, 0x0000000085600000, 0x0000000085600000|100%| O|  |TAMS 0x0000000085500000, 0x0000000085600000| Untracked 
|  86|0x0000000085600000, 0x0000000085700000, 0x0000000085700000|100%| O|  |TAMS 0x0000000085600000, 0x0000000085700000| Untracked 
|  87|0x0000000085700000, 0x0000000085800000, 0x0000000085800000|100%| O|  |TAMS 0x0000000085700000, 0x0000000085800000| Untracked 
|  88|0x0000000085800000, 0x0000000085900000, 0x0000000085900000|100%| O|  |TAMS 0x0000000085800000, 0x0000000085900000| Untracked 
|  89|0x0000000085900000, 0x0000000085a00000, 0x0000000085a00000|100%| O|  |TAMS 0x0000000085900000, 0x0000000085a00000| Untracked 
|  90|0x0000000085a00000, 0x0000000085b00000, 0x0000000085b00000|100%| O|  |TAMS 0x0000000085a00000, 0x0000000085b00000| Untracked 
|  91|0x0000000085b00000, 0x0000000085c00000, 0x0000000085c00000|100%| O|  |TAMS 0x0000000085b00000, 0x0000000085c00000| Untracked 
|  92|0x0000000085c00000, 0x0000000085d00000, 0x0000000085d00000|100%| O|  |TAMS 0x0000000085c00000, 0x0000000085d00000| Untracked 
|  93|0x0000000085d00000, 0x0000000085e00000, 0x0000000085e00000|100%| O|  |TAMS 0x0000000085d00000, 0x0000000085e00000| Untracked 
|  94|0x0000000085e00000, 0x0000000085f00000, 0x0000000085f00000|100%| O|  |TAMS 0x0000000085e00000, 0x0000000085f00000| Untracked 
|  95|0x0000000085f00000, 0x0000000086000000, 0x0000000086000000|100%| O|  |TAMS 0x0000000085f00000, 0x0000000086000000| Untracked 
|  96|0x0000000086000000, 0x0000000086100000, 0x0000000086100000|100%| O|  |TAMS 0x0000000086000000, 0x0000000086100000| Untracked 
|  97|0x0000000086100000, 0x0000000086200000, 0x0000000086200000|100%| O|  |TAMS 0x0000000086100000, 0x0000000086200000| Untracked 
|  98|0x0000000086200000, 0x0000000086300000, 0x0000000086300000|100%| O|  |TAMS 0x0000000086200000, 0x0000000086300000| Untracked 
|  99|0x0000000086300000, 0x0000000086400000, 0x0000000086400000|100%| O|  |TAMS 0x0000000086300000, 0x0000000086400000| Untracked 
| 100|0x0000000086400000, 0x0000000086500000, 0x0000000086500000|100%| O|  |TAMS 0x0000000086400000, 0x0000000086500000| Untracked 
| 101|0x0000000086500000, 0x0000000086600000, 0x0000000086600000|100%| O|  |TAMS 0x0000000086500000, 0x0000000086600000| Untracked 
| 102|0x0000000086600000, 0x0000000086700000, 0x0000000086700000|100%| O|  |TAMS 0x0000000086600000, 0x0000000086700000| Untracked 
| 103|0x0000000086700000, 0x0000000086800000, 0x0000000086800000|100%| O|  |TAMS 0x0000000086700000, 0x0000000086800000| Untracked 
| 104|0x0000000086800000, 0x0000000086900000, 0x0000000086900000|100%| O|  |TAMS 0x0000000086800000, 0x0000000086900000| Untracked 
| 105|0x0000000086900000, 0x0000000086a00000, 0x0000000086a00000|100%| O|  |TAMS 0x0000000086900000, 0x0000000086a00000| Untracked 
| 106|0x0000000086a00000, 0x0000000086a00000, 0x0000000086b00000|  0%| F|  |TAMS 0x0000000086a00000, 0x0000000086a00000| Untracked 
| 107|0x0000000086b00000, 0x0000000086b00000, 0x0000000086c00000|  0%| F|  |TAMS 0x0000000086b00000, 0x0000000086b00000| Untracked 
| 108|0x0000000086c00000, 0x0000000086c00000, 0x0000000086d00000|  0%| F|  |TAMS 0x0000000086c00000, 0x0000000086c00000| Untracked 
| 109|0x0000000086d00000, 0x0000000086d00000, 0x0000000086e00000|  0%| F|  |TAMS 0x0000000086d00000, 0x0000000086d00000| Untracked 
| 110|0x0000000086e00000, 0x0000000086e00000, 0x0000000086f00000|  0%| F|  |TAMS 0x0000000086e00000, 0x0000000086e00000| Untracked 
| 111|0x0000000086f00000, 0x0000000086f00000, 0x0000000087000000|  0%| F|  |TAMS 0x0000000086f00000, 0x0000000086f00000| Untracked 
| 112|0x0000000087000000, 0x0000000087000000, 0x0000000087100000|  0%| F|  |TAMS 0x0000000087000000, 0x0000000087000000| Untracked 
| 113|0x0000000087100000, 0x0000000087100000, 0x0000000087200000|  0%| F|  |TAMS 0x0000000087100000, 0x0000000087100000| Untracked 
| 114|0x0000000087200000, 0x0000000087200000, 0x0000000087300000|  0%| F|  |TAMS 0x0000000087200000, 0x0000000087200000| Untracked 
| 115|0x0000000087300000, 0x0000000087300000, 0x0000000087400000|  0%| F|  |TAMS 0x0000000087300000, 0x0000000087300000| Untracked 
| 116|0x0000000087400000, 0x0000000087400000, 0x0000000087500000|  0%| F|  |TAMS 0x0000000087400000, 0x0000000087400000| Untracked 
| 117|0x0000000087500000, 0x0000000087500000, 0x0000000087600000|  0%| F|  |TAMS 0x0000000087500000, 0x0000000087500000| Untracked 
| 118|0x0000000087600000, 0x0000000087600000, 0x0000000087700000|  0%| F|  |TAMS 0x0000000087600000, 0x0000000087600000| Untracked 
| 119|0x0000000087700000, 0x0000000087700000, 0x0000000087800000|  0%| F|  |TAMS 0x0000000087700000, 0x0000000087700000| Untracked 
| 120|0x0000000087800000, 0x0000000087800000, 0x0000000087900000|  0%| F|  |TAMS 0x0000000087800000, 0x0000000087800000| Untracked 
| 121|0x0000000087900000, 0x0000000087900000, 0x0000000087a00000|  0%| F|  |TAMS 0x0000000087900000, 0x0000000087900000| Untracked 
| 122|0x0000000087a00000, 0x0000000087a00000, 0x0000000087b00000|  0%| F|  |TAMS 0x0000000087a00000, 0x0000000087a00000| Untracked 
| 123|0x0000000087b00000, 0x0000000087b00000, 0x0000000087c00000|  0%| F|  |TAMS 0x0000000087b00000, 0x0000000087b00000| Untracked 
| 124|0x0000000087c00000, 0x0000000087c00000, 0x0000000087d00000|  0%| F|  |TAMS 0x0000000087c00000, 0x0000000087c00000| Untracked 
| 125|0x0000000087d00000, 0x0000000087d00000, 0x0000000087e00000|  0%| F|  |TAMS 0x0000000087d00000, 0x0000000087d00000| Untracked 
| 126|0x0000000087e00000, 0x0000000087e00000, 0x0000000087f00000|  0%| F|  |TAMS 0x0000000087e00000, 0x0000000087e00000| Untracked 
| 127|0x0000000087f00000, 0x0000000087f00000, 0x0000000088000000|  0%| F|  |TAMS 0x0000000087f00000, 0x0000000087f00000| Untracked 
| 128|0x0000000088000000, 0x0000000088000000, 0x0000000088100000|  0%| F|  |TAMS 0x0000000088000000, 0x0000000088000000| Untracked 
| 129|0x0000000088100000, 0x0000000088100000, 0x0000000088200000|  0%| F|  |TAMS 0x0000000088100000, 0x0000000088100000| Untracked 
| 130|0x0000000088200000, 0x0000000088200000, 0x0000000088300000|  0%| F|  |TAMS 0x0000000088200000, 0x0000000088200000| Untracked 
| 131|0x0000000088300000, 0x0000000088400000, 0x0000000088400000|100%| S|CS|TAMS 0x0000000088300000, 0x0000000088300000| Complete 
| 132|0x0000000088400000, 0x0000000088500000, 0x0000000088500000|100%| S|CS|TAMS 0x0000000088400000, 0x0000000088400000| Complete 
| 133|0x0000000088500000, 0x0000000088600000, 0x0000000088600000|100%| S|CS|TAMS 0x0000000088500000, 0x0000000088500000| Complete 
| 134|0x0000000088600000, 0x0000000088700000, 0x0000000088700000|100%| S|CS|TAMS 0x0000000088600000, 0x0000000088600000| Complete 
| 135|0x0000000088700000, 0x0000000088700000, 0x0000000088800000|  0%| F|  |TAMS 0x0000000088700000, 0x0000000088700000| Untracked 
| 136|0x0000000088800000, 0x0000000088800000, 0x0000000088900000|  0%| F|  |TAMS 0x0000000088800000, 0x0000000088800000| Untracked 
| 137|0x0000000088900000, 0x0000000088900000, 0x0000000088a00000|  0%| F|  |TAMS 0x0000000088900000, 0x0000000088900000| Untracked 
| 138|0x0000000088a00000, 0x0000000088a00000, 0x0000000088b00000|  0%| F|  |TAMS 0x0000000088a00000, 0x0000000088a00000| Untracked 
| 139|0x0000000088b00000, 0x0000000088b00000, 0x0000000088c00000|  0%| F|  |TAMS 0x0000000088b00000, 0x0000000088b00000| Untracked 
| 140|0x0000000088c00000, 0x0000000088c00000, 0x0000000088d00000|  0%| F|  |TAMS 0x0000000088c00000, 0x0000000088c00000| Untracked 
| 141|0x0000000088d00000, 0x0000000088d00000, 0x0000000088e00000|  0%| F|  |TAMS 0x0000000088d00000, 0x0000000088d00000| Untracked 
| 142|0x0000000088e00000, 0x0000000088e00000, 0x0000000088f00000|  0%| F|  |TAMS 0x0000000088e00000, 0x0000000088e00000| Untracked 
| 143|0x0000000088f00000, 0x0000000088f00000, 0x0000000089000000|  0%| F|  |TAMS 0x0000000088f00000, 0x0000000088f00000| Untracked 
| 144|0x0000000089000000, 0x0000000089000000, 0x0000000089100000|  0%| F|  |TAMS 0x0000000089000000, 0x0000000089000000| Untracked 
| 145|0x0000000089100000, 0x0000000089100000, 0x0000000089200000|  0%| F|  |TAMS 0x0000000089100000, 0x0000000089100000| Untracked 
| 146|0x0000000089200000, 0x0000000089200000, 0x0000000089300000|  0%| F|  |TAMS 0x0000000089200000, 0x0000000089200000| Untracked 
| 147|0x0000000089300000, 0x0000000089300000, 0x0000000089400000|  0%| F|  |TAMS 0x0000000089300000, 0x0000000089300000| Untracked 
| 148|0x0000000089400000, 0x0000000089400000, 0x0000000089500000|  0%| F|  |TAMS 0x0000000089400000, 0x0000000089400000| Untracked 
| 149|0x0000000089500000, 0x0000000089500000, 0x0000000089600000|  0%| F|  |TAMS 0x0000000089500000, 0x0000000089500000| Untracked 
| 150|0x0000000089600000, 0x0000000089600000, 0x0000000089700000|  0%| F|  |TAMS 0x0000000089600000, 0x0000000089600000| Untracked 
| 151|0x0000000089700000, 0x0000000089700000, 0x0000000089800000|  0%| F|  |TAMS 0x0000000089700000, 0x0000000089700000| Untracked 
| 152|0x0000000089800000, 0x0000000089800000, 0x0000000089900000|  0%| F|  |TAMS 0x0000000089800000, 0x0000000089800000| Untracked 
| 153|0x0000000089900000, 0x0000000089900000, 0x0000000089a00000|  0%| F|  |TAMS 0x0000000089900000, 0x0000000089900000| Untracked 
| 154|0x0000000089a00000, 0x0000000089a00000, 0x0000000089b00000|  0%| F|  |TAMS 0x0000000089a00000, 0x0000000089a00000| Untracked 
| 155|0x0000000089b00000, 0x0000000089b00000, 0x0000000089c00000|  0%| F|  |TAMS 0x0000000089b00000, 0x0000000089b00000| Untracked 
| 156|0x0000000089c00000, 0x0000000089c00000, 0x0000000089d00000|  0%| F|  |TAMS 0x0000000089c00000, 0x0000000089c00000| Untracked 
| 157|0x0000000089d00000, 0x0000000089d00000, 0x0000000089e00000|  0%| F|  |TAMS 0x0000000089d00000, 0x0000000089d00000| Untracked 
| 158|0x0000000089e00000, 0x0000000089e00000, 0x0000000089f00000|  0%| F|  |TAMS 0x0000000089e00000, 0x0000000089e00000| Untracked 
| 159|0x0000000089f00000, 0x0000000089f00000, 0x000000008a000000|  0%| F|  |TAMS 0x0000000089f00000, 0x0000000089f00000| Untracked 
| 160|0x000000008a000000, 0x000000008a000000, 0x000000008a100000|  0%| F|  |TAMS 0x000000008a000000, 0x000000008a000000| Untracked 
| 161|0x000000008a100000, 0x000000008a100000, 0x000000008a200000|  0%| F|  |TAMS 0x000000008a100000, 0x000000008a100000| Untracked 

Card table byte_map: [0x000002a964b40000,0x000002a964f40000] _byte_map_base: 0x000002a964740000

Marking Bits (Prev, Next): (CMBitMap*) 0x000002a94fa4d520, (CMBitMap*) 0x000002a94fa4d4e8
 Prev Bits: [0x000002a967340000, 0x000002a969340000)
 Next Bits: [0x000002a965340000, 0x000002a967340000)

Polling page: 0x000002a94fae0000

Metaspace:

Usage:
  Non-class:     78.37 MB capacity,    76.95 MB ( 98%) used,     1.15 MB (  1%) free+waste,   276.56 KB ( <1%) overhead. 
      Class:     12.52 MB capacity,    11.61 MB ( 93%) used,   801.38 KB (  6%) free+waste,   129.06 KB (  1%) overhead. 
       Both:     90.89 MB capacity,    88.56 MB ( 97%) used,     1.93 MB (  2%) free+waste,   405.63 KB ( <1%) overhead. 

Virtual space:
  Non-class space:       80.00 MB reserved,      78.50 MB ( 98%) committed 
      Class space:        1.00 GB reserved,      12.63 MB (  1%) committed 
             Both:        1.08 GB reserved,      91.13 MB (  8%) committed 

Chunk freelists:
   Non-Class:  134.00 KB
       Class:  78.00 KB
        Both:  212.00 KB

MaxMetaspaceSize: 17179869184.00 GB
CompressedClassSpaceSize: 1.00 GB

CodeHeap 'non-profiled nmethods': size=120000Kb used=5371Kb max_used=5371Kb free=114629Kb
 bounds [0x000002a95c790000, 0x000002a95ccd0000, 0x000002a963cc0000]
CodeHeap 'profiled nmethods': size=120000Kb used=21610Kb max_used=21610Kb free=98390Kb
 bounds [0x000002a955260000, 0x000002a956780000, 0x000002a95c790000]
CodeHeap 'non-nmethods': size=5760Kb used=2293Kb max_used=2340Kb free=3466Kb
 bounds [0x000002a954cc0000, 0x000002a954f30000, 0x000002a955260000]
 total_blobs=10892 nmethods=9994 adapters=809
 compilation: enabled
              stopped_count=0, restarted_count=0
 full_count=0

Compilation events (20 events):
Event: 18.332 Thread 0x000002a96be3d000 nmethod 10159 0x000002a956774d90 code [0x000002a956774f40, 0x000002a956775038]
Event: 18.336 Thread 0x000002a96be3d000 10160       2       com.android.tools.r8.graph.d0::q0 (8 bytes)
Event: 18.336 Thread 0x000002a96be3d000 nmethod 10160 0x000002a956775110 code [0x000002a956775300, 0x000002a956775678]
Event: 18.336 Thread 0x000002a96be3d000 10162       2       com.android.tools.r8.internal.tE::a (130 bytes)
Event: 18.338 Thread 0x000002a96be3d000 nmethod 10162 0x000002a956775910 code [0x000002a956775ba0, 0x000002a9567765c8]
Event: 18.338 Thread 0x000002a96be3d000 10161       2       com.android.tools.r8.internal.D4::<init> (86 bytes)
Event: 18.338 Thread 0x000002a96be3d000 nmethod 10161 0x000002a956776a90 code [0x000002a956776c40, 0x000002a956776dd8]
Event: 18.338 Thread 0x000002a96be3d000 10163       2       com.android.tools.r8.internal.Zv::a (29 bytes)
Event: 18.339 Thread 0x000002a96be3d000 nmethod 10163 0x000002a956776e90 code [0x000002a956777080, 0x000002a956777438]
Event: 18.339 Thread 0x000002a96be3d000 10164       2       com.android.tools.r8.graph.H0::a (232 bytes)
Event: 18.340 Thread 0x000002a96be3d000 nmethod 10164 0x000002a956777610 code [0x000002a956777840, 0x000002a956777fa8]
Event: 18.344 Thread 0x000002a96be3d000 10167       2       com.android.tools.r8.graph.T::a (53 bytes)
Event: 18.345 Thread 0x000002a96be3d000 nmethod 10167 0x000002a956778490 code [0x000002a956778720, 0x000002a956779028]
Event: 18.345 Thread 0x000002a96be3d000 10168       2       java.util.ArrayDeque::add (7 bytes)
Event: 18.346 Thread 0x000002a96be3d000 nmethod 10168 0x000002a956779590 code [0x000002a956779740, 0x000002a956779868]
Event: 18.346 Thread 0x000002a96be3d000 10169       2       com.android.tools.r8.graph.G0::a (69 bytes)
Event: 18.347 Thread 0x000002a96be3d000 nmethod 10169 0x000002a956779910 code [0x000002a956779b20, 0x000002a95677a058]
Event: 18.347 Thread 0x000002a96be3d000 10170       2       com.android.tools.r8.internal.n5::<init> (37 bytes)
Event: 18.347 Thread 0x000002a96be3d000 nmethod 10170 0x000002a95677a310 code [0x000002a95677a4c0, 0x000002a95677a738]
Event: 18.355 Thread 0x000002a96be3d000 10171 %     3       java.util.IdentityHashMap::resize @ 58 (153 bytes)

GC Heap History (20 events):
Event: 12.623 GC heap after
{Heap after GC invocations=17 (full 0):
 garbage-first heap   total 138240K, used 53681K [0x0000000080000000, 0x0000000100000000)
  region size 1024K, 5 young (5120K), 5 survivors (5120K)
 Metaspace       used 68499K, capacity 70129K, committed 70144K, reserved 1110016K
  class space    used 8868K, capacity 9464K, committed 9472K, reserved 1048576K
}
Event: 13.767 GC heap before
{Heap before GC invocations=17 (full 0):
 garbage-first heap   total 138240K, used 108977K [0x0000000080000000, 0x0000000100000000)
  region size 1024K, 59 young (60416K), 5 survivors (5120K)
 Metaspace       used 74914K, capacity 76713K, committed 77056K, reserved 1116160K
  class space    used 9776K, capacity 10403K, committed 10496K, reserved 1048576K
}
Event: 13.775 GC heap after
{Heap after GC invocations=18 (full 0):
 garbage-first heap   total 138240K, used 56426K [0x0000000080000000, 0x0000000100000000)
  region size 1024K, 8 young (8192K), 8 survivors (8192K)
 Metaspace       used 74914K, capacity 76713K, committed 77056K, reserved 1116160K
  class space    used 9776K, capacity 10403K, committed 10496K, reserved 1048576K
}
Event: 14.961 GC heap before
{Heap before GC invocations=18 (full 0):
 garbage-first heap   total 138240K, used 109674K [0x0000000080000000, 0x0000000100000000)
  region size 1024K, 61 young (62464K), 8 survivors (8192K)
 Metaspace       used 78363K, capacity 80408K, committed 80512K, reserved 1118208K
  class space    used 10304K, capacity 11056K, committed 11136K, reserved 1048576K
}
Event: 14.972 GC heap after
{Heap after GC invocations=19 (full 0):
 garbage-first heap   total 138240K, used 60768K [0x0000000080000000, 0x0000000100000000)
  region size 1024K, 8 young (8192K), 8 survivors (8192K)
 Metaspace       used 78363K, capacity 80408K, committed 80512K, reserved 1118208K
  class space    used 10304K, capacity 11056K, committed 11136K, reserved 1048576K
}
Event: 15.848 GC heap before
{Heap before GC invocations=19 (full 0):
 garbage-first heap   total 138240K, used 110944K [0x0000000080000000, 0x0000000100000000)
  region size 1024K, 58 young (59392K), 8 survivors (8192K)
 Metaspace       used 79907K, capacity 81955K, committed 82176K, reserved 1120256K
  class space    used 10432K, capacity 11197K, committed 11264K, reserved 1048576K
}
Event: 15.860 GC heap after
{Heap after GC invocations=20 (full 0):
 garbage-first heap   total 165888K, used 63975K [0x0000000080000000, 0x0000000100000000)
  region size 1024K, 4 young (4096K), 4 survivors (4096K)
 Metaspace       used 79907K, capacity 81955K, committed 82176K, reserved 1120256K
  class space    used 10432K, capacity 11197K, committed 11264K, reserved 1048576K
}
Event: 16.738 GC heap before
{Heap before GC invocations=20 (full 0):
 garbage-first heap   total 165888K, used 128487K [0x0000000080000000, 0x0000000100000000)
  region size 1024K, 68 young (69632K), 4 survivors (4096K)
 Metaspace       used 83597K, capacity 85715K, committed 86016K, reserved 1124352K
  class space    used 10876K, capacity 11652K, committed 11776K, reserved 1048576K
}
Event: 16.749 GC heap after
{Heap after GC invocations=21 (full 0):
 garbage-first heap   total 165888K, used 66628K [0x0000000080000000, 0x0000000100000000)
  region size 1024K, 7 young (7168K), 7 survivors (7168K)
 Metaspace       used 83597K, capacity 85715K, committed 86016K, reserved 1124352K
  class space    used 10876K, capacity 11652K, committed 11776K, reserved 1048576K
}
Event: 17.276 GC heap before
{Heap before GC invocations=21 (full 0):
 garbage-first heap   total 165888K, used 130116K [0x0000000080000000, 0x0000000100000000)
  region size 1024K, 70 young (71680K), 7 survivors (7168K)
 Metaspace       used 85164K, capacity 87359K, committed 87424K, reserved 1124352K
  class space    used 11085K, capacity 11891K, committed 11904K, reserved 1048576K
}
Event: 17.286 GC heap after
{Heap after GC invocations=22 (full 0):
 garbage-first heap   total 165888K, used 79653K [0x0000000080000000, 0x0000000100000000)
  region size 1024K, 9 young (9216K), 9 survivors (9216K)
 Metaspace       used 85164K, capacity 87359K, committed 87424K, reserved 1124352K
  class space    used 11085K, capacity 11891K, committed 11904K, reserved 1048576K
}
Event: 17.712 GC heap before
{Heap before GC invocations=22 (full 0):
 garbage-first heap   total 165888K, used 128805K [0x0000000080000000, 0x0000000100000000)
  region size 1024K, 58 young (59392K), 9 survivors (9216K)
 Metaspace       used 88217K, capacity 90573K, committed 90880K, reserved 1128448K
  class space    used 11571K, capacity 12471K, committed 12544K, reserved 1048576K
}
Event: 17.726 GC heap after
{Heap after GC invocations=23 (full 0):
 garbage-first heap   total 165888K, used 86311K [0x0000000080000000, 0x0000000100000000)
  region size 1024K, 8 young (8192K), 8 survivors (8192K)
 Metaspace       used 88217K, capacity 90573K, committed 90880K, reserved 1128448K
  class space    used 11571K, capacity 12471K, committed 12544K, reserved 1048576K
}
Event: 17.940 GC heap before
{Heap before GC invocations=23 (full 0):
 garbage-first heap   total 165888K, used 129319K [0x0000000080000000, 0x0000000100000000)
  region size 1024K, 50 young (51200K), 8 survivors (8192K)
 Metaspace       used 89541K, capacity 91959K, committed 92160K, reserved 1128448K
  class space    used 11758K, capacity 12696K, committed 12800K, reserved 1048576K
}
Event: 17.978 GC heap after
{Heap after GC invocations=24 (full 0):
 garbage-first heap   total 165888K, used 93839K [0x0000000080000000, 0x0000000100000000)
  region size 1024K, 7 young (7168K), 7 survivors (7168K)
 Metaspace       used 89541K, capacity 91959K, committed 92160K, reserved 1128448K
  class space    used 11758K, capacity 12696K, committed 12800K, reserved 1048576K
}
Event: 18.170 GC heap before
{Heap before GC invocations=24 (full 0):
 garbage-first heap   total 165888K, used 130703K [0x0000000080000000, 0x0000000100000000)
  region size 1024K, 43 young (44032K), 7 survivors (7168K)
 Metaspace       used 90087K, capacity 92369K, committed 92928K, reserved 1130496K
  class space    used 11777K, capacity 12674K, committed 12800K, reserved 1048576K
}
Event: 18.189 GC heap after
{Heap after GC invocations=25 (full 0):
 garbage-first heap   total 165888K, used 101113K [0x0000000080000000, 0x0000000100000000)
  region size 1024K, 6 young (6144K), 6 survivors (6144K)
 Metaspace       used 90087K, capacity 92369K, committed 92928K, reserved 1130496K
  class space    used 11777K, capacity 12674K, committed 12800K, reserved 1048576K
}
Event: 18.276 GC heap before
{Heap before GC invocations=26 (full 0):
 garbage-first heap   total 165888K, used 132857K [0x0000000080000000, 0x0000000100000000)
  region size 1024K, 37 young (37888K), 6 survivors (6144K)
 Metaspace       used 90263K, capacity 92620K, committed 93056K, reserved 1130496K
  class space    used 11814K, capacity 12734K, committed 12928K, reserved 1048576K
}
Event: 18.295 GC heap after
{Heap after GC invocations=27 (full 0):
 garbage-first heap   total 165888K, used 107520K [0x0000000080000000, 0x0000000100000000)
  region size 1024K, 5 young (5120K), 5 survivors (5120K)
 Metaspace       used 90263K, capacity 92620K, committed 93056K, reserved 1130496K
  class space    used 11814K, capacity 12734K, committed 12928K, reserved 1048576K
}
Event: 18.356 GC heap before
{Heap before GC invocations=27 (full 0):
 garbage-first heap   total 165888K, used 135168K [0x0000000080000000, 0x0000000100000000)
  region size 1024K, 32 young (32768K), 5 survivors (5120K)
 Metaspace       used 90681K, capacity 93068K, committed 93312K, reserved 1130496K
  class space    used 11887K, capacity 12818K, committed 12928K, reserved 1048576K
}

Deoptimization events (20 events):
Event: 17.862 Thread 0x000002a96e9cf800 DEOPT PACKING pc=0x000002a9566660b8 sp=0x000000cb61ef9950
Event: 17.862 Thread 0x000002a96e9cf800 DEOPT UNPACKING pc=0x000002a954ce76ce sp=0x000000cb61ef8e78 mode 0
Event: 17.863 Thread 0x000002a97241e800 DEOPT PACKING pc=0x000002a9566660b8 sp=0x000000cb620f9aa0
Event: 17.863 Thread 0x000002a97241e800 DEOPT UNPACKING pc=0x000002a954ce76ce sp=0x000000cb620f8fc8 mode 0
Event: 17.865 Thread 0x000002a97241f000 DEOPT PACKING pc=0x000002a9566660e8 sp=0x000000cb625f9890
Event: 17.865 Thread 0x000002a97241f000 DEOPT UNPACKING pc=0x000002a954ce76ce sp=0x000000cb625f8db8 mode 0
Event: 17.934 Thread 0x000002a97241b000 Uncommon trap: trap_request=0xffffff4d fr.pc=0x000002a95ccb0308 relative=0x0000000000001da8
Event: 17.934 Thread 0x000002a97241b000 Uncommon trap: reason=unstable_if action=reinterpret pc=0x000002a95ccb0308 method=com.android.tools.r8.internal.E9.e(Ljava/lang/String;)[Ljava/lang/String; @ 149 c2
Event: 17.934 Thread 0x000002a97241b000 DEOPT PACKING pc=0x000002a95ccb0308 sp=0x000000cb623f9450
Event: 17.934 Thread 0x000002a97241b000 DEOPT UNPACKING pc=0x000002a954ce78af sp=0x000000cb623f9438 mode 2
Event: 18.207 Thread 0x000002a97241b000 DEOPT PACKING pc=0x000002a9566c1b07 sp=0x000000cb623f8da0
Event: 18.207 Thread 0x000002a97241b000 DEOPT UNPACKING pc=0x000002a954ce76ce sp=0x000000cb623f82c0 mode 0
Event: 18.223 Thread 0x000002a97241e800 DEOPT PACKING pc=0x000002a95662492b sp=0x000000cb620f9580
Event: 18.223 Thread 0x000002a97241e800 DEOPT UNPACKING pc=0x000002a954ce76ce sp=0x000000cb620f8e88 mode 0
Event: 18.320 Thread 0x000002a97241b000 DEOPT PACKING pc=0x000002a956637d9b sp=0x000000cb623f98c0
Event: 18.320 Thread 0x000002a97241b000 DEOPT UNPACKING pc=0x000002a954ce76ce sp=0x000000cb623f8df0 mode 0
Event: 18.333 Thread 0x000002a96e9cf800 DEOPT PACKING pc=0x000002a956637d9b sp=0x000000cb61ef9920
Event: 18.333 Thread 0x000002a96e9cf800 DEOPT UNPACKING pc=0x000002a954ce76ce sp=0x000000cb61ef8e50 mode 0
Event: 18.350 Thread 0x000002a97241f000 DEOPT PACKING pc=0x000002a956637d9b sp=0x000000cb625f9f70
Event: 18.350 Thread 0x000002a97241f000 DEOPT UNPACKING pc=0x000002a954ce76ce sp=0x000000cb625f94a0 mode 0

Classes redefined (0 events):
No events

Internal exceptions (20 events):
Event: 17.546 Thread 0x000002a96e9cf800 Exception <a 'java/lang/NoSuchMethodError'{0x0000000088fe2400}: 'java.lang.Object java.lang.invoke.DirectMethodHandle$Holder.invokeStatic(java.lang.Object, long)'> (0x0000000088fe2400) thrown at [./src/hotspot/share/interpreter/linkResolver.cpp, line 773]
Event: 17.546 Thread 0x000002a97241b000 Exception <a 'java/lang/NoSuchMethodError'{0x00000000890edfc0}: 'java.lang.Object java.lang.invoke.DirectMethodHandle$Holder.invokeStatic(java.lang.Object, long)'> (0x00000000890edfc0) thrown at [./src/hotspot/share/interpreter/linkResolver.cpp, line 773]
Event: 17.546 Thread 0x000002a972428000 Exception <a 'java/lang/NoSuchMethodError'{0x0000000088e0d170}: 'java.lang.Object java.lang.invoke.DirectMethodHandle$Holder.invokeStatic(java.lang.Object, long)'> (0x0000000088e0d170) thrown at [./src/hotspot/share/interpreter/linkResolver.cpp, line 773]
Event: 17.547 Thread 0x000002a972421800 Exception <a 'java/lang/NoSuchMethodError'{0x0000000088e14078}: 'java.lang.Object java.lang.invoke.DirectMethodHandle$Holder.invokeStatic(java.lang.Object, long)'> (0x0000000088e14078) thrown at [./src/hotspot/share/interpreter/linkResolver.cpp, line 773]
Event: 17.548 Thread 0x000002a97241b000 Exception <a 'java/lang/NoSuchMethodError'{0x00000000890f19d0}: 'java.lang.Object java.lang.invoke.Invokers$Holder.linkToTargetMethod(long, java.lang.Object)'> (0x00000000890f19d0) thrown at [./src/hotspot/share/interpreter/linkResolver.cpp, line 773]
Event: 17.548 Thread 0x000002a972421800 Exception <a 'java/lang/NoSuchMethodError'{0x0000000088e17800}: 'java.lang.Object java.lang.invoke.Invokers$Holder.linkToTargetMethod(long, java.lang.Object)'> (0x0000000088e17800) thrown at [./src/hotspot/share/interpreter/linkResolver.cpp, line 773]
Event: 17.548 Thread 0x000002a96e9ca000 Exception <a 'java/lang/NoSuchMethodError'{0x0000000088f83120}: 'java.lang.Object java.lang.invoke.Invokers$Holder.linkToTargetMethod(long, java.lang.Object)'> (0x0000000088f83120) thrown at [./src/hotspot/share/interpreter/linkResolver.cpp, line 773]
Event: 17.548 Thread 0x000002a96e9cf800 Exception <a 'java/lang/NoSuchMethodError'{0x0000000088e292c8}: 'java.lang.Object java.lang.invoke.Invokers$Holder.linkToTargetMethod(long, java.lang.Object)'> (0x0000000088e292c8) thrown at [./src/hotspot/share/interpreter/linkResolver.cpp, line 773]
Event: 17.676 Thread 0x000002a972421800 Exception <a 'java/lang/NoSuchMethodError'{0x0000000087848d78}: 'int java.lang.invoke.DirectMethodHandle$Holder.invokeVirtual(java.lang.Object, java.lang.Object, java.lang.Object, java.lang.Object)'> (0x0000000087848d78) thrown at [./src/hotspot/share/interpreter/linkResolver.cpp, line 773]
Event: 17.676 Thread 0x000002a972428000 Exception <a 'java/lang/NoSuchMethodError'{0x0000000087859e88}: 'int java.lang.invoke.DirectMethodHandle$Holder.invokeVirtual(java.lang.Object, java.lang.Object, java.lang.Object, java.lang.Object)'> (0x0000000087859e88) thrown at [./src/hotspot/share/interpreter/linkResolver.cpp, line 773]
Event: 17.676 Thread 0x000002a96e9ca000 Exception <a 'java/lang/NoSuchMethodError'{0x0000000087852ff0}: 'int java.lang.invoke.DirectMethodHandle$Holder.invokeVirtual(java.lang.Object, java.lang.Object, java.lang.Object, java.lang.Object)'> (0x0000000087852ff0) thrown at [./src/hotspot/share/interpreter/linkResolver.cpp, line 773]
Event: 17.736 Thread 0x000002a96e9ca000 Exception <a 'java/lang/NoSuchMethodError'{0x0000000089fb82e8}: 'void java.lang.invoke.DirectMethodHandle$Holder.invokeStatic(java.lang.Object, java.lang.Object, java.lang.Object, int)'> (0x0000000089fb82e8) thrown at [./src/hotspot/share/interpreter/linkResolver.cpp, line 773]
Event: 17.737 Thread 0x000002a972428000 Exception <a 'java/lang/NoSuchMethodError'{0x0000000089ff3d98}: 'void java.lang.invoke.DirectMethodHandle$Holder.invokeStatic(java.lang.Object, java.lang.Object, java.lang.Object, int)'> (0x0000000089ff3d98) thrown at [./src/hotspot/share/interpreter/linkResolver.cpp, line 773]
Event: 17.738 Thread 0x000002a97241e800 Exception <a 'java/lang/IncompatibleClassChangeError'{0x0000000089fdfbd0}: Found class java.lang.Object, but interface was expected> (0x0000000089fdfbd0) thrown at [./src/hotspot/share/interpreter/linkResolver.cpp, line 839]
Event: 17.738 Thread 0x000002a972428000 Exception <a 'java/lang/IncompatibleClassChangeError'{0x0000000089ffa878}: Found class java.lang.Object, but interface was expected> (0x0000000089ffa878) thrown at [./src/hotspot/share/interpreter/linkResolver.cpp, line 839]
Event: 17.746 Thread 0x000002a96e9ca000 Exception <a 'java/lang/NoSuchMethodError'{0x0000000089c8d7b0}: 'int java.lang.invoke.DirectMethodHandle$Holder.invokeVirtual(java.lang.Object, java.lang.Object, java.lang.Object)'> (0x0000000089c8d7b0) thrown at [./src/hotspot/share/interpreter/linkResolver.cpp, line 773]
Event: 18.058 Thread 0x000002a972428000 Exception <a 'java/lang/NoSuchMethodError'{0x0000000088e1b3b0}: 'java.lang.Object java.lang.invoke.DirectMethodHandle$Holder.invokeStatic(java.lang.Object, int, java.lang.Object, java.lang.Object)'> (0x0000000088e1b3b0) thrown at [./src/hotspot/share/interpreter/linkResolver.cpp, line 773]
Event: 18.261 Thread 0x000002a96e9ca000 Exception <a 'java/lang/NoSuchMethodError'{0x000000008886d0f0}: 'java.lang.Object java.lang.invoke.Invokers$Holder.linkToTargetMethod(java.lang.Object, java.lang.Object, java.lang.Object, java.lang.Object, java.lang.Object, java.lang.Object, java.lang.Object)'> (0x000000008886d0f0) thrown at [./src/hotspot/share/interpreter/linkResolver.cpp, line 773]
Event: 18.261 Thread 0x000002a972421800 Exception <a 'java/lang/NoSuchMethodError'{0x000000008885e948}: 'java.lang.Object java.lang.invoke.Invokers$Holder.linkToTargetMethod(java.lang.Object, java.lang.Object, java.lang.Object, java.lang.Object, java.lang.Object, java.lang.Object, java.lang.Object)'> (0x000000008885e948) thrown at [./src/hotspot/share/interpreter/linkResolver.cpp, line 773]
Event: 18.261 Thread 0x000002a972428000 Exception <a 'java/lang/NoSuchMethodError'{0x0000000088864020}: 'java.lang.Object java.lang.invoke.Invokers$Holder.linkToTargetMethod(java.lang.Object, java.lang.Object, java.lang.Object, java.lang.Object, java.lang.Object, java.lang.Object, java.lang.Object)'> (0x0000000088864020) thrown at [./src/hotspot/share/interpreter/linkResolver.cpp, line 773]

Events (20 events):
Event: 18.344 loading class com/android/tools/r8/internal/Me done
Event: 18.347 loading class com/android/tools/r8/internal/gv
Event: 18.347 loading class com/android/tools/r8/internal/gv done
Event: 18.348 loading class com/android/tools/r8/internal/lC
Event: 18.348 loading class com/android/tools/r8/internal/lC done
Event: 18.349 loading class com/android/tools/r8/internal/Wr
Event: 18.349 loading class com/android/tools/r8/internal/Wr done
Event: 18.350 loading class com/android/tools/r8/internal/u1
Event: 18.350 loading class com/android/tools/r8/internal/u1 done
Event: 18.351 loading class com/android/tools/r8/internal/Ph
Event: 18.351 loading class com/android/tools/r8/internal/Ph done
Event: 18.352 loading class com/android/tools/r8/internal/LG
Event: 18.352 loading class com/android/tools/r8/internal/LG done
Event: 18.353 loading class com/android/tools/r8/internal/IA
Event: 18.353 loading class com/android/tools/r8/internal/IA done
Event: 18.354 loading class com/android/tools/r8/internal/FB
Event: 18.354 loading class com/android/tools/r8/internal/FB done
Event: 18.355 loading class com/android/tools/r8/internal/Dg
Event: 18.355 loading class com/android/tools/r8/internal/Dg done
Event: 18.355 Executing VM operation: G1CollectForAllocation


Dynamic libraries:
0x00007ff744300000 - 0x00007ff74430a000 	D:\Programmi\Android Studio\jre\bin\java.exe
0x00007ffcc35d0000 - 0x00007ffcc37c5000 	C:\WINDOWS\SYSTEM32\ntdll.dll
0x00007ffcc26a0000 - 0x00007ffcc275e000 	C:\WINDOWS\System32\KERNEL32.DLL
0x00007ffcc0ce0000 - 0x00007ffcc0fa8000 	C:\WINDOWS\System32\KERNELBASE.dll
0x00007ffcbe5f0000 - 0x00007ffcbe680000 	C:\WINDOWS\SYSTEM32\apphelp.dll
0x00007ffcc1130000 - 0x00007ffcc1230000 	C:\WINDOWS\System32\ucrtbase.dll
0x00007ffcbba10000 - 0x00007ffcbba29000 	D:\Programmi\Android Studio\jre\bin\jli.dll
0x00007ffcbb920000 - 0x00007ffcbb937000 	D:\Programmi\Android Studio\jre\bin\VCRUNTIME140.dll
0x00007ffcc33e0000 - 0x00007ffcc3581000 	C:\WINDOWS\System32\USER32.dll
0x00007ffcb6930000 - 0x00007ffcb6bca000 	C:\WINDOWS\WinSxS\amd64_microsoft.windows.common-controls_6595b64144ccf1df_6.0.19041.1110_none_60b5254171f9507e\COMCTL32.dll
0x00007ffcc1100000 - 0x00007ffcc1122000 	C:\WINDOWS\System32\win32u.dll
0x00007ffcc1bd0000 - 0x00007ffcc1c6e000 	C:\WINDOWS\System32\msvcrt.dll
0x00007ffcc2550000 - 0x00007ffcc257b000 	C:\WINDOWS\System32\GDI32.dll
0x00007ffcc1470000 - 0x00007ffcc157d000 	C:\WINDOWS\System32\gdi32full.dll
0x00007ffcc0fb0000 - 0x00007ffcc104d000 	C:\WINDOWS\System32\msvcp_win.dll
0x00007ffcc21f0000 - 0x00007ffcc2220000 	C:\WINDOWS\System32\IMM32.DLL
0x00007ffc8eb60000 - 0x00007ffc8ebfd000 	D:\Programmi\Android Studio\jre\bin\msvcp140.dll
0x00007ffc898e0000 - 0x00007ffc8a3af000 	D:\Programmi\Android Studio\jre\bin\server\jvm.dll
0x00007ffcc2760000 - 0x00007ffcc280c000 	C:\WINDOWS\System32\ADVAPI32.dll
0x00007ffcc1680000 - 0x00007ffcc171b000 	C:\WINDOWS\System32\sechost.dll
0x00007ffcc2290000 - 0x00007ffcc23ba000 	C:\WINDOWS\System32\RPCRT4.dll
0x00007ffcc2c80000 - 0x00007ffcc2c88000 	C:\WINDOWS\System32\PSAPI.DLL
0x00007ffcae400000 - 0x00007ffcae409000 	C:\WINDOWS\SYSTEM32\WSOCK32.dll
0x00007ffcb31f0000 - 0x00007ffcb31fa000 	C:\WINDOWS\SYSTEM32\VERSION.dll
0x00007ffcb4b70000 - 0x00007ffcb4b97000 	C:\WINDOWS\SYSTEM32\WINMM.dll
0x00007ffcc2220000 - 0x00007ffcc228b000 	C:\WINDOWS\System32\WS2_32.dll
0x00007ffcbebd0000 - 0x00007ffcbebe2000 	C:\WINDOWS\SYSTEM32\kernel.appcore.dll
0x00007ffcbb940000 - 0x00007ffcbb951000 	D:\Programmi\Android Studio\jre\bin\verify.dll
0x00007ffcb8670000 - 0x00007ffcb8854000 	C:\WINDOWS\SYSTEM32\DBGHELP.DLL
0x00007ffcb8640000 - 0x00007ffcb866c000 	C:\WINDOWS\SYSTEM32\dbgcore.DLL
0x00007ffcc13e0000 - 0x00007ffcc1462000 	C:\WINDOWS\System32\bcryptPrimitives.dll
0x00007ffcbb0f0000 - 0x00007ffcbb119000 	D:\Programmi\Android Studio\jre\bin\java.dll
0x00007ffcbbd70000 - 0x00007ffcbbd7b000 	D:\Programmi\Android Studio\jre\bin\jimage.dll
0x00007ffcbb870000 - 0x00007ffcbb888000 	D:\Programmi\Android Studio\jre\bin\zip.dll
0x00007ffcc2c90000 - 0x00007ffcc33d4000 	C:\WINDOWS\System32\SHELL32.dll
0x00007ffcbedd0000 - 0x00007ffcbf564000 	C:\WINDOWS\SYSTEM32\windows.storage.dll
0x00007ffcc2870000 - 0x00007ffcc2bc5000 	C:\WINDOWS\System32\combase.dll
0x00007ffcc0660000 - 0x00007ffcc068e000 	C:\WINDOWS\SYSTEM32\Wldp.dll
0x00007ffcc17f0000 - 0x00007ffcc189d000 	C:\WINDOWS\System32\SHCORE.dll
0x00007ffcc1d10000 - 0x00007ffcc1d65000 	C:\WINDOWS\System32\shlwapi.dll
0x00007ffcc0c20000 - 0x00007ffcc0c3f000 	C:\WINDOWS\SYSTEM32\profapi.dll
0x00007ffcbb810000 - 0x00007ffcbb82a000 	D:\Programmi\Android Studio\jre\bin\net.dll
0x00007ffcb77e0000 - 0x00007ffcb78ec000 	C:\WINDOWS\SYSTEM32\WINHTTP.dll
0x00007ffcc03c0000 - 0x00007ffcc042a000 	C:\WINDOWS\system32\mswsock.dll
0x00007ffcbb3f0000 - 0x00007ffcbb404000 	D:\Programmi\Android Studio\jre\bin\nio.dll
0x00007ffca6ac0000 - 0x00007ffca6ae7000 	C:\Users\Umby\.gradle\native\8bec1ad78214c89d9ad589b4d07fe93259594b29d510b10fafb7a158f7737e5d\windows-amd64\native-platform.dll
0x00007ffc8ec00000 - 0x00007ffc8ed3d000 	C:\Users\Umby\.gradle\native\53dbd7edfb1c66fb8903c78663c9afc45aea4f116125fa6feffd364cf09443e8\windows-amd64\native-platform-file-events.dll
0x00007ffcbbd50000 - 0x00007ffcbbd5a000 	D:\Programmi\Android Studio\jre\bin\management.dll
0x00007ffcbbc40000 - 0x00007ffcbbc4c000 	D:\Programmi\Android Studio\jre\bin\management_ext.dll
0x00007ffcc05b0000 - 0x00007ffcc05c8000 	C:\WINDOWS\SYSTEM32\CRYPTSP.dll
0x00007ffcbfd40000 - 0x00007ffcbfd74000 	C:\WINDOWS\system32\rsaenh.dll
0x00007ffcc1580000 - 0x00007ffcc15a7000 	C:\WINDOWS\System32\bcrypt.dll
0x00007ffcc0be0000 - 0x00007ffcc0c0e000 	C:\WINDOWS\SYSTEM32\USERENV.dll
0x00007ffcc05d0000 - 0x00007ffcc05dc000 	C:\WINDOWS\SYSTEM32\CRYPTBASE.dll
0x00007ffcc00b0000 - 0x00007ffcc00eb000 	C:\WINDOWS\SYSTEM32\IPHLPAPI.DLL
0x00007ffcc1610000 - 0x00007ffcc1618000 	C:\WINDOWS\System32\NSI.dll
0x00007ffcb8c30000 - 0x00007ffcb8c47000 	C:\WINDOWS\SYSTEM32\dhcpcsvc6.DLL
0x00007ffcb9560000 - 0x00007ffcb957d000 	C:\WINDOWS\SYSTEM32\dhcpcsvc.DLL
0x00007ffcc00f0000 - 0x00007ffcc01bb000 	C:\WINDOWS\SYSTEM32\DNSAPI.dll

dbghelp: loaded successfully - version: 4.0.5 - missing functions: none
symbol engine: initialized successfully - sym options: 0x614 - pdb path: .;D:\Programmi\Android Studio\jre\bin;C:\WINDOWS\SYSTEM32;C:\WINDOWS\WinSxS\amd64_microsoft.windows.common-controls_6595b64144ccf1df_6.0.19041.1110_none_60b5254171f9507e;D:\Programmi\Android Studio\jre\bin\server;C:\Users\Umby\.gradle\native\8bec1ad78214c89d9ad589b4d07fe93259594b29d510b10fafb7a158f7737e5d\windows-amd64;C:\Users\Umby\.gradle\native\53dbd7edfb1c66fb8903c78663c9afc45aea4f116125fa6feffd364cf09443e8\windows-amd64

VM Arguments:
jvm_args: --add-opens=java.base/java.util=ALL-UNNAMED --add-opens=java.base/java.lang=ALL-UNNAMED --add-opens=java.base/java.lang.invoke=ALL-UNNAMED --add-opens=java.base/java.util=ALL-UNNAMED --add-opens=java.prefs/java.util.prefs=ALL-UNNAMED --add-opens=java.prefs/java.util.prefs=ALL-UNNAMED --add-opens=java.base/java.nio.charset=ALL-UNNAMED --add-opens=java.base/java.net=ALL-UNNAMED --add-opens=java.base/java.util.concurrent.atomic=ALL-UNNAMED -Xmx2048m -Dfile.encoding=UTF-8 -Duser.country=IT -Duser.language=it -Duser.variant 
java_command: org.gradle.launcher.daemon.bootstrap.GradleDaemon 7.0.2
java_class_path (initial): C:\Users\Umby\.gradle\wrapper\dists\gradle-7.0.2-bin\857tjihv64xamwrf0h14cai3r\gradle-7.0.2\lib\gradle-launcher-7.0.2.jar
Launcher Type: SUN_STANDARD

[Global flags]
     intx CICompilerCount                          = 4                                         {product} {ergonomic}
     uint ConcGCThreads                            = 2                                         {product} {ergonomic}
     uint G1ConcRefinementThreads                  = 8                                         {product} {ergonomic}
   size_t G1HeapRegionSize                         = 1048576                                   {product} {ergonomic}
    uintx GCDrainStackTargetSize                   = 64                                        {product} {ergonomic}
   size_t InitialHeapSize                          = 117440512                                 {product} {ergonomic}
   size_t MarkStackSize                            = 4194304                                   {product} {ergonomic}
   size_t MaxHeapSize                              = 2147483648                                {product} {command line}
   size_t MaxNewSize                               = 1287651328                                {product} {ergonomic}
   size_t MinHeapDeltaBytes                        = 1048576                                   {product} {ergonomic}
    uintx NonNMethodCodeHeapSize                   = 5836300                                {pd product} {ergonomic}
    uintx NonProfiledCodeHeapSize                  = 122910970                              {pd product} {ergonomic}
    uintx ProfiledCodeHeapSize                     = 122910970                              {pd product} {ergonomic}
    uintx ReservedCodeCacheSize                    = 251658240                              {pd product} {ergonomic}
     bool SegmentedCodeCache                       = true                                      {product} {ergonomic}
     bool UseCompressedClassPointers               = true                                 {lp64_product} {ergonomic}
     bool UseCompressedOops                        = true                                 {lp64_product} {ergonomic}
     bool UseG1GC                                  = true                                      {product} {ergonomic}
     bool UseLargePagesIndividualAllocation        = false                                  {pd product} {ergonomic}

Logging:
Log output configuration:
 #0: stdout all=warning uptime,level,tags
 #1: stderr all=off uptime,level,tags

Environment Variables:
PATH=C:\Program Files (x86)\Common Files\Oracle\Java\javapath;C:\Program Files (x86)\NVIDIA Corporation\PhysX\Common;C:\WINDOWS\system32;C:\WINDOWS;C:\WINDOWS\System32\Wbem;C:\WINDOWS\System32\WindowsPowerShell\v1.0\;C:\WINDOWS\System32\OpenSSH\;C:\Program Files\Intel\WiFi\bin\;C:\Program Files\Common Files\Intel\WirelessCommon\;D:\Programmi\MinGW\bin;C:\Users\Umby\AppData\Local\Microsoft\WindowsApps;D:\Programmi\Microsoft VS Code\bin
USERNAME=Umby
OS=Windows_NT
PROCESSOR_IDENTIFIER=AMD64 Family 23 Model 17 Stepping 0, AuthenticAMD



---------------  S Y S T E M  ---------------

OS: Windows 10 , 64 bit Build 19041 (10.0.19041.1348)
OS uptime: 2 days 12:19 hours

CPU:total 8 (initial active 8) (8 cores per cpu, 2 threads per core) family 23 model 17 stepping 0 microcode 0x0, cmov, cx8, fxsr, mmx, sse, sse2, sse3, ssse3, sse4.1, sse4.2, popcnt, avx, avx2, aes, clmul, mmxext, 3dnowpref, lzcnt, sse4a, ht, tsc, tscinvbit, tscinv, bmi1, bmi2, adx, s

Memory: 4k page, system-wide physical 7069M (376M free)
TotalPageFile size 17309M (AvailPageFile size 31M)
current process WorkingSet (physical memory assigned to process): 453M, peak: 453M
current process commit charge ("private bytes"): 514M, peak: 549M

vm_info: OpenJDK 64-Bit Server VM (11.0.10+0-b96-7249189) for windows-amd64 JRE (11.0.10+0-b96-7249189), built on Mar 31 2021 21:44:00 by "builder" with MS VC++ 14.0 (VS2015)

END.
