#
# There is insufficient memory for the Java Runtime Environment to continue.
# Native memory allocation (malloc) failed to allocate 1534576 bytes for Chunk::new
# Possible reasons:
#   The system is out of physical RAM or swap space
#   The process is running with CompressedOops enabled, and the Java Heap may be blocking the growth of the native heap
# Possible solutions:
#   Reduce memory load on the system
#   Increase physical memory or swap space
#   Check if swap backing store is full
#   Decrease Java heap size (-Xmx/-Xms)
#   Decrease number of Java threads
#   Decrease Java thread stack sizes (-Xss)
#   Set larger code cache with -XX:ReservedCodeCacheSize=
#   JVM is running with Unscaled Compressed Oops mode in which the Java heap is
#     placed in the first 4GB address space. The Java Heap base address is the
#     maximum limit for the native heap growth. Please use -XX:HeapBaseMinAddress
#     to set the Java Heap base and to place the Java Heap above 4GB virtual address.
# This output file may be truncated or incomplete.
#
#  Out of Memory Error (./src/hotspot/share/memory/arena.cpp:197), pid=9812, tid=3368
#
# JRE version: OpenJDK Runtime Environment (11.0.12+7) (build 11.0.12+7-b1504.28-7817840)
# Java VM: OpenJDK 64-Bit Server VM (11.0.12+7-b1504.28-7817840, mixed mode, tiered, compressed oops, g1 gc, windows-amd64)
# No core dump will be written. Minidumps are not enabled by default on client versions of Windows
#

---------------  S U M M A R Y ------------

Command Line: --add-opens=java.base/java.util=ALL-UNNAMED --add-opens=java.base/java.lang=ALL-UNNAMED --add-opens=java.base/java.lang.invoke=ALL-UNNAMED --add-opens=java.base/java.util=ALL-UNNAMED --add-opens=java.prefs/java.util.prefs=ALL-UNNAMED --add-opens=java.prefs/java.util.prefs=ALL-UNNAMED --add-opens=java.base/java.nio.charset=ALL-UNNAMED --add-opens=java.base/java.net=ALL-UNNAMED --add-opens=java.base/java.util.concurrent.atomic=ALL-UNNAMED -Xmx2048m -Dfile.encoding=UTF-8 -Duser.country=IT -Duser.language=it -Duser.variant org.gradle.launcher.daemon.bootstrap.GradleDaemon 7.0.2

Host: Intel(R) Core(TM) i7-4790 CPU @ 3.60GHz, 8 cores, 15G,  Windows 10 , 64 bit Build 19041 (10.0.19041.1706)
Time: Sun Jun 12 13:40:07 2022 ora legale Europa occidentale elapsed time: 6.374475 seconds (0d 0h 0m 6s)

---------------  T H R E A D  ---------------

Current thread (0x000001ae5885b000):  JavaThread "C2 CompilerThread2" daemon [_thread_in_native, id=3368, stack(0x00000038cb500000,0x00000038cb600000)]


Current CompileTask:
C2:   6374 3174       4       java.lang.String::split (324 bytes)

Stack: [0x00000038cb500000,0x00000038cb600000]
Native frames: (J=compiled Java code, j=interpreted, Vv=VM code, C=native code)
V  [jvm.dll+0x5fbcea]
V  [jvm.dll+0x731905]
V  [jvm.dll+0x732f1d]
V  [jvm.dll+0x7335d3]
V  [jvm.dll+0x247bf8]
V  [jvm.dll+0xc018c]
V  [jvm.dll+0xc06cc]
V  [jvm.dll+0x35b2db]
V  [jvm.dll+0x328803]
V  [jvm.dll+0x327cfa]
V  [jvm.dll+0x200602]
V  [jvm.dll+0x1ff794]
V  [jvm.dll+0x18868c]
V  [jvm.dll+0x20e0d7]
V  [jvm.dll+0x20c901]
V  [jvm.dll+0x6f9b7f]
V  [jvm.dll+0x6f26a5]
V  [jvm.dll+0x5fabf6]
C  [ucrtbase.dll+0x21bb2]
C  [KERNEL32.DLL+0x17034]
C  [ntdll.dll+0x52651]


---------------  P R O C E S S  ---------------

Threads class SMR info:
_java_thread_list=0x000001ae56efcfb0, length=32, elements={
0x000001ae3819b000, 0x000001ae52e9e000, 0x000001ae52e9f800, 0x000001ae52eff000,
0x000001ae52f03000, 0x000001ae52f04800, 0x000001ae52f0b800, 0x000001ae52f0f800,
0x000001ae52f13000, 0x000001ae53071000, 0x000001ae5417a000, 0x000001ae53dd7000,
0x000001ae548db800, 0x000001ae543e0800, 0x000001ae53e64000, 0x000001ae53c3f800,
0x000001ae53149800, 0x000001ae53182000, 0x000001ae558b9800, 0x000001ae55464800,
0x000001ae55465000, 0x000001ae55463800, 0x000001ae55466000, 0x000001ae55462000,
0x000001ae55460800, 0x000001ae55467000, 0x000001ae55461000, 0x000001ae55462800,
0x000001ae58691000, 0x000001ae58692000, 0x000001ae55c8f800, 0x000001ae5885b000
}

Java Threads: ( => current thread )
  0x000001ae3819b000 JavaThread "main" [_thread_blocked, id=1700, stack(0x00000038c8900000,0x00000038c8a00000)]
  0x000001ae52e9e000 JavaThread "Reference Handler" daemon [_thread_blocked, id=3128, stack(0x00000038c9000000,0x00000038c9100000)]
  0x000001ae52e9f800 JavaThread "Finalizer" daemon [_thread_blocked, id=10796, stack(0x00000038c9100000,0x00000038c9200000)]
  0x000001ae52eff000 JavaThread "Signal Dispatcher" daemon [_thread_blocked, id=6612, stack(0x00000038c9200000,0x00000038c9300000)]
  0x000001ae52f03000 JavaThread "Attach Listener" daemon [_thread_blocked, id=17332, stack(0x00000038c9300000,0x00000038c9400000)]
  0x000001ae52f04800 JavaThread "Service Thread" daemon [_thread_blocked, id=15404, stack(0x00000038c9400000,0x00000038c9500000)]
  0x000001ae52f0b800 JavaThread "C2 CompilerThread0" daemon [_thread_blocked, id=1424, stack(0x00000038c9500000,0x00000038c9600000)]
  0x000001ae52f0f800 JavaThread "C1 CompilerThread0" daemon [_thread_blocked, id=3840, stack(0x00000038c9600000,0x00000038c9700000)]
  0x000001ae52f13000 JavaThread "Sweeper thread" daemon [_thread_blocked, id=7740, stack(0x00000038c9700000,0x00000038c9800000)]
  0x000001ae53071000 JavaThread "Common-Cleaner" daemon [_thread_blocked, id=5448, stack(0x00000038c9800000,0x00000038c9900000)]
  0x000001ae5417a000 JavaThread "Daemon health stats" [_thread_blocked, id=17996, stack(0x00000038ca100000,0x00000038ca200000)]
  0x000001ae53dd7000 JavaThread "Incoming local TCP Connector on port 58374" [_thread_in_native, id=17380, stack(0x00000038c9a00000,0x00000038c9b00000)]
  0x000001ae548db800 JavaThread "Daemon periodic checks" [_thread_blocked, id=14512, stack(0x00000038c9b00000,0x00000038c9c00000)]
  0x000001ae543e0800 JavaThread "Daemon" [_thread_blocked, id=15996, stack(0x00000038ca200000,0x00000038ca300000)]
  0x000001ae53e64000 JavaThread "Handler for socket connection from /127.0.0.1:58374 to /127.0.0.1:58375" [_thread_in_native, id=7276, stack(0x00000038ca300000,0x00000038ca400000)]
  0x000001ae53c3f800 JavaThread "Cancel handler" [_thread_blocked, id=14788, stack(0x00000038ca400000,0x00000038ca500000)]
  0x000001ae53149800 JavaThread "Daemon worker" [_thread_in_native, id=12408, stack(0x00000038ca500000,0x00000038ca600000)]
  0x000001ae53182000 JavaThread "Asynchronous log dispatcher for DefaultDaemonConnection: socket connection from /127.0.0.1:58374 to /127.0.0.1:58375" [_thread_blocked, id=15492, stack(0x00000038ca600000,0x00000038ca700000)]
  0x000001ae558b9800 JavaThread "Stdin handler" [_thread_blocked, id=11876, stack(0x00000038ca700000,0x00000038ca800000)]
  0x000001ae55464800 JavaThread "Daemon client event forwarder" [_thread_blocked, id=996, stack(0x00000038ca800000,0x00000038ca900000)]
  0x000001ae55465000 JavaThread "Cache worker for file hash cache (C:\Users\corel\.gradle\caches\7.0.2\fileHashes)" [_thread_blocked, id=4748, stack(0x00000038ca900000,0x00000038caa00000)]
  0x000001ae55463800 JavaThread "File lock request listener" [_thread_in_native, id=8996, stack(0x00000038caa00000,0x00000038cab00000)]
  0x000001ae55466000 JavaThread "Cache worker for journal cache (C:\Users\corel\.gradle\caches\journal-1)" [_thread_blocked, id=2668, stack(0x00000038cae00000,0x00000038caf00000)]
  0x000001ae55462000 JavaThread "Cache worker for file hash cache (C:\Users\corel\AndroidStudioProjects\Pothub\.gradle\7.0.2\fileHashes)" [_thread_blocked, id=3152, stack(0x00000038cb000000,0x00000038cb100000)]
  0x000001ae55460800 JavaThread "File watcher server" daemon [_thread_in_native, id=16608, stack(0x00000038cb100000,0x00000038cb200000)]
  0x000001ae55467000 JavaThread "File watcher consumer" daemon [_thread_blocked, id=6848, stack(0x00000038cb200000,0x00000038cb300000)]
  0x000001ae55461000 JavaThread "Cache worker for checksums cache (C:\Users\corel\AndroidStudioProjects\Pothub\.gradle\checksums)" [_thread_blocked, id=16512, stack(0x00000038cb300000,0x00000038cb400000)]
  0x000001ae55462800 JavaThread "Cache worker for cache directory md-supplier (C:\Users\corel\.gradle\caches\7.0.2\md-supplier)" [_thread_blocked, id=18028, stack(0x00000038cb400000,0x00000038cb500000)]
  0x000001ae58691000 JavaThread "Cache worker for cache directory md-rule (C:\Users\corel\.gradle\caches\7.0.2\md-rule)" [_thread_blocked, id=4092, stack(0x00000038cb600000,0x00000038cb700000)]
  0x000001ae58692000 JavaThread "Cache worker for execution history cache (C:\Users\corel\.gradle\caches\7.0.2\executionHistory)" [_thread_blocked, id=13796, stack(0x00000038cb700000,0x00000038cb800000)]
  0x000001ae55c8f800 JavaThread "C2 CompilerThread1" daemon [_thread_blocked, id=13212, stack(0x00000038caf00000,0x00000038cb000000)]
=>0x000001ae5885b000 JavaThread "C2 CompilerThread2" daemon [_thread_in_native, id=3368, stack(0x00000038cb500000,0x00000038cb600000)]

Other Threads:
  0x000001ae52e9b000 VMThread "VM Thread" [stack: 0x00000038c8f00000,0x00000038c9000000] [id=14824]
  0x000001ae5308e800 WatcherThread [stack: 0x00000038c9900000,0x00000038c9a00000] [id=13288]
  0x000001ae381b5800 GCTaskThread "GC Thread#0" [stack: 0x00000038c8a00000,0x00000038c8b00000] [id=15096]
  0x000001ae53148800 GCTaskThread "GC Thread#1" [stack: 0x00000038c9c00000,0x00000038c9d00000] [id=9276]
  0x000001ae53b8e000 GCTaskThread "GC Thread#2" [stack: 0x00000038c9d00000,0x00000038c9e00000] [id=11300]
  0x000001ae53b8e800 GCTaskThread "GC Thread#3" [stack: 0x00000038c9e00000,0x00000038c9f00000] [id=5864]
  0x000001ae53ab0800 GCTaskThread "GC Thread#4" [stack: 0x00000038c9f00000,0x00000038ca000000] [id=4236]
  0x000001ae53ab1800 GCTaskThread "GC Thread#5" [stack: 0x00000038ca000000,0x00000038ca100000] [id=15416]
  0x000001ae559ec800 GCTaskThread "GC Thread#6" [stack: 0x00000038cab00000,0x00000038cac00000] [id=3016]
  0x000001ae562c4800 GCTaskThread "GC Thread#7" [stack: 0x00000038cac00000,0x00000038cad00000] [id=13648]
  0x000001ae381e9800 ConcurrentGCThread "G1 Main Marker" [stack: 0x00000038c8b00000,0x00000038c8c00000] [id=14796]
  0x000001ae381eb800 ConcurrentGCThread "G1 Conc#0" [stack: 0x00000038c8c00000,0x00000038c8d00000] [id=11744]
  0x000001ae5589f800 ConcurrentGCThread "G1 Conc#1" [stack: 0x00000038cad00000,0x00000038cae00000] [id=5764]
  0x000001ae3827e000 ConcurrentGCThread "G1 Refine#0" [stack: 0x00000038c8d00000,0x00000038c8e00000] [id=8628]
  0x000001ae524e8800 ConcurrentGCThread "G1 Young RemSet Sampling" [stack: 0x00000038c8e00000,0x00000038c8f00000] [id=888]

Threads with active compile tasks:
C2 CompilerThread2   6413 3174       4       java.lang.String::split (324 bytes)

VM state:not at safepoint (normal execution)

VM Mutex/Monitor currently owned by a thread: None

Heap address: 0x0000000080000000, size: 2048 MB, Compressed Oops mode: 32-bit
Narrow klass base: 0x0000000000000000, Narrow klass shift: 3
Compressed class space size: 1073741824 Address: 0x0000000100000000

Heap:
 garbage-first heap   total 262144K, used 45684K [0x0000000080000000, 0x0000000100000000)
  region size 1024K, 30 young (30720K), 6 survivors (6144K)
 Metaspace       used 36312K, capacity 37073K, committed 37324K, reserved 1081344K
  class space    used 4676K, capacity 4956K, committed 5068K, reserved 1048576K
Heap Regions: E=young(eden), S=young(survivor), O=old, HS=humongous(starts), HC=humongous(continues), CS=collection set, F=free, A=archive, TAMS=top-at-mark-start (previous, next)
|   0|0x0000000080000000, 0x0000000080100000, 0x0000000080100000|100%| O|  |TAMS 0x0000000080100000, 0x0000000080000000| Untracked 
|   1|0x0000000080100000, 0x0000000080200000, 0x0000000080200000|100%| O|  |TAMS 0x0000000080200000, 0x0000000080100000| Untracked 
|   2|0x0000000080200000, 0x0000000080300000, 0x0000000080300000|100%| O|  |TAMS 0x0000000080300000, 0x0000000080200000| Untracked 
|   3|0x0000000080300000, 0x0000000080400000, 0x0000000080400000|100%|HS|  |TAMS 0x0000000080400000, 0x0000000080300000| Complete 
|   4|0x0000000080400000, 0x0000000080500000, 0x0000000080500000|100%|HC|  |TAMS 0x0000000080500000, 0x0000000080400000| Complete 
|   5|0x0000000080500000, 0x0000000080600000, 0x0000000080600000|100%|HC|  |TAMS 0x0000000080600000, 0x0000000080500000| Complete 
|   6|0x0000000080600000, 0x0000000080700000, 0x0000000080700000|100%| O|  |TAMS 0x0000000080700000, 0x0000000080600000| Untracked 
|   7|0x0000000080700000, 0x0000000080800000, 0x0000000080800000|100%| O|  |TAMS 0x0000000080800000, 0x0000000080700000| Untracked 
|   8|0x0000000080800000, 0x0000000080900000, 0x0000000080900000|100%| O|  |TAMS 0x0000000080900000, 0x0000000080800000| Untracked 
|   9|0x0000000080900000, 0x0000000080a00000, 0x0000000080a00000|100%| O|  |TAMS 0x0000000080a00000, 0x0000000080900000| Untracked 
|  10|0x0000000080a00000, 0x0000000080b00000, 0x0000000080b00000|100%| O|  |TAMS 0x0000000080b00000, 0x0000000080a00000| Untracked 
|  11|0x0000000080b00000, 0x0000000080c00000, 0x0000000080c00000|100%| O|  |TAMS 0x0000000080c00000, 0x0000000080b00000| Untracked 
|  12|0x0000000080c00000, 0x0000000080d00000, 0x0000000080d00000|100%| O|  |TAMS 0x0000000080d00000, 0x0000000080c00000| Untracked 
|  13|0x0000000080d00000, 0x0000000080e00000, 0x0000000080e00000|100%| O|  |TAMS 0x0000000080e00000, 0x0000000080d00000| Untracked 
|  14|0x0000000080e00000, 0x0000000080f00000, 0x0000000080f00000|100%| O|  |TAMS 0x0000000080f00000, 0x0000000080e00000| Untracked 
|  15|0x0000000080f00000, 0x0000000081000000, 0x0000000081000000|100%| O|  |TAMS 0x0000000081000000, 0x0000000080f00000| Untracked 
|  16|0x0000000081000000, 0x0000000081039200, 0x0000000081100000| 22%| O|  |TAMS 0x0000000081039200, 0x0000000081000000| Untracked 
|  17|0x0000000081100000, 0x0000000081100000, 0x0000000081200000|  0%| F|  |TAMS 0x0000000081100000, 0x0000000081100000| Untracked 
|  18|0x0000000081200000, 0x0000000081200000, 0x0000000081300000|  0%| F|  |TAMS 0x0000000081200000, 0x0000000081200000| Untracked 
|  19|0x0000000081300000, 0x0000000081300000, 0x0000000081400000|  0%| F|  |TAMS 0x0000000081300000, 0x0000000081300000| Untracked 
|  20|0x0000000081400000, 0x0000000081400000, 0x0000000081500000|  0%| F|  |TAMS 0x0000000081400000, 0x0000000081400000| Untracked 
|  21|0x0000000081500000, 0x0000000081500000, 0x0000000081600000|  0%| F|  |TAMS 0x0000000081500000, 0x0000000081500000| Untracked 
|  22|0x0000000081600000, 0x0000000081600000, 0x0000000081700000|  0%| F|  |TAMS 0x0000000081600000, 0x0000000081600000| Untracked 
|  23|0x0000000081700000, 0x0000000081700000, 0x0000000081800000|  0%| F|  |TAMS 0x0000000081700000, 0x0000000081700000| Untracked 
|  24|0x0000000081800000, 0x0000000081800000, 0x0000000081900000|  0%| F|  |TAMS 0x0000000081800000, 0x0000000081800000| Untracked 
|  25|0x0000000081900000, 0x0000000081900000, 0x0000000081a00000|  0%| F|  |TAMS 0x0000000081900000, 0x0000000081900000| Untracked 
|  26|0x0000000081a00000, 0x0000000081a00000, 0x0000000081b00000|  0%| F|  |TAMS 0x0000000081a00000, 0x0000000081a00000| Untracked 
|  27|0x0000000081b00000, 0x0000000081b00000, 0x0000000081c00000|  0%| F|  |TAMS 0x0000000081b00000, 0x0000000081b00000| Untracked 
|  28|0x0000000081c00000, 0x0000000081c00000, 0x0000000081d00000|  0%| F|  |TAMS 0x0000000081c00000, 0x0000000081c00000| Untracked 
|  29|0x0000000081d00000, 0x0000000081d00000, 0x0000000081e00000|  0%| F|  |TAMS 0x0000000081d00000, 0x0000000081d00000| Untracked 
|  30|0x0000000081e00000, 0x0000000081e00000, 0x0000000081f00000|  0%| F|  |TAMS 0x0000000081e00000, 0x0000000081e00000| Untracked 
|  31|0x0000000081f00000, 0x0000000081f00000, 0x0000000082000000|  0%| F|  |TAMS 0x0000000081f00000, 0x0000000081f00000| Untracked 
|  32|0x0000000082000000, 0x0000000082000000, 0x0000000082100000|  0%| F|  |TAMS 0x0000000082000000, 0x0000000082000000| Untracked 
|  33|0x0000000082100000, 0x0000000082100000, 0x0000000082200000|  0%| F|  |TAMS 0x0000000082100000, 0x0000000082100000| Untracked 
|  34|0x0000000082200000, 0x0000000082200000, 0x0000000082300000|  0%| F|  |TAMS 0x0000000082200000, 0x0000000082200000| Untracked 
|  35|0x0000000082300000, 0x0000000082300000, 0x0000000082400000|  0%| F|  |TAMS 0x0000000082300000, 0x0000000082300000| Untracked 
|  36|0x0000000082400000, 0x0000000082400000, 0x0000000082500000|  0%| F|  |TAMS 0x0000000082400000, 0x0000000082400000| Untracked 
|  37|0x0000000082500000, 0x0000000082500000, 0x0000000082600000|  0%| F|  |TAMS 0x0000000082500000, 0x0000000082500000| Untracked 
|  38|0x0000000082600000, 0x0000000082600000, 0x0000000082700000|  0%| F|  |TAMS 0x0000000082600000, 0x0000000082600000| Untracked 
|  39|0x0000000082700000, 0x0000000082700000, 0x0000000082800000|  0%| F|  |TAMS 0x0000000082700000, 0x0000000082700000| Untracked 
|  40|0x0000000082800000, 0x0000000082800000, 0x0000000082900000|  0%| F|  |TAMS 0x0000000082800000, 0x0000000082800000| Untracked 
|  41|0x0000000082900000, 0x0000000082900000, 0x0000000082a00000|  0%| F|  |TAMS 0x0000000082900000, 0x0000000082900000| Untracked 
|  42|0x0000000082a00000, 0x0000000082a00000, 0x0000000082b00000|  0%| F|  |TAMS 0x0000000082a00000, 0x0000000082a00000| Untracked 
|  43|0x0000000082b00000, 0x0000000082b00000, 0x0000000082c00000|  0%| F|  |TAMS 0x0000000082b00000, 0x0000000082b00000| Untracked 
|  44|0x0000000082c00000, 0x0000000082c00000, 0x0000000082d00000|  0%| F|  |TAMS 0x0000000082c00000, 0x0000000082c00000| Untracked 
|  45|0x0000000082d00000, 0x0000000082d00000, 0x0000000082e00000|  0%| F|  |TAMS 0x0000000082d00000, 0x0000000082d00000| Untracked 
|  46|0x0000000082e00000, 0x0000000082e00000, 0x0000000082f00000|  0%| F|  |TAMS 0x0000000082e00000, 0x0000000082e00000| Untracked 
|  47|0x0000000082f00000, 0x0000000082f00000, 0x0000000083000000|  0%| F|  |TAMS 0x0000000082f00000, 0x0000000082f00000| Untracked 
|  48|0x0000000083000000, 0x0000000083000000, 0x0000000083100000|  0%| F|  |TAMS 0x0000000083000000, 0x0000000083000000| Untracked 
|  49|0x0000000083100000, 0x0000000083100000, 0x0000000083200000|  0%| F|  |TAMS 0x0000000083100000, 0x0000000083100000| Untracked 
|  50|0x0000000083200000, 0x0000000083200000, 0x0000000083300000|  0%| F|  |TAMS 0x0000000083200000, 0x0000000083200000| Untracked 
|  51|0x0000000083300000, 0x0000000083300000, 0x0000000083400000|  0%| F|  |TAMS 0x0000000083300000, 0x0000000083300000| Untracked 
|  52|0x0000000083400000, 0x0000000083400000, 0x0000000083500000|  0%| F|  |TAMS 0x0000000083400000, 0x0000000083400000| Untracked 
|  53|0x0000000083500000, 0x0000000083500000, 0x0000000083600000|  0%| F|  |TAMS 0x0000000083500000, 0x0000000083500000| Untracked 
|  54|0x0000000083600000, 0x0000000083600000, 0x0000000083700000|  0%| F|  |TAMS 0x0000000083600000, 0x0000000083600000| Untracked 
|  55|0x0000000083700000, 0x0000000083700000, 0x0000000083800000|  0%| F|  |TAMS 0x0000000083700000, 0x0000000083700000| Untracked 
|  56|0x0000000083800000, 0x0000000083800000, 0x0000000083900000|  0%| F|  |TAMS 0x0000000083800000, 0x0000000083800000| Untracked 
|  57|0x0000000083900000, 0x0000000083900000, 0x0000000083a00000|  0%| F|  |TAMS 0x0000000083900000, 0x0000000083900000| Untracked 
|  58|0x0000000083a00000, 0x0000000083a00000, 0x0000000083b00000|  0%| F|  |TAMS 0x0000000083a00000, 0x0000000083a00000| Untracked 
|  59|0x0000000083b00000, 0x0000000083b00000, 0x0000000083c00000|  0%| F|  |TAMS 0x0000000083b00000, 0x0000000083b00000| Untracked 
|  60|0x0000000083c00000, 0x0000000083c00000, 0x0000000083d00000|  0%| F|  |TAMS 0x0000000083c00000, 0x0000000083c00000| Untracked 
|  61|0x0000000083d00000, 0x0000000083d00000, 0x0000000083e00000|  0%| F|  |TAMS 0x0000000083d00000, 0x0000000083d00000| Untracked 
|  62|0x0000000083e00000, 0x0000000083e00000, 0x0000000083f00000|  0%| F|  |TAMS 0x0000000083e00000, 0x0000000083e00000| Untracked 
|  63|0x0000000083f00000, 0x0000000083f00000, 0x0000000084000000|  0%| F|  |TAMS 0x0000000083f00000, 0x0000000083f00000| Untracked 
|  64|0x0000000084000000, 0x0000000084000000, 0x0000000084100000|  0%| F|  |TAMS 0x0000000084000000, 0x0000000084000000| Untracked 
|  65|0x0000000084100000, 0x0000000084100000, 0x0000000084200000|  0%| F|  |TAMS 0x0000000084100000, 0x0000000084100000| Untracked 
|  66|0x0000000084200000, 0x0000000084200000, 0x0000000084300000|  0%| F|  |TAMS 0x0000000084200000, 0x0000000084200000| Untracked 
|  67|0x0000000084300000, 0x0000000084300000, 0x0000000084400000|  0%| F|  |TAMS 0x0000000084300000, 0x0000000084300000| Untracked 
|  68|0x0000000084400000, 0x0000000084400000, 0x0000000084500000|  0%| F|  |TAMS 0x0000000084400000, 0x0000000084400000| Untracked 
|  69|0x0000000084500000, 0x0000000084500000, 0x0000000084600000|  0%| F|  |TAMS 0x0000000084500000, 0x0000000084500000| Untracked 
|  70|0x0000000084600000, 0x0000000084600000, 0x0000000084700000|  0%| F|  |TAMS 0x0000000084600000, 0x0000000084600000| Untracked 
|  71|0x0000000084700000, 0x0000000084700000, 0x0000000084800000|  0%| F|  |TAMS 0x0000000084700000, 0x0000000084700000| Untracked 
|  72|0x0000000084800000, 0x0000000084800000, 0x0000000084900000|  0%| F|  |TAMS 0x0000000084800000, 0x0000000084800000| Untracked 
|  73|0x0000000084900000, 0x0000000084900000, 0x0000000084a00000|  0%| F|  |TAMS 0x0000000084900000, 0x0000000084900000| Untracked 
|  74|0x0000000084a00000, 0x0000000084a00000, 0x0000000084b00000|  0%| F|  |TAMS 0x0000000084a00000, 0x0000000084a00000| Untracked 
|  75|0x0000000084b00000, 0x0000000084b00000, 0x0000000084c00000|  0%| F|  |TAMS 0x0000000084b00000, 0x0000000084b00000| Untracked 
|  76|0x0000000084c00000, 0x0000000084c00000, 0x0000000084d00000|  0%| F|  |TAMS 0x0000000084c00000, 0x0000000084c00000| Untracked 
|  77|0x0000000084d00000, 0x0000000084d00000, 0x0000000084e00000|  0%| F|  |TAMS 0x0000000084d00000, 0x0000000084d00000| Untracked 
|  78|0x0000000084e00000, 0x0000000084e00000, 0x0000000084f00000|  0%| F|  |TAMS 0x0000000084e00000, 0x0000000084e00000| Untracked 
|  79|0x0000000084f00000, 0x0000000084f00000, 0x0000000085000000|  0%| F|  |TAMS 0x0000000084f00000, 0x0000000084f00000| Untracked 
|  80|0x0000000085000000, 0x0000000085000000, 0x0000000085100000|  0%| F|  |TAMS 0x0000000085000000, 0x0000000085000000| Untracked 
|  81|0x0000000085100000, 0x0000000085100000, 0x0000000085200000|  0%| F|  |TAMS 0x0000000085100000, 0x0000000085100000| Untracked 
|  82|0x0000000085200000, 0x0000000085200000, 0x0000000085300000|  0%| F|  |TAMS 0x0000000085200000, 0x0000000085200000| Untracked 
|  83|0x0000000085300000, 0x0000000085300000, 0x0000000085400000|  0%| F|  |TAMS 0x0000000085300000, 0x0000000085300000| Untracked 
|  84|0x0000000085400000, 0x0000000085400000, 0x0000000085500000|  0%| F|  |TAMS 0x0000000085400000, 0x0000000085400000| Untracked 
|  85|0x0000000085500000, 0x0000000085500000, 0x0000000085600000|  0%| F|  |TAMS 0x0000000085500000, 0x0000000085500000| Untracked 
|  86|0x0000000085600000, 0x0000000085600000, 0x0000000085700000|  0%| F|  |TAMS 0x0000000085600000, 0x0000000085600000| Untracked 
|  87|0x0000000085700000, 0x0000000085700000, 0x0000000085800000|  0%| F|  |TAMS 0x0000000085700000, 0x0000000085700000| Untracked 
|  88|0x0000000085800000, 0x0000000085800000, 0x0000000085900000|  0%| F|  |TAMS 0x0000000085800000, 0x0000000085800000| Untracked 
|  89|0x0000000085900000, 0x0000000085900000, 0x0000000085a00000|  0%| F|  |TAMS 0x0000000085900000, 0x0000000085900000| Untracked 
|  90|0x0000000085a00000, 0x0000000085a00000, 0x0000000085b00000|  0%| F|  |TAMS 0x0000000085a00000, 0x0000000085a00000| Untracked 
|  91|0x0000000085b00000, 0x0000000085b00000, 0x0000000085c00000|  0%| F|  |TAMS 0x0000000085b00000, 0x0000000085b00000| Untracked 
|  92|0x0000000085c00000, 0x0000000085c00000, 0x0000000085d00000|  0%| F|  |TAMS 0x0000000085c00000, 0x0000000085c00000| Untracked 
|  93|0x0000000085d00000, 0x0000000085d00000, 0x0000000085e00000|  0%| F|  |TAMS 0x0000000085d00000, 0x0000000085d00000| Untracked 
|  94|0x0000000085e00000, 0x0000000085e00000, 0x0000000085f00000|  0%| F|  |TAMS 0x0000000085e00000, 0x0000000085e00000| Untracked 
|  95|0x0000000085f00000, 0x0000000085f00000, 0x0000000086000000|  0%| F|  |TAMS 0x0000000085f00000, 0x0000000085f00000| Untracked 
|  96|0x0000000086000000, 0x0000000086000000, 0x0000000086100000|  0%| F|  |TAMS 0x0000000086000000, 0x0000000086000000| Untracked 
|  97|0x0000000086100000, 0x0000000086100000, 0x0000000086200000|  0%| F|  |TAMS 0x0000000086100000, 0x0000000086100000| Untracked 
|  98|0x0000000086200000, 0x0000000086200000, 0x0000000086300000|  0%| F|  |TAMS 0x0000000086200000, 0x0000000086200000| Untracked 
|  99|0x0000000086300000, 0x0000000086300000, 0x0000000086400000|  0%| F|  |TAMS 0x0000000086300000, 0x0000000086300000| Untracked 
| 100|0x0000000086400000, 0x0000000086400000, 0x0000000086500000|  0%| F|  |TAMS 0x0000000086400000, 0x0000000086400000| Untracked 
| 101|0x0000000086500000, 0x0000000086500000, 0x0000000086600000|  0%| F|  |TAMS 0x0000000086500000, 0x0000000086500000| Untracked 
| 102|0x0000000086600000, 0x0000000086600000, 0x0000000086700000|  0%| F|  |TAMS 0x0000000086600000, 0x0000000086600000| Untracked 
| 103|0x0000000086700000, 0x0000000086700000, 0x0000000086800000|  0%| F|  |TAMS 0x0000000086700000, 0x0000000086700000| Untracked 
| 104|0x0000000086800000, 0x0000000086800000, 0x0000000086900000|  0%| F|  |TAMS 0x0000000086800000, 0x0000000086800000| Untracked 
| 105|0x0000000086900000, 0x0000000086900000, 0x0000000086a00000|  0%| F|  |TAMS 0x0000000086900000, 0x0000000086900000| Untracked 
| 106|0x0000000086a00000, 0x0000000086a00000, 0x0000000086b00000|  0%| F|  |TAMS 0x0000000086a00000, 0x0000000086a00000| Untracked 
| 107|0x0000000086b00000, 0x0000000086b00000, 0x0000000086c00000|  0%| F|  |TAMS 0x0000000086b00000, 0x0000000086b00000| Untracked 
| 108|0x0000000086c00000, 0x0000000086c00000, 0x0000000086d00000|  0%| F|  |TAMS 0x0000000086c00000, 0x0000000086c00000| Untracked 
| 109|0x0000000086d00000, 0x0000000086d00000, 0x0000000086e00000|  0%| F|  |TAMS 0x0000000086d00000, 0x0000000086d00000| Untracked 
| 110|0x0000000086e00000, 0x0000000086e00000, 0x0000000086f00000|  0%| F|  |TAMS 0x0000000086e00000, 0x0000000086e00000| Untracked 
| 111|0x0000000086f00000, 0x0000000086f00000, 0x0000000087000000|  0%| F|  |TAMS 0x0000000086f00000, 0x0000000086f00000| Untracked 
| 112|0x0000000087000000, 0x0000000087000000, 0x0000000087100000|  0%| F|  |TAMS 0x0000000087000000, 0x0000000087000000| Untracked 
| 113|0x0000000087100000, 0x0000000087100000, 0x0000000087200000|  0%| F|  |TAMS 0x0000000087100000, 0x0000000087100000| Untracked 
| 114|0x0000000087200000, 0x0000000087200000, 0x0000000087300000|  0%| F|  |TAMS 0x0000000087200000, 0x0000000087200000| Untracked 
| 115|0x0000000087300000, 0x0000000087300000, 0x0000000087400000|  0%| F|  |TAMS 0x0000000087300000, 0x0000000087300000| Untracked 
| 116|0x0000000087400000, 0x0000000087400000, 0x0000000087500000|  0%| F|  |TAMS 0x0000000087400000, 0x0000000087400000| Untracked 
| 117|0x0000000087500000, 0x0000000087500000, 0x0000000087600000|  0%| F|  |TAMS 0x0000000087500000, 0x0000000087500000| Untracked 
| 118|0x0000000087600000, 0x0000000087600000, 0x0000000087700000|  0%| F|  |TAMS 0x0000000087600000, 0x0000000087600000| Untracked 
| 119|0x0000000087700000, 0x0000000087700000, 0x0000000087800000|  0%| F|  |TAMS 0x0000000087700000, 0x0000000087700000| Untracked 
| 120|0x0000000087800000, 0x0000000087800000, 0x0000000087900000|  0%| F|  |TAMS 0x0000000087800000, 0x0000000087800000| Untracked 
| 121|0x0000000087900000, 0x0000000087900000, 0x0000000087a00000|  0%| F|  |TAMS 0x0000000087900000, 0x0000000087900000| Untracked 
| 122|0x0000000087a00000, 0x0000000087a00000, 0x0000000087b00000|  0%| F|  |TAMS 0x0000000087a00000, 0x0000000087a00000| Untracked 
| 123|0x0000000087b00000, 0x0000000087b00000, 0x0000000087c00000|  0%| F|  |TAMS 0x0000000087b00000, 0x0000000087b00000| Untracked 
| 124|0x0000000087c00000, 0x0000000087c00000, 0x0000000087d00000|  0%| F|  |TAMS 0x0000000087c00000, 0x0000000087c00000| Untracked 
| 125|0x0000000087d00000, 0x0000000087d00000, 0x0000000087e00000|  0%| F|  |TAMS 0x0000000087d00000, 0x0000000087d00000| Untracked 
| 126|0x0000000087e00000, 0x0000000087e00000, 0x0000000087f00000|  0%| F|  |TAMS 0x0000000087e00000, 0x0000000087e00000| Untracked 
| 127|0x0000000087f00000, 0x0000000087f00000, 0x0000000088000000|  0%| F|  |TAMS 0x0000000087f00000, 0x0000000087f00000| Untracked 
| 128|0x0000000088000000, 0x0000000088000000, 0x0000000088100000|  0%| F|  |TAMS 0x0000000088000000, 0x0000000088000000| Untracked 
| 129|0x0000000088100000, 0x0000000088100000, 0x0000000088200000|  0%| F|  |TAMS 0x0000000088100000, 0x0000000088100000| Untracked 
| 130|0x0000000088200000, 0x0000000088200000, 0x0000000088300000|  0%| F|  |TAMS 0x0000000088200000, 0x0000000088200000| Untracked 
| 131|0x0000000088300000, 0x0000000088300000, 0x0000000088400000|  0%| F|  |TAMS 0x0000000088300000, 0x0000000088300000| Untracked 
| 132|0x0000000088400000, 0x0000000088400000, 0x0000000088500000|  0%| F|  |TAMS 0x0000000088400000, 0x0000000088400000| Untracked 
| 133|0x0000000088500000, 0x0000000088500000, 0x0000000088600000|  0%| F|  |TAMS 0x0000000088500000, 0x0000000088500000| Untracked 
| 134|0x0000000088600000, 0x0000000088600000, 0x0000000088700000|  0%| F|  |TAMS 0x0000000088600000, 0x0000000088600000| Untracked 
| 135|0x0000000088700000, 0x0000000088700000, 0x0000000088800000|  0%| F|  |TAMS 0x0000000088700000, 0x0000000088700000| Untracked 
| 136|0x0000000088800000, 0x0000000088800000, 0x0000000088900000|  0%| F|  |TAMS 0x0000000088800000, 0x0000000088800000| Untracked 
| 137|0x0000000088900000, 0x0000000088900000, 0x0000000088a00000|  0%| F|  |TAMS 0x0000000088900000, 0x0000000088900000| Untracked 
| 138|0x0000000088a00000, 0x0000000088a00000, 0x0000000088b00000|  0%| F|  |TAMS 0x0000000088a00000, 0x0000000088a00000| Untracked 
| 139|0x0000000088b00000, 0x0000000088b00000, 0x0000000088c00000|  0%| F|  |TAMS 0x0000000088b00000, 0x0000000088b00000| Untracked 
| 140|0x0000000088c00000, 0x0000000088c00000, 0x0000000088d00000|  0%| F|  |TAMS 0x0000000088c00000, 0x0000000088c00000| Untracked 
| 141|0x0000000088d00000, 0x0000000088d00000, 0x0000000088e00000|  0%| F|  |TAMS 0x0000000088d00000, 0x0000000088d00000| Untracked 
| 142|0x0000000088e00000, 0x0000000088e00000, 0x0000000088f00000|  0%| F|  |TAMS 0x0000000088e00000, 0x0000000088e00000| Untracked 
| 143|0x0000000088f00000, 0x0000000088f00000, 0x0000000089000000|  0%| F|  |TAMS 0x0000000088f00000, 0x0000000088f00000| Untracked 
| 144|0x0000000089000000, 0x0000000089000000, 0x0000000089100000|  0%| F|  |TAMS 0x0000000089000000, 0x0000000089000000| Untracked 
| 145|0x0000000089100000, 0x0000000089100000, 0x0000000089200000|  0%| F|  |TAMS 0x0000000089100000, 0x0000000089100000| Untracked 
| 146|0x0000000089200000, 0x0000000089200000, 0x0000000089300000|  0%| F|  |TAMS 0x0000000089200000, 0x0000000089200000| Untracked 
| 147|0x0000000089300000, 0x0000000089300000, 0x0000000089400000|  0%| F|  |TAMS 0x0000000089300000, 0x0000000089300000| Untracked 
| 148|0x0000000089400000, 0x0000000089400000, 0x0000000089500000|  0%| F|  |TAMS 0x0000000089400000, 0x0000000089400000| Untracked 
| 149|0x0000000089500000, 0x0000000089500000, 0x0000000089600000|  0%| F|  |TAMS 0x0000000089500000, 0x0000000089500000| Untracked 
| 150|0x0000000089600000, 0x0000000089600000, 0x0000000089700000|  0%| F|  |TAMS 0x0000000089600000, 0x0000000089600000| Untracked 
| 151|0x0000000089700000, 0x0000000089700000, 0x0000000089800000|  0%| F|  |TAMS 0x0000000089700000, 0x0000000089700000| Untracked 
| 152|0x0000000089800000, 0x0000000089800000, 0x0000000089900000|  0%| F|  |TAMS 0x0000000089800000, 0x0000000089800000| Untracked 
| 153|0x0000000089900000, 0x0000000089900000, 0x0000000089a00000|  0%| F|  |TAMS 0x0000000089900000, 0x0000000089900000| Untracked 
| 154|0x0000000089a00000, 0x0000000089a00000, 0x0000000089b00000|  0%| F|  |TAMS 0x0000000089a00000, 0x0000000089a00000| Untracked 
| 155|0x0000000089b00000, 0x0000000089b00000, 0x0000000089c00000|  0%| F|  |TAMS 0x0000000089b00000, 0x0000000089b00000| Untracked 
| 156|0x0000000089c00000, 0x0000000089c00000, 0x0000000089d00000|  0%| F|  |TAMS 0x0000000089c00000, 0x0000000089c00000| Untracked 
| 157|0x0000000089d00000, 0x0000000089d00000, 0x0000000089e00000|  0%| F|  |TAMS 0x0000000089d00000, 0x0000000089d00000| Untracked 
| 158|0x0000000089e00000, 0x0000000089e00000, 0x0000000089f00000|  0%| F|  |TAMS 0x0000000089e00000, 0x0000000089e00000| Untracked 
| 159|0x0000000089f00000, 0x0000000089f00000, 0x000000008a000000|  0%| F|  |TAMS 0x0000000089f00000, 0x0000000089f00000| Untracked 
| 160|0x000000008a000000, 0x000000008a000000, 0x000000008a100000|  0%| F|  |TAMS 0x000000008a000000, 0x000000008a000000| Untracked 
| 161|0x000000008a100000, 0x000000008a100000, 0x000000008a200000|  0%| F|  |TAMS 0x000000008a100000, 0x000000008a100000| Untracked 
| 162|0x000000008a200000, 0x000000008a200000, 0x000000008a300000|  0%| F|  |TAMS 0x000000008a200000, 0x000000008a200000| Untracked 
| 163|0x000000008a300000, 0x000000008a300000, 0x000000008a400000|  0%| F|  |TAMS 0x000000008a300000, 0x000000008a300000| Untracked 
| 164|0x000000008a400000, 0x000000008a400000, 0x000000008a500000|  0%| F|  |TAMS 0x000000008a400000, 0x000000008a400000| Untracked 
| 165|0x000000008a500000, 0x000000008a500000, 0x000000008a600000|  0%| F|  |TAMS 0x000000008a500000, 0x000000008a500000| Untracked 
| 166|0x000000008a600000, 0x000000008a600000, 0x000000008a700000|  0%| F|  |TAMS 0x000000008a600000, 0x000000008a600000| Untracked 
| 167|0x000000008a700000, 0x000000008a700000, 0x000000008a800000|  0%| F|  |TAMS 0x000000008a700000, 0x000000008a700000| Untracked 
| 168|0x000000008a800000, 0x000000008a800000, 0x000000008a900000|  0%| F|  |TAMS 0x000000008a800000, 0x000000008a800000| Untracked 
| 169|0x000000008a900000, 0x000000008a900000, 0x000000008aa00000|  0%| F|  |TAMS 0x000000008a900000, 0x000000008a900000| Untracked 
| 170|0x000000008aa00000, 0x000000008aa64050, 0x000000008ab00000| 39%| S|CS|TAMS 0x000000008aa00000, 0x000000008aa00000| Complete 
| 171|0x000000008ab00000, 0x000000008ac00000, 0x000000008ac00000|100%| S|CS|TAMS 0x000000008ab00000, 0x000000008ab00000| Complete 
| 172|0x000000008ac00000, 0x000000008ad00000, 0x000000008ad00000|100%| S|CS|TAMS 0x000000008ac00000, 0x000000008ac00000| Complete 
| 173|0x000000008ad00000, 0x000000008ae00000, 0x000000008ae00000|100%| S|CS|TAMS 0x000000008ad00000, 0x000000008ad00000| Complete 
| 174|0x000000008ae00000, 0x000000008af00000, 0x000000008af00000|100%| S|CS|TAMS 0x000000008ae00000, 0x000000008ae00000| Complete 
| 175|0x000000008af00000, 0x000000008b000000, 0x000000008b000000|100%| S|CS|TAMS 0x000000008af00000, 0x000000008af00000| Complete 
| 176|0x000000008b000000, 0x000000008b000000, 0x000000008b100000|  0%| F|  |TAMS 0x000000008b000000, 0x000000008b000000| Untracked 
| 177|0x000000008b100000, 0x000000008b100000, 0x000000008b200000|  0%| F|  |TAMS 0x000000008b100000, 0x000000008b100000| Untracked 
| 178|0x000000008b200000, 0x000000008b200000, 0x000000008b300000|  0%| F|  |TAMS 0x000000008b200000, 0x000000008b200000| Untracked 
| 179|0x000000008b300000, 0x000000008b300000, 0x000000008b400000|  0%| F|  |TAMS 0x000000008b300000, 0x000000008b300000| Untracked 
| 180|0x000000008b400000, 0x000000008b400000, 0x000000008b500000|  0%| F|  |TAMS 0x000000008b400000, 0x000000008b400000| Untracked 
| 181|0x000000008b500000, 0x000000008b500000, 0x000000008b600000|  0%| F|  |TAMS 0x000000008b500000, 0x000000008b500000| Untracked 
| 182|0x000000008b600000, 0x000000008b600000, 0x000000008b700000|  0%| F|  |TAMS 0x000000008b600000, 0x000000008b600000| Untracked 
| 183|0x000000008b700000, 0x000000008b700000, 0x000000008b800000|  0%| F|  |TAMS 0x000000008b700000, 0x000000008b700000| Untracked 
| 184|0x000000008b800000, 0x000000008b800000, 0x000000008b900000|  0%| F|  |TAMS 0x000000008b800000, 0x000000008b800000| Untracked 
| 185|0x000000008b900000, 0x000000008b900000, 0x000000008ba00000|  0%| F|  |TAMS 0x000000008b900000, 0x000000008b900000| Untracked 
| 186|0x000000008ba00000, 0x000000008ba00000, 0x000000008bb00000|  0%| F|  |TAMS 0x000000008ba00000, 0x000000008ba00000| Untracked 
| 187|0x000000008bb00000, 0x000000008bb00000, 0x000000008bc00000|  0%| F|  |TAMS 0x000000008bb00000, 0x000000008bb00000| Untracked 
| 188|0x000000008bc00000, 0x000000008bc00000, 0x000000008bd00000|  0%| F|  |TAMS 0x000000008bc00000, 0x000000008bc00000| Untracked 
| 189|0x000000008bd00000, 0x000000008bd00000, 0x000000008be00000|  0%| F|  |TAMS 0x000000008bd00000, 0x000000008bd00000| Untracked 
| 190|0x000000008be00000, 0x000000008be00000, 0x000000008bf00000|  0%| F|  |TAMS 0x000000008be00000, 0x000000008be00000| Untracked 
| 191|0x000000008bf00000, 0x000000008bf00000, 0x000000008c000000|  0%| F|  |TAMS 0x000000008bf00000, 0x000000008bf00000| Untracked 
| 192|0x000000008c000000, 0x000000008c000000, 0x000000008c100000|  0%| F|  |TAMS 0x000000008c000000, 0x000000008c000000| Untracked 
| 193|0x000000008c100000, 0x000000008c100000, 0x000000008c200000|  0%| F|  |TAMS 0x000000008c100000, 0x000000008c100000| Untracked 
| 194|0x000000008c200000, 0x000000008c200000, 0x000000008c300000|  0%| F|  |TAMS 0x000000008c200000, 0x000000008c200000| Untracked 
| 195|0x000000008c300000, 0x000000008c300000, 0x000000008c400000|  0%| F|  |TAMS 0x000000008c300000, 0x000000008c300000| Untracked 
| 196|0x000000008c400000, 0x000000008c400000, 0x000000008c500000|  0%| F|  |TAMS 0x000000008c400000, 0x000000008c400000| Untracked 
| 197|0x000000008c500000, 0x000000008c500000, 0x000000008c600000|  0%| F|  |TAMS 0x000000008c500000, 0x000000008c500000| Untracked 
| 198|0x000000008c600000, 0x000000008c600000, 0x000000008c700000|  0%| F|  |TAMS 0x000000008c600000, 0x000000008c600000| Untracked 
| 199|0x000000008c700000, 0x000000008c700000, 0x000000008c800000|  0%| F|  |TAMS 0x000000008c700000, 0x000000008c700000| Untracked 
| 200|0x000000008c800000, 0x000000008c800000, 0x000000008c900000|  0%| F|  |TAMS 0x000000008c800000, 0x000000008c800000| Untracked 
| 201|0x000000008c900000, 0x000000008c900000, 0x000000008ca00000|  0%| F|  |TAMS 0x000000008c900000, 0x000000008c900000| Untracked 
| 202|0x000000008ca00000, 0x000000008ca00000, 0x000000008cb00000|  0%| F|  |TAMS 0x000000008ca00000, 0x000000008ca00000| Untracked 
| 203|0x000000008cb00000, 0x000000008cb00000, 0x000000008cc00000|  0%| F|  |TAMS 0x000000008cb00000, 0x000000008cb00000| Untracked 
| 204|0x000000008cc00000, 0x000000008cc00000, 0x000000008cd00000|  0%| F|  |TAMS 0x000000008cc00000, 0x000000008cc00000| Untracked 
| 205|0x000000008cd00000, 0x000000008cd00000, 0x000000008ce00000|  0%| F|  |TAMS 0x000000008cd00000, 0x000000008cd00000| Untracked 
| 206|0x000000008ce00000, 0x000000008ce00000, 0x000000008cf00000|  0%| F|  |TAMS 0x000000008ce00000, 0x000000008ce00000| Untracked 
| 207|0x000000008cf00000, 0x000000008cf00000, 0x000000008d000000|  0%| F|  |TAMS 0x000000008cf00000, 0x000000008cf00000| Untracked 
| 208|0x000000008d000000, 0x000000008d000000, 0x000000008d100000|  0%| F|  |TAMS 0x000000008d000000, 0x000000008d000000| Untracked 
| 209|0x000000008d100000, 0x000000008d100000, 0x000000008d200000|  0%| F|  |TAMS 0x000000008d100000, 0x000000008d100000| Untracked 
| 210|0x000000008d200000, 0x000000008d200000, 0x000000008d300000|  0%| F|  |TAMS 0x000000008d200000, 0x000000008d200000| Untracked 
| 211|0x000000008d300000, 0x000000008d300000, 0x000000008d400000|  0%| F|  |TAMS 0x000000008d300000, 0x000000008d300000| Untracked 
| 212|0x000000008d400000, 0x000000008d400000, 0x000000008d500000|  0%| F|  |TAMS 0x000000008d400000, 0x000000008d400000| Untracked 
| 213|0x000000008d500000, 0x000000008d500000, 0x000000008d600000|  0%| F|  |TAMS 0x000000008d500000, 0x000000008d500000| Untracked 
| 214|0x000000008d600000, 0x000000008d600000, 0x000000008d700000|  0%| F|  |TAMS 0x000000008d600000, 0x000000008d600000| Untracked 
| 215|0x000000008d700000, 0x000000008d700000, 0x000000008d800000|  0%| F|  |TAMS 0x000000008d700000, 0x000000008d700000| Untracked 
| 216|0x000000008d800000, 0x000000008d800000, 0x000000008d900000|  0%| F|  |TAMS 0x000000008d800000, 0x000000008d800000| Untracked 
| 217|0x000000008d900000, 0x000000008d900000, 0x000000008da00000|  0%| F|  |TAMS 0x000000008d900000, 0x000000008d900000| Untracked 
| 218|0x000000008da00000, 0x000000008da00000, 0x000000008db00000|  0%| F|  |TAMS 0x000000008da00000, 0x000000008da00000| Untracked 
| 219|0x000000008db00000, 0x000000008db00000, 0x000000008dc00000|  0%| F|  |TAMS 0x000000008db00000, 0x000000008db00000| Untracked 
| 220|0x000000008dc00000, 0x000000008dc00000, 0x000000008dd00000|  0%| F|  |TAMS 0x000000008dc00000, 0x000000008dc00000| Untracked 
| 221|0x000000008dd00000, 0x000000008dd00000, 0x000000008de00000|  0%| F|  |TAMS 0x000000008dd00000, 0x000000008dd00000| Untracked 
| 222|0x000000008de00000, 0x000000008de00000, 0x000000008df00000|  0%| F|  |TAMS 0x000000008de00000, 0x000000008de00000| Untracked 
| 223|0x000000008df00000, 0x000000008df00000, 0x000000008e000000|  0%| F|  |TAMS 0x000000008df00000, 0x000000008df00000| Untracked 
| 224|0x000000008e000000, 0x000000008e000000, 0x000000008e100000|  0%| F|  |TAMS 0x000000008e000000, 0x000000008e000000| Untracked 
| 225|0x000000008e100000, 0x000000008e100000, 0x000000008e200000|  0%| F|  |TAMS 0x000000008e100000, 0x000000008e100000| Untracked 
| 226|0x000000008e200000, 0x000000008e200000, 0x000000008e300000|  0%| F|  |TAMS 0x000000008e200000, 0x000000008e200000| Untracked 
| 227|0x000000008e300000, 0x000000008e300000, 0x000000008e400000|  0%| F|  |TAMS 0x000000008e300000, 0x000000008e300000| Untracked 
| 228|0x000000008e400000, 0x000000008e400000, 0x000000008e500000|  0%| F|  |TAMS 0x000000008e400000, 0x000000008e400000| Untracked 
| 229|0x000000008e500000, 0x000000008e500000, 0x000000008e600000|  0%| F|  |TAMS 0x000000008e500000, 0x000000008e500000| Untracked 
| 230|0x000000008e600000, 0x000000008e600000, 0x000000008e700000|  0%| F|  |TAMS 0x000000008e600000, 0x000000008e600000| Untracked 
| 231|0x000000008e700000, 0x000000008e700000, 0x000000008e800000|  0%| F|  |TAMS 0x000000008e700000, 0x000000008e700000| Untracked 
| 232|0x000000008e800000, 0x000000008e882900, 0x000000008e900000| 51%| E|  |TAMS 0x000000008e800000, 0x000000008e800000| Complete 
| 233|0x000000008e900000, 0x000000008ea00000, 0x000000008ea00000|100%| E|CS|TAMS 0x000000008e900000, 0x000000008e900000| Complete 
| 234|0x000000008ea00000, 0x000000008eb00000, 0x000000008eb00000|100%| E|CS|TAMS 0x000000008ea00000, 0x000000008ea00000| Complete 
| 235|0x000000008eb00000, 0x000000008ec00000, 0x000000008ec00000|100%| E|CS|TAMS 0x000000008eb00000, 0x000000008eb00000| Complete 
| 236|0x000000008ec00000, 0x000000008ed00000, 0x000000008ed00000|100%| E|CS|TAMS 0x000000008ec00000, 0x000000008ec00000| Complete 
| 237|0x000000008ed00000, 0x000000008ee00000, 0x000000008ee00000|100%| E|CS|TAMS 0x000000008ed00000, 0x000000008ed00000| Complete 
| 238|0x000000008ee00000, 0x000000008ef00000, 0x000000008ef00000|100%| E|CS|TAMS 0x000000008ee00000, 0x000000008ee00000| Complete 
| 239|0x000000008ef00000, 0x000000008f000000, 0x000000008f000000|100%| E|CS|TAMS 0x000000008ef00000, 0x000000008ef00000| Complete 
| 240|0x000000008f000000, 0x000000008f100000, 0x000000008f100000|100%| E|CS|TAMS 0x000000008f000000, 0x000000008f000000| Complete 
| 241|0x000000008f100000, 0x000000008f200000, 0x000000008f200000|100%| E|CS|TAMS 0x000000008f100000, 0x000000008f100000| Complete 
| 242|0x000000008f200000, 0x000000008f300000, 0x000000008f300000|100%| E|CS|TAMS 0x000000008f200000, 0x000000008f200000| Complete 
| 243|0x000000008f300000, 0x000000008f400000, 0x000000008f400000|100%| E|CS|TAMS 0x000000008f300000, 0x000000008f300000| Complete 
| 244|0x000000008f400000, 0x000000008f500000, 0x000000008f500000|100%| E|CS|TAMS 0x000000008f400000, 0x000000008f400000| Complete 
| 245|0x000000008f500000, 0x000000008f600000, 0x000000008f600000|100%| E|CS|TAMS 0x000000008f500000, 0x000000008f500000| Complete 
| 246|0x000000008f600000, 0x000000008f700000, 0x000000008f700000|100%| E|CS|TAMS 0x000000008f600000, 0x000000008f600000| Complete 
| 247|0x000000008f700000, 0x000000008f800000, 0x000000008f800000|100%| E|CS|TAMS 0x000000008f700000, 0x000000008f700000| Complete 
| 248|0x000000008f800000, 0x000000008f900000, 0x000000008f900000|100%| E|CS|TAMS 0x000000008f800000, 0x000000008f800000| Complete 
| 249|0x000000008f900000, 0x000000008fa00000, 0x000000008fa00000|100%| E|CS|TAMS 0x000000008f900000, 0x000000008f900000| Complete 
| 250|0x000000008fa00000, 0x000000008fb00000, 0x000000008fb00000|100%| E|CS|TAMS 0x000000008fa00000, 0x000000008fa00000| Complete 
| 251|0x000000008fb00000, 0x000000008fc00000, 0x000000008fc00000|100%| E|CS|TAMS 0x000000008fb00000, 0x000000008fb00000| Complete 
| 252|0x000000008fc00000, 0x000000008fd00000, 0x000000008fd00000|100%| E|CS|TAMS 0x000000008fc00000, 0x000000008fc00000| Complete 
| 253|0x000000008fd00000, 0x000000008fe00000, 0x000000008fe00000|100%| E|CS|TAMS 0x000000008fd00000, 0x000000008fd00000| Complete 
| 254|0x000000008fe00000, 0x000000008ff00000, 0x000000008ff00000|100%| E|CS|TAMS 0x000000008fe00000, 0x000000008fe00000| Complete 
| 255|0x000000008ff00000, 0x0000000090000000, 0x0000000090000000|100%| E|CS|TAMS 0x000000008ff00000, 0x000000008ff00000| Complete 

Card table byte_map: [0x000001ae4b3f0000,0x000001ae4b7f0000] _byte_map_base: 0x000001ae4aff0000

Marking Bits (Prev, Next): (CMBitMap*) 0x000001ae381e0888, (CMBitMap*) 0x000001ae381e08c0
 Prev Bits: [0x000001ae4bbf0000, 0x000001ae4dbf0000)
 Next Bits: [0x000001ae4dbf0000, 0x000001ae4fbf0000)

Polling page: 0x000001ae360b0000

Metaspace:

Usage:
  Non-class:     31.36 MB capacity,    30.89 MB ( 99%) used,   401.75 KB (  1%) free+waste,    79.06 KB ( <1%) overhead. 
      Class:      4.84 MB capacity,     4.57 MB ( 94%) used,   241.61 KB (  5%) free+waste,    38.25 KB ( <1%) overhead. 
       Both:     36.20 MB capacity,    35.46 MB ( 98%) used,   643.36 KB (  2%) free+waste,   117.31 KB ( <1%) overhead. 

Virtual space:
  Non-class space:       32.00 MB reserved,      31.50 MB ( 98%) committed 
      Class space:        1.00 GB reserved,       4.95 MB ( <1%) committed 
             Both:        1.03 GB reserved,      36.45 MB (  3%) committed 

Chunk freelists:
   Non-Class:  11.00 KB
       Class:  4.00 KB
        Both:  15.00 KB

MaxMetaspaceSize: 17179869184.00 GB
CompressedClassSpaceSize: 1.00 GB
Initial GC threshold: 20.80 MB
Current GC threshold: 58.88 MB
CDS: off

CodeHeap 'non-profiled nmethods': size=120000Kb used=1791Kb max_used=1791Kb free=118208Kb
 bounds [0x000001ae43780000, 0x000001ae439f0000, 0x000001ae4acb0000]
CodeHeap 'profiled nmethods': size=120000Kb used=6690Kb max_used=6690Kb free=113310Kb
 bounds [0x000001ae3c250000, 0x000001ae3c8e0000, 0x000001ae43780000]
CodeHeap 'non-nmethods': size=5760Kb used=1585Kb max_used=1621Kb free=4174Kb
 bounds [0x000001ae3bcb0000, 0x000001ae3bf20000, 0x000001ae3c250000]
 total_blobs=3859 nmethods=3239 adapters=532
 compilation: enabled
              stopped_count=0, restarted_count=0
 full_count=0

Compilation events (20 events):
Event: 6.283 Thread 0x000001ae52f0f800 nmethod 3238 0x000001ae3c8d6c10 code [0x000001ae3c8d6e60, 0x000001ae3c8d7808]
Event: 6.290 Thread 0x000001ae52f0f800 3239       3       jdk.internal.loader.Resource::<init> (5 bytes)
Event: 6.290 Thread 0x000001ae52f0f800 nmethod 3239 0x000001ae3c8d7c90 code [0x000001ae3c8d7e40, 0x000001ae3c8d7f98]
Event: 6.300 Thread 0x000001ae52f0b800 nmethod 3167 0x000001ae43931d90 code [0x000001ae439320c0, 0x000001ae43935690]
Event: 6.300 Thread 0x000001ae52f0b800 3226       4       jdk.internal.loader.URLClassPath::getResource (74 bytes)
Event: 6.325 Thread 0x000001ae52f0b800 nmethod 3226 0x000001ae43936690 code [0x000001ae43936940, 0x000001ae43937290]
Event: 6.325 Thread 0x000001ae52f0b800 3218   !   4       jdk.internal.loader.URLClassPath$JarLoader::getResource (65 bytes)
Event: 6.339 Thread 0x000001ae52f0b800 nmethod 3218 0x000001ae43937a10 code [0x000001ae43937ca0, 0x000001ae439383f0]
Event: 6.339 Thread 0x000001ae52f0b800 3227       4       java.nio.ByteBuffer::limit (8 bytes)
Event: 6.340 Thread 0x000001ae52f0b800 nmethod 3227 0x000001ae43938910 code [0x000001ae43938aa0, 0x000001ae43938b78]
Event: 6.340 Thread 0x000001ae52f0b800 3182       4       java.lang.invoke.Invokers$Holder::linkToTargetMethod (8 bytes)
Event: 6.341 Thread 0x000001ae52f0b800 nmethod 3182 0x000001ae43938c90 code [0x000001ae43938e40, 0x000001ae43938ed8]
Event: 6.341 Thread 0x000001ae52f0b800 3183       4       java.lang.invoke.LambdaForm$MH/0x0000000100060440::invoke (8 bytes)
Event: 6.341 Thread 0x000001ae52f0b800 nmethod 3183 0x000001ae43939010 code [0x000001ae439391a0, 0x000001ae43939218]
Event: 6.342 Thread 0x000001ae52f0b800 3210       4       java.util.HashMap$HashMapSpliterator::getFence (53 bytes)
Event: 6.342 Thread 0x000001ae52f0b800 nmethod 3210 0x000001ae43939310 code [0x000001ae439394a0, 0x000001ae43939538]
Event: 6.342 Thread 0x000001ae52f0b800 3196       4       java.util.stream.ReferencePipeline$2$1::accept (27 bytes)
Event: 6.343 Thread 0x000001ae52f0b800 nmethod 3196 0x000001ae43939610 code [0x000001ae439397a0, 0x000001ae43939858]
Event: 6.343 Thread 0x000001ae52f0b800 3211       4       java.util.HashMap$KeySpliterator::characteristics (30 bytes)
Event: 6.344 Thread 0x000001ae52f0b800 nmethod 3211 0x000001ae43939990 code [0x000001ae43939b20, 0x000001ae43939b98]

GC Heap History (8 events):
Event: 0.812 GC heap before
{Heap before GC invocations=0 (full 0):
 garbage-first heap   total 262144K, used 29696K [0x0000000080000000, 0x0000000100000000)
  region size 1024K, 24 young (24576K), 0 survivors (0K)
 Metaspace       used 10197K, capacity 10425K, committed 10624K, reserved 1058816K
  class space    used 1064K, capacity 1139K, committed 1152K, reserved 1048576K
}
Event: 0.820 GC heap after
{Heap after GC invocations=1 (full 0):
 garbage-first heap   total 262144K, used 9256K [0x0000000080000000, 0x0000000100000000)
  region size 1024K, 3 young (3072K), 3 survivors (3072K)
 Metaspace       used 10197K, capacity 10425K, committed 10624K, reserved 1058816K
  class space    used 1064K, capacity 1139K, committed 1152K, reserved 1048576K
}
Event: 2.765 GC heap before
{Heap before GC invocations=1 (full 0):
 garbage-first heap   total 262144K, used 104488K [0x0000000080000000, 0x0000000100000000)
  region size 1024K, 97 young (99328K), 3 survivors (3072K)
 Metaspace       used 20534K, capacity 21092K, committed 21248K, reserved 1067008K
  class space    used 2504K, capacity 2690K, committed 2816K, reserved 1048576K
}
Event: 2.774 GC heap after
{Heap after GC invocations=2 (full 0):
 garbage-first heap   total 262144K, used 16630K [0x0000000080000000, 0x0000000100000000)
  region size 1024K, 11 young (11264K), 11 survivors (11264K)
 Metaspace       used 20534K, capacity 21092K, committed 21248K, reserved 1067008K
  class space    used 2504K, capacity 2690K, committed 2816K, reserved 1048576K
}
Event: 3.146 GC heap before
{Heap before GC invocations=3 (full 0):
 garbage-first heap   total 262144K, used 51446K [0x0000000080000000, 0x0000000100000000)
  region size 1024K, 45 young (46080K), 11 survivors (11264K)
 Metaspace       used 23863K, capacity 24506K, committed 24832K, reserved 1071104K
  class space    used 3051K, capacity 3257K, committed 3328K, reserved 1048576K
}
Event: 3.152 GC heap after
{Heap after GC invocations=4 (full 0):
 garbage-first heap   total 262144K, used 18210K [0x0000000080000000, 0x0000000100000000)
  region size 1024K, 2 young (2048K), 2 survivors (2048K)
 Metaspace       used 23863K, capacity 24506K, committed 24832K, reserved 1071104K
  class space    used 3051K, capacity 3257K, committed 3328K, reserved 1048576K
}
Event: 5.459 GC heap before
{Heap before GC invocations=4 (full 0):
 garbage-first heap   total 262144K, used 97058K [0x0000000080000000, 0x0000000100000000)
  region size 1024K, 80 young (81920K), 2 survivors (2048K)
 Metaspace       used 35056K, capacity 35826K, committed 35840K, reserved 1081344K
  class space    used 4542K, capacity 4864K, committed 4864K, reserved 1048576K
}
Event: 5.476 GC heap after
{Heap after GC invocations=5 (full 0):
 garbage-first heap   total 262144K, used 22132K [0x0000000080000000, 0x0000000100000000)
  region size 1024K, 6 young (6144K), 6 survivors (6144K)
 Metaspace       used 35056K, capacity 35826K, committed 35840K, reserved 1081344K
  class space    used 4542K, capacity 4864K, committed 4864K, reserved 1048576K
}

Deoptimization events (20 events):
Event: 5.979 Thread 0x000001ae53149800 Uncommon trap: trap_request=0xffffffbe fr.pc=0x000001ae4391a9c4 relative=0x00000000000009c4
Event: 5.979 Thread 0x000001ae53149800 Uncommon trap: reason=profile_predicate action=maybe_recompile pc=0x000001ae4391a9c4 method=jdk.internal.jimage.ImageStringsReader.charsFromByteBuffer([CLjava/nio/ByteBuffer;)V @ 6 c2
Event: 5.979 Thread 0x000001ae53149800 DEOPT PACKING pc=0x000001ae4391a9c4 sp=0x00000038ca5f9400
Event: 5.979 Thread 0x000001ae53149800 DEOPT UNPACKING pc=0x000001ae3bcfa1af sp=0x00000038ca5f9208 mode 2
Event: 5.979 Thread 0x000001ae53149800 Uncommon trap: trap_request=0xffffffbe fr.pc=0x000001ae4391a9c4 relative=0x00000000000009c4
Event: 5.979 Thread 0x000001ae53149800 Uncommon trap: reason=profile_predicate action=maybe_recompile pc=0x000001ae4391a9c4 method=jdk.internal.jimage.ImageStringsReader.charsFromByteBuffer([CLjava/nio/ByteBuffer;)V @ 6 c2
Event: 5.979 Thread 0x000001ae53149800 DEOPT PACKING pc=0x000001ae4391a9c4 sp=0x00000038ca5f9400
Event: 5.979 Thread 0x000001ae53149800 DEOPT UNPACKING pc=0x000001ae3bcfa1af sp=0x00000038ca5f9208 mode 2
Event: 5.985 Thread 0x000001ae53149800 Uncommon trap: trap_request=0xffffffbe fr.pc=0x000001ae4391cac8 relative=0x0000000000000968
Event: 5.985 Thread 0x000001ae53149800 Uncommon trap: reason=profile_predicate action=maybe_recompile pc=0x000001ae4391cac8 method=jdk.internal.jimage.ImageStringsReader.charsFromByteBuffer([CLjava/nio/ByteBuffer;)V @ 6 c2
Event: 5.985 Thread 0x000001ae53149800 DEOPT PACKING pc=0x000001ae4391cac8 sp=0x00000038ca5f9330
Event: 5.985 Thread 0x000001ae53149800 DEOPT UNPACKING pc=0x000001ae3bcfa1af sp=0x00000038ca5f9208 mode 2
Event: 5.991 Thread 0x000001ae53149800 DEOPT PACKING pc=0x000001ae3c88a798 sp=0x00000038ca5f9840
Event: 5.991 Thread 0x000001ae53149800 DEOPT UNPACKING pc=0x000001ae3bcfa95e sp=0x00000038ca5f8d50 mode 0
Event: 6.001 Thread 0x000001ae53149800 DEOPT PACKING pc=0x000001ae3c88a798 sp=0x00000038ca5f9840
Event: 6.002 Thread 0x000001ae53149800 DEOPT UNPACKING pc=0x000001ae3bcfa95e sp=0x00000038ca5f8d50 mode 0
Event: 6.006 Thread 0x000001ae53149800 DEOPT PACKING pc=0x000001ae3c88a798 sp=0x00000038ca5f9840
Event: 6.006 Thread 0x000001ae53149800 DEOPT UNPACKING pc=0x000001ae3bcfa95e sp=0x00000038ca5f8d50 mode 0
Event: 6.022 Thread 0x000001ae53149800 DEOPT PACKING pc=0x000001ae3c88a798 sp=0x00000038ca5f9840
Event: 6.022 Thread 0x000001ae53149800 DEOPT UNPACKING pc=0x000001ae3bcfa95e sp=0x00000038ca5f8d50 mode 0

Classes redefined (0 events):
No events

Internal exceptions (20 events):
Event: 4.234 Thread 0x000001ae53149800 Exception <a 'java/lang/NoSuchMethodError'{0x000000008bd7f5f8}: 'void java.lang.invoke.DirectMethodHandle$Holder.invokeStaticInit(java.lang.Object, java.lang.Object, java.lang.Object)'> (0x000000008bd7f5f8) thrown at [./src/hotspot/share/interpreter/linkResolver.cpp, line 773]
Event: 4.251 Thread 0x000001ae53149800 Exception <a 'java/lang/NoSuchMethodError'{0x000000008bd866d0}: 'void java.lang.invoke.DirectMethodHandle$Holder.invokeStaticInit(java.lang.Object, java.lang.Object, java.lang.Object, java.lang.Object)'> (0x000000008bd866d0) thrown at [./src/hotspot/share/interpreter/linkResolver.cpp, line 773]
Event: 4.267 Thread 0x000001ae53149800 Exception <a 'java/lang/NoSuchMethodError'{0x000000008bda8d28}: 'void java.lang.invoke.DirectMethodHandle$Holder.invokeStaticInit(java.lang.Object, java.lang.Object, java.lang.Object, java.lang.Object, java.lang.Object)'> (0x000000008bda8d28) thrown at [./src/hotspot/share/interpreter/linkResolver.cpp, line 773]
Event: 4.272 Thread 0x000001ae53149800 Exception <a 'java/lang/NoSuchMethodError'{0x000000008bdb0438}: 'int java.lang.invoke.DirectMethodHandle$Holder.invokeStaticInit(java.lang.Object, java.lang.Object, java.lang.Object)'> (0x000000008bdb0438) thrown at [./src/hotspot/share/interpreter/linkResolver.cpp, line 773]
Event: 4.401 Thread 0x000001ae53149800 Exception <a 'java/lang/NoSuchMethodError'{0x000000008bc0f650}: 'int java.lang.invoke.DirectMethodHandle$Holder.invokeStaticInit(java.lang.Object, java.lang.Object, java.lang.Object, java.lang.Object)'> (0x000000008bc0f650) thrown at [./src/hotspot/share/interpreter/linkResolver.cpp, line 773]
Event: 4.402 Thread 0x000001ae53149800 Exception <a 'java/lang/IncompatibleClassChangeError'{0x000000008bc18bb0}: Found class java.lang.Object, but interface was expected> (0x000000008bc18bb0) thrown at [./src/hotspot/share/interpreter/linkResolver.cpp, line 839]
Event: 5.123 Thread 0x000001ae53149800 Exception <a 'java/lang/NoSuchMethodError'{0x000000008b5746e8}: 'java.lang.Object java.lang.invoke.DirectMethodHandle$Holder.invokeStatic(java.lang.Object, java.lang.Object, java.lang.Object, java.lang.Object, java.lang.Object, java.lang.Object, java.lang.Object, java.lang.Object, java.lang.Object, java.lang.Object, java.lang.Object, int)'> (0x000000008b5746e8) thrown at [./src/hotspot/share/interpreter/linkResolver.cpp, line 773]
Event: 5.131 Thread 0x000001ae53149800 Exception <a 'java/lang/NoSuchMethodError'{0x000000008b5933c0}: 'java.lang.Object java.lang.invoke.DirectMethodHandle$Holder.invokeStatic(java.lang.Object, java.lang.Object, java.lang.Object, java.lang.Object, java.lang.Object, java.lang.Object, java.lang.Object, java.lang.Object, java.lang.Object, java.lang.Object, java.lang.Object, int, int)'> (0x000000008b5933c0) thrown at [./src/hotspot/share/interpreter/linkResolver.cpp, line 773]
Event: 5.145 Thread 0x000001ae53149800 Exception <a 'java/lang/NoSuchMethodError'{0x000000008b5b2bf0}: 'java.lang.Object java.lang.invoke.DirectMethodHandle$Holder.invokeStatic(java.lang.Object, java.lang.Object, java.lang.Object, java.lang.Object, java.lang.Object, java.lang.Object, java.lang.Object, java.lang.Object, java.lang.Object, java.lang.Object, java.lang.Object, int, int, java.lang.Object)'> (0x000000008b5b2bf0) thrown at [./src/hotspot/share/interpreter/linkResolver.cpp, line 773]
Event: 5.160 Thread 0x000001ae53149800 Exception <a 'java/lang/NoSuchMethodError'{0x000000008b5d3ce8}: 'java.lang.Object java.lang.invoke.DirectMethodHandle$Holder.invokeStatic(java.lang.Object, java.lang.Object, java.lang.Object, java.lang.Object, java.lang.Object, java.lang.Object, java.lang.Object, java.lang.Object, java.lang.Object, java.lang.Object, java.lang.Object, int, int, java.lang.Object, java.lang.Object)'> (0x000000008b5d3ce8) thrown at [./src/hotspot/share/interpreter/linkResolver.cpp, line 773]
Event: 5.164 Thread 0x000001ae53149800 Exception <a 'java/lang/ClassNotFoundException'{0x000000008b402e78}: groovy/lang/ExpandoMetaClassBeanInfo> (0x000000008b402e78) thrown at [./src/hotspot/share/classfile/systemDictionary.cpp, line 231]
Event: 5.166 Thread 0x000001ae53149800 Exception <a 'java/lang/ClassNotFoundException'{0x000000008b421ec0}: groovy/lang/MetaClassImplBeanInfo> (0x000000008b421ec0) thrown at [./src/hotspot/share/classfile/systemDictionary.cpp, line 231]
Event: 5.166 Thread 0x000001ae53149800 Exception <a 'java/lang/ClassNotFoundException'{0x000000008b42a668}: java/lang/ObjectBeanInfo> (0x000000008b42a668) thrown at [./src/hotspot/share/classfile/systemDictionary.cpp, line 231]
Event: 5.169 Thread 0x000001ae53149800 Exception <a 'java/lang/ClassNotFoundException'{0x000000008b435248}: java/lang/ObjectCustomizer> (0x000000008b435248) thrown at [./src/hotspot/share/classfile/systemDictionary.cpp, line 231]
Event: 5.178 Thread 0x000001ae53149800 Exception <a 'java/lang/ClassNotFoundException'{0x000000008b45b0f8}: groovy/lang/MetaClassImplCustomizer> (0x000000008b45b0f8) thrown at [./src/hotspot/share/classfile/systemDictionary.cpp, line 231]
Event: 5.182 Thread 0x000001ae53149800 Exception <a 'java/lang/ClassNotFoundException'{0x000000008b499c78}: groovy/lang/ExpandoMetaClassCustomizer> (0x000000008b499c78) thrown at [./src/hotspot/share/classfile/systemDictionary.cpp, line 231]
Event: 6.179 Thread 0x000001ae53149800 Exception <a 'java/lang/ClassNotFoundException'{0x000000008ea12af0}: org/gradle/internal/extensibility/DefaultExtraPropertiesExtensionBeanInfo> (0x000000008ea12af0) thrown at [./src/hotspot/share/classfile/systemDictionary.cpp, line 231]
Event: 6.180 Thread 0x000001ae53149800 Exception <a 'java/lang/ClassNotFoundException'{0x000000008ea32ca0}: groovy/lang/GroovyObjectSupportBeanInfo> (0x000000008ea32ca0) thrown at [./src/hotspot/share/classfile/systemDictionary.cpp, line 231]
Event: 6.181 Thread 0x000001ae53149800 Exception <a 'java/lang/ClassNotFoundException'{0x000000008ea52e98}: groovy/lang/GroovyObjectSupportCustomizer> (0x000000008ea52e98) thrown at [./src/hotspot/share/classfile/systemDictionary.cpp, line 231]
Event: 6.215 Thread 0x000001ae53149800 Exception <a 'java/lang/ClassNotFoundException'{0x000000008ea794b0}: org/gradle/internal/extensibility/DefaultExtraPropertiesExtensionCustomizer> (0x000000008ea794b0) thrown at [./src/hotspot/share/classfile/systemDictionary.cpp, line 231]

Events (20 events):
Event: 6.361 loading class java/math/MutableBigInteger
Event: 6.363 loading class java/math/MutableBigInteger done
Event: 6.364 loading class com/google/common/io/ByteStreams
Event: 6.364 loading class com/google/common/io/ByteStreams done
Event: 6.365 loading class com/google/common/io/ByteStreams$1
Event: 6.365 loading class com/google/common/io/ByteStreams$1 done
Event: 6.365 loading class com/google/common/io/ByteStreams$LimitedInputStream
Event: 6.365 loading class com/google/common/io/ByteStreams$LimitedInputStream done
Event: 6.366 loading class com/google/common/io/ByteArrayDataOutput
Event: 6.366 loading class com/google/common/io/ByteArrayDataOutput done
Event: 6.366 loading class com/google/common/io/ByteArrayDataInput
Event: 6.366 loading class com/google/common/io/ByteArrayDataInput done
Event: 6.370 loading class org/gradle/internal/classloader/ConfigurableClassLoaderHierarchyHasher$Visitor
Event: 6.370 loading class org/gradle/internal/classloader/ConfigurableClassLoaderHierarchyHasher$Visitor done
Event: 6.371 loading class org/gradle/groovy/scripts/internal/RemappingScriptSource
Event: 6.371 loading class org/gradle/groovy/scripts/internal/RemappingScriptSource done
Event: 6.372 loading class org/gradle/groovy/scripts/internal/FileCacheBackedScriptClassCompiler$ProgressReportingInitializer
Event: 6.372 loading class org/gradle/groovy/scripts/internal/FileCacheBackedScriptClassCompiler$ProgressReportingInitializer done
Event: 6.372 loading class org/gradle/groovy/scripts/internal/FileCacheBackedScriptClassCompiler$CompileToCrossBuildCacheAction
Event: 6.372 loading class org/gradle/groovy/scripts/internal/FileCacheBackedScriptClassCompiler$CompileToCrossBuildCacheAction done


Dynamic libraries:
0x00007ff66f280000 - 0x00007ff66f28a000 	T:\Programmi\Android Studio\jre\bin\java.exe
0x00007ffc91370000 - 0x00007ffc91565000 	C:\WINDOWS\SYSTEM32\ntdll.dll
0x00007ffc90150000 - 0x00007ffc9020d000 	C:\WINDOWS\System32\KERNEL32.DLL
0x00007ffc8ee90000 - 0x00007ffc8f15d000 	C:\WINDOWS\System32\KERNELBASE.dll
0x00007ffc8f160000 - 0x00007ffc8f260000 	C:\WINDOWS\System32\ucrtbase.dll
0x00007ffc6bb40000 - 0x00007ffc6bb57000 	T:\Programmi\Android Studio\jre\bin\VCRUNTIME140.dll
0x00007ffc6bea0000 - 0x00007ffc6beb9000 	T:\Programmi\Android Studio\jre\bin\jli.dll
0x00007ffc8fb30000 - 0x00007ffc8fcd0000 	C:\WINDOWS\System32\USER32.dll
0x00007ffc8ec00000 - 0x00007ffc8ec22000 	C:\WINDOWS\System32\win32u.dll
0x00007ffc7d600000 - 0x00007ffc7d89a000 	C:\WINDOWS\WinSxS\amd64_microsoft.windows.common-controls_6595b64144ccf1df_6.0.19041.1110_none_60b5254171f9507e\COMCTL32.dll
0x00007ffc91190000 - 0x00007ffc9122e000 	C:\WINDOWS\System32\msvcrt.dll
0x00007ffc91230000 - 0x00007ffc9125a000 	C:\WINDOWS\System32\GDI32.dll
0x00007ffc8eaf0000 - 0x00007ffc8ebfb000 	C:\WINDOWS\System32\gdi32full.dll
0x00007ffc8ed30000 - 0x00007ffc8edcd000 	C:\WINDOWS\System32\msvcp_win.dll
0x00007ffc8f960000 - 0x00007ffc8f990000 	C:\WINDOWS\System32\IMM32.DLL
0x00007ffc5d7e0000 - 0x00007ffc5d87d000 	T:\Programmi\Android Studio\jre\bin\msvcp140.dll
0x00007ffc472b0000 - 0x00007ffc47d95000 	T:\Programmi\Android Studio\jre\bin\server\jvm.dll
0x00007ffc90af0000 - 0x00007ffc90b9e000 	C:\WINDOWS\System32\ADVAPI32.dll
0x00007ffc8f630000 - 0x00007ffc8f6cc000 	C:\WINDOWS\System32\sechost.dll
0x00007ffc8f3c0000 - 0x00007ffc8f4e5000 	C:\WINDOWS\System32\RPCRT4.dll
0x00007ffc90ae0000 - 0x00007ffc90ae8000 	C:\WINDOWS\System32\PSAPI.DLL
0x00007ffc8be80000 - 0x00007ffc8be89000 	C:\WINDOWS\SYSTEM32\WSOCK32.dll
0x00007ffc81c80000 - 0x00007ffc81ca7000 	C:\WINDOWS\SYSTEM32\WINMM.dll
0x00007ffc889c0000 - 0x00007ffc889ca000 	C:\WINDOWS\SYSTEM32\VERSION.dll
0x00007ffc8f990000 - 0x00007ffc8f9fb000 	C:\WINDOWS\System32\WS2_32.dll
0x00007ffc8cb80000 - 0x00007ffc8cb92000 	C:\WINDOWS\SYSTEM32\kernel.appcore.dll
0x00007ffc80390000 - 0x00007ffc803a1000 	T:\Programmi\Android Studio\jre\bin\verify.dll
0x00007ffc8c670000 - 0x00007ffc8c854000 	C:\WINDOWS\SYSTEM32\DBGHELP.DLL
0x00007ffc7ad30000 - 0x00007ffc7ad5c000 	C:\WINDOWS\SYSTEM32\dbgcore.DLL
0x00007ffc8edd0000 - 0x00007ffc8ee52000 	C:\WINDOWS\System32\bcryptPrimitives.dll
0x00007ffc7fed0000 - 0x00007ffc7fef9000 	T:\Programmi\Android Studio\jre\bin\java.dll
0x00007ffc8a350000 - 0x00007ffc8a35b000 	T:\Programmi\Android Studio\jre\bin\jimage.dll
0x00007ffc80120000 - 0x00007ffc80138000 	T:\Programmi\Android Studio\jre\bin\zip.dll
0x00007ffc90390000 - 0x00007ffc90ad4000 	C:\WINDOWS\System32\SHELL32.dll
0x00007ffc8cba0000 - 0x00007ffc8d334000 	C:\WINDOWS\SYSTEM32\windows.storage.dll
0x00007ffc90ba0000 - 0x00007ffc90ef4000 	C:\WINDOWS\System32\combase.dll
0x00007ffc8e4e0000 - 0x00007ffc8e50c000 	C:\WINDOWS\SYSTEM32\Wldp.dll
0x00007ffc910e0000 - 0x00007ffc9118d000 	C:\WINDOWS\System32\SHCORE.dll
0x00007ffc8f790000 - 0x00007ffc8f7e5000 	C:\WINDOWS\System32\shlwapi.dll
0x00007ffc8e9c0000 - 0x00007ffc8e9df000 	C:\WINDOWS\SYSTEM32\profapi.dll
0x00007ffc7feb0000 - 0x00007ffc7feca000 	T:\Programmi\Android Studio\jre\bin\net.dll
0x00007ffc818a0000 - 0x00007ffc819aa000 	C:\WINDOWS\SYSTEM32\WINHTTP.dll
0x00007ffc8e240000 - 0x00007ffc8e2aa000 	C:\WINDOWS\system32\mswsock.dll
0x00007ffc7fe90000 - 0x00007ffc7fea4000 	T:\Programmi\Android Studio\jre\bin\nio.dll
0x00007ffc725c0000 - 0x00007ffc725e7000 	C:\Users\corel\.gradle\native\8bec1ad78214c89d9ad589b4d07fe93259594b29d510b10fafb7a158f7737e5d\windows-amd64\native-platform.dll
0x00007ffc622d0000 - 0x00007ffc6240d000 	C:\Users\corel\.gradle\native\53dbd7edfb1c66fb8903c78663c9afc45aea4f116125fa6feffd364cf09443e8\windows-amd64\native-platform-file-events.dll
0x00007ffc81750000 - 0x00007ffc8175a000 	T:\Programmi\Android Studio\jre\bin\management.dll
0x00007ffc81680000 - 0x00007ffc8168d000 	T:\Programmi\Android Studio\jre\bin\management_ext.dll
0x00007ffc8e440000 - 0x00007ffc8e458000 	C:\WINDOWS\SYSTEM32\CRYPTSP.dll
0x00007ffc8db50000 - 0x00007ffc8db84000 	C:\WINDOWS\system32\rsaenh.dll
0x00007ffc8ee60000 - 0x00007ffc8ee87000 	C:\WINDOWS\System32\bcrypt.dll
0x00007ffc8e980000 - 0x00007ffc8e9ae000 	C:\WINDOWS\SYSTEM32\USERENV.dll
0x00007ffc8e430000 - 0x00007ffc8e43c000 	C:\WINDOWS\SYSTEM32\CRYPTBASE.dll
0x00007ffc8dee0000 - 0x00007ffc8df1b000 	C:\WINDOWS\SYSTEM32\IPHLPAPI.DLL
0x00007ffc8f620000 - 0x00007ffc8f628000 	C:\WINDOWS\System32\NSI.dll
0x00007ffc889d0000 - 0x00007ffc889e7000 	C:\WINDOWS\SYSTEM32\dhcpcsvc6.DLL
0x00007ffc88710000 - 0x00007ffc8872d000 	C:\WINDOWS\SYSTEM32\dhcpcsvc.DLL
0x00007ffc8df20000 - 0x00007ffc8dfeb000 	C:\WINDOWS\SYSTEM32\DNSAPI.dll

dbghelp: loaded successfully - version: 4.0.5 - missing functions: none
symbol engine: initialized successfully - sym options: 0x614 - pdb path: .;T:\Programmi\Android Studio\jre\bin;C:\WINDOWS\SYSTEM32;C:\WINDOWS\WinSxS\amd64_microsoft.windows.common-controls_6595b64144ccf1df_6.0.19041.1110_none_60b5254171f9507e;T:\Programmi\Android Studio\jre\bin\server;C:\Users\corel\.gradle\native\8bec1ad78214c89d9ad589b4d07fe93259594b29d510b10fafb7a158f7737e5d\windows-amd64;C:\Users\corel\.gradle\native\53dbd7edfb1c66fb8903c78663c9afc45aea4f116125fa6feffd364cf09443e8\windows-amd64

VM Arguments:
jvm_args: --add-opens=java.base/java.util=ALL-UNNAMED --add-opens=java.base/java.lang=ALL-UNNAMED --add-opens=java.base/java.lang.invoke=ALL-UNNAMED --add-opens=java.base/java.util=ALL-UNNAMED --add-opens=java.prefs/java.util.prefs=ALL-UNNAMED --add-opens=java.prefs/java.util.prefs=ALL-UNNAMED --add-opens=java.base/java.nio.charset=ALL-UNNAMED --add-opens=java.base/java.net=ALL-UNNAMED --add-opens=java.base/java.util.concurrent.atomic=ALL-UNNAMED -Xmx2048m -Dfile.encoding=UTF-8 -Duser.country=IT -Duser.language=it -Duser.variant 
java_command: org.gradle.launcher.daemon.bootstrap.GradleDaemon 7.0.2
java_class_path (initial): C:\Users\corel\.gradle\wrapper\dists\gradle-7.0.2-bin\857tjihv64xamwrf0h14cai3r\gradle-7.0.2\lib\gradle-launcher-7.0.2.jar
Launcher Type: SUN_STANDARD

[Global flags]
     intx CICompilerCount                          = 4                                         {product} {ergonomic}
     uint ConcGCThreads                            = 2                                         {product} {ergonomic}
     uint G1ConcRefinementThreads                  = 8                                         {product} {ergonomic}
   size_t G1HeapRegionSize                         = 1048576                                   {product} {ergonomic}
    uintx GCDrainStackTargetSize                   = 64                                        {product} {ergonomic}
   size_t InitialHeapSize                          = 268435456                                 {product} {ergonomic}
   size_t MarkStackSize                            = 4194304                                   {product} {ergonomic}
   size_t MaxHeapSize                              = 2147483648                                {product} {command line}
   size_t MaxNewSize                               = 1287651328                                {product} {ergonomic}
   size_t MinHeapDeltaBytes                        = 1048576                                   {product} {ergonomic}
    uintx NonNMethodCodeHeapSize                   = 5836300                                {pd product} {ergonomic}
    uintx NonProfiledCodeHeapSize                  = 122910970                              {pd product} {ergonomic}
    uintx ProfiledCodeHeapSize                     = 122910970                              {pd product} {ergonomic}
    uintx ReservedCodeCacheSize                    = 251658240                              {pd product} {ergonomic}
     bool SegmentedCodeCache                       = true                                      {product} {ergonomic}
     bool UseCompressedClassPointers               = true                                 {lp64_product} {ergonomic}
     bool UseCompressedOops                        = true                                 {lp64_product} {ergonomic}
     bool UseG1GC                                  = true                                      {product} {ergonomic}
     bool UseLargePagesIndividualAllocation        = false                                  {pd product} {ergonomic}

Logging:
Log output configuration:
 #0: stdout all=warning uptime,level,tags
 #1: stderr all=off uptime,level,tags

Environment Variables:
PATH=C:\Windows\system32;C:\Windows;C:\Windows\System32\Wbem;C:\Windows\System32\WindowsPowerShell\v1.0\;C:\Windows\System32\OpenSSH\;C:\Program Files\NVIDIA Corporation\NVIDIA NvDLISR;C:\Program Files (x86)\NVIDIA Corporation\PhysX\Common;C:\WINDOWS\system32;C:\WINDOWS;C:\WINDOWS\System32\Wbem;C:\WINDOWS\System32\WindowsPowerShell\v1.0\;C:\WINDOWS\System32\OpenSSH\;T:\Programmi\PuTTy\;C:\Users\corel\AppData\Local\Microsoft\WindowsApps;T:\Programmi\Microsoft VS Code\bin;C:\Users\corel\AppData\Local\GitHubDesktop\bin
USERNAME=corel
OS=Windows_NT
PROCESSOR_IDENTIFIER=Intel64 Family 6 Model 60 Stepping 3, GenuineIntel



---------------  S Y S T E M  ---------------

OS: Windows 10 , 64 bit Build 19041 (10.0.19041.1706)
OS uptime: 12 days 13:02 hours

CPU:total 8 (initial active 8) (4 cores per cpu, 2 threads per core) family 6 model 60 stepping 3 microcode 0x27, cmov, cx8, fxsr, mmx, sse, sse2, sse3, ssse3, sse4.1, sse4.2, popcnt, avx, avx2, aes, clmul, erms, lzcnt, ht, tsc, tscinvbit, bmi1, bmi2, fma

Memory: 4k page, system-wide physical 16323M (4097M free)
TotalPageFile size 30564M (AvailPageFile size 6M)
current process WorkingSet (physical memory assigned to process): 276M, peak: 279M
current process commit charge ("private bytes"): 446M, peak: 449M

vm_info: OpenJDK 64-Bit Server VM (11.0.12+7-b1504.28-7817840) for windows-amd64 JRE (11.0.12+7-b1504.28-7817840), built on Oct 13 2021 22:12:33 by "builder" with MS VC++ 14.0 (VS2015)

END.
