#
# There is insufficient memory for the Java Runtime Environment to continue.
# Native memory allocation (mmap) failed to map 40894464 bytes for Failed to commit area from 0x000000008c300000 to 0x000000008ea00000 of length 40894464.
# Possible reasons:
#   The system is out of physical RAM or swap space
#   The process is running with CompressedOops enabled, and the Java Heap may be blocking the growth of the native heap
# Possible solutions:
#   Reduce memory load on the system
#   Increase physical memory or swap space
#   Check if swap backing store is full
#   Decrease Java heap size (-Xmx/-Xms)
#   Decrease number of Java threads
#   Decrease Java thread stack sizes (-Xss)
#   Set larger code cache with -XX:ReservedCodeCacheSize=
#   JVM is running with Unscaled Compressed Oops mode in which the Java heap is
#     placed in the first 4GB address space. The Java Heap base address is the
#     maximum limit for the native heap growth. Please use -XX:HeapBaseMinAddress
#     to set the Java Heap base and to place the Java Heap above 4GB virtual address.
# This output file may be truncated or incomplete.
#
#  Out of Memory Error (./src/hotspot/os/windows/os_windows.cpp:3301), pid=17492, tid=5900
#
# JRE version: OpenJDK Runtime Environment (11.0.10) (build 11.0.10+0-b96-7249189)
# Java VM: OpenJDK 64-Bit Server VM (11.0.10+0-b96-7249189, mixed mode, tiered, compressed oops, g1 gc, windows-amd64)
# No core dump will be written. Minidumps are not enabled by default on client versions of Windows
#

---------------  S U M M A R Y ------------

Command Line: --add-opens=java.base/java.util=ALL-UNNAMED --add-opens=java.base/java.lang=ALL-UNNAMED --add-opens=java.base/java.lang.invoke=ALL-UNNAMED --add-opens=java.base/java.util=ALL-UNNAMED --add-opens=java.prefs/java.util.prefs=ALL-UNNAMED --add-opens=java.prefs/java.util.prefs=ALL-UNNAMED --add-opens=java.base/java.nio.charset=ALL-UNNAMED --add-opens=java.base/java.net=ALL-UNNAMED --add-opens=java.base/java.util.concurrent.atomic=ALL-UNNAMED -Xmx2048m -Dfile.encoding=UTF-8 -Duser.country=IT -Duser.language=it -Duser.variant org.gradle.launcher.daemon.bootstrap.GradleDaemon 7.0.2

Host: AMD Ryzen 5 2500U with Radeon Vega Mobile Gfx  , 8 cores, 6G,  Windows 10 , 64 bit Build 19041 (10.0.19041.1348)
Time: Mon Dec 27 22:33:54 2021 ora solare Europa occidentale elapsed time: 27.659396 seconds (0d 0h 0m 27s)

---------------  T H R E A D  ---------------

Current thread (0x000001d2a9b86000):  VMThread "VM Thread" [stack: 0x000000d1db000000,0x000000d1db100000] [id=5900]

Stack: [0x000000d1db000000,0x000000d1db100000]
[error occurred during error reporting (printing stack bounds), id 0xc0000005, EXCEPTION_ACCESS_VIOLATION (0xc0000005) at pc=0x000001d293220f2d]

Native frames: (J=compiled Java code, j=interpreted, Vv=VM code, C=native code)
V  [jvm.dll+0x5ecfaa]
V  [jvm.dll+0x722bd5]
V  [jvm.dll+0x72412d]
V  [jvm.dll+0x724745]
V  [jvm.dll+0x7246fb]
V  [jvm.dll+0x5ec348]
V  [jvm.dll+0x5ecad8]
C  [ntdll.dll+0xa20cf]
C  [ntdll.dll+0x51454]
C  [ntdll.dll+0xa0bfe]
C  0x000001d293220f2d

VM_Operation (0x000000d1de3f8150): G1CollectForAllocation, mode: safepoint, requested by thread 0x000001d2ade1b800


---------------  P R O C E S S  ---------------

Threads class SMR info:
_java_thread_list=0x000001d2ad60b440, length=67, elements={
0x000001d28f73b000, 0x000001d2a9b8b000, 0x000001d2a9b94800, 0x000001d2aa533000,
0x000001d2a9ba5000, 0x000001d2a9ba7000, 0x000001d2a9bb7000, 0x000001d2a9bbb800,
0x000001d2a9bc5000, 0x000001d2aa695000, 0x000001d2aa691000, 0x000001d2aa692800,
0x000001d2aa694800, 0x000001d2aa693800, 0x000001d2aa696000, 0x000001d2aa696800,
0x000001d2aa697800, 0x000001d2aa692000, 0x000001d2ac2f5800, 0x000001d2ac2f4000,
0x000001d2ac2f6800, 0x000001d2ac2f3000, 0x000001d2ac2f2800, 0x000001d2ac2f4800,
0x000001d2ac2f7000, 0x000001d2ac2f1800, 0x000001d2ac2fd800, 0x000001d2ac2fc000,
0x000001d2ac2f8000, 0x000001d2ac2fe800, 0x000001d2ac2f9000, 0x000001d2ac2ff800,
0x000001d2ac300000, 0x000001d2ac2fd000, 0x000001d2ade1e000, 0x000001d2ade1d000,
0x000001d2ade1f000, 0x000001d2ade1f800, 0x000001d2ade1a000, 0x000001d2ade20800,
0x000001d2ade1a800, 0x000001d2ade1b800, 0x000001d2ade21000, 0x000001d2ade1c800,
0x000001d2ade28000, 0x000001d2ade27000, 0x000001d2ade22000, 0x000001d2ade28800,
0x000001d2ade23000, 0x000001d2ade24800, 0x000001d2b08e5000, 0x000001d2b08e3800,
0x000001d2b08e6000, 0x000001d2b08e6800, 0x000001d2b08e7800, 0x000001d2b08e2000,
0x000001d2b08e8800, 0x000001d2b08e2800, 0x000001d2b08e9000, 0x000001d2b08e4800,
0x000001d2b08eb800, 0x000001d2b08ef000, 0x000001d2b08ec800, 0x000001d2b08ef800,
0x000001d2b08ed800, 0x000001d2b08ee000, 0x000001d2b08ea000
}

Java Threads: ( => current thread )
  0x000001d28f73b000 JavaThread "main" [_thread_blocked, id=6428, stack(0x000000d1daa00000,0x000000d1dab00000)]
  0x000001d2a9b8b000 JavaThread "Reference Handler" daemon [_thread_blocked, id=8440, stack(0x000000d1db100000,0x000000d1db200000)]
  0x000001d2a9b94800 JavaThread "Finalizer" daemon [_thread_blocked, id=16352, stack(0x000000d1db200000,0x000000d1db300000)]
  0x000001d2aa533000 JavaThread "Signal Dispatcher" daemon [_thread_blocked, id=9460, stack(0x000000d1db300000,0x000000d1db400000)]
  0x000001d2a9ba5000 JavaThread "Attach Listener" daemon [_thread_blocked, id=3524, stack(0x000000d1db400000,0x000000d1db500000)]
  0x000001d2a9ba7000 JavaThread "Service Thread" daemon [_thread_blocked, id=1104, stack(0x000000d1db500000,0x000000d1db600000)]
  0x000001d2a9bb7000 JavaThread "C2 CompilerThread0" daemon [_thread_blocked, id=6316, stack(0x000000d1db600000,0x000000d1db700000)]
  0x000001d2a9bbb800 JavaThread "C1 CompilerThread0" daemon [_thread_blocked, id=8452, stack(0x000000d1db700000,0x000000d1db800000)]
  0x000001d2a9bc5000 JavaThread "Sweeper thread" daemon [_thread_blocked, id=17284, stack(0x000000d1db800000,0x000000d1db900000)]
  0x000001d2aa695000 JavaThread "Common-Cleaner" daemon [_thread_blocked, id=1632, stack(0x000000d1db900000,0x000000d1dba00000)]
  0x000001d2aa691000 JavaThread "Daemon health stats" [_thread_blocked, id=15728, stack(0x000000d1dbe00000,0x000000d1dbf00000)]
  0x000001d2aa692800 JavaThread "Incoming local TCP Connector on port 62275" [_thread_in_native, id=15780, stack(0x000000d1dbb00000,0x000000d1dbc00000)]
  0x000001d2aa694800 JavaThread "Daemon periodic checks" [_thread_blocked, id=17916, stack(0x000000d1dbd00000,0x000000d1dbe00000)]
  0x000001d2aa693800 JavaThread "Daemon" [_thread_blocked, id=9772, stack(0x000000d1dbf00000,0x000000d1dc000000)]
  0x000001d2aa696000 JavaThread "Handler for socket connection from /127.0.0.1:62275 to /127.0.0.1:62276" [_thread_in_native, id=16788, stack(0x000000d1dc000000,0x000000d1dc100000)]
  0x000001d2aa696800 JavaThread "Cancel handler" [_thread_blocked, id=6384, stack(0x000000d1dc100000,0x000000d1dc200000)]
  0x000001d2aa697800 JavaThread "Daemon worker" [_thread_blocked, id=18248, stack(0x000000d1dc200000,0x000000d1dc300000)]
  0x000001d2aa692000 JavaThread "Asynchronous log dispatcher for DefaultDaemonConnection: socket connection from /127.0.0.1:62275 to /127.0.0.1:62276" [_thread_blocked, id=15152, stack(0x000000d1dc300000,0x000000d1dc400000)]
  0x000001d2ac2f5800 JavaThread "Stdin handler" [_thread_blocked, id=4480, stack(0x000000d1dc400000,0x000000d1dc500000)]
  0x000001d2ac2f4000 JavaThread "Daemon client event forwarder" [_thread_blocked, id=9392, stack(0x000000d1dc500000,0x000000d1dc600000)]
  0x000001d2ac2f6800 JavaThread "Cache worker for file hash cache (C:\Users\Umby\.gradle\caches\7.0.2\fileHashes)" [_thread_blocked, id=13068, stack(0x000000d1dcc00000,0x000000d1dcd00000)]
  0x000001d2ac2f3000 JavaThread "File lock request listener" [_thread_in_native, id=760, stack(0x000000d1dcd00000,0x000000d1dce00000)]
  0x000001d2ac2f2800 JavaThread "Cache worker for journal cache (C:\Users\Umby\.gradle\caches\journal-1)" [_thread_blocked, id=17972, stack(0x000000d1dd000000,0x000000d1dd100000)]
  0x000001d2ac2f4800 JavaThread "Cache worker for file hash cache (C:\Users\Umby\AndroidStudioProjects\Pothub\.gradle\7.0.2\fileHashes)" [_thread_blocked, id=9412, stack(0x000000d1dd100000,0x000000d1dd200000)]
  0x000001d2ac2f7000 JavaThread "File watcher server" daemon [_thread_blocked, id=17748, stack(0x000000d1dd200000,0x000000d1dd300000)]
  0x000001d2ac2f1800 JavaThread "File watcher consumer" daemon [_thread_blocked, id=10160, stack(0x000000d1dd300000,0x000000d1dd400000)]
  0x000001d2ac2fd800 JavaThread "Cache worker for checksums cache (C:\Users\Umby\AndroidStudioProjects\Pothub\.gradle\checksums)" [_thread_blocked, id=4872, stack(0x000000d1dd400000,0x000000d1dd500000)]
  0x000001d2ac2fc000 JavaThread "Cache worker for cache directory md-supplier (C:\Users\Umby\.gradle\caches\7.0.2\md-supplier)" [_thread_blocked, id=2916, stack(0x000000d1dd500000,0x000000d1dd600000)]
  0x000001d2ac2f8000 JavaThread "Cache worker for cache directory md-rule (C:\Users\Umby\.gradle\caches\7.0.2\md-rule)" [_thread_blocked, id=11976, stack(0x000000d1dd600000,0x000000d1dd700000)]
  0x000001d2ac2fe800 JavaThread "Cache worker for execution history cache (C:\Users\Umby\.gradle\caches\7.0.2\executionHistory)" [_thread_blocked, id=14516, stack(0x000000d1dd700000,0x000000d1dd800000)]
  0x000001d2ac2f9000 JavaThread "jar transforms" [_thread_blocked, id=14432, stack(0x000000d1dd800000,0x000000d1dd900000)]
  0x000001d2ac2ff800 JavaThread "jar transforms Thread 2" [_thread_blocked, id=532, stack(0x000000d1dd900000,0x000000d1dda00000)]
  0x000001d2ac300000 JavaThread "Cache worker for file content cache (C:\Users\Umby\.gradle\caches\7.0.2\fileContent)" [_thread_blocked, id=11412, stack(0x000000d1dda00000,0x000000d1ddb00000)]
  0x000001d2ac2fd000 JavaThread "Cache worker for dependencies-accessors (C:\Users\Umby\AndroidStudioProjects\Pothub\.gradle\7.0.2\dependencies-accessors)" [_thread_blocked, id=3124, stack(0x000000d1ddb00000,0x000000d1ddc00000)]
  0x000001d2ade1e000 JavaThread "jar transforms Thread 3" [_thread_blocked, id=13656, stack(0x000000d1ddc00000,0x000000d1ddd00000)]
  0x000001d2ade1d000 JavaThread "Cache worker for Build Output Cleanup Cache (C:\Users\Umby\AndroidStudioProjects\Pothub\.gradle\buildOutputCleanup)" [_thread_blocked, id=14976, stack(0x000000d1ddd00000,0x000000d1dde00000)]
  0x000001d2ade1f000 JavaThread "Build operations" [_thread_blocked, id=6660, stack(0x000000d1dde00000,0x000000d1ddf00000)]
  0x000001d2ade1f800 JavaThread "Build operations Thread 2" [_thread_blocked, id=9344, stack(0x000000d1ddf00000,0x000000d1de000000)]
  0x000001d2ade1a000 JavaThread "Build operations Thread 3" [_thread_blocked, id=1952, stack(0x000000d1de000000,0x000000d1de100000)]
  0x000001d2ade20800 JavaThread "Build operations Thread 4" [_thread_blocked, id=17744, stack(0x000000d1de100000,0x000000d1de200000)]
  0x000001d2ade1a800 JavaThread "Build operations Thread 5" [_thread_blocked, id=12580, stack(0x000000d1de200000,0x000000d1de300000)]
  0x000001d2ade1b800 JavaThread "Build operations Thread 6" [_thread_blocked, id=14188, stack(0x000000d1de300000,0x000000d1de400000)]
  0x000001d2ade21000 JavaThread "Build operations Thread 7" [_thread_blocked, id=16108, stack(0x000000d1de400000,0x000000d1de500000)]
  0x000001d2ade1c800 JavaThread "Build operations Thread 8" [_thread_blocked, id=13140, stack(0x000000d1de500000,0x000000d1de600000)]
  0x000001d2ade28000 JavaThread "jar transforms Thread 4" [_thread_blocked, id=17520, stack(0x000000d1de600000,0x000000d1de700000)]
  0x000001d2ade27000 JavaThread "jar transforms Thread 5" [_thread_blocked, id=9580, stack(0x000000d1de700000,0x000000d1de800000)]
  0x000001d2ade22000 JavaThread "jar transforms Thread 6" [_thread_blocked, id=4012, stack(0x000000d1de800000,0x000000d1de900000)]
  0x000001d2ade28800 JavaThread "jar transforms Thread 7" [_thread_blocked, id=7500, stack(0x000000d1de900000,0x000000d1dea00000)]
  0x000001d2ade23000 JavaThread "jar transforms Thread 8" [_thread_blocked, id=11680, stack(0x000000d1dea00000,0x000000d1deb00000)]
  0x000001d2ade24800 JavaThread "Memory manager" [_thread_blocked, id=17792, stack(0x000000d1deb00000,0x000000d1dec00000)]
  0x000001d2b08e5000 JavaThread "build event listener" [_thread_blocked, id=17604, stack(0x000000d1dec00000,0x000000d1ded00000)]
  0x000001d2b08e3800 JavaThread "Execution worker for ':'" [_thread_blocked, id=16884, stack(0x000000d1ded00000,0x000000d1dee00000)]
  0x000001d2b08e6000 JavaThread "Execution worker for ':' Thread 2" [_thread_blocked, id=15204, stack(0x000000d1dee00000,0x000000d1def00000)]
  0x000001d2b08e6800 JavaThread "Execution worker for ':' Thread 3" [_thread_blocked, id=12800, stack(0x000000d1def00000,0x000000d1df000000)]
  0x000001d2b08e7800 JavaThread "Execution worker for ':' Thread 4" [_thread_blocked, id=8348, stack(0x000000d1df000000,0x000000d1df100000)]
  0x000001d2b08e2000 JavaThread "Execution worker for ':' Thread 5" [_thread_blocked, id=17540, stack(0x000000d1df100000,0x000000d1df200000)]
  0x000001d2b08e8800 JavaThread "Execution worker for ':' Thread 6" [_thread_blocked, id=2188, stack(0x000000d1df200000,0x000000d1df300000)]
  0x000001d2b08e2800 JavaThread "Execution worker for ':' Thread 7" [_thread_blocked, id=292, stack(0x000000d1df300000,0x000000d1df400000)]
  0x000001d2b08e9000 JavaThread "Cache worker for execution history cache (C:\Users\Umby\AndroidStudioProjects\Pothub\.gradle\7.0.2\executionHistory)" [_thread_blocked, id=12336, stack(0x000000d1df400000,0x000000d1df500000)]
  0x000001d2b08e4800 JavaThread "WorkerExecutor Queue" [_thread_blocked, id=17860, stack(0x000000d1df500000,0x000000d1df600000)]
  0x000001d2b08eb800 JavaThread "WorkerExecutor Queue Thread 2" [_thread_blocked, id=2588, stack(0x000000d1df600000,0x000000d1df700000)]
  0x000001d2b08ef000 JavaThread "WorkerExecutor Queue Thread 3" [_thread_blocked, id=5932, stack(0x000000d1df700000,0x000000d1df800000)]
  0x000001d2b08ec800 JavaThread "WorkerExecutor Queue Thread 4" [_thread_blocked, id=15440, stack(0x000000d1df800000,0x000000d1df900000)]
  0x000001d2b08ef800 JavaThread "WorkerExecutor Queue Thread 5" [_thread_blocked, id=1628, stack(0x000000d1df900000,0x000000d1dfa00000)]
  0x000001d2b08ed800 JavaThread "WorkerExecutor Queue Thread 6" [_thread_blocked, id=1208, stack(0x000000d1dfa00000,0x000000d1dfb00000)]
  0x000001d2b08ee000 JavaThread "WorkerExecutor Queue Thread 7" [_thread_blocked, id=2232, stack(0x000000d1dfb00000,0x000000d1dfc00000)]
  0x000001d2b08ea000 JavaThread "WorkerExecutor Queue Thread 8" [_thread_blocked, id=3564, stack(0x000000d1dfc00000,0x000000d1dfd00000)]

Other Threads:
=>0x000001d2a9b86000 VMThread "VM Thread" [stack: 0x000000d1db000000,0x000000d1db100000] [id=5900]
  0x000001d2aa6b6800 WatcherThread [stack: 0x000000d1dba00000,0x000000d1dbb00000] [id=8404]
  0x000001d28f753000 GCTaskThread "GC Thread#0" [stack: 0x000000d1dab00000,0x000000d1dac00000] [id=780]
  0x000001d2ab719000 GCTaskThread "GC Thread#1" [stack: 0x000000d1dbc00000,0x000000d1dbd00000] [id=17400]
  0x000001d2ad522000 GCTaskThread "GC Thread#2" [stack: 0x000000d1dc600000,0x000000d1dc700000] [id=8976]
  0x000001d2ac603800 GCTaskThread "GC Thread#3" [stack: 0x000000d1dc700000,0x000000d1dc800000] [id=756]
  0x000001d2ad6d8800 GCTaskThread "GC Thread#4" [stack: 0x000000d1dc800000,0x000000d1dc900000] [id=4608]
  0x000001d2abfd9800 GCTaskThread "GC Thread#5" [stack: 0x000000d1dc900000,0x000000d1dca00000] [id=13900]
  0x000001d2abfc2800 GCTaskThread "GC Thread#6" [stack: 0x000000d1dca00000,0x000000d1dcb00000] [id=9540]
  0x000001d2abf21000 GCTaskThread "GC Thread#7" [stack: 0x000000d1dcb00000,0x000000d1dcc00000] [id=13372]
  0x000001d28f785000 ConcurrentGCThread "G1 Main Marker" [stack: 0x000000d1dac00000,0x000000d1dad00000] [id=15592]
  0x000001d28f786000 ConcurrentGCThread "G1 Conc#0" [stack: 0x000000d1dad00000,0x000000d1dae00000] [id=18012]
  0x000001d2ac65b800 ConcurrentGCThread "G1 Conc#1" [stack: 0x000000d1dce00000,0x000000d1dcf00000] [id=9292]
  0x000001d2a99d6800 ConcurrentGCThread "G1 Refine#0" [stack: 0x000000d1dae00000,0x000000d1daf00000] [id=16948]
  0x000001d2b1a23000 ConcurrentGCThread "G1 Refine#1" [stack: 0x000000d1dcf00000,0x000000d1dd000000] [id=11088]
  0x000001d2a99d7000 ConcurrentGCThread "G1 Young RemSet Sampling" [stack: 0x000000d1daf00000,0x000000d1db000000] [id=4696]

Threads with active compile tasks:
C2 CompilerThread0  27691 13502       4       sun.net.util.URLUtil::urlNoFragString (114 bytes)

VM state:at safepoint (normal execution)

VM Mutex/Monitor currently owned by a thread:  ([mutex/lock_event])
[0x000001d28d67bdf0] Threads_lock - owner thread: 0x000001d2a9b86000
[0x000001d28d67b3d0] Heap_lock - owner thread: 0x000001d2ade1b800

Heap address: 0x0000000080000000, size: 2048 MB, Compressed Oops mode: 32-bit
Narrow klass base: 0x0000000000000000, Narrow klass shift: 3
Compressed class space size: 1073741824 Address: 0x0000000100000000

Heap:
 garbage-first heap   total 239616K, used 109197K [0x0000000080000000, 0x0000000100000000)
  region size 1024K, 8 young (8192K), 8 survivors (8192K)
 Metaspace       used 100271K, capacity 102944K, committed 103040K, reserved 1138688K
  class space    used 12714K, capacity 13728K, committed 13772K, reserved 1048576K
Heap Regions: E=young(eden), S=young(survivor), O=old, HS=humongous(starts), HC=humongous(continues), CS=collection set, F=free, A=archive, TAMS=top-at-mark-start (previous, next)
|   0|0x0000000080000000, 0x0000000080100000, 0x0000000080100000|100%| O|  |TAMS 0x0000000080100000, 0x0000000080100000| Untracked 
|   1|0x0000000080100000, 0x0000000080200000, 0x0000000080200000|100%| O|  |TAMS 0x0000000080200000, 0x0000000080200000| Untracked 
|   2|0x0000000080200000, 0x0000000080300000, 0x0000000080300000|100%| O|  |TAMS 0x0000000080300000, 0x0000000080300000| Untracked 
|   3|0x0000000080300000, 0x0000000080400000, 0x0000000080400000|100%|HS|  |TAMS 0x0000000080400000, 0x0000000080400000| Complete 
|   4|0x0000000080400000, 0x0000000080500000, 0x0000000080500000|100%|HC|  |TAMS 0x0000000080500000, 0x0000000080500000| Complete 
|   5|0x0000000080500000, 0x0000000080600000, 0x0000000080600000|100%|HC|  |TAMS 0x0000000080600000, 0x0000000080600000| Complete 
|   6|0x0000000080600000, 0x0000000080700000, 0x0000000080700000|100%| O|  |TAMS 0x0000000080700000, 0x0000000080700000| Untracked 
|   7|0x0000000080700000, 0x0000000080800000, 0x0000000080800000|100%| O|  |TAMS 0x0000000080800000, 0x0000000080800000| Untracked 
|   8|0x0000000080800000, 0x0000000080900000, 0x0000000080900000|100%| O|  |TAMS 0x0000000080900000, 0x0000000080900000| Untracked 
|   9|0x0000000080900000, 0x0000000080a00000, 0x0000000080a00000|100%| O|  |TAMS 0x0000000080a00000, 0x0000000080a00000| Untracked 
|  10|0x0000000080a00000, 0x0000000080b00000, 0x0000000080b00000|100%| O|  |TAMS 0x0000000080b00000, 0x0000000080b00000| Untracked 
|  11|0x0000000080b00000, 0x0000000080c00000, 0x0000000080c00000|100%| O|  |TAMS 0x0000000080c00000, 0x0000000080c00000| Untracked 
|  12|0x0000000080c00000, 0x0000000080d00000, 0x0000000080d00000|100%| O|  |TAMS 0x0000000080d00000, 0x0000000080d00000| Untracked 
|  13|0x0000000080d00000, 0x0000000080e00000, 0x0000000080e00000|100%| O|  |TAMS 0x0000000080e00000, 0x0000000080e00000| Untracked 
|  14|0x0000000080e00000, 0x0000000080f00000, 0x0000000080f00000|100%| O|  |TAMS 0x0000000080f00000, 0x0000000080f00000| Untracked 
|  15|0x0000000080f00000, 0x0000000081000000, 0x0000000081000000|100%| O|  |TAMS 0x0000000081000000, 0x0000000081000000| Untracked 
|  16|0x0000000081000000, 0x0000000081100000, 0x0000000081100000|100%|HS|  |TAMS 0x0000000081100000, 0x0000000081100000| Complete 
|  17|0x0000000081100000, 0x0000000081200000, 0x0000000081200000|100%| O|  |TAMS 0x0000000081200000, 0x0000000081200000| Untracked 
|  18|0x0000000081200000, 0x0000000081300000, 0x0000000081300000|100%| O|  |TAMS 0x0000000081300000, 0x0000000081300000| Untracked 
|  19|0x0000000081300000, 0x0000000081400000, 0x0000000081400000|100%| O|  |TAMS 0x0000000081400000, 0x0000000081400000| Untracked 
|  20|0x0000000081400000, 0x0000000081500000, 0x0000000081500000|100%| O|  |TAMS 0x0000000081500000, 0x0000000081500000| Untracked 
|  21|0x0000000081500000, 0x0000000081600000, 0x0000000081600000|100%| O|  |TAMS 0x0000000081600000, 0x0000000081600000| Untracked 
|  22|0x0000000081600000, 0x0000000081700000, 0x0000000081700000|100%| O|  |TAMS 0x0000000081700000, 0x0000000081700000| Untracked 
|  23|0x0000000081700000, 0x0000000081800000, 0x0000000081800000|100%| O|  |TAMS 0x0000000081800000, 0x0000000081800000| Untracked 
|  24|0x0000000081800000, 0x0000000081900000, 0x0000000081900000|100%| O|  |TAMS 0x0000000081900000, 0x0000000081900000| Untracked 
|  25|0x0000000081900000, 0x0000000081a00000, 0x0000000081a00000|100%| O|  |TAMS 0x0000000081a00000, 0x0000000081a00000| Untracked 
|  26|0x0000000081a00000, 0x0000000081b00000, 0x0000000081b00000|100%| O|  |TAMS 0x0000000081b00000, 0x0000000081b00000| Untracked 
|  27|0x0000000081b00000, 0x0000000081c00000, 0x0000000081c00000|100%|HS|  |TAMS 0x0000000081c00000, 0x0000000081c00000| Complete 
|  28|0x0000000081c00000, 0x0000000081d00000, 0x0000000081d00000|100%|HS|  |TAMS 0x0000000081d00000, 0x0000000081d00000| Complete 
|  29|0x0000000081d00000, 0x0000000081e00000, 0x0000000081e00000|100%|HC|  |TAMS 0x0000000081e00000, 0x0000000081e00000| Complete 
|  30|0x0000000081e00000, 0x0000000081f00000, 0x0000000081f00000|100%| O|  |TAMS 0x0000000081f00000, 0x0000000081f00000| Untracked 
|  31|0x0000000081f00000, 0x0000000082000000, 0x0000000082000000|100%| O|  |TAMS 0x0000000082000000, 0x0000000082000000| Untracked 
|  32|0x0000000082000000, 0x0000000082100000, 0x0000000082100000|100%| O|  |TAMS 0x0000000082100000, 0x0000000082100000| Untracked 
|  33|0x0000000082100000, 0x0000000082200000, 0x0000000082200000|100%| O|  |TAMS 0x0000000082200000, 0x0000000082200000| Untracked 
|  34|0x0000000082200000, 0x0000000082300000, 0x0000000082300000|100%| O|  |TAMS 0x0000000082300000, 0x0000000082300000| Untracked 
|  35|0x0000000082300000, 0x0000000082400000, 0x0000000082400000|100%| O|  |TAMS 0x0000000082400000, 0x0000000082400000| Untracked 
|  36|0x0000000082400000, 0x0000000082500000, 0x0000000082500000|100%| O|  |TAMS 0x0000000082500000, 0x0000000082500000| Untracked 
|  37|0x0000000082500000, 0x0000000082600000, 0x0000000082600000|100%| O|  |TAMS 0x0000000082600000, 0x0000000082600000| Untracked 
|  38|0x0000000082600000, 0x0000000082700000, 0x0000000082700000|100%| O|  |TAMS 0x0000000082700000, 0x0000000082700000| Untracked 
|  39|0x0000000082700000, 0x0000000082800000, 0x0000000082800000|100%| O|  |TAMS 0x0000000082800000, 0x0000000082800000| Untracked 
|  40|0x0000000082800000, 0x0000000082900000, 0x0000000082900000|100%| O|  |TAMS 0x0000000082900000, 0x0000000082900000| Untracked 
|  41|0x0000000082900000, 0x0000000082a00000, 0x0000000082a00000|100%| O|  |TAMS 0x0000000082a00000, 0x0000000082a00000| Untracked 
|  42|0x0000000082a00000, 0x0000000082b00000, 0x0000000082b00000|100%| O|  |TAMS 0x0000000082b00000, 0x0000000082b00000| Untracked 
|  43|0x0000000082b00000, 0x0000000082c00000, 0x0000000082c00000|100%| O|  |TAMS 0x0000000082c00000, 0x0000000082c00000| Untracked 
|  44|0x0000000082c00000, 0x0000000082d00000, 0x0000000082d00000|100%| O|  |TAMS 0x0000000082d00000, 0x0000000082d00000| Untracked 
|  45|0x0000000082d00000, 0x0000000082e00000, 0x0000000082e00000|100%| O|  |TAMS 0x0000000082e00000, 0x0000000082e00000| Untracked 
|  46|0x0000000082e00000, 0x0000000082f00000, 0x0000000082f00000|100%| O|  |TAMS 0x0000000082f00000, 0x0000000082f00000| Untracked 
|  47|0x0000000082f00000, 0x0000000083000000, 0x0000000083000000|100%| O|  |TAMS 0x0000000083000000, 0x0000000083000000| Untracked 
|  48|0x0000000083000000, 0x0000000083100000, 0x0000000083100000|100%| O|  |TAMS 0x0000000083100000, 0x0000000083100000| Untracked 
|  49|0x0000000083100000, 0x0000000083200000, 0x0000000083200000|100%| O|  |TAMS 0x0000000083200000, 0x0000000083200000| Untracked 
|  50|0x0000000083200000, 0x0000000083300000, 0x0000000083300000|100%| O|  |TAMS 0x0000000083300000, 0x0000000083300000| Untracked 
|  51|0x0000000083300000, 0x0000000083400000, 0x0000000083400000|100%| O|  |TAMS 0x0000000083400000, 0x0000000083400000| Untracked 
|  52|0x0000000083400000, 0x0000000083500000, 0x0000000083500000|100%| O|  |TAMS 0x0000000083500000, 0x0000000083500000| Untracked 
|  53|0x0000000083500000, 0x0000000083600000, 0x0000000083600000|100%| O|  |TAMS 0x0000000083600000, 0x0000000083600000| Untracked 
|  54|0x0000000083600000, 0x0000000083700000, 0x0000000083700000|100%| O|  |TAMS 0x0000000083700000, 0x0000000083700000| Untracked 
|  55|0x0000000083700000, 0x0000000083800000, 0x0000000083800000|100%| O|  |TAMS 0x0000000083800000, 0x0000000083800000| Untracked 
|  56|0x0000000083800000, 0x0000000083900000, 0x0000000083900000|100%| O|  |TAMS 0x0000000083800000, 0x0000000083900000| Untracked 
|  57|0x0000000083900000, 0x0000000083a00000, 0x0000000083a00000|100%| O|  |TAMS 0x0000000083900000, 0x0000000083a00000| Untracked 
|  58|0x0000000083a00000, 0x0000000083b00000, 0x0000000083b00000|100%| O|  |TAMS 0x0000000083b00000, 0x0000000083b00000| Untracked 
|  59|0x0000000083b00000, 0x0000000083c00000, 0x0000000083c00000|100%| O|  |TAMS 0x0000000083c00000, 0x0000000083c00000| Untracked 
|  60|0x0000000083c00000, 0x0000000083d00000, 0x0000000083d00000|100%| O|  |TAMS 0x0000000083d00000, 0x0000000083d00000| Untracked 
|  61|0x0000000083d00000, 0x0000000083e00000, 0x0000000083e00000|100%| O|  |TAMS 0x0000000083e00000, 0x0000000083e00000| Untracked 
|  62|0x0000000083e00000, 0x0000000083f00000, 0x0000000083f00000|100%| O|  |TAMS 0x0000000083e00000, 0x0000000083f00000| Untracked 
|  63|0x0000000083f00000, 0x0000000084000000, 0x0000000084000000|100%| O|  |TAMS 0x0000000083f00000, 0x0000000084000000| Untracked 
|  64|0x0000000084000000, 0x0000000084100000, 0x0000000084100000|100%| O|  |TAMS 0x0000000084000000, 0x0000000084100000| Untracked 
|  65|0x0000000084100000, 0x0000000084200000, 0x0000000084200000|100%| O|  |TAMS 0x000000008416a200, 0x0000000084200000| Untracked 
|  66|0x0000000084200000, 0x0000000084300000, 0x0000000084300000|100%| O|  |TAMS 0x0000000084200000, 0x0000000084300000| Untracked 
|  67|0x0000000084300000, 0x0000000084400000, 0x0000000084400000|100%| O|  |TAMS 0x0000000084300000, 0x0000000084400000| Untracked 
|  68|0x0000000084400000, 0x0000000084500000, 0x0000000084500000|100%| O|  |TAMS 0x0000000084400000, 0x0000000084500000| Untracked 
|  69|0x0000000084500000, 0x0000000084600000, 0x0000000084600000|100%| O|  |TAMS 0x0000000084600000, 0x0000000084600000| Untracked 
|  70|0x0000000084600000, 0x0000000084700000, 0x0000000084700000|100%| O|  |TAMS 0x0000000084600000, 0x0000000084700000| Untracked 
|  71|0x0000000084700000, 0x0000000084800000, 0x0000000084800000|100%| O|  |TAMS 0x0000000084700000, 0x0000000084800000| Untracked 
|  72|0x0000000084800000, 0x0000000084900000, 0x0000000084900000|100%| O|  |TAMS 0x0000000084900000, 0x0000000084900000| Untracked 
|  73|0x0000000084900000, 0x0000000084a00000, 0x0000000084a00000|100%| O|  |TAMS 0x0000000084a00000, 0x0000000084a00000| Untracked 
|  74|0x0000000084a00000, 0x0000000084b00000, 0x0000000084b00000|100%| O|  |TAMS 0x0000000084a00000, 0x0000000084b00000| Untracked 
|  75|0x0000000084b00000, 0x0000000084c00000, 0x0000000084c00000|100%| O|  |TAMS 0x0000000084b00000, 0x0000000084c00000| Untracked 
|  76|0x0000000084c00000, 0x0000000084d00000, 0x0000000084d00000|100%| O|  |TAMS 0x0000000084c00000, 0x0000000084d00000| Untracked 
|  77|0x0000000084d00000, 0x0000000084e00000, 0x0000000084e00000|100%| O|  |TAMS 0x0000000084d00000, 0x0000000084e00000| Untracked 
|  78|0x0000000084e00000, 0x0000000084f00000, 0x0000000084f00000|100%| O|  |TAMS 0x0000000084f00000, 0x0000000084f00000| Untracked 
|  79|0x0000000084f00000, 0x0000000085000000, 0x0000000085000000|100%| O|  |TAMS 0x0000000085000000, 0x0000000085000000| Untracked 
|  80|0x0000000085000000, 0x0000000085100000, 0x0000000085100000|100%| O|  |TAMS 0x0000000085100000, 0x0000000085100000| Untracked 
|  81|0x0000000085100000, 0x0000000085200000, 0x0000000085200000|100%| O|  |TAMS 0x0000000085100000, 0x0000000085200000| Untracked 
|  82|0x0000000085200000, 0x0000000085300000, 0x0000000085300000|100%| O|  |TAMS 0x0000000085300000, 0x0000000085300000| Untracked 
|  83|0x0000000085300000, 0x0000000085400000, 0x0000000085400000|100%| O|  |TAMS 0x0000000085300000, 0x0000000085400000| Untracked 
|  84|0x0000000085400000, 0x0000000085500000, 0x0000000085500000|100%| O|  |TAMS 0x0000000085400000, 0x0000000085500000| Untracked 
|  85|0x0000000085500000, 0x0000000085600000, 0x0000000085600000|100%| O|  |TAMS 0x0000000085500000, 0x0000000085600000| Untracked 
|  86|0x0000000085600000, 0x0000000085700000, 0x0000000085700000|100%| O|  |TAMS 0x0000000085600000, 0x0000000085700000| Untracked 
|  87|0x0000000085700000, 0x0000000085800000, 0x0000000085800000|100%| O|  |TAMS 0x0000000085700000, 0x0000000085800000| Untracked 
|  88|0x0000000085800000, 0x0000000085900000, 0x0000000085900000|100%| O|  |TAMS 0x0000000085900000, 0x0000000085900000| Untracked 
|  89|0x0000000085900000, 0x0000000085a00000, 0x0000000085a00000|100%| O|  |TAMS 0x0000000085900000, 0x0000000085a00000| Untracked 
|  90|0x0000000085a00000, 0x0000000085b00000, 0x0000000085b00000|100%| O|  |TAMS 0x0000000085a00000, 0x0000000085b00000| Untracked 
|  91|0x0000000085b00000, 0x0000000085c00000, 0x0000000085c00000|100%| O|  |TAMS 0x0000000085b00000, 0x0000000085c00000| Untracked 
|  92|0x0000000085c00000, 0x0000000085d00000, 0x0000000085d00000|100%| O|  |TAMS 0x0000000085c00000, 0x0000000085d00000| Untracked 
|  93|0x0000000085d00000, 0x0000000085e00000, 0x0000000085e00000|100%| O|  |TAMS 0x0000000085d00000, 0x0000000085e00000| Untracked 
|  94|0x0000000085e00000, 0x0000000085f00000, 0x0000000085f00000|100%| O|  |TAMS 0x0000000085e00000, 0x0000000085f00000| Untracked 
|  95|0x0000000085f00000, 0x0000000086000000, 0x0000000086000000|100%| O|  |TAMS 0x0000000085f00000, 0x0000000086000000| Untracked 
|  96|0x0000000086000000, 0x0000000086100000, 0x0000000086100000|100%| O|  |TAMS 0x0000000086000000, 0x0000000086100000| Untracked 
|  97|0x0000000086100000, 0x0000000086200000, 0x0000000086200000|100%| O|  |TAMS 0x0000000086100000, 0x0000000086200000| Untracked 
|  98|0x0000000086200000, 0x00000000862a3400, 0x0000000086300000| 63%| O|  |TAMS 0x0000000086200000, 0x00000000862a3400| Untracked 
|  99|0x0000000086300000, 0x0000000086300000, 0x0000000086400000|  0%| F|  |TAMS 0x0000000086300000, 0x0000000086300000| Untracked 
| 100|0x0000000086400000, 0x0000000086400000, 0x0000000086500000|  0%| F|  |TAMS 0x0000000086400000, 0x0000000086400000| Untracked 
| 101|0x0000000086500000, 0x0000000086500000, 0x0000000086600000|  0%| F|  |TAMS 0x0000000086500000, 0x0000000086500000| Untracked 
| 102|0x0000000086600000, 0x0000000086600000, 0x0000000086700000|  0%| F|  |TAMS 0x0000000086600000, 0x0000000086600000| Untracked 
| 103|0x0000000086700000, 0x0000000086700000, 0x0000000086800000|  0%| F|  |TAMS 0x0000000086700000, 0x0000000086700000| Untracked 
| 104|0x0000000086800000, 0x0000000086800000, 0x0000000086900000|  0%| F|  |TAMS 0x0000000086800000, 0x0000000086800000| Untracked 
| 105|0x0000000086900000, 0x0000000086900000, 0x0000000086a00000|  0%| F|  |TAMS 0x0000000086900000, 0x0000000086900000| Untracked 
| 106|0x0000000086a00000, 0x0000000086a00000, 0x0000000086b00000|  0%| F|  |TAMS 0x0000000086a00000, 0x0000000086a00000| Untracked 
| 107|0x0000000086b00000, 0x0000000086b00000, 0x0000000086c00000|  0%| F|  |TAMS 0x0000000086b00000, 0x0000000086b00000| Untracked 
| 108|0x0000000086c00000, 0x0000000086c00000, 0x0000000086d00000|  0%| F|  |TAMS 0x0000000086c00000, 0x0000000086c00000| Untracked 
| 109|0x0000000086d00000, 0x0000000086d00000, 0x0000000086e00000|  0%| F|  |TAMS 0x0000000086d00000, 0x0000000086d00000| Untracked 
| 110|0x0000000086e00000, 0x0000000086e00000, 0x0000000086f00000|  0%| F|  |TAMS 0x0000000086e00000, 0x0000000086e00000| Untracked 
| 111|0x0000000086f00000, 0x0000000086f00000, 0x0000000087000000|  0%| F|  |TAMS 0x0000000086f00000, 0x0000000086f00000| Untracked 
| 112|0x0000000087000000, 0x0000000087000000, 0x0000000087100000|  0%| F|  |TAMS 0x0000000087000000, 0x0000000087000000| Untracked 
| 113|0x0000000087100000, 0x0000000087100000, 0x0000000087200000|  0%| F|  |TAMS 0x0000000087100000, 0x0000000087100000| Untracked 
| 114|0x0000000087200000, 0x0000000087200000, 0x0000000087300000|  0%| F|  |TAMS 0x0000000087200000, 0x0000000087200000| Untracked 
| 115|0x0000000087300000, 0x0000000087300000, 0x0000000087400000|  0%| F|  |TAMS 0x0000000087300000, 0x0000000087300000| Untracked 
| 116|0x0000000087400000, 0x0000000087400000, 0x0000000087500000|  0%| F|  |TAMS 0x0000000087400000, 0x0000000087400000| Untracked 
| 117|0x0000000087500000, 0x0000000087500000, 0x0000000087600000|  0%| F|  |TAMS 0x0000000087500000, 0x0000000087500000| Untracked 
| 118|0x0000000087600000, 0x0000000087600000, 0x0000000087700000|  0%| F|  |TAMS 0x0000000087600000, 0x0000000087600000| Untracked 
| 119|0x0000000087700000, 0x0000000087700000, 0x0000000087800000|  0%| F|  |TAMS 0x0000000087700000, 0x0000000087700000| Untracked 
| 120|0x0000000087800000, 0x0000000087800000, 0x0000000087900000|  0%| F|  |TAMS 0x0000000087800000, 0x0000000087800000| Untracked 
| 121|0x0000000087900000, 0x0000000087900000, 0x0000000087a00000|  0%| F|  |TAMS 0x0000000087900000, 0x0000000087900000| Untracked 
| 122|0x0000000087a00000, 0x0000000087a00000, 0x0000000087b00000|  0%| F|  |TAMS 0x0000000087a00000, 0x0000000087a00000| Untracked 
| 123|0x0000000087b00000, 0x0000000087b00000, 0x0000000087c00000|  0%| F|  |TAMS 0x0000000087b00000, 0x0000000087b00000| Untracked 
| 124|0x0000000087c00000, 0x0000000087c00000, 0x0000000087d00000|  0%| F|  |TAMS 0x0000000087c00000, 0x0000000087c00000| Untracked 
| 125|0x0000000087d00000, 0x0000000087d00000, 0x0000000087e00000|  0%| F|  |TAMS 0x0000000087d00000, 0x0000000087d00000| Untracked 
| 126|0x0000000087e00000, 0x0000000087e00000, 0x0000000087f00000|  0%| F|  |TAMS 0x0000000087e00000, 0x0000000087e00000| Untracked 
| 127|0x0000000087f00000, 0x0000000088000000, 0x0000000088000000|100%| S|CS|TAMS 0x0000000087f00000, 0x0000000087f00000| Complete 
| 128|0x0000000088000000, 0x0000000088000000, 0x0000000088100000|  0%| F|  |TAMS 0x0000000088000000, 0x0000000088000000| Untracked 
| 129|0x0000000088100000, 0x0000000088100000, 0x0000000088200000|  0%| F|  |TAMS 0x0000000088100000, 0x0000000088100000| Untracked 
| 130|0x0000000088200000, 0x0000000088200000, 0x0000000088300000|  0%| F|  |TAMS 0x0000000088200000, 0x0000000088200000| Untracked 
| 131|0x0000000088300000, 0x0000000088300000, 0x0000000088400000|  0%| F|  |TAMS 0x0000000088300000, 0x0000000088300000| Untracked 
| 132|0x0000000088400000, 0x0000000088400000, 0x0000000088500000|  0%| F|  |TAMS 0x0000000088400000, 0x0000000088400000| Untracked 
| 133|0x0000000088500000, 0x0000000088600000, 0x0000000088600000|100%| S|CS|TAMS 0x0000000088500000, 0x0000000088500000| Complete 
| 134|0x0000000088600000, 0x0000000088700000, 0x0000000088700000|100%| S|CS|TAMS 0x0000000088600000, 0x0000000088600000| Complete 
| 135|0x0000000088700000, 0x0000000088800000, 0x0000000088800000|100%| S|CS|TAMS 0x0000000088700000, 0x0000000088700000| Complete 
| 136|0x0000000088800000, 0x0000000088900000, 0x0000000088900000|100%| S|CS|TAMS 0x0000000088800000, 0x0000000088800000| Complete 
| 137|0x0000000088900000, 0x0000000088a00000, 0x0000000088a00000|100%| S|CS|TAMS 0x0000000088900000, 0x0000000088900000| Complete 
| 138|0x0000000088a00000, 0x0000000088b00000, 0x0000000088b00000|100%| S|CS|TAMS 0x0000000088a00000, 0x0000000088a00000| Complete 
| 139|0x0000000088b00000, 0x0000000088c00000, 0x0000000088c00000|100%| S|CS|TAMS 0x0000000088b00000, 0x0000000088b00000| Complete 
| 140|0x0000000088c00000, 0x0000000088c00000, 0x0000000088d00000|  0%| F|  |TAMS 0x0000000088c00000, 0x0000000088c00000| Untracked 
| 141|0x0000000088d00000, 0x0000000088d00000, 0x0000000088e00000|  0%| F|  |TAMS 0x0000000088d00000, 0x0000000088d00000| Untracked 
| 142|0x0000000088e00000, 0x0000000088e00000, 0x0000000088f00000|  0%| F|  |TAMS 0x0000000088e00000, 0x0000000088e00000| Untracked 
| 143|0x0000000088f00000, 0x0000000088f00000, 0x0000000089000000|  0%| F|  |TAMS 0x0000000088f00000, 0x0000000088f00000| Untracked 
| 144|0x0000000089000000, 0x0000000089000000, 0x0000000089100000|  0%| F|  |TAMS 0x0000000089000000, 0x0000000089000000| Untracked 
| 145|0x0000000089100000, 0x0000000089100000, 0x0000000089200000|  0%| F|  |TAMS 0x0000000089100000, 0x0000000089100000| Untracked 
| 146|0x0000000089200000, 0x0000000089200000, 0x0000000089300000|  0%| F|  |TAMS 0x0000000089200000, 0x0000000089200000| Untracked 
| 147|0x0000000089300000, 0x0000000089300000, 0x0000000089400000|  0%| F|  |TAMS 0x0000000089300000, 0x0000000089300000| Untracked 
| 148|0x0000000089400000, 0x0000000089400000, 0x0000000089500000|  0%| F|  |TAMS 0x0000000089400000, 0x0000000089400000| Untracked 
| 149|0x0000000089500000, 0x0000000089500000, 0x0000000089600000|  0%| F|  |TAMS 0x0000000089500000, 0x0000000089500000| Untracked 
| 150|0x0000000089600000, 0x0000000089600000, 0x0000000089700000|  0%| F|  |TAMS 0x0000000089600000, 0x0000000089600000| Untracked 
| 151|0x0000000089700000, 0x0000000089700000, 0x0000000089800000|  0%| F|  |TAMS 0x0000000089700000, 0x0000000089700000| Untracked 
| 152|0x0000000089800000, 0x0000000089800000, 0x0000000089900000|  0%| F|  |TAMS 0x0000000089800000, 0x0000000089800000| Untracked 
| 153|0x0000000089900000, 0x0000000089900000, 0x0000000089a00000|  0%| F|  |TAMS 0x0000000089900000, 0x0000000089900000| Untracked 
| 154|0x0000000089a00000, 0x0000000089a00000, 0x0000000089b00000|  0%| F|  |TAMS 0x0000000089a00000, 0x0000000089a00000| Untracked 
| 155|0x0000000089b00000, 0x0000000089b00000, 0x0000000089c00000|  0%| F|  |TAMS 0x0000000089b00000, 0x0000000089b00000| Untracked 
| 156|0x0000000089c00000, 0x0000000089c00000, 0x0000000089d00000|  0%| F|  |TAMS 0x0000000089c00000, 0x0000000089c00000| Untracked 
| 157|0x0000000089d00000, 0x0000000089d00000, 0x0000000089e00000|  0%| F|  |TAMS 0x0000000089d00000, 0x0000000089d00000| Untracked 
| 158|0x0000000089e00000, 0x0000000089e00000, 0x0000000089f00000|  0%| F|  |TAMS 0x0000000089e00000, 0x0000000089e00000| Untracked 
| 159|0x0000000089f00000, 0x0000000089f00000, 0x000000008a000000|  0%| F|  |TAMS 0x0000000089f00000, 0x0000000089f00000| Untracked 
| 160|0x000000008a000000, 0x000000008a000000, 0x000000008a100000|  0%| F|  |TAMS 0x000000008a000000, 0x000000008a000000| Untracked 
| 161|0x000000008a100000, 0x000000008a100000, 0x000000008a200000|  0%| F|  |TAMS 0x000000008a100000, 0x000000008a100000| Untracked 
| 162|0x000000008a200000, 0x000000008a200000, 0x000000008a300000|  0%| F|  |TAMS 0x000000008a200000, 0x000000008a200000| Untracked 
| 163|0x000000008a300000, 0x000000008a300000, 0x000000008a400000|  0%| F|  |TAMS 0x000000008a300000, 0x000000008a300000| Untracked 
| 164|0x000000008a400000, 0x000000008a400000, 0x000000008a500000|  0%| F|  |TAMS 0x000000008a400000, 0x000000008a400000| Untracked 
| 165|0x000000008a500000, 0x000000008a500000, 0x000000008a600000|  0%| F|  |TAMS 0x000000008a500000, 0x000000008a500000| Untracked 
| 166|0x000000008a600000, 0x000000008a600000, 0x000000008a700000|  0%| F|  |TAMS 0x000000008a600000, 0x000000008a600000| Untracked 
| 167|0x000000008a700000, 0x000000008a700000, 0x000000008a800000|  0%| F|  |TAMS 0x000000008a700000, 0x000000008a700000| Untracked 
| 168|0x000000008a800000, 0x000000008a800000, 0x000000008a900000|  0%| F|  |TAMS 0x000000008a800000, 0x000000008a800000| Untracked 
| 169|0x000000008a900000, 0x000000008a900000, 0x000000008aa00000|  0%| F|  |TAMS 0x000000008a900000, 0x000000008a900000| Untracked 
| 170|0x000000008aa00000, 0x000000008aa00000, 0x000000008ab00000|  0%| F|  |TAMS 0x000000008aa00000, 0x000000008aa00000| Untracked 
| 171|0x000000008ab00000, 0x000000008ab00000, 0x000000008ac00000|  0%| F|  |TAMS 0x000000008ab00000, 0x000000008ab00000| Untracked 
| 172|0x000000008ac00000, 0x000000008ac00000, 0x000000008ad00000|  0%| F|  |TAMS 0x000000008ac00000, 0x000000008ac00000| Untracked 
| 173|0x000000008ad00000, 0x000000008ad00000, 0x000000008ae00000|  0%| F|  |TAMS 0x000000008ad00000, 0x000000008ad00000| Untracked 
| 174|0x000000008ae00000, 0x000000008ae00000, 0x000000008af00000|  0%| F|  |TAMS 0x000000008ae00000, 0x000000008ae00000| Untracked 
| 175|0x000000008af00000, 0x000000008af00000, 0x000000008b000000|  0%| F|  |TAMS 0x000000008af00000, 0x000000008af00000| Untracked 
| 176|0x000000008b000000, 0x000000008b000000, 0x000000008b100000|  0%| F|  |TAMS 0x000000008b000000, 0x000000008b000000| Untracked 
| 177|0x000000008b100000, 0x000000008b100000, 0x000000008b200000|  0%| F|  |TAMS 0x000000008b100000, 0x000000008b100000| Untracked 
| 178|0x000000008b200000, 0x000000008b200000, 0x000000008b300000|  0%| F|  |TAMS 0x000000008b200000, 0x000000008b200000| Untracked 
| 179|0x000000008b300000, 0x000000008b300000, 0x000000008b400000|  0%| F|  |TAMS 0x000000008b300000, 0x000000008b300000| Untracked 
| 180|0x000000008b400000, 0x000000008b400000, 0x000000008b500000|  0%| F|  |TAMS 0x000000008b400000, 0x000000008b400000| Untracked 
| 181|0x000000008b500000, 0x000000008b500000, 0x000000008b600000|  0%| F|  |TAMS 0x000000008b500000, 0x000000008b500000| Untracked 
| 182|0x000000008b600000, 0x000000008b600000, 0x000000008b700000|  0%| F|  |TAMS 0x000000008b600000, 0x000000008b600000| Untracked 
| 183|0x000000008b700000, 0x000000008b700000, 0x000000008b800000|  0%| F|  |TAMS 0x000000008b700000, 0x000000008b700000| Untracked 
| 184|0x000000008b800000, 0x000000008b800000, 0x000000008b900000|  0%| F|  |TAMS 0x000000008b800000, 0x000000008b800000| Untracked 
| 185|0x000000008b900000, 0x000000008b900000, 0x000000008ba00000|  0%| F|  |TAMS 0x000000008b900000, 0x000000008b900000| Untracked 
| 186|0x000000008ba00000, 0x000000008ba00000, 0x000000008bb00000|  0%| F|  |TAMS 0x000000008ba00000, 0x000000008ba00000| Untracked 
| 187|0x000000008bb00000, 0x000000008bb00000, 0x000000008bc00000|  0%| F|  |TAMS 0x000000008bb00000, 0x000000008bb00000| Untracked 
| 188|0x000000008bc00000, 0x000000008bc00000, 0x000000008bd00000|  0%| F|  |TAMS 0x000000008bc00000, 0x000000008bc00000| Untracked 
| 189|0x000000008bd00000, 0x000000008bd00000, 0x000000008be00000|  0%| F|  |TAMS 0x000000008bd00000, 0x000000008bd00000| Untracked 
| 190|0x000000008be00000, 0x000000008be00000, 0x000000008bf00000|  0%| F|  |TAMS 0x000000008be00000, 0x000000008be00000| Untracked 
| 191|0x000000008bf00000, 0x000000008bf00000, 0x000000008c000000|  0%| F|  |TAMS 0x000000008bf00000, 0x000000008bf00000| Untracked 
| 192|0x000000008c000000, 0x000000008c000000, 0x000000008c100000|  0%| F|  |TAMS 0x000000008c000000, 0x000000008c000000| Untracked 
| 193|0x000000008c100000, 0x000000008c100000, 0x000000008c200000|  0%| F|  |TAMS 0x000000008c100000, 0x000000008c100000| Untracked 
| 194|0x000000008c200000, 0x000000008c200000, 0x000000008c300000|  0%| F|  |TAMS 0x000000008c200000, 0x000000008c200000| Untracked 

Card table byte_map: [0x000001d2a2950000,0x000001d2a2d50000] _byte_map_base: 0x000001d2a2550000

Marking Bits (Prev, Next): (CMBitMap*) 0x000001d28f77c010, (CMBitMap*) 0x000001d28f77bfd8
 Prev Bits: [0x000001d2a5150000, 0x000001d2a7150000)
 Next Bits: [0x000001d2a3150000, 0x000001d2a5150000)

Polling page: 0x000001d28d740000

Metaspace:

Usage:
  Non-class:     87.13 MB capacity,    85.50 MB ( 98%) used,     1.32 MB (  2%) free+waste,   307.50 KB ( <1%) overhead. 
      Class:     13.41 MB capacity,    12.42 MB ( 93%) used,   871.77 KB (  6%) free+waste,   141.38 KB (  1%) overhead. 
       Both:    100.53 MB capacity,    97.92 MB ( 97%) used,     2.17 MB (  2%) free+waste,   448.88 KB ( <1%) overhead. 

Virtual space:
  Non-class space:       88.00 MB reserved,      87.18 MB (>99%) committed 
      Class space:        1.00 GB reserved,      13.45 MB (  1%) committed 
             Both:        1.09 GB reserved,     100.63 MB (  9%) committed 

Chunk freelists:
   Non-Class:  52.00 KB
       Class:  0 bytes
        Both:  52.00 KB

MaxMetaspaceSize: 17179869184.00 GB
CompressedClassSpaceSize: 1.00 GB

CodeHeap 'non-profiled nmethods': size=120000Kb used=6669Kb max_used=6669Kb free=113330Kb
 bounds [0x000001d29acf0000, 0x000001d29b380000, 0x000001d2a2220000]
CodeHeap 'profiled nmethods': size=120000Kb used=29392Kb max_used=29392Kb free=90608Kb
 bounds [0x000001d2937c0000, 0x000001d295480000, 0x000001d29acf0000]
CodeHeap 'non-nmethods': size=5760Kb used=2312Kb max_used=2347Kb free=3447Kb
 bounds [0x000001d293220000, 0x000001d293490000, 0x000001d2937c0000]
 total_blobs=14474 nmethods=13550 adapters=833
 compilation: enabled
              stopped_count=0, restarted_count=0
 full_count=0

Compilation events (20 events):
Event: 27.612 Thread 0x000001d2a9bbb800 13881       3       java.util.IdentityHashMap::put (137 bytes)
Event: 27.612 Thread 0x000001d2a9bbb800 nmethod 13881 0x000001d295470d90 code [0x000001d295470fe0, 0x000001d295471a58]
Event: 27.612 Thread 0x000001d2a9bbb800 13880       2       com.android.tools.r8.utils.V::a (8 bytes)
Event: 27.613 Thread 0x000001d2a9bbb800 nmethod 13880 0x000001d295471d90 code [0x000001d295471f40, 0x000001d295472048]
Event: 27.613 Thread 0x000001d2a9bbb800 13842       2       com.android.tools.r8.internal.Br::a (18 bytes)
Event: 27.613 Thread 0x000001d2a9bbb800 nmethod 13842 0x000001d295472110 code [0x000001d2954722c0, 0x000001d295472408]
Event: 27.613 Thread 0x000001d2a9bbb800 13855       2       com.android.tools.r8.graph.Z::Z0 (9 bytes)
Event: 27.613 Thread 0x000001d2a9bbb800 nmethod 13855 0x000001d295472490 code [0x000001d295472660, 0x000001d295472838]
Event: 27.613 Thread 0x000001d2a9bbb800 13856       2       com.android.tools.r8.graph.z::f0 (34 bytes)
Event: 27.613 Thread 0x000001d2a9bbb800 nmethod 13856 0x000001d295472990 code [0x000001d295472b40, 0x000001d295472c68]
Event: 27.613 Thread 0x000001d2a9bbb800 13872       2       com.android.tools.r8.internal.g7::<init> (7 bytes)
Event: 27.613 Thread 0x000001d2a9bbb800 nmethod 13872 0x000001d295472d10 code [0x000001d295472ec0, 0x000001d295472fe8]
Event: 27.613 Thread 0x000001d2a9bbb800 13847       2       com.android.tools.r8.ir.conversion.k::a (10 bytes)
Event: 27.614 Thread 0x000001d2a9bbb800 nmethod 13847 0x000001d295473090 code [0x000001d295473240, 0x000001d295473368]
Event: 27.614 Thread 0x000001d2a9bbb800 13873       2       com.android.tools.r8.graph.z::e (9 bytes)
Event: 27.614 Thread 0x000001d2a9bbb800 nmethod 13873 0x000001d295473410 code [0x000001d2954735c0, 0x000001d2954736e8]
Event: 27.614 Thread 0x000001d2a9bbb800 13874       2       com.android.tools.r8.internal.hr::d (68 bytes)
Event: 27.614 Thread 0x000001d2a9bbb800 nmethod 13874 0x000001d295473790 code [0x000001d295473960, 0x000001d295473b58]
Event: 27.614 Thread 0x000001d2a9bbb800 13869       2       com.android.tools.r8.internal.hv::c (16 bytes)
Event: 27.614 Thread 0x000001d2a9bbb800 nmethod 13869 0x000001d295473c90 code [0x000001d295473e40, 0x000001d295473f68]

GC Heap History (20 events):
Event: 21.360 GC heap after
{Heap after GC invocations=30 (full 0):
 garbage-first heap   total 165888K, used 91147K [0x0000000080000000, 0x0000000100000000)
  region size 1024K, 5 young (5120K), 5 survivors (5120K)
 Metaspace       used 85736K, capacity 87879K, committed 88320K, reserved 1126400K
  class space    used 10912K, capacity 11686K, committed 11852K, reserved 1048576K
}
Event: 21.712 GC heap before
{Heap before GC invocations=30 (full 0):
 garbage-first heap   total 165888K, used 129035K [0x0000000080000000, 0x0000000100000000)
  region size 1024K, 43 young (44032K), 5 survivors (5120K)
 Metaspace       used 86203K, capacity 88338K, committed 88832K, reserved 1126400K
  class space    used 10923K, capacity 11686K, committed 11852K, reserved 1048576K
}
Event: 21.721 GC heap after
{Heap after GC invocations=31 (full 0):
 garbage-first heap   total 165888K, used 92061K [0x0000000080000000, 0x0000000100000000)
  region size 1024K, 2 young (2048K), 2 survivors (2048K)
 Metaspace       used 86203K, capacity 88338K, committed 88832K, reserved 1126400K
  class space    used 10923K, capacity 11686K, committed 11852K, reserved 1048576K
}
Event: 22.258 GC heap before
{Heap before GC invocations=32 (full 0):
 garbage-first heap   total 165888K, used 121757K [0x0000000080000000, 0x0000000100000000)
  region size 1024K, 41 young (41984K), 2 survivors (2048K)
 Metaspace       used 87383K, capacity 89536K, committed 89984K, reserved 1128448K
  class space    used 11016K, capacity 11782K, committed 11980K, reserved 1048576K
}
Event: 22.264 GC heap after
{Heap after GC invocations=33 (full 0):
 garbage-first heap   total 165888K, used 84445K [0x0000000080000000, 0x0000000100000000)
  region size 1024K, 3 young (3072K), 3 survivors (3072K)
 Metaspace       used 87383K, capacity 89536K, committed 89984K, reserved 1128448K
  class space    used 11016K, capacity 11782K, committed 11980K, reserved 1048576K
}
Event: 22.338 GC heap before
{Heap before GC invocations=33 (full 0):
 garbage-first heap   total 165888K, used 88541K [0x0000000080000000, 0x0000000100000000)
  region size 1024K, 8 young (8192K), 3 survivors (3072K)
 Metaspace       used 87506K, capacity 89614K, committed 89984K, reserved 1128448K
  class space    used 11023K, capacity 11784K, committed 11980K, reserved 1048576K
}
Event: 22.342 GC heap after
{Heap after GC invocations=34 (full 0):
 garbage-first heap   total 165888K, used 75715K [0x0000000080000000, 0x0000000100000000)
  region size 1024K, 1 young (1024K), 1 survivors (1024K)
 Metaspace       used 87506K, capacity 89614K, committed 89984K, reserved 1128448K
  class space    used 11023K, capacity 11784K, committed 11980K, reserved 1048576K
}
Event: 23.290 GC heap before
{Heap before GC invocations=34 (full 0):
 garbage-first heap   total 165888K, used 125891K [0x0000000080000000, 0x0000000100000000)
  region size 1024K, 51 young (52224K), 1 survivors (1024K)
 Metaspace       used 90409K, capacity 92566K, committed 92928K, reserved 1130496K
  class space    used 11404K, capacity 12148K, committed 12364K, reserved 1048576K
}
Event: 23.296 GC heap after
{Heap after GC invocations=35 (full 0):
 garbage-first heap   total 165888K, used 76395K [0x0000000080000000, 0x0000000100000000)
  region size 1024K, 2 young (2048K), 2 survivors (2048K)
 Metaspace       used 90409K, capacity 92566K, committed 92928K, reserved 1130496K
  class space    used 11404K, capacity 12148K, committed 12364K, reserved 1048576K
}
Event: 24.510 GC heap before
{Heap before GC invocations=36 (full 0):
 garbage-first heap   total 165888K, used 128619K [0x0000000080000000, 0x0000000100000000)
  region size 1024K, 54 young (55296K), 2 survivors (2048K)
 Metaspace       used 92464K, capacity 94625K, committed 94848K, reserved 1132544K
  class space    used 11606K, capacity 12374K, committed 12492K, reserved 1048576K
}
Event: 24.518 GC heap after
{Heap after GC invocations=37 (full 0):
 garbage-first heap   total 165888K, used 79672K [0x0000000080000000, 0x0000000100000000)
  region size 1024K, 5 young (5120K), 5 survivors (5120K)
 Metaspace       used 92464K, capacity 94625K, committed 94848K, reserved 1132544K
  class space    used 11606K, capacity 12374K, committed 12492K, reserved 1048576K
}
Event: 24.563 GC heap before
{Heap before GC invocations=37 (full 0):
 garbage-first heap   total 165888K, used 82744K [0x0000000080000000, 0x0000000100000000)
  region size 1024K, 8 young (8192K), 5 survivors (5120K)
 Metaspace       used 92626K, capacity 94768K, committed 95104K, reserved 1132544K
  class space    used 11629K, capacity 12378K, committed 12492K, reserved 1048576K
}
Event: 24.581 GC heap after
{Heap after GC invocations=38 (full 0):
 garbage-first heap   total 199680K, used 75418K [0x0000000080000000, 0x0000000100000000)
  region size 1024K, 1 young (1024K), 1 survivors (1024K)
 Metaspace       used 92626K, capacity 94768K, committed 95104K, reserved 1132544K
  class space    used 11629K, capacity 12378K, committed 12492K, reserved 1048576K
}
Event: 26.127 GC heap before
{Heap before GC invocations=38 (full 0):
 garbage-first heap   total 199680K, used 150170K [0x0000000080000000, 0x0000000100000000)
  region size 1024K, 76 young (77824K), 1 survivors (1024K)
 Metaspace       used 93909K, capacity 96170K, committed 96384K, reserved 1132544K
  class space    used 11778K, capacity 12614K, committed 12748K, reserved 1048576K
}
Event: 26.138 GC heap after
{Heap after GC invocations=39 (full 0):
 garbage-first heap   total 199680K, used 84992K [0x0000000080000000, 0x0000000100000000)
  region size 1024K, 10 young (10240K), 10 survivors (10240K)
 Metaspace       used 93909K, capacity 96170K, committed 96384K, reserved 1132544K
  class space    used 11778K, capacity 12614K, committed 12748K, reserved 1048576K
}
Event: 26.673 GC heap before
{Heap before GC invocations=39 (full 0):
 garbage-first heap   total 199680K, used 154624K [0x0000000080000000, 0x0000000100000000)
  region size 1024K, 77 young (78848K), 10 survivors (10240K)
 Metaspace       used 97043K, capacity 99561K, committed 99712K, reserved 1136640K
  class space    used 12257K, capacity 13156K, committed 13260K, reserved 1048576K
}
Event: 26.684 GC heap after
{Heap after GC invocations=40 (full 0):
 garbage-first heap   total 199680K, used 90229K [0x0000000080000000, 0x0000000100000000)
  region size 1024K, 10 young (10240K), 10 survivors (10240K)
 Metaspace       used 97043K, capacity 99561K, committed 99712K, reserved 1136640K
  class space    used 12257K, capacity 13156K, committed 13260K, reserved 1048576K
}
Event: 27.156 GC heap before
{Heap before GC invocations=40 (full 0):
 garbage-first heap   total 199680K, used 152693K [0x0000000080000000, 0x0000000100000000)
  region size 1024K, 72 young (73728K), 10 survivors (10240K)
 Metaspace       used 99117K, capacity 101695K, committed 101760K, reserved 1138688K
  class space    used 12537K, capacity 13480K, committed 13516K, reserved 1048576K
}
Event: 27.179 GC heap after
{Heap after GC invocations=41 (full 0):
 garbage-first heap   total 199680K, used 98371K [0x0000000080000000, 0x0000000100000000)
  region size 1024K, 9 young (9216K), 9 survivors (9216K)
 Metaspace       used 99117K, capacity 101695K, committed 101760K, reserved 1138688K
  class space    used 12537K, capacity 13480K, committed 13516K, reserved 1048576K
}
Event: 27.616 GC heap before
{Heap before GC invocations=41 (full 0):
 garbage-first heap   total 199680K, used 154691K [0x0000000080000000, 0x0000000100000000)
  region size 1024K, 64 young (65536K), 9 survivors (9216K)
 Metaspace       used 100271K, capacity 102944K, committed 103040K, reserved 1138688K
  class space    used 12714K, capacity 13728K, committed 13772K, reserved 1048576K
}

Deoptimization events (20 events):
Event: 27.004 Thread 0x000001d2ade1f000 Uncommon trap: trap_request=0xffffff4d fr.pc=0x000001d29b34bc24 relative=0x0000000000000084
Event: 27.004 Thread 0x000001d2ade1f000 Uncommon trap: reason=unstable_if action=reinterpret pc=0x000001d29b34bc24 method=com.android.tools.r8.graph.c0.a(C[BI)I @ 7 c2
Event: 27.004 Thread 0x000001d2ade1f000 DEOPT PACKING pc=0x000001d29b34bc24 sp=0x000000d1ddef9d00
Event: 27.004 Thread 0x000001d2ade1f000 DEOPT UNPACKING pc=0x000001d2932478af sp=0x000000d1ddef9c80 mode 2
Event: 27.220 Thread 0x000001d2ade21000 DEOPT PACKING pc=0x000001d2953218a2 sp=0x000000d1de4f93c0
Event: 27.220 Thread 0x000001d2ade21000 DEOPT UNPACKING pc=0x000001d2932476ce sp=0x000000d1de4f8b50 mode 0
Event: 27.311 Thread 0x000001d2ade1c800 DEOPT PACKING pc=0x000001d295322bf5 sp=0x000000d1de5f9560
Event: 27.311 Thread 0x000001d2ade1c800 DEOPT UNPACKING pc=0x000001d2932476ce sp=0x000000d1de5f8ce8 mode 0
Event: 27.358 Thread 0x000001d2ade1b800 DEOPT PACKING pc=0x000001d2953218a2 sp=0x000000d1de3f9370
Event: 27.358 Thread 0x000001d2ade1b800 DEOPT UNPACKING pc=0x000001d2932476ce sp=0x000000d1de3f8b00 mode 0
Event: 27.456 Thread 0x000001d2ade1b800 DEOPT PACKING pc=0x000001d2953218c3 sp=0x000000d1de3f8a80
Event: 27.456 Thread 0x000001d2ade1b800 DEOPT UNPACKING pc=0x000001d2932476ce sp=0x000000d1de3f8210 mode 0
Event: 27.481 Thread 0x000001d2ade1b800 DEOPT PACKING pc=0x000001d2953218c3 sp=0x000000d1de3f8bc0
Event: 27.481 Thread 0x000001d2ade1b800 DEOPT UNPACKING pc=0x000001d2932476ce sp=0x000000d1de3f8350 mode 0
Event: 27.504 Thread 0x000001d2ade1b800 DEOPT PACKING pc=0x000001d29532183f sp=0x000000d1de3f8be0
Event: 27.504 Thread 0x000001d2ade1b800 DEOPT UNPACKING pc=0x000001d2932476ce sp=0x000000d1de3f8370 mode 0
Event: 27.523 Thread 0x000001d2ade20800 DEOPT PACKING pc=0x000001d2953218c3 sp=0x000000d1de1f8c50
Event: 27.523 Thread 0x000001d2ade20800 DEOPT UNPACKING pc=0x000001d2932476ce sp=0x000000d1de1f83e0 mode 0
Event: 27.540 Thread 0x000001d2ade20800 DEOPT PACKING pc=0x000001d29527bdef sp=0x000000d1de1f9150
Event: 27.540 Thread 0x000001d2ade20800 DEOPT UNPACKING pc=0x000001d2932476ce sp=0x000000d1de1f8a58 mode 0

Classes redefined (0 events):
No events

Internal exceptions (20 events):
Event: 26.509 Thread 0x000001d2ade1f800 Exception <a 'java/lang/NoSuchMethodError'{0x00000000889d95e0}: 'java.lang.Object java.lang.invoke.DirectMethodHandle$Holder.invokeStaticInit(java.lang.Object, java.lang.Object, java.lang.Object, java.lang.Object, java.lang.Object, java.lang.Object, java.lang.Object, java.lang.Object, java.lang.Object, java.lang.Object, java.lang.Object, java.lang.Object, java.lang.Object, java.lang.Object, java.lang.Object, java.lang.Object, java.lang.Object, java.lang.Object, int, java.lang.Object)'> (0x00000000889d95e0)
Event: 26.551 Thread 0x000001d2ade1f800 Exception <a 'java/lang/IncompatibleClassChangeError'{0x00000000888dabc0}: Found class java.lang.Object, but interface was expected> (0x00000000888dabc0) thrown at [./src/hotspot/share/interpreter/linkResolver.cpp, line 839]
Event: 26.581 Thread 0x000001d2ade1b800 Exception <a 'java/lang/NoSuchMethodError'{0x000000008870eac0}: 'void java.lang.invoke.DirectMethodHandle$Holder.invokeStatic(java.lang.Object, java.lang.Object, int, java.lang.Object, java.lang.Object, java.lang.Object, java.lang.Object)'> (0x000000008870eac0) thrown at [./src/hotspot/share/interpreter/linkResolver.cpp, line 773]
Event: 26.613 Thread 0x000001d2ade20800 Exception <a 'java/lang/NoSuchMethodError'{0x0000000088575030}: 'long java.lang.invoke.DirectMethodHandle$Holder.invokeStatic(java.lang.Object, long, java.lang.Object)'> (0x0000000088575030) thrown at [./src/hotspot/share/interpreter/linkResolver.cpp, line 773]
Event: 26.614 Thread 0x000001d2ade1f800 Exception <a 'java/lang/NoSuchMethodError'{0x00000000885c1718}: 'long java.lang.invoke.DirectMethodHandle$Holder.invokeStatic(java.lang.Object, long, java.lang.Object)'> (0x00000000885c1718) thrown at [./src/hotspot/share/interpreter/linkResolver.cpp, line 773]
Event: 26.614 Thread 0x000001d2ade20800 Exception <a 'java/lang/NoSuchMethodError'{0x000000008857a9c8}: 'java.lang.Object java.lang.invoke.DirectMethodHandle$Holder.invokeStatic(java.lang.Object, long)'> (0x000000008857a9c8) thrown at [./src/hotspot/share/interpreter/linkResolver.cpp, line 773]
Event: 26.614 Thread 0x000001d2ade1f800 Exception <a 'java/lang/NoSuchMethodError'{0x00000000885ebae8}: 'java.lang.Object java.lang.invoke.DirectMethodHandle$Holder.invokeStatic(java.lang.Object, long)'> (0x00000000885ebae8) thrown at [./src/hotspot/share/interpreter/linkResolver.cpp, line 773]
Event: 26.617 Thread 0x000001d2ade1f800 Exception <a 'java/lang/NoSuchMethodError'{0x0000000088402d78}: 'java.lang.Object java.lang.invoke.Invokers$Holder.linkToTargetMethod(long, java.lang.Object)'> (0x0000000088402d78) thrown at [./src/hotspot/share/interpreter/linkResolver.cpp, line 773]
Event: 26.811 Thread 0x000001d2ade1f800 Exception <a 'java/lang/NoSuchMethodError'{0x000000008af06848}: 'int java.lang.invoke.DirectMethodHandle$Holder.invokeVirtual(java.lang.Object, java.lang.Object, java.lang.Object, java.lang.Object)'> (0x000000008af06848) thrown at [./src/hotspot/share/interpreter/linkResolver.cpp, line 773]
Event: 26.811 Thread 0x000001d2ade20800 Exception <a 'java/lang/NoSuchMethodError'{0x000000008af2bc58}: 'int java.lang.invoke.DirectMethodHandle$Holder.invokeVirtual(java.lang.Object, java.lang.Object, java.lang.Object, java.lang.Object)'> (0x000000008af2bc58) thrown at [./src/hotspot/share/interpreter/linkResolver.cpp, line 773]
Event: 26.811 Thread 0x000001d2ade21000 Exception <a 'java/lang/NoSuchMethodError'{0x000000008af12c18}: 'int java.lang.invoke.DirectMethodHandle$Holder.invokeVirtual(java.lang.Object, java.lang.Object, java.lang.Object, java.lang.Object)'> (0x000000008af12c18) thrown at [./src/hotspot/share/interpreter/linkResolver.cpp, line 773]
Event: 26.896 Thread 0x000001d2ade1f800 Exception <a 'java/lang/IncompatibleClassChangeError'{0x000000008a36b780}: Found class java.lang.Object, but interface was expected> (0x000000008a36b780) thrown at [./src/hotspot/share/interpreter/linkResolver.cpp, line 839]
Event: 26.896 Thread 0x000001d2ade20800 Exception <a 'java/lang/IncompatibleClassChangeError'{0x000000008a3bc8b0}: Found class java.lang.Object, but interface was expected> (0x000000008a3bc8b0) thrown at [./src/hotspot/share/interpreter/linkResolver.cpp, line 839]
Event: 26.896 Thread 0x000001d2ade21000 Exception <a 'java/lang/IncompatibleClassChangeError'{0x000000008a3b45e8}: Found class java.lang.Object, but interface was expected> (0x000000008a3b45e8) thrown at [./src/hotspot/share/interpreter/linkResolver.cpp, line 839]
Event: 26.928 Thread 0x000001d2ade1c800 Exception <a 'java/lang/NoSuchMethodError'{0x0000000089e13460}: 'int java.lang.invoke.DirectMethodHandle$Holder.invokeVirtual(java.lang.Object, java.lang.Object, java.lang.Object)'> (0x0000000089e13460) thrown at [./src/hotspot/share/interpreter/linkResolver.cpp, line 773]
Event: 27.361 Thread 0x000001d2ade21000 Exception <a 'java/lang/NoSuchMethodError'{0x000000008ad95538}: 'java.lang.Object java.lang.invoke.DirectMethodHandle$Holder.invokeStatic(java.lang.Object, int, java.lang.Object, java.lang.Object)'> (0x000000008ad95538) thrown at [./src/hotspot/share/interpreter/linkResolver.cpp, line 773]
Event: 27.361 Thread 0x000001d2ade20800 Exception <a 'java/lang/NoSuchMethodError'{0x000000008ad5a8a0}: 'java.lang.Object java.lang.invoke.DirectMethodHandle$Holder.invokeStatic(java.lang.Object, int, java.lang.Object, java.lang.Object)'> (0x000000008ad5a8a0) thrown at [./src/hotspot/share/interpreter/linkResolver.cpp, line 773]
Event: 27.407 Thread 0x000001d2b08e3800 Exception <a 'sun/nio/fs/WindowsException'{0x000000008a89f3e0}> (0x000000008a89f3e0) thrown at [./src/hotspot/share/prims/jni.cpp, line 615]
Event: 27.560 Thread 0x000001d2ade20800 Exception <a 'java/lang/NoSuchMethodError'{0x0000000089367dc8}: 'java.lang.Object java.lang.invoke.Invokers$Holder.linkToTargetMethod(java.lang.Object, java.lang.Object, java.lang.Object, java.lang.Object, java.lang.Object, java.lang.Object, java.lang.Object)'> (0x0000000089367dc8) thrown at [./src/hotspot/share/interpreter/linkResolver.cpp, line 773]
Event: 27.560 Thread 0x000001d2ade1f800 Exception <a 'java/lang/NoSuchMethodError'{0x000000008922ecf0}: 'java.lang.Object java.lang.invoke.Invokers$Holder.linkToTargetMethod(java.lang.Object, java.lang.Object, java.lang.Object, java.lang.Object, java.lang.Object, java.lang.Object, java.lang.Object)'> (0x000000008922ecf0) thrown at [./src/hotspot/share/interpreter/linkResolver.cpp, line 773]

Events (20 events):
Event: 27.611 loading class com/android/tools/r8/graph/e done
Event: 27.611 loading class com/android/tools/r8/graph/d0
Event: 27.611 loading class com/android/tools/r8/graph/d0 done
Event: 27.611 loading class com/android/tools/r8/graph/i
Event: 27.611 loading class com/android/tools/r8/graph/i done
Event: 27.611 loading class com/android/tools/r8/graph/i
Event: 27.611 loading class com/android/tools/r8/graph/i done
Event: 27.611 loading class com/android/tools/r8/graph/i
Event: 27.611 loading class com/android/tools/r8/graph/i done
Event: 27.611 loading class com/android/tools/r8/internal/of
Event: 27.611 loading class com/android/tools/r8/internal/of done
Event: 27.612 loading class com/android/tools/r8/internal/Kh
Event: 27.612 loading class com/android/tools/r8/internal/Kh done
Event: 27.613 loading class com/android/tools/r8/internal/xh
Event: 27.613 loading class com/android/tools/r8/internal/xh done
Event: 27.615 loading class com/android/tools/r8/internal/nf
Event: 27.615 loading class com/android/tools/r8/internal/nf done
Event: 27.615 loading class com/android/tools/r8/internal/if
Event: 27.615 loading class com/android/tools/r8/internal/if done
Event: 27.615 Executing VM operation: G1CollectForAllocation


Dynamic libraries:
0x00007ff744300000 - 0x00007ff74430a000 	D:\Programmi\Android Studio\jre\bin\java.exe
0x00007ffcc35d0000 - 0x00007ffcc37c5000 	C:\WINDOWS\SYSTEM32\ntdll.dll
0x00007ffcc26a0000 - 0x00007ffcc275e000 	C:\WINDOWS\System32\KERNEL32.DLL
0x00007ffcc0ce0000 - 0x00007ffcc0fa8000 	C:\WINDOWS\System32\KERNELBASE.dll
0x00007ffcbe5f0000 - 0x00007ffcbe680000 	C:\WINDOWS\SYSTEM32\apphelp.dll
0x00007ffcc1130000 - 0x00007ffcc1230000 	C:\WINDOWS\System32\ucrtbase.dll
0x00007ffcba1e0000 - 0x00007ffcba1f9000 	D:\Programmi\Android Studio\jre\bin\jli.dll
0x00007ffcbab40000 - 0x00007ffcbab57000 	D:\Programmi\Android Studio\jre\bin\VCRUNTIME140.dll
0x00007ffcc33e0000 - 0x00007ffcc3581000 	C:\WINDOWS\System32\USER32.dll
0x00007ffcc1100000 - 0x00007ffcc1122000 	C:\WINDOWS\System32\win32u.dll
0x00007ffcb6930000 - 0x00007ffcb6bca000 	C:\WINDOWS\WinSxS\amd64_microsoft.windows.common-controls_6595b64144ccf1df_6.0.19041.1110_none_60b5254171f9507e\COMCTL32.dll
0x00007ffcc2550000 - 0x00007ffcc257b000 	C:\WINDOWS\System32\GDI32.dll
0x00007ffcc1bd0000 - 0x00007ffcc1c6e000 	C:\WINDOWS\System32\msvcrt.dll
0x00007ffcc1470000 - 0x00007ffcc157d000 	C:\WINDOWS\System32\gdi32full.dll
0x00007ffcc0fb0000 - 0x00007ffcc104d000 	C:\WINDOWS\System32\msvcp_win.dll
0x00007ffcc21f0000 - 0x00007ffcc2220000 	C:\WINDOWS\System32\IMM32.DLL
0x00007ffc99f70000 - 0x00007ffc9a00d000 	D:\Programmi\Android Studio\jre\bin\msvcp140.dll
0x00007ffc898e0000 - 0x00007ffc8a3af000 	D:\Programmi\Android Studio\jre\bin\server\jvm.dll
0x00007ffcc2760000 - 0x00007ffcc280c000 	C:\WINDOWS\System32\ADVAPI32.dll
0x00007ffcc1680000 - 0x00007ffcc171b000 	C:\WINDOWS\System32\sechost.dll
0x00007ffcc2290000 - 0x00007ffcc23ba000 	C:\WINDOWS\System32\RPCRT4.dll
0x00007ffcc2c80000 - 0x00007ffcc2c88000 	C:\WINDOWS\System32\PSAPI.DLL
0x00007ffcb31f0000 - 0x00007ffcb31fa000 	C:\WINDOWS\SYSTEM32\VERSION.dll
0x00007ffcae400000 - 0x00007ffcae409000 	C:\WINDOWS\SYSTEM32\WSOCK32.dll
0x00007ffcb4b70000 - 0x00007ffcb4b97000 	C:\WINDOWS\SYSTEM32\WINMM.dll
0x00007ffcc2220000 - 0x00007ffcc228b000 	C:\WINDOWS\System32\WS2_32.dll
0x00007ffcbebd0000 - 0x00007ffcbebe2000 	C:\WINDOWS\SYSTEM32\kernel.appcore.dll
0x00007ffcbb940000 - 0x00007ffcbb951000 	D:\Programmi\Android Studio\jre\bin\verify.dll
0x00007ffcb8670000 - 0x00007ffcb8854000 	C:\WINDOWS\SYSTEM32\DBGHELP.DLL
0x00007ffcb8640000 - 0x00007ffcb866c000 	C:\WINDOWS\SYSTEM32\dbgcore.DLL
0x00007ffcc13e0000 - 0x00007ffcc1462000 	C:\WINDOWS\System32\bcryptPrimitives.dll
0x00007ffcbb0f0000 - 0x00007ffcbb119000 	D:\Programmi\Android Studio\jre\bin\java.dll
0x00007ffcbbd70000 - 0x00007ffcbbd7b000 	D:\Programmi\Android Studio\jre\bin\jimage.dll
0x00007ffcbb870000 - 0x00007ffcbb888000 	D:\Programmi\Android Studio\jre\bin\zip.dll
0x00007ffcc2c90000 - 0x00007ffcc33d4000 	C:\WINDOWS\System32\SHELL32.dll
0x00007ffcbedd0000 - 0x00007ffcbf564000 	C:\WINDOWS\SYSTEM32\windows.storage.dll
0x00007ffcc2870000 - 0x00007ffcc2bc5000 	C:\WINDOWS\System32\combase.dll
0x00007ffcc0660000 - 0x00007ffcc068e000 	C:\WINDOWS\SYSTEM32\Wldp.dll
0x00007ffcc17f0000 - 0x00007ffcc189d000 	C:\WINDOWS\System32\SHCORE.dll
0x00007ffcc1d10000 - 0x00007ffcc1d65000 	C:\WINDOWS\System32\shlwapi.dll
0x00007ffcc0c20000 - 0x00007ffcc0c3f000 	C:\WINDOWS\SYSTEM32\profapi.dll
0x00007ffcbb810000 - 0x00007ffcbb82a000 	D:\Programmi\Android Studio\jre\bin\net.dll
0x00007ffcb77e0000 - 0x00007ffcb78ec000 	C:\WINDOWS\SYSTEM32\WINHTTP.dll
0x00007ffcc03c0000 - 0x00007ffcc042a000 	C:\WINDOWS\system32\mswsock.dll
0x00007ffcbb3f0000 - 0x00007ffcbb404000 	D:\Programmi\Android Studio\jre\bin\nio.dll
0x00007ffca6ac0000 - 0x00007ffca6ae7000 	C:\Users\Umby\.gradle\native\8bec1ad78214c89d9ad589b4d07fe93259594b29d510b10fafb7a158f7737e5d\windows-amd64\native-platform.dll
0x00007ffc8ec00000 - 0x00007ffc8ed3d000 	C:\Users\Umby\.gradle\native\53dbd7edfb1c66fb8903c78663c9afc45aea4f116125fa6feffd364cf09443e8\windows-amd64\native-platform-file-events.dll
0x00007ffcbbd50000 - 0x00007ffcbbd5a000 	D:\Programmi\Android Studio\jre\bin\management.dll
0x00007ffcbbc40000 - 0x00007ffcbbc4c000 	D:\Programmi\Android Studio\jre\bin\management_ext.dll
0x00007ffcc05b0000 - 0x00007ffcc05c8000 	C:\WINDOWS\SYSTEM32\CRYPTSP.dll
0x00007ffcbfd40000 - 0x00007ffcbfd74000 	C:\WINDOWS\system32\rsaenh.dll
0x00007ffcc1580000 - 0x00007ffcc15a7000 	C:\WINDOWS\System32\bcrypt.dll
0x00007ffcc0be0000 - 0x00007ffcc0c0e000 	C:\WINDOWS\SYSTEM32\USERENV.dll
0x00007ffcc05d0000 - 0x00007ffcc05dc000 	C:\WINDOWS\SYSTEM32\CRYPTBASE.dll
0x00007ffcc00b0000 - 0x00007ffcc00eb000 	C:\WINDOWS\SYSTEM32\IPHLPAPI.DLL
0x00007ffcc1610000 - 0x00007ffcc1618000 	C:\WINDOWS\System32\NSI.dll
0x00007ffcb8c30000 - 0x00007ffcb8c47000 	C:\WINDOWS\SYSTEM32\dhcpcsvc6.DLL
0x00007ffcb9560000 - 0x00007ffcb957d000 	C:\WINDOWS\SYSTEM32\dhcpcsvc.DLL
0x00007ffcc00f0000 - 0x00007ffcc01bb000 	C:\WINDOWS\SYSTEM32\DNSAPI.dll

dbghelp: loaded successfully - version: 4.0.5 - missing functions: none
symbol engine: initialized successfully - sym options: 0x614 - pdb path: .;D:\Programmi\Android Studio\jre\bin;C:\WINDOWS\SYSTEM32;C:\WINDOWS\WinSxS\amd64_microsoft.windows.common-controls_6595b64144ccf1df_6.0.19041.1110_none_60b5254171f9507e;D:\Programmi\Android Studio\jre\bin\server;C:\Users\Umby\.gradle\native\8bec1ad78214c89d9ad589b4d07fe93259594b29d510b10fafb7a158f7737e5d\windows-amd64;C:\Users\Umby\.gradle\native\53dbd7edfb1c66fb8903c78663c9afc45aea4f116125fa6feffd364cf09443e8\windows-amd64

VM Arguments:
jvm_args: --add-opens=java.base/java.util=ALL-UNNAMED --add-opens=java.base/java.lang=ALL-UNNAMED --add-opens=java.base/java.lang.invoke=ALL-UNNAMED --add-opens=java.base/java.util=ALL-UNNAMED --add-opens=java.prefs/java.util.prefs=ALL-UNNAMED --add-opens=java.prefs/java.util.prefs=ALL-UNNAMED --add-opens=java.base/java.nio.charset=ALL-UNNAMED --add-opens=java.base/java.net=ALL-UNNAMED --add-opens=java.base/java.util.concurrent.atomic=ALL-UNNAMED -Xmx2048m -Dfile.encoding=UTF-8 -Duser.country=IT -Duser.language=it -Duser.variant 
java_command: org.gradle.launcher.daemon.bootstrap.GradleDaemon 7.0.2
java_class_path (initial): C:\Users\Umby\.gradle\wrapper\dists\gradle-7.0.2-bin\857tjihv64xamwrf0h14cai3r\gradle-7.0.2\lib\gradle-launcher-7.0.2.jar
Launcher Type: SUN_STANDARD

[Global flags]
     intx CICompilerCount                          = 4                                         {product} {ergonomic}
     uint ConcGCThreads                            = 2                                         {product} {ergonomic}
     uint G1ConcRefinementThreads                  = 8                                         {product} {ergonomic}
   size_t G1HeapRegionSize                         = 1048576                                   {product} {ergonomic}
    uintx GCDrainStackTargetSize                   = 64                                        {product} {ergonomic}
   size_t InitialHeapSize                          = 117440512                                 {product} {ergonomic}
   size_t MarkStackSize                            = 4194304                                   {product} {ergonomic}
   size_t MaxHeapSize                              = 2147483648                                {product} {command line}
   size_t MaxNewSize                               = 1287651328                                {product} {ergonomic}
   size_t MinHeapDeltaBytes                        = 1048576                                   {product} {ergonomic}
    uintx NonNMethodCodeHeapSize                   = 5836300                                {pd product} {ergonomic}
    uintx NonProfiledCodeHeapSize                  = 122910970                              {pd product} {ergonomic}
    uintx ProfiledCodeHeapSize                     = 122910970                              {pd product} {ergonomic}
    uintx ReservedCodeCacheSize                    = 251658240                              {pd product} {ergonomic}
     bool SegmentedCodeCache                       = true                                      {product} {ergonomic}
     bool UseCompressedClassPointers               = true                                 {lp64_product} {ergonomic}
     bool UseCompressedOops                        = true                                 {lp64_product} {ergonomic}
     bool UseG1GC                                  = true                                      {product} {ergonomic}
     bool UseLargePagesIndividualAllocation        = false                                  {pd product} {ergonomic}

Logging:
Log output configuration:
 #0: stdout all=warning uptime,level,tags
 #1: stderr all=off uptime,level,tags

Environment Variables:
PATH=C:\Program Files (x86)\Common Files\Oracle\Java\javapath;C:\Program Files (x86)\NVIDIA Corporation\PhysX\Common;C:\WINDOWS\system32;C:\WINDOWS;C:\WINDOWS\System32\Wbem;C:\WINDOWS\System32\WindowsPowerShell\v1.0\;C:\WINDOWS\System32\OpenSSH\;C:\Program Files\Intel\WiFi\bin\;C:\Program Files\Common Files\Intel\WirelessCommon\;D:\Programmi\MinGW\bin;C:\Users\Umby\AppData\Local\Microsoft\WindowsApps;D:\Programmi\Microsoft VS Code\bin
USERNAME=Umby
OS=Windows_NT
PROCESSOR_IDENTIFIER=AMD64 Family 23 Model 17 Stepping 0, AuthenticAMD



---------------  S Y S T E M  ---------------

OS: Windows 10 , 64 bit Build 19041 (10.0.19041.1348)
OS uptime: 2 days 12:17 hours

CPU:total 8 (initial active 8) (8 cores per cpu, 2 threads per core) family 23 model 17 stepping 0 microcode 0x0, cmov, cx8, fxsr, mmx, sse, sse2, sse3, ssse3, sse4.1, sse4.2, popcnt, avx, avx2, aes, clmul, mmxext, 3dnowpref, lzcnt, sse4a, ht, tsc, tscinvbit, tscinv, bmi1, bmi2, adx, s

Memory: 4k page, system-wide physical 7069M (306M free)
TotalPageFile size 17309M (AvailPageFile size 28M)
current process WorkingSet (physical memory assigned to process): 433M, peak: 433M
current process commit charge ("private bytes"): 549M, peak: 588M

vm_info: OpenJDK 64-Bit Server VM (11.0.10+0-b96-7249189) for windows-amd64 JRE (11.0.10+0-b96-7249189), built on Mar 31 2021 21:44:00 by "builder" with MS VC++ 14.0 (VS2015)

END.
