#
# There is insufficient memory for the Java Runtime Environment to continue.
# Native memory allocation (mmap) failed to map 71303168 bytes for Failed to commit area from 0x0000000097200000 to 0x000000009b600000 of length 71303168.
# Possible reasons:
#   The system is out of physical RAM or swap space
#   The process is running with CompressedOops enabled, and the Java Heap may be blocking the growth of the native heap
# Possible solutions:
#   Reduce memory load on the system
#   Increase physical memory or swap space
#   Check if swap backing store is full
#   Decrease Java heap size (-Xmx/-Xms)
#   Decrease number of Java threads
#   Decrease Java thread stack sizes (-Xss)
#   Set larger code cache with -XX:ReservedCodeCacheSize=
#   JVM is running with Unscaled Compressed Oops mode in which the Java heap is
#     placed in the first 4GB address space. The Java Heap base address is the
#     maximum limit for the native heap growth. Please use -XX:HeapBaseMinAddress
#     to set the Java Heap base and to place the Java Heap above 4GB virtual address.
# This output file may be truncated or incomplete.
#
#  Out of Memory Error (./src/hotspot/os/windows/os_windows.cpp:3521), pid=1824, tid=3728
#
# JRE version: OpenJDK Runtime Environment (11.0.12+7) (build 11.0.12+7-b1504.28-7817840)
# Java VM: OpenJDK 64-Bit Server VM (11.0.12+7-b1504.28-7817840, mixed mode, tiered, compressed oops, g1 gc, windows-amd64)
# No core dump will be written. Minidumps are not enabled by default on client versions of Windows
#

---------------  S U M M A R Y ------------

Command Line: --add-opens=java.base/java.util=ALL-UNNAMED --add-opens=java.base/java.lang=ALL-UNNAMED --add-opens=java.base/java.lang.invoke=ALL-UNNAMED --add-opens=java.base/java.util=ALL-UNNAMED --add-opens=java.prefs/java.util.prefs=ALL-UNNAMED --add-opens=java.prefs/java.util.prefs=ALL-UNNAMED --add-opens=java.base/java.nio.charset=ALL-UNNAMED --add-opens=java.base/java.net=ALL-UNNAMED --add-opens=java.base/java.util.concurrent.atomic=ALL-UNNAMED -Xmx2048m -Dfile.encoding=UTF-8 -Duser.country=IT -Duser.language=it -Duser.variant org.gradle.launcher.daemon.bootstrap.GradleDaemon 7.0.2

Host: Intel(R) Core(TM) i7-4790 CPU @ 3.60GHz, 8 cores, 15G,  Windows 10 , 64 bit Build 19041 (10.0.19041.1706)
Time: Sun Jun 12 13:39:52 2022 ora legale Europa occidentale elapsed time: 24.569492 seconds (0d 0h 0m 24s)

---------------  T H R E A D  ---------------

Current thread (0x000001b6fefa9800):  VMThread "VM Thread" [stack: 0x0000008608a00000,0x0000008608b00000] [id=3728]

Stack: [0x0000008608a00000,0x0000008608b00000]
[error occurred during error reporting (printing stack bounds), id 0xc0000005, EXCEPTION_ACCESS_VIOLATION (0xc0000005) at pc=0x000001b68000112d]

Native frames: (J=compiled Java code, j=interpreted, Vv=VM code, C=native code)
V  [jvm.dll+0x5fbcea]
V  [jvm.dll+0x731905]
V  [jvm.dll+0x732f1d]
V  [jvm.dll+0x733535]
V  [jvm.dll+0x7334eb]
V  [jvm.dll+0x5fb080]
V  [jvm.dll+0x5fb818]
C  [ntdll.dll+0xa209f]
C  [ntdll.dll+0x51454]
C  [ntdll.dll+0xa0bce]
C  0x000001b68000112d

VM_Operation (0x000000860bef9190): G1CollectForAllocation, mode: safepoint, requested by thread 0x000001b694241000


---------------  P R O C E S S  ---------------

Threads class SMR info:
_java_thread_list=0x000001b6965576b0, length=61, elements={
0x000001b6f5aed800, 0x000001b6fefab800, 0x000001b6ff7e2800, 0x000001b6ff841800,
0x000001b6ff842800, 0x000001b6ff845000, 0x000001b6ff84f800, 0x000001b6ff850800,
0x000001b6ff889000, 0x000001b6ff9e2800, 0x000001b6ff9e4800, 0x000001b6ff9e5800,
0x000001b6ff9e6800, 0x000001b6ff9e0800, 0x000001b6ff9e3000, 0x000001b6ff9e1800,
0x000001b6ff9e4000, 0x000001b6ff9e7000, 0x000001b692fa9800, 0x000001b692fac800,
0x000001b692fab000, 0x000001b692fa8800, 0x000001b692faa000, 0x000001b692fac000,
0x000001b692fad800, 0x000001b692fa7800, 0x000001b692fb0800, 0x000001b692fae000,
0x000001b692fb1800, 0x000001b692faf000, 0x000001b692fb0000, 0x000001b692fb6800,
0x000001b692fb3000, 0x000001b694238000, 0x000001b694237800, 0x000001b69423a800,
0x000001b69423f800, 0x000001b694239800, 0x000001b694240800, 0x000001b69423b800,
0x000001b694242000, 0x000001b694241000, 0x000001b694243800, 0x000001b69423e000,
0x000001b69423e800, 0x000001b694245000, 0x000001b694242800, 0x000001b694244800,
0x000001b694246000, 0x000001b692134000, 0x000001b692134800, 0x000001b692131800,
0x000001b692135800, 0x000001b692130000, 0x000001b692136800, 0x000001b69850d000,
0x000001b69850e000, 0x000001b698512000, 0x000001b69850e800, 0x000001b69c7ab800,
0x000001b693529000
}

Java Threads: ( => current thread )
  0x000001b6f5aed800 JavaThread "main" [_thread_blocked, id=7812, stack(0x0000008608400000,0x0000008608500000)]
  0x000001b6fefab800 JavaThread "Reference Handler" daemon [_thread_blocked, id=13244, stack(0x0000008608b00000,0x0000008608c00000)]
  0x000001b6ff7e2800 JavaThread "Finalizer" daemon [_thread_blocked, id=6200, stack(0x0000008608c00000,0x0000008608d00000)]
  0x000001b6ff841800 JavaThread "Signal Dispatcher" daemon [_thread_blocked, id=14824, stack(0x0000008608d00000,0x0000008608e00000)]
  0x000001b6ff842800 JavaThread "Attach Listener" daemon [_thread_blocked, id=3128, stack(0x0000008608e00000,0x0000008608f00000)]
  0x000001b6ff845000 JavaThread "Service Thread" daemon [_thread_blocked, id=10796, stack(0x0000008608f00000,0x0000008609000000)]
  0x000001b6ff84f800 JavaThread "C2 CompilerThread0" daemon [_thread_in_native, id=6612, stack(0x0000008609000000,0x0000008609100000)]
  0x000001b6ff850800 JavaThread "C1 CompilerThread0" daemon [_thread_blocked, id=17332, stack(0x0000008609100000,0x0000008609200000)]
  0x000001b6ff889000 JavaThread "Sweeper thread" daemon [_thread_blocked, id=15404, stack(0x0000008609200000,0x0000008609300000)]
  0x000001b6ff9e2800 JavaThread "Common-Cleaner" daemon [_thread_blocked, id=1424, stack(0x0000008609300000,0x0000008609400000)]
  0x000001b6ff9e4800 JavaThread "Daemon health stats" [_thread_blocked, id=5636, stack(0x0000008609c00000,0x0000008609d00000)]
  0x000001b6ff9e5800 JavaThread "Incoming local TCP Connector on port 58279" [_thread_in_native, id=5480, stack(0x0000008609500000,0x0000008609600000)]
  0x000001b6ff9e6800 JavaThread "Daemon periodic checks" [_thread_blocked, id=12300, stack(0x0000008609600000,0x0000008609700000)]
  0x000001b6ff9e0800 JavaThread "Daemon" [_thread_blocked, id=7176, stack(0x0000008609d00000,0x0000008609e00000)]
  0x000001b6ff9e3000 JavaThread "Handler for socket connection from /127.0.0.1:58279 to /127.0.0.1:58280" [_thread_in_native, id=16792, stack(0x0000008609e00000,0x0000008609f00000)]
  0x000001b6ff9e1800 JavaThread "Cancel handler" [_thread_blocked, id=5448, stack(0x0000008609f00000,0x000000860a000000)]
  0x000001b6ff9e4000 JavaThread "Daemon worker" [_thread_blocked, id=5352, stack(0x000000860a000000,0x000000860a100000)]
  0x000001b6ff9e7000 JavaThread "Asynchronous log dispatcher for DefaultDaemonConnection: socket connection from /127.0.0.1:58279 to /127.0.0.1:58280" [_thread_blocked, id=4448, stack(0x000000860a100000,0x000000860a200000)]
  0x000001b692fa9800 JavaThread "Stdin handler" [_thread_blocked, id=17116, stack(0x000000860a200000,0x000000860a300000)]
  0x000001b692fac800 JavaThread "Daemon client event forwarder" [_thread_blocked, id=1444, stack(0x000000860a300000,0x000000860a400000)]
  0x000001b692fab000 JavaThread "Cache worker for file hash cache (C:\Users\corel\.gradle\caches\7.0.2\fileHashes)" [_thread_blocked, id=9576, stack(0x000000860a400000,0x000000860a500000)]
  0x000001b692fa8800 JavaThread "File lock request listener" [_thread_in_native, id=11940, stack(0x000000860a500000,0x000000860a600000)]
  0x000001b692faa000 JavaThread "Cache worker for journal cache (C:\Users\corel\.gradle\caches\journal-1)" [_thread_blocked, id=7892, stack(0x000000860a900000,0x000000860aa00000)]
  0x000001b692fac000 JavaThread "Cache worker for file hash cache (C:\Users\corel\AndroidStudioProjects\Pothub\.gradle\7.0.2\fileHashes)" [_thread_blocked, id=11400, stack(0x000000860ab00000,0x000000860ac00000)]
  0x000001b692fad800 JavaThread "File watcher server" daemon [_thread_blocked, id=7696, stack(0x000000860ac00000,0x000000860ad00000)]
  0x000001b692fa7800 JavaThread "File watcher consumer" daemon [_thread_blocked, id=10184, stack(0x000000860ad00000,0x000000860ae00000)]
  0x000001b692fb0800 JavaThread "Cache worker for checksums cache (C:\Users\corel\AndroidStudioProjects\Pothub\.gradle\checksums)" [_thread_blocked, id=2460, stack(0x000000860ae00000,0x000000860af00000)]
  0x000001b692fae000 JavaThread "Cache worker for cache directory md-supplier (C:\Users\corel\.gradle\caches\7.0.2\md-supplier)" [_thread_blocked, id=6964, stack(0x000000860af00000,0x000000860b000000)]
  0x000001b692fb1800 JavaThread "Cache worker for cache directory md-rule (C:\Users\corel\.gradle\caches\7.0.2\md-rule)" [_thread_blocked, id=12340, stack(0x000000860b000000,0x000000860b100000)]
  0x000001b692faf000 JavaThread "Cache worker for execution history cache (C:\Users\corel\.gradle\caches\7.0.2\executionHistory)" [_thread_blocked, id=9636, stack(0x000000860b200000,0x000000860b300000)]
  0x000001b692fb0000 JavaThread "jar transforms" [_thread_blocked, id=11480, stack(0x000000860b300000,0x000000860b400000)]
  0x000001b692fb6800 JavaThread "jar transforms Thread 2" [_thread_blocked, id=14508, stack(0x000000860b400000,0x000000860b500000)]
  0x000001b692fb3000 JavaThread "Cache worker for file content cache (C:\Users\corel\.gradle\caches\7.0.2\fileContent)" [_thread_blocked, id=18312, stack(0x000000860b500000,0x000000860b600000)]
  0x000001b694238000 JavaThread "Cache worker for dependencies-accessors (C:\Users\corel\AndroidStudioProjects\Pothub\.gradle\7.0.2\dependencies-accessors)" [_thread_blocked, id=13800, stack(0x000000860b600000,0x000000860b700000)]
  0x000001b694237800 JavaThread "jar transforms Thread 3" [_thread_blocked, id=6632, stack(0x000000860b100000,0x000000860b200000)]
  0x000001b69423a800 JavaThread "Cache worker for Build Output Cleanup Cache (C:\Users\corel\AndroidStudioProjects\Pothub\.gradle\buildOutputCleanup)" [_thread_blocked, id=17028, stack(0x000000860b700000,0x000000860b800000)]
  0x000001b69423f800 JavaThread "Build operations" [_thread_blocked, id=6676, stack(0x000000860b900000,0x000000860ba00000)]
  0x000001b694239800 JavaThread "Build operations Thread 2" [_thread_blocked, id=15980, stack(0x000000860ba00000,0x000000860bb00000)]
  0x000001b694240800 JavaThread "Build operations Thread 3" [_thread_blocked, id=10384, stack(0x000000860bb00000,0x000000860bc00000)]
  0x000001b69423b800 JavaThread "Build operations Thread 4" [_thread_blocked, id=17436, stack(0x000000860bc00000,0x000000860bd00000)]
  0x000001b694242000 JavaThread "Build operations Thread 5" [_thread_blocked, id=10024, stack(0x000000860bd00000,0x000000860be00000)]
  0x000001b694241000 JavaThread "Build operations Thread 6" [_thread_blocked, id=10588, stack(0x000000860be00000,0x000000860bf00000)]
  0x000001b694243800 JavaThread "Build operations Thread 7" [_thread_blocked, id=12328, stack(0x000000860bf00000,0x000000860c000000)]
  0x000001b69423e000 JavaThread "Build operations Thread 8" [_thread_blocked, id=9764, stack(0x000000860c000000,0x000000860c100000)]
  0x000001b69423e800 JavaThread "jar transforms Thread 4" [_thread_blocked, id=4652, stack(0x000000860c100000,0x000000860c200000)]
  0x000001b694245000 JavaThread "jar transforms Thread 5" [_thread_blocked, id=10308, stack(0x000000860c200000,0x000000860c300000)]
  0x000001b694242800 JavaThread "jar transforms Thread 6" [_thread_blocked, id=4468, stack(0x000000860c300000,0x000000860c400000)]
  0x000001b694244800 JavaThread "jar transforms Thread 7" [_thread_blocked, id=2052, stack(0x000000860c400000,0x000000860c500000)]
  0x000001b694246000 JavaThread "jar transforms Thread 8" [_thread_blocked, id=4728, stack(0x000000860c500000,0x000000860c600000)]
  0x000001b692134000 JavaThread "Memory manager" [_thread_blocked, id=12200, stack(0x000000860c600000,0x000000860c700000)]
  0x000001b692134800 JavaThread "build event listener" [_thread_blocked, id=17428, stack(0x000000860ca00000,0x000000860cb00000)]
  0x000001b692131800 JavaThread "Execution worker for ':'" [_thread_blocked, id=7396, stack(0x000000860cb00000,0x000000860cc00000)]
  0x000001b692135800 JavaThread "Execution worker for ':' Thread 2" [_thread_blocked, id=12188, stack(0x000000860cc00000,0x000000860cd00000)]
  0x000001b692130000 JavaThread "Execution worker for ':' Thread 3" [_thread_blocked, id=10772, stack(0x000000860cd00000,0x000000860ce00000)]
  0x000001b692136800 JavaThread "Execution worker for ':' Thread 4" [_thread_blocked, id=9276, stack(0x000000860ce00000,0x000000860cf00000)]
  0x000001b69850d000 JavaThread "Execution worker for ':' Thread 5" [_thread_blocked, id=11300, stack(0x000000860cf00000,0x000000860d000000)]
  0x000001b69850e000 JavaThread "Execution worker for ':' Thread 6" [_thread_blocked, id=5864, stack(0x000000860d000000,0x000000860d100000)]
  0x000001b698512000 JavaThread "Execution worker for ':' Thread 7" [_thread_blocked, id=4236, stack(0x000000860d100000,0x000000860d200000)]
  0x000001b69850e800 JavaThread "Cache worker for execution history cache (C:\Users\corel\AndroidStudioProjects\Pothub\.gradle\7.0.2\executionHistory)" [_thread_blocked, id=15416, stack(0x000000860d200000,0x000000860d300000)]
  0x000001b69c7ab800 JavaThread "C2 CompilerThread1" daemon [_thread_in_native, id=2620, stack(0x000000860aa00000,0x000000860ab00000)]
  0x000001b693529000 JavaThread "C2 CompilerThread2" daemon [_thread_blocked, id=13968, stack(0x000000860b800000,0x000000860b900000)]

Other Threads:
=>0x000001b6fefa9800 VMThread "VM Thread" [stack: 0x0000008608a00000,0x0000008608b00000] [id=3728]
  0x000001b6ffa1c000 WatcherThread [stack: 0x0000008609400000,0x0000008609500000] [id=3840]
  0x000001b6f5b04800 GCTaskThread "GC Thread#0" [stack: 0x0000008608500000,0x0000008608600000] [id=14332]
  0x000001b691d3a800 GCTaskThread "GC Thread#1" [stack: 0x0000008609700000,0x0000008609800000] [id=11080]
  0x000001b691691800 GCTaskThread "GC Thread#2" [stack: 0x0000008609800000,0x0000008609900000] [id=13616]
  0x000001b691aff800 GCTaskThread "GC Thread#3" [stack: 0x0000008609900000,0x0000008609a00000] [id=7700]
  0x000001b6919e3000 GCTaskThread "GC Thread#4" [stack: 0x0000008609a00000,0x0000008609b00000] [id=11084]
  0x000001b6919d6000 GCTaskThread "GC Thread#5" [stack: 0x0000008609b00000,0x0000008609c00000] [id=14496]
  0x000001b692a15000 GCTaskThread "GC Thread#6" [stack: 0x000000860a600000,0x000000860a700000] [id=1528]
  0x000001b692e5e800 GCTaskThread "GC Thread#7" [stack: 0x000000860a700000,0x000000860a800000] [id=13488]
  0x000001b6f5b38000 ConcurrentGCThread "G1 Main Marker" [stack: 0x0000008608600000,0x0000008608700000] [id=768]
  0x000001b6f5b39000 ConcurrentGCThread "G1 Conc#0" [stack: 0x0000008608700000,0x0000008608800000] [id=15776]
  0x000001b6924b8000 ConcurrentGCThread "G1 Conc#1" [stack: 0x000000860a800000,0x000000860a900000] [id=13288]
  0x000001b6fee2c800 ConcurrentGCThread "G1 Refine#0" [stack: 0x0000008608800000,0x0000008608900000] [id=7436]
  0x000001b69874f800 ConcurrentGCThread "G1 Refine#1" [stack: 0x000000860c700000,0x000000860c800000] [id=17064]
  0x000001b697bae000 ConcurrentGCThread "G1 Refine#2" [stack: 0x000000860c800000,0x000000860c900000] [id=15164]
  0x000001b6983ee800 ConcurrentGCThread "G1 Refine#3" [stack: 0x000000860c900000,0x000000860ca00000] [id=5788]
  0x000001b6fee2d000 ConcurrentGCThread "G1 Young RemSet Sampling" [stack: 0x0000008608900000,0x0000008608a00000] [id=5472]

Threads with active compile tasks:
C2 CompilerThread0  24606 15139 %     4       com.android.tools.r8.ir.regalloc.a::a @ 2266 (3985 bytes)
C2 CompilerThread1  24606 15688       4       com.android.tools.r8.internal.X4::a (370 bytes)
C2 CompilerThread2  24606 15708       4       com.android.tools.r8.internal.Mv::a (430 bytes)

VM state:at safepoint (normal execution)

VM Mutex/Monitor currently owned by a thread:  ([mutex/lock_event])
[0x000001b6f3a3aed0] Threads_lock - owner thread: 0x000001b6fefa9800
[0x000001b6f3a39fa0] Heap_lock - owner thread: 0x000001b694241000

Heap address: 0x0000000080000000, size: 2048 MB, Compressed Oops mode: 32-bit
Narrow klass base: 0x0000000000000000, Narrow klass shift: 3
Compressed class space size: 1073741824 Address: 0x0000000100000000

Heap:
 garbage-first heap   total 448512K, used 178507K [0x0000000080000000, 0x0000000100000000)
  region size 1024K, 7 young (7168K), 7 survivors (7168K)
 Metaspace       used 102038K, capacity 104426K, committed 104652K, reserved 1140736K
  class space    used 13208K, capacity 14135K, committed 14284K, reserved 1048576K
Heap Regions: E=young(eden), S=young(survivor), O=old, HS=humongous(starts), HC=humongous(continues), CS=collection set, F=free, A=archive, TAMS=top-at-mark-start (previous, next)
|   0|0x0000000080000000, 0x0000000080100000, 0x0000000080100000|100%| O|  |TAMS 0x0000000080100000, 0x0000000080000000| Updating 
|   1|0x0000000080100000, 0x0000000080200000, 0x0000000080200000|100%| O|  |TAMS 0x0000000080200000, 0x0000000080100000| Updating 
|   2|0x0000000080200000, 0x0000000080300000, 0x0000000080300000|100%| O|  |TAMS 0x0000000080300000, 0x0000000080200000| Updating 
|   3|0x0000000080300000, 0x0000000080400000, 0x0000000080400000|100%|HS|  |TAMS 0x0000000080400000, 0x0000000080300000| Complete 
|   4|0x0000000080400000, 0x0000000080500000, 0x0000000080500000|100%|HC|  |TAMS 0x0000000080500000, 0x0000000080400000| Complete 
|   5|0x0000000080500000, 0x0000000080600000, 0x0000000080600000|100%|HC|  |TAMS 0x0000000080600000, 0x0000000080500000| Complete 
|   6|0x0000000080600000, 0x0000000080700000, 0x0000000080700000|100%| O|  |TAMS 0x0000000080700000, 0x0000000080600000| Updating 
|   7|0x0000000080700000, 0x0000000080800000, 0x0000000080800000|100%| O|  |TAMS 0x0000000080800000, 0x0000000080700000| Updating 
|   8|0x0000000080800000, 0x0000000080900000, 0x0000000080900000|100%| O|  |TAMS 0x0000000080900000, 0x0000000080800000| Updating 
|   9|0x0000000080900000, 0x0000000080a00000, 0x0000000080a00000|100%| O|  |TAMS 0x0000000080a00000, 0x0000000080900000| Updating 
|  10|0x0000000080a00000, 0x0000000080b00000, 0x0000000080b00000|100%| O|  |TAMS 0x0000000080b00000, 0x0000000080a00000| Updating 
|  11|0x0000000080b00000, 0x0000000080c00000, 0x0000000080c00000|100%| O|  |TAMS 0x0000000080c00000, 0x0000000080b00000| Updating 
|  12|0x0000000080c00000, 0x0000000080d00000, 0x0000000080d00000|100%| O|  |TAMS 0x0000000080d00000, 0x0000000080c00000| Updating 
|  13|0x0000000080d00000, 0x0000000080e00000, 0x0000000080e00000|100%| O|  |TAMS 0x0000000080e00000, 0x0000000080d00000| Updating 
|  14|0x0000000080e00000, 0x0000000080f00000, 0x0000000080f00000|100%| O|  |TAMS 0x0000000080f00000, 0x0000000080e00000| Updating 
|  15|0x0000000080f00000, 0x0000000081000000, 0x0000000081000000|100%| O|  |TAMS 0x0000000081000000, 0x0000000080f00000| Updating 
|  16|0x0000000081000000, 0x0000000081100000, 0x0000000081100000|100%|HS|  |TAMS 0x0000000081100000, 0x0000000081000000| Complete 
|  17|0x0000000081100000, 0x0000000081200000, 0x0000000081200000|100%|HS|  |TAMS 0x0000000081200000, 0x0000000081100000| Complete 
|  18|0x0000000081200000, 0x0000000081300000, 0x0000000081300000|100%|HS|  |TAMS 0x0000000081300000, 0x0000000081200000| Complete 
|  19|0x0000000081300000, 0x0000000081400000, 0x0000000081400000|100%|HS|  |TAMS 0x0000000081400000, 0x0000000081300000| Complete 
|  20|0x0000000081400000, 0x0000000081500000, 0x0000000081500000|100%|HC|  |TAMS 0x0000000081500000, 0x0000000081400000| Complete 
|  21|0x0000000081500000, 0x0000000081600000, 0x0000000081600000|100%|HC|  |TAMS 0x0000000081600000, 0x0000000081500000| Complete 
|  22|0x0000000081600000, 0x0000000081700000, 0x0000000081700000|100%|HS|  |TAMS 0x0000000081700000, 0x0000000081600000| Complete 
|  23|0x0000000081700000, 0x0000000081800000, 0x0000000081800000|100%|HC|  |TAMS 0x0000000081800000, 0x0000000081700000| Complete 
|  24|0x0000000081800000, 0x0000000081900000, 0x0000000081900000|100%| O|  |TAMS 0x0000000081900000, 0x0000000081800000| Updating 
|  25|0x0000000081900000, 0x0000000081a00000, 0x0000000081a00000|100%| O|  |TAMS 0x0000000081a00000, 0x0000000081900000| Updating 
|  26|0x0000000081a00000, 0x0000000081b00000, 0x0000000081b00000|100%| O|  |TAMS 0x0000000081b00000, 0x0000000081a00000| Updating 
|  27|0x0000000081b00000, 0x0000000081c00000, 0x0000000081c00000|100%| O|  |TAMS 0x0000000081c00000, 0x0000000081b00000| Updating 
|  28|0x0000000081c00000, 0x0000000081d00000, 0x0000000081d00000|100%| O|  |TAMS 0x0000000081d00000, 0x0000000081c00000| Updating 
|  29|0x0000000081d00000, 0x0000000081e00000, 0x0000000081e00000|100%| O|  |TAMS 0x0000000081e00000, 0x0000000081d00000| Updating 
|  30|0x0000000081e00000, 0x0000000081f00000, 0x0000000081f00000|100%| O|  |TAMS 0x0000000081f00000, 0x0000000081e00000| Updating 
|  31|0x0000000081f00000, 0x0000000082000000, 0x0000000082000000|100%| O|  |TAMS 0x0000000082000000, 0x0000000081f00000| Updating 
|  32|0x0000000082000000, 0x0000000082100000, 0x0000000082100000|100%| O|  |TAMS 0x0000000082100000, 0x0000000082000000| Updating 
|  33|0x0000000082100000, 0x0000000082200000, 0x0000000082200000|100%| O|  |TAMS 0x0000000082200000, 0x0000000082100000| Updating 
|  34|0x0000000082200000, 0x0000000082300000, 0x0000000082300000|100%| O|  |TAMS 0x0000000082300000, 0x0000000082200000| Updating 
|  35|0x0000000082300000, 0x0000000082400000, 0x0000000082400000|100%| O|  |TAMS 0x0000000082400000, 0x0000000082300000| Updating 
|  36|0x0000000082400000, 0x0000000082500000, 0x0000000082500000|100%| O|  |TAMS 0x0000000082500000, 0x0000000082400000| Updating 
|  37|0x0000000082500000, 0x0000000082600000, 0x0000000082600000|100%| O|  |TAMS 0x0000000082600000, 0x0000000082500000| Updating 
|  38|0x0000000082600000, 0x0000000082700000, 0x0000000082700000|100%| O|  |TAMS 0x0000000082700000, 0x0000000082600000| Updating 
|  39|0x0000000082700000, 0x0000000082800000, 0x0000000082800000|100%| O|  |TAMS 0x0000000082800000, 0x0000000082700000| Updating 
|  40|0x0000000082800000, 0x0000000082900000, 0x0000000082900000|100%| O|  |TAMS 0x0000000082900000, 0x0000000082800000| Updating 
|  41|0x0000000082900000, 0x0000000082a00000, 0x0000000082a00000|100%| O|  |TAMS 0x0000000082a00000, 0x0000000082900000| Updating 
|  42|0x0000000082a00000, 0x0000000082b00000, 0x0000000082b00000|100%| O|  |TAMS 0x0000000082b00000, 0x0000000082a00000| Updating 
|  43|0x0000000082b00000, 0x0000000082c00000, 0x0000000082c00000|100%| O|  |TAMS 0x0000000082c00000, 0x0000000082b00000| Updating 
|  44|0x0000000082c00000, 0x0000000082d00000, 0x0000000082d00000|100%| O|  |TAMS 0x0000000082d00000, 0x0000000082c00000| Updating 
|  45|0x0000000082d00000, 0x0000000082e00000, 0x0000000082e00000|100%| O|  |TAMS 0x0000000082e00000, 0x0000000082d00000| Updating 
|  46|0x0000000082e00000, 0x0000000082f00000, 0x0000000082f00000|100%| O|  |TAMS 0x0000000082f00000, 0x0000000082e00000| Updating 
|  47|0x0000000082f00000, 0x0000000083000000, 0x0000000083000000|100%| O|  |TAMS 0x0000000083000000, 0x0000000082f00000| Updating 
|  48|0x0000000083000000, 0x0000000083100000, 0x0000000083100000|100%| O|  |TAMS 0x0000000083100000, 0x0000000083000000| Updating 
|  49|0x0000000083100000, 0x0000000083200000, 0x0000000083200000|100%| O|  |TAMS 0x0000000083200000, 0x0000000083100000| Updating 
|  50|0x0000000083200000, 0x0000000083300000, 0x0000000083300000|100%| O|  |TAMS 0x0000000083300000, 0x0000000083200000| Updating 
|  51|0x0000000083300000, 0x0000000083400000, 0x0000000083400000|100%| O|  |TAMS 0x0000000083400000, 0x0000000083300000| Updating 
|  52|0x0000000083400000, 0x0000000083500000, 0x0000000083500000|100%| O|  |TAMS 0x0000000083500000, 0x0000000083400000| Updating 
|  53|0x0000000083500000, 0x0000000083600000, 0x0000000083600000|100%| O|  |TAMS 0x0000000083600000, 0x0000000083500000| Updating 
|  54|0x0000000083600000, 0x0000000083700000, 0x0000000083700000|100%| O|  |TAMS 0x0000000083700000, 0x0000000083600000| Updating 
|  55|0x0000000083700000, 0x0000000083800000, 0x0000000083800000|100%| O|  |TAMS 0x0000000083800000, 0x0000000083700000| Updating 
|  56|0x0000000083800000, 0x0000000083900000, 0x0000000083900000|100%| O|  |TAMS 0x0000000083900000, 0x0000000083800000| Updating 
|  57|0x0000000083900000, 0x0000000083a00000, 0x0000000083a00000|100%| O|  |TAMS 0x0000000083a00000, 0x0000000083900000| Updating 
|  58|0x0000000083a00000, 0x0000000083b00000, 0x0000000083b00000|100%| O|  |TAMS 0x0000000083b00000, 0x0000000083a00000| Updating 
|  59|0x0000000083b00000, 0x0000000083c00000, 0x0000000083c00000|100%| O|  |TAMS 0x0000000083c00000, 0x0000000083b00000| Updating 
|  60|0x0000000083c00000, 0x0000000083d00000, 0x0000000083d00000|100%| O|  |TAMS 0x0000000083d00000, 0x0000000083c00000| Updating 
|  61|0x0000000083d00000, 0x0000000083e00000, 0x0000000083e00000|100%| O|  |TAMS 0x0000000083e00000, 0x0000000083d00000| Updating 
|  62|0x0000000083e00000, 0x0000000083f00000, 0x0000000083f00000|100%| O|  |TAMS 0x0000000083f00000, 0x0000000083e00000| Updating 
|  63|0x0000000083f00000, 0x0000000084000000, 0x0000000084000000|100%| O|  |TAMS 0x0000000084000000, 0x0000000083f00000| Updating 
|  64|0x0000000084000000, 0x0000000084100000, 0x0000000084100000|100%| O|  |TAMS 0x0000000084100000, 0x0000000084000000| Updating 
|  65|0x0000000084100000, 0x0000000084200000, 0x0000000084200000|100%| O|  |TAMS 0x0000000084200000, 0x0000000084100000| Updating 
|  66|0x0000000084200000, 0x0000000084300000, 0x0000000084300000|100%| O|  |TAMS 0x0000000084300000, 0x0000000084200000| Updating 
|  67|0x0000000084300000, 0x0000000084400000, 0x0000000084400000|100%| O|  |TAMS 0x0000000084400000, 0x0000000084300000| Updating 
|  68|0x0000000084400000, 0x0000000084500000, 0x0000000084500000|100%| O|  |TAMS 0x0000000084500000, 0x0000000084400000| Updating 
|  69|0x0000000084500000, 0x0000000084600000, 0x0000000084600000|100%| O|  |TAMS 0x0000000084600000, 0x0000000084500000| Updating 
|  70|0x0000000084600000, 0x0000000084700000, 0x0000000084700000|100%| O|  |TAMS 0x0000000084700000, 0x0000000084600000| Updating 
|  71|0x0000000084700000, 0x0000000084800000, 0x0000000084800000|100%| O|  |TAMS 0x0000000084800000, 0x0000000084700000| Updating 
|  72|0x0000000084800000, 0x0000000084900000, 0x0000000084900000|100%| O|  |TAMS 0x0000000084900000, 0x0000000084800000| Updating 
|  73|0x0000000084900000, 0x0000000084a00000, 0x0000000084a00000|100%| O|  |TAMS 0x0000000084a00000, 0x0000000084900000| Updating 
|  74|0x0000000084a00000, 0x0000000084b00000, 0x0000000084b00000|100%| O|  |TAMS 0x0000000084b00000, 0x0000000084a00000| Updating 
|  75|0x0000000084b00000, 0x0000000084c00000, 0x0000000084c00000|100%| O|  |TAMS 0x0000000084c00000, 0x0000000084b00000| Updating 
|  76|0x0000000084c00000, 0x0000000084d00000, 0x0000000084d00000|100%| O|  |TAMS 0x0000000084d00000, 0x0000000084c00000| Updating 
|  77|0x0000000084d00000, 0x0000000084e00000, 0x0000000084e00000|100%| O|  |TAMS 0x0000000084e00000, 0x0000000084d00000| Updating 
|  78|0x0000000084e00000, 0x0000000084f00000, 0x0000000084f00000|100%| O|  |TAMS 0x0000000084f00000, 0x0000000084e00000| Updating 
|  79|0x0000000084f00000, 0x0000000085000000, 0x0000000085000000|100%| O|  |TAMS 0x0000000085000000, 0x0000000084f00000| Updating 
|  80|0x0000000085000000, 0x0000000085100000, 0x0000000085100000|100%| O|  |TAMS 0x0000000085100000, 0x0000000085000000| Updating 
|  81|0x0000000085100000, 0x0000000085200000, 0x0000000085200000|100%| O|  |TAMS 0x0000000085200000, 0x0000000085100000| Updating 
|  82|0x0000000085200000, 0x0000000085300000, 0x0000000085300000|100%| O|  |TAMS 0x0000000085300000, 0x0000000085200000| Updating 
|  83|0x0000000085300000, 0x0000000085400000, 0x0000000085400000|100%| O|  |TAMS 0x0000000085400000, 0x0000000085300000| Updating 
|  84|0x0000000085400000, 0x0000000085500000, 0x0000000085500000|100%| O|  |TAMS 0x0000000085500000, 0x0000000085400000| Updating 
|  85|0x0000000085500000, 0x0000000085600000, 0x0000000085600000|100%| O|  |TAMS 0x0000000085600000, 0x0000000085500000| Updating 
|  86|0x0000000085600000, 0x0000000085700000, 0x0000000085700000|100%| O|  |TAMS 0x0000000085700000, 0x0000000085600000| Updating 
|  87|0x0000000085700000, 0x0000000085800000, 0x0000000085800000|100%| O|  |TAMS 0x0000000085800000, 0x0000000085700000| Updating 
|  88|0x0000000085800000, 0x0000000085900000, 0x0000000085900000|100%| O|  |TAMS 0x0000000085900000, 0x0000000085800000| Updating 
|  89|0x0000000085900000, 0x0000000085a00000, 0x0000000085a00000|100%| O|  |TAMS 0x0000000085a00000, 0x0000000085900000| Updating 
|  90|0x0000000085a00000, 0x0000000085b00000, 0x0000000085b00000|100%| O|  |TAMS 0x0000000085b00000, 0x0000000085a00000| Updating 
|  91|0x0000000085b00000, 0x0000000085c00000, 0x0000000085c00000|100%| O|  |TAMS 0x0000000085c00000, 0x0000000085b00000| Updating 
|  92|0x0000000085c00000, 0x0000000085d00000, 0x0000000085d00000|100%| O|  |TAMS 0x0000000085d00000, 0x0000000085c00000| Updating 
|  93|0x0000000085d00000, 0x0000000085e00000, 0x0000000085e00000|100%| O|  |TAMS 0x0000000085e00000, 0x0000000085d00000| Updating 
|  94|0x0000000085e00000, 0x0000000085f00000, 0x0000000085f00000|100%| O|  |TAMS 0x0000000085f00000, 0x0000000085e00000| Updating 
|  95|0x0000000085f00000, 0x0000000086000000, 0x0000000086000000|100%| O|  |TAMS 0x0000000086000000, 0x0000000085f00000| Updating 
|  96|0x0000000086000000, 0x0000000086100000, 0x0000000086100000|100%| O|  |TAMS 0x0000000086100000, 0x0000000086000000| Updating 
|  97|0x0000000086100000, 0x0000000086200000, 0x0000000086200000|100%| O|  |TAMS 0x0000000086200000, 0x0000000086100000| Updating 
|  98|0x0000000086200000, 0x0000000086300000, 0x0000000086300000|100%| O|  |TAMS 0x0000000086300000, 0x0000000086200000| Updating 
|  99|0x0000000086300000, 0x0000000086400000, 0x0000000086400000|100%| O|  |TAMS 0x0000000086400000, 0x0000000086300000| Updating 
| 100|0x0000000086400000, 0x0000000086500000, 0x0000000086500000|100%| O|  |TAMS 0x0000000086500000, 0x0000000086400000| Updating 
| 101|0x0000000086500000, 0x0000000086600000, 0x0000000086600000|100%| O|  |TAMS 0x0000000086600000, 0x0000000086500000| Updating 
| 102|0x0000000086600000, 0x0000000086700000, 0x0000000086700000|100%| O|  |TAMS 0x0000000086700000, 0x0000000086600000| Updating 
| 103|0x0000000086700000, 0x0000000086800000, 0x0000000086800000|100%| O|  |TAMS 0x0000000086800000, 0x0000000086700000| Updating 
| 104|0x0000000086800000, 0x0000000086900000, 0x0000000086900000|100%| O|  |TAMS 0x0000000086900000, 0x0000000086800000| Updating 
| 105|0x0000000086900000, 0x0000000086a00000, 0x0000000086a00000|100%| O|  |TAMS 0x0000000086a00000, 0x0000000086900000| Updating 
| 106|0x0000000086a00000, 0x0000000086b00000, 0x0000000086b00000|100%| O|  |TAMS 0x0000000086b00000, 0x0000000086a00000| Updating 
| 107|0x0000000086b00000, 0x0000000086c00000, 0x0000000086c00000|100%| O|  |TAMS 0x0000000086c00000, 0x0000000086b00000| Updating 
| 108|0x0000000086c00000, 0x0000000086d00000, 0x0000000086d00000|100%| O|  |TAMS 0x0000000086d00000, 0x0000000086c00000| Updating 
| 109|0x0000000086d00000, 0x0000000086e00000, 0x0000000086e00000|100%| O|  |TAMS 0x0000000086e00000, 0x0000000086d00000| Updating 
| 110|0x0000000086e00000, 0x0000000086f00000, 0x0000000086f00000|100%| O|  |TAMS 0x0000000086f00000, 0x0000000086e00000| Updating 
| 111|0x0000000086f00000, 0x0000000087000000, 0x0000000087000000|100%| O|  |TAMS 0x0000000087000000, 0x0000000086f00000| Updating 
| 112|0x0000000087000000, 0x0000000087100000, 0x0000000087100000|100%| O|  |TAMS 0x0000000087100000, 0x0000000087000000| Updating 
| 113|0x0000000087100000, 0x0000000087200000, 0x0000000087200000|100%| O|  |TAMS 0x0000000087200000, 0x0000000087100000| Updating 
| 114|0x0000000087200000, 0x0000000087300000, 0x0000000087300000|100%| O|  |TAMS 0x0000000087300000, 0x0000000087200000| Updating 
| 115|0x0000000087300000, 0x0000000087400000, 0x0000000087400000|100%| O|  |TAMS 0x0000000087400000, 0x0000000087300000| Updating 
| 116|0x0000000087400000, 0x0000000087500000, 0x0000000087500000|100%| O|  |TAMS 0x0000000087500000, 0x0000000087400000| Updating 
| 117|0x0000000087500000, 0x0000000087600000, 0x0000000087600000|100%| O|  |TAMS 0x0000000087600000, 0x0000000087500000| Updating 
| 118|0x0000000087600000, 0x0000000087700000, 0x0000000087700000|100%| O|  |TAMS 0x0000000087700000, 0x0000000087600000| Updating 
| 119|0x0000000087700000, 0x0000000087800000, 0x0000000087800000|100%| O|  |TAMS 0x0000000087800000, 0x0000000087700000| Updating 
| 120|0x0000000087800000, 0x0000000087900000, 0x0000000087900000|100%| O|  |TAMS 0x0000000087900000, 0x0000000087800000| Updating 
| 121|0x0000000087900000, 0x0000000087a00000, 0x0000000087a00000|100%| O|  |TAMS 0x0000000087a00000, 0x0000000087900000| Updating 
| 122|0x0000000087a00000, 0x0000000087b00000, 0x0000000087b00000|100%| O|  |TAMS 0x0000000087b00000, 0x0000000087a00000| Updating 
| 123|0x0000000087b00000, 0x0000000087c00000, 0x0000000087c00000|100%| O|  |TAMS 0x0000000087c00000, 0x0000000087b00000| Updating 
| 124|0x0000000087c00000, 0x0000000087d00000, 0x0000000087d00000|100%| O|  |TAMS 0x0000000087d00000, 0x0000000087c00000| Updating 
| 125|0x0000000087d00000, 0x0000000087e00000, 0x0000000087e00000|100%| O|  |TAMS 0x0000000087e00000, 0x0000000087d00000| Updating 
| 126|0x0000000087e00000, 0x0000000087f00000, 0x0000000087f00000|100%| O|  |TAMS 0x0000000087f00000, 0x0000000087e00000| Updating 
| 127|0x0000000087f00000, 0x0000000088000000, 0x0000000088000000|100%| O|  |TAMS 0x0000000088000000, 0x0000000087f00000| Updating 
| 128|0x0000000088000000, 0x0000000088100000, 0x0000000088100000|100%| O|  |TAMS 0x0000000088100000, 0x0000000088000000| Updating 
| 129|0x0000000088100000, 0x0000000088200000, 0x0000000088200000|100%| O|  |TAMS 0x0000000088200000, 0x0000000088100000| Updating 
| 130|0x0000000088200000, 0x0000000088300000, 0x0000000088300000|100%| O|  |TAMS 0x0000000088300000, 0x0000000088200000| Updating 
| 131|0x0000000088300000, 0x0000000088400000, 0x0000000088400000|100%| O|  |TAMS 0x0000000088400000, 0x0000000088300000| Updating 
| 132|0x0000000088400000, 0x0000000088500000, 0x0000000088500000|100%| O|  |TAMS 0x0000000088500000, 0x0000000088400000| Updating 
| 133|0x0000000088500000, 0x0000000088600000, 0x0000000088600000|100%| O|  |TAMS 0x0000000088600000, 0x0000000088500000| Updating 
| 134|0x0000000088600000, 0x0000000088700000, 0x0000000088700000|100%| O|  |TAMS 0x0000000088700000, 0x0000000088600000| Updating 
| 135|0x0000000088700000, 0x0000000088800000, 0x0000000088800000|100%| O|  |TAMS 0x0000000088800000, 0x0000000088700000| Updating 
| 136|0x0000000088800000, 0x0000000088900000, 0x0000000088900000|100%| O|  |TAMS 0x0000000088900000, 0x0000000088800000| Updating 
| 137|0x0000000088900000, 0x0000000088a00000, 0x0000000088a00000|100%| O|  |TAMS 0x0000000088a00000, 0x0000000088900000| Updating 
| 138|0x0000000088a00000, 0x0000000088b00000, 0x0000000088b00000|100%| O|  |TAMS 0x0000000088b00000, 0x0000000088a00000| Updating 
| 139|0x0000000088b00000, 0x0000000088c00000, 0x0000000088c00000|100%| O|  |TAMS 0x0000000088c00000, 0x0000000088b00000| Updating 
| 140|0x0000000088c00000, 0x0000000088d00000, 0x0000000088d00000|100%| O|  |TAMS 0x0000000088d00000, 0x0000000088c00000| Updating 
| 141|0x0000000088d00000, 0x0000000088e00000, 0x0000000088e00000|100%| O|  |TAMS 0x0000000088e00000, 0x0000000088d00000| Updating 
| 142|0x0000000088e00000, 0x0000000088f00000, 0x0000000088f00000|100%| O|  |TAMS 0x0000000088f00000, 0x0000000088e00000| Updating 
| 143|0x0000000088f00000, 0x0000000089000000, 0x0000000089000000|100%| O|  |TAMS 0x0000000089000000, 0x0000000088f00000| Updating 
| 144|0x0000000089000000, 0x0000000089100000, 0x0000000089100000|100%| O|  |TAMS 0x0000000089100000, 0x0000000089000000| Updating 
| 145|0x0000000089100000, 0x0000000089200000, 0x0000000089200000|100%| O|  |TAMS 0x0000000089200000, 0x0000000089100000| Updating 
| 146|0x0000000089200000, 0x0000000089300000, 0x0000000089300000|100%| O|  |TAMS 0x0000000089300000, 0x0000000089200000| Updating 
| 147|0x0000000089300000, 0x0000000089400000, 0x0000000089400000|100%| O|  |TAMS 0x0000000089400000, 0x0000000089300000| Updating 
| 148|0x0000000089400000, 0x0000000089500000, 0x0000000089500000|100%| O|  |TAMS 0x0000000089500000, 0x0000000089400000| Updating 
| 149|0x0000000089500000, 0x0000000089600000, 0x0000000089600000|100%| O|  |TAMS 0x0000000089600000, 0x0000000089500000| Updating 
| 150|0x0000000089600000, 0x0000000089700000, 0x0000000089700000|100%| O|  |TAMS 0x0000000089700000, 0x0000000089600000| Updating 
| 151|0x0000000089700000, 0x0000000089800000, 0x0000000089800000|100%| O|  |TAMS 0x0000000089800000, 0x0000000089700000| Updating 
| 152|0x0000000089800000, 0x0000000089900000, 0x0000000089900000|100%| O|  |TAMS 0x0000000089900000, 0x0000000089800000| Updating 
| 153|0x0000000089900000, 0x0000000089a00000, 0x0000000089a00000|100%| O|  |TAMS 0x0000000089a00000, 0x0000000089900000| Updating 
| 154|0x0000000089a00000, 0x0000000089b00000, 0x0000000089b00000|100%| O|  |TAMS 0x0000000089b00000, 0x0000000089a00000| Updating 
| 155|0x0000000089b00000, 0x0000000089c00000, 0x0000000089c00000|100%| O|  |TAMS 0x0000000089c00000, 0x0000000089b00000| Updating 
| 156|0x0000000089c00000, 0x0000000089d00000, 0x0000000089d00000|100%| O|  |TAMS 0x0000000089d00000, 0x0000000089c00000| Updating 
| 157|0x0000000089d00000, 0x0000000089e00000, 0x0000000089e00000|100%| O|  |TAMS 0x0000000089e00000, 0x0000000089d00000| Updating 
| 158|0x0000000089e00000, 0x0000000089f00000, 0x0000000089f00000|100%| O|  |TAMS 0x0000000089f00000, 0x0000000089e00000| Updating 
| 159|0x0000000089f00000, 0x000000008a000000, 0x000000008a000000|100%| O|  |TAMS 0x000000008a000000, 0x0000000089f00000| Updating 
| 160|0x000000008a000000, 0x000000008a100000, 0x000000008a100000|100%| O|  |TAMS 0x000000008a100000, 0x000000008a000000| Updating 
| 161|0x000000008a100000, 0x000000008a200000, 0x000000008a200000|100%| O|  |TAMS 0x000000008a200000, 0x000000008a100000| Updating 
| 162|0x000000008a200000, 0x000000008a300000, 0x000000008a300000|100%| O|  |TAMS 0x000000008a300000, 0x000000008a200000| Updating 
| 163|0x000000008a300000, 0x000000008a400000, 0x000000008a400000|100%| O|  |TAMS 0x000000008a400000, 0x000000008a300000| Updating 
| 164|0x000000008a400000, 0x000000008a500000, 0x000000008a500000|100%| O|  |TAMS 0x000000008a500000, 0x000000008a400000| Updating 
| 165|0x000000008a500000, 0x000000008a600000, 0x000000008a600000|100%| O|  |TAMS 0x000000008a600000, 0x000000008a500000| Updating 
| 166|0x000000008a600000, 0x000000008a700000, 0x000000008a700000|100%| O|  |TAMS 0x000000008a700000, 0x000000008a600000| Updating 
| 167|0x000000008a700000, 0x000000008a776200, 0x000000008a800000| 46%| O|  |TAMS 0x000000008a776200, 0x000000008a700000| Updating 
| 168|0x000000008a800000, 0x000000008a800000, 0x000000008a900000|  0%| F|  |TAMS 0x000000008a800000, 0x000000008a800000| Untracked 
| 169|0x000000008a900000, 0x000000008a900000, 0x000000008aa00000|  0%| F|  |TAMS 0x000000008a900000, 0x000000008a900000| Untracked 
| 170|0x000000008aa00000, 0x000000008aa00000, 0x000000008ab00000|  0%| F|  |TAMS 0x000000008aa00000, 0x000000008aa00000| Untracked 
| 171|0x000000008ab00000, 0x000000008ab00000, 0x000000008ac00000|  0%| F|  |TAMS 0x000000008ab00000, 0x000000008ab00000| Untracked 
| 172|0x000000008ac00000, 0x000000008ac00000, 0x000000008ad00000|  0%| F|  |TAMS 0x000000008ac00000, 0x000000008ac00000| Untracked 
| 173|0x000000008ad00000, 0x000000008ad00000, 0x000000008ae00000|  0%| F|  |TAMS 0x000000008ad00000, 0x000000008ad00000| Untracked 
| 174|0x000000008ae00000, 0x000000008ae00000, 0x000000008af00000|  0%| F|  |TAMS 0x000000008ae00000, 0x000000008ae00000| Untracked 
| 175|0x000000008af00000, 0x000000008af00000, 0x000000008b000000|  0%| F|  |TAMS 0x000000008af00000, 0x000000008af00000| Untracked 
| 176|0x000000008b000000, 0x000000008b000000, 0x000000008b100000|  0%| F|  |TAMS 0x000000008b000000, 0x000000008b000000| Untracked 
| 177|0x000000008b100000, 0x000000008b100000, 0x000000008b200000|  0%| F|  |TAMS 0x000000008b100000, 0x000000008b100000| Untracked 
| 178|0x000000008b200000, 0x000000008b200000, 0x000000008b300000|  0%| F|  |TAMS 0x000000008b200000, 0x000000008b200000| Untracked 
| 179|0x000000008b300000, 0x000000008b300000, 0x000000008b400000|  0%| F|  |TAMS 0x000000008b300000, 0x000000008b300000| Untracked 
| 180|0x000000008b400000, 0x000000008b400000, 0x000000008b500000|  0%| F|  |TAMS 0x000000008b400000, 0x000000008b400000| Untracked 
| 181|0x000000008b500000, 0x000000008b500000, 0x000000008b600000|  0%| F|  |TAMS 0x000000008b500000, 0x000000008b500000| Untracked 
| 182|0x000000008b600000, 0x000000008b600000, 0x000000008b700000|  0%| F|  |TAMS 0x000000008b600000, 0x000000008b600000| Untracked 
| 183|0x000000008b700000, 0x000000008b700000, 0x000000008b800000|  0%| F|  |TAMS 0x000000008b700000, 0x000000008b700000| Untracked 
| 184|0x000000008b800000, 0x000000008b800000, 0x000000008b900000|  0%| F|  |TAMS 0x000000008b800000, 0x000000008b800000| Untracked 
| 185|0x000000008b900000, 0x000000008b900000, 0x000000008ba00000|  0%| F|  |TAMS 0x000000008b900000, 0x000000008b900000| Untracked 
| 186|0x000000008ba00000, 0x000000008ba00000, 0x000000008bb00000|  0%| F|  |TAMS 0x000000008ba00000, 0x000000008ba00000| Untracked 
| 187|0x000000008bb00000, 0x000000008bb00000, 0x000000008bc00000|  0%| F|  |TAMS 0x000000008bb00000, 0x000000008bb00000| Untracked 
| 188|0x000000008bc00000, 0x000000008bc00000, 0x000000008bd00000|  0%| F|  |TAMS 0x000000008bc00000, 0x000000008bc00000| Untracked 
| 189|0x000000008bd00000, 0x000000008bd00000, 0x000000008be00000|  0%| F|  |TAMS 0x000000008bd00000, 0x000000008bd00000| Untracked 
| 190|0x000000008be00000, 0x000000008be00000, 0x000000008bf00000|  0%| F|  |TAMS 0x000000008be00000, 0x000000008be00000| Untracked 
| 191|0x000000008bf00000, 0x000000008bf00000, 0x000000008c000000|  0%| F|  |TAMS 0x000000008bf00000, 0x000000008bf00000| Untracked 
| 192|0x000000008c000000, 0x000000008c000000, 0x000000008c100000|  0%| F|  |TAMS 0x000000008c000000, 0x000000008c000000| Untracked 
| 193|0x000000008c100000, 0x000000008c100000, 0x000000008c200000|  0%| F|  |TAMS 0x000000008c100000, 0x000000008c100000| Untracked 
| 194|0x000000008c200000, 0x000000008c200000, 0x000000008c300000|  0%| F|  |TAMS 0x000000008c200000, 0x000000008c200000| Untracked 
| 195|0x000000008c300000, 0x000000008c300000, 0x000000008c400000|  0%| F|  |TAMS 0x000000008c300000, 0x000000008c300000| Untracked 
| 196|0x000000008c400000, 0x000000008c400000, 0x000000008c500000|  0%| F|  |TAMS 0x000000008c400000, 0x000000008c400000| Untracked 
| 197|0x000000008c500000, 0x000000008c500000, 0x000000008c600000|  0%| F|  |TAMS 0x000000008c500000, 0x000000008c500000| Untracked 
| 198|0x000000008c600000, 0x000000008c600000, 0x000000008c700000|  0%| F|  |TAMS 0x000000008c600000, 0x000000008c600000| Untracked 
| 199|0x000000008c700000, 0x000000008c700000, 0x000000008c800000|  0%| F|  |TAMS 0x000000008c700000, 0x000000008c700000| Untracked 
| 200|0x000000008c800000, 0x000000008c800000, 0x000000008c900000|  0%| F|  |TAMS 0x000000008c800000, 0x000000008c800000| Untracked 
| 201|0x000000008c900000, 0x000000008c900000, 0x000000008ca00000|  0%| F|  |TAMS 0x000000008c900000, 0x000000008c900000| Untracked 
| 202|0x000000008ca00000, 0x000000008ca00000, 0x000000008cb00000|  0%| F|  |TAMS 0x000000008ca00000, 0x000000008ca00000| Untracked 
| 203|0x000000008cb00000, 0x000000008cb00000, 0x000000008cc00000|  0%| F|  |TAMS 0x000000008cb00000, 0x000000008cb00000| Untracked 
| 204|0x000000008cc00000, 0x000000008cc00000, 0x000000008cd00000|  0%| F|  |TAMS 0x000000008cc00000, 0x000000008cc00000| Untracked 
| 205|0x000000008cd00000, 0x000000008cd00000, 0x000000008ce00000|  0%| F|  |TAMS 0x000000008cd00000, 0x000000008cd00000| Untracked 
| 206|0x000000008ce00000, 0x000000008ce00000, 0x000000008cf00000|  0%| F|  |TAMS 0x000000008ce00000, 0x000000008ce00000| Untracked 
| 207|0x000000008cf00000, 0x000000008cf00000, 0x000000008d000000|  0%| F|  |TAMS 0x000000008cf00000, 0x000000008cf00000| Untracked 
| 208|0x000000008d000000, 0x000000008d000000, 0x000000008d100000|  0%| F|  |TAMS 0x000000008d000000, 0x000000008d000000| Untracked 
| 209|0x000000008d100000, 0x000000008d100000, 0x000000008d200000|  0%| F|  |TAMS 0x000000008d100000, 0x000000008d100000| Untracked 
| 210|0x000000008d200000, 0x000000008d200000, 0x000000008d300000|  0%| F|  |TAMS 0x000000008d200000, 0x000000008d200000| Untracked 
| 211|0x000000008d300000, 0x000000008d300000, 0x000000008d400000|  0%| F|  |TAMS 0x000000008d300000, 0x000000008d300000| Untracked 
| 212|0x000000008d400000, 0x000000008d400000, 0x000000008d500000|  0%| F|  |TAMS 0x000000008d400000, 0x000000008d400000| Untracked 
| 213|0x000000008d500000, 0x000000008d500000, 0x000000008d600000|  0%| F|  |TAMS 0x000000008d500000, 0x000000008d500000| Untracked 
| 214|0x000000008d600000, 0x000000008d600000, 0x000000008d700000|  0%| F|  |TAMS 0x000000008d600000, 0x000000008d600000| Untracked 
| 215|0x000000008d700000, 0x000000008d700000, 0x000000008d800000|  0%| F|  |TAMS 0x000000008d700000, 0x000000008d700000| Untracked 
| 216|0x000000008d800000, 0x000000008d800000, 0x000000008d900000|  0%| F|  |TAMS 0x000000008d800000, 0x000000008d800000| Untracked 
| 217|0x000000008d900000, 0x000000008d900000, 0x000000008da00000|  0%| F|  |TAMS 0x000000008d900000, 0x000000008d900000| Untracked 
| 218|0x000000008da00000, 0x000000008da00000, 0x000000008db00000|  0%| F|  |TAMS 0x000000008da00000, 0x000000008da00000| Untracked 
| 219|0x000000008db00000, 0x000000008db00000, 0x000000008dc00000|  0%| F|  |TAMS 0x000000008db00000, 0x000000008db00000| Untracked 
| 220|0x000000008dc00000, 0x000000008dc00000, 0x000000008dd00000|  0%| F|  |TAMS 0x000000008dc00000, 0x000000008dc00000| Untracked 
| 221|0x000000008dd00000, 0x000000008dddcce0, 0x000000008de00000| 86%| S|CS|TAMS 0x000000008dd00000, 0x000000008dd00000| Complete 
| 222|0x000000008de00000, 0x000000008df00000, 0x000000008df00000|100%| S|CS|TAMS 0x000000008de00000, 0x000000008de00000| Complete 
| 223|0x000000008df00000, 0x000000008e000000, 0x000000008e000000|100%| S|CS|TAMS 0x000000008df00000, 0x000000008df00000| Complete 
| 224|0x000000008e000000, 0x000000008e100000, 0x000000008e100000|100%| S|CS|TAMS 0x000000008e000000, 0x000000008e000000| Complete 
| 225|0x000000008e100000, 0x000000008e100000, 0x000000008e200000|  0%| F|  |TAMS 0x000000008e100000, 0x000000008e100000| Untracked 
| 226|0x000000008e200000, 0x000000008e200000, 0x000000008e300000|  0%| F|  |TAMS 0x000000008e200000, 0x000000008e200000| Untracked 
| 227|0x000000008e300000, 0x000000008e300000, 0x000000008e400000|  0%| F|  |TAMS 0x000000008e300000, 0x000000008e300000| Untracked 
| 228|0x000000008e400000, 0x000000008e400000, 0x000000008e500000|  0%| F|  |TAMS 0x000000008e400000, 0x000000008e400000| Untracked 
| 229|0x000000008e500000, 0x000000008e500000, 0x000000008e600000|  0%| F|  |TAMS 0x000000008e500000, 0x000000008e500000| Untracked 
| 230|0x000000008e600000, 0x000000008e700000, 0x000000008e700000|100%| S|CS|TAMS 0x000000008e600000, 0x000000008e600000| Complete 
| 231|0x000000008e700000, 0x000000008e800000, 0x000000008e800000|100%| S|CS|TAMS 0x000000008e700000, 0x000000008e700000| Complete 
| 232|0x000000008e800000, 0x000000008e900000, 0x000000008e900000|100%| S|CS|TAMS 0x000000008e800000, 0x000000008e800000| Complete 
| 233|0x000000008e900000, 0x000000008e900000, 0x000000008ea00000|  0%| F|  |TAMS 0x000000008e900000, 0x000000008e900000| Untracked 
| 234|0x000000008ea00000, 0x000000008ea00000, 0x000000008eb00000|  0%| F|  |TAMS 0x000000008ea00000, 0x000000008ea00000| Untracked 
| 235|0x000000008eb00000, 0x000000008eb00000, 0x000000008ec00000|  0%| F|  |TAMS 0x000000008eb00000, 0x000000008eb00000| Untracked 
| 236|0x000000008ec00000, 0x000000008ec00000, 0x000000008ed00000|  0%| F|  |TAMS 0x000000008ec00000, 0x000000008ec00000| Untracked 
| 237|0x000000008ed00000, 0x000000008ed00000, 0x000000008ee00000|  0%| F|  |TAMS 0x000000008ed00000, 0x000000008ed00000| Untracked 
| 238|0x000000008ee00000, 0x000000008ee00000, 0x000000008ef00000|  0%| F|  |TAMS 0x000000008ee00000, 0x000000008ee00000| Untracked 
| 239|0x000000008ef00000, 0x000000008ef00000, 0x000000008f000000|  0%| F|  |TAMS 0x000000008ef00000, 0x000000008ef00000| Untracked 
| 240|0x000000008f000000, 0x000000008f000000, 0x000000008f100000|  0%| F|  |TAMS 0x000000008f000000, 0x000000008f000000| Untracked 
| 241|0x000000008f100000, 0x000000008f100000, 0x000000008f200000|  0%| F|  |TAMS 0x000000008f100000, 0x000000008f100000| Untracked 
| 242|0x000000008f200000, 0x000000008f200000, 0x000000008f300000|  0%| F|  |TAMS 0x000000008f200000, 0x000000008f200000| Untracked 
| 243|0x000000008f300000, 0x000000008f300000, 0x000000008f400000|  0%| F|  |TAMS 0x000000008f300000, 0x000000008f300000| Untracked 
| 244|0x000000008f400000, 0x000000008f400000, 0x000000008f500000|  0%| F|  |TAMS 0x000000008f400000, 0x000000008f400000| Untracked 
| 245|0x000000008f500000, 0x000000008f500000, 0x000000008f600000|  0%| F|  |TAMS 0x000000008f500000, 0x000000008f500000| Untracked 
| 246|0x000000008f600000, 0x000000008f600000, 0x000000008f700000|  0%| F|  |TAMS 0x000000008f600000, 0x000000008f600000| Untracked 
| 247|0x000000008f700000, 0x000000008f700000, 0x000000008f800000|  0%| F|  |TAMS 0x000000008f700000, 0x000000008f700000| Untracked 
| 248|0x000000008f800000, 0x000000008f800000, 0x000000008f900000|  0%| F|  |TAMS 0x000000008f800000, 0x000000008f800000| Untracked 
| 249|0x000000008f900000, 0x000000008f900000, 0x000000008fa00000|  0%| F|  |TAMS 0x000000008f900000, 0x000000008f900000| Untracked 
| 250|0x000000008fa00000, 0x000000008fa00000, 0x000000008fb00000|  0%| F|  |TAMS 0x000000008fa00000, 0x000000008fa00000| Untracked 
| 251|0x000000008fb00000, 0x000000008fb00000, 0x000000008fc00000|  0%| F|  |TAMS 0x000000008fb00000, 0x000000008fb00000| Untracked 
| 252|0x000000008fc00000, 0x000000008fc00000, 0x000000008fd00000|  0%| F|  |TAMS 0x000000008fc00000, 0x000000008fc00000| Untracked 
| 253|0x000000008fd00000, 0x000000008fd00000, 0x000000008fe00000|  0%| F|  |TAMS 0x000000008fd00000, 0x000000008fd00000| Untracked 
| 254|0x000000008fe00000, 0x000000008fe00000, 0x000000008ff00000|  0%| F|  |TAMS 0x000000008fe00000, 0x000000008fe00000| Untracked 
| 255|0x000000008ff00000, 0x000000008ff00000, 0x0000000090000000|  0%| F|  |TAMS 0x000000008ff00000, 0x000000008ff00000| Untracked 
| 256|0x0000000090000000, 0x0000000090000000, 0x0000000090100000|  0%| F|  |TAMS 0x0000000090000000, 0x0000000090000000| Untracked 
| 257|0x0000000090100000, 0x0000000090100000, 0x0000000090200000|  0%| F|  |TAMS 0x0000000090100000, 0x0000000090100000| Untracked 
| 258|0x0000000090200000, 0x0000000090200000, 0x0000000090300000|  0%| F|  |TAMS 0x0000000090200000, 0x0000000090200000| Untracked 
| 259|0x0000000090300000, 0x0000000090300000, 0x0000000090400000|  0%| F|  |TAMS 0x0000000090300000, 0x0000000090300000| Untracked 
| 260|0x0000000090400000, 0x0000000090400000, 0x0000000090500000|  0%| F|  |TAMS 0x0000000090400000, 0x0000000090400000| Untracked 
| 261|0x0000000090500000, 0x0000000090500000, 0x0000000090600000|  0%| F|  |TAMS 0x0000000090500000, 0x0000000090500000| Untracked 
| 262|0x0000000090600000, 0x0000000090600000, 0x0000000090700000|  0%| F|  |TAMS 0x0000000090600000, 0x0000000090600000| Untracked 
| 263|0x0000000090700000, 0x0000000090700000, 0x0000000090800000|  0%| F|  |TAMS 0x0000000090700000, 0x0000000090700000| Untracked 
| 264|0x0000000090800000, 0x0000000090800000, 0x0000000090900000|  0%| F|  |TAMS 0x0000000090800000, 0x0000000090800000| Untracked 
| 265|0x0000000090900000, 0x0000000090900000, 0x0000000090a00000|  0%| F|  |TAMS 0x0000000090900000, 0x0000000090900000| Untracked 
| 266|0x0000000090a00000, 0x0000000090a00000, 0x0000000090b00000|  0%| F|  |TAMS 0x0000000090a00000, 0x0000000090a00000| Untracked 
| 267|0x0000000090b00000, 0x0000000090b00000, 0x0000000090c00000|  0%| F|  |TAMS 0x0000000090b00000, 0x0000000090b00000| Untracked 
| 268|0x0000000090c00000, 0x0000000090c00000, 0x0000000090d00000|  0%| F|  |TAMS 0x0000000090c00000, 0x0000000090c00000| Untracked 
| 269|0x0000000090d00000, 0x0000000090d00000, 0x0000000090e00000|  0%| F|  |TAMS 0x0000000090d00000, 0x0000000090d00000| Untracked 
| 270|0x0000000090e00000, 0x0000000090e00000, 0x0000000090f00000|  0%| F|  |TAMS 0x0000000090e00000, 0x0000000090e00000| Untracked 
| 271|0x0000000090f00000, 0x0000000090f00000, 0x0000000091000000|  0%| F|  |TAMS 0x0000000090f00000, 0x0000000090f00000| Untracked 
| 272|0x0000000091000000, 0x0000000091000000, 0x0000000091100000|  0%| F|  |TAMS 0x0000000091000000, 0x0000000091000000| Untracked 
| 273|0x0000000091100000, 0x0000000091100000, 0x0000000091200000|  0%| F|  |TAMS 0x0000000091100000, 0x0000000091100000| Untracked 
| 274|0x0000000091200000, 0x0000000091200000, 0x0000000091300000|  0%| F|  |TAMS 0x0000000091200000, 0x0000000091200000| Untracked 
| 275|0x0000000091300000, 0x0000000091300000, 0x0000000091400000|  0%| F|  |TAMS 0x0000000091300000, 0x0000000091300000| Untracked 
| 276|0x0000000091400000, 0x0000000091400000, 0x0000000091500000|  0%| F|  |TAMS 0x0000000091400000, 0x0000000091400000| Untracked 
| 277|0x0000000091500000, 0x0000000091500000, 0x0000000091600000|  0%| F|  |TAMS 0x0000000091500000, 0x0000000091500000| Untracked 
| 278|0x0000000091600000, 0x0000000091600000, 0x0000000091700000|  0%| F|  |TAMS 0x0000000091600000, 0x0000000091600000| Untracked 
| 279|0x0000000091700000, 0x0000000091700000, 0x0000000091800000|  0%| F|  |TAMS 0x0000000091700000, 0x0000000091700000| Untracked 
| 280|0x0000000091800000, 0x0000000091800000, 0x0000000091900000|  0%| F|  |TAMS 0x0000000091800000, 0x0000000091800000| Untracked 
| 281|0x0000000091900000, 0x0000000091900000, 0x0000000091a00000|  0%| F|  |TAMS 0x0000000091900000, 0x0000000091900000| Untracked 
| 282|0x0000000091a00000, 0x0000000091a00000, 0x0000000091b00000|  0%| F|  |TAMS 0x0000000091a00000, 0x0000000091a00000| Untracked 
| 283|0x0000000091b00000, 0x0000000091b00000, 0x0000000091c00000|  0%| F|  |TAMS 0x0000000091b00000, 0x0000000091b00000| Untracked 
| 284|0x0000000091c00000, 0x0000000091c00000, 0x0000000091d00000|  0%| F|  |TAMS 0x0000000091c00000, 0x0000000091c00000| Untracked 
| 285|0x0000000091d00000, 0x0000000091d00000, 0x0000000091e00000|  0%| F|  |TAMS 0x0000000091d00000, 0x0000000091d00000| Untracked 
| 286|0x0000000091e00000, 0x0000000091e00000, 0x0000000091f00000|  0%| F|  |TAMS 0x0000000091e00000, 0x0000000091e00000| Untracked 
| 287|0x0000000091f00000, 0x0000000091f00000, 0x0000000092000000|  0%| F|  |TAMS 0x0000000091f00000, 0x0000000091f00000| Untracked 
| 288|0x0000000092000000, 0x0000000092000000, 0x0000000092100000|  0%| F|  |TAMS 0x0000000092000000, 0x0000000092000000| Untracked 
| 289|0x0000000092100000, 0x0000000092100000, 0x0000000092200000|  0%| F|  |TAMS 0x0000000092100000, 0x0000000092100000| Untracked 
| 290|0x0000000092200000, 0x0000000092200000, 0x0000000092300000|  0%| F|  |TAMS 0x0000000092200000, 0x0000000092200000| Untracked 
| 291|0x0000000092300000, 0x0000000092300000, 0x0000000092400000|  0%| F|  |TAMS 0x0000000092300000, 0x0000000092300000| Untracked 
| 292|0x0000000092400000, 0x0000000092400000, 0x0000000092500000|  0%| F|  |TAMS 0x0000000092400000, 0x0000000092400000| Untracked 
| 293|0x0000000092500000, 0x0000000092500000, 0x0000000092600000|  0%| F|  |TAMS 0x0000000092500000, 0x0000000092500000| Untracked 
| 294|0x0000000092600000, 0x0000000092600000, 0x0000000092700000|  0%| F|  |TAMS 0x0000000092600000, 0x0000000092600000| Untracked 
| 295|0x0000000092700000, 0x0000000092700000, 0x0000000092800000|  0%| F|  |TAMS 0x0000000092700000, 0x0000000092700000| Untracked 
| 296|0x0000000092800000, 0x0000000092800000, 0x0000000092900000|  0%| F|  |TAMS 0x0000000092800000, 0x0000000092800000| Untracked 
| 297|0x0000000092900000, 0x0000000092900000, 0x0000000092a00000|  0%| F|  |TAMS 0x0000000092900000, 0x0000000092900000| Untracked 
| 298|0x0000000092a00000, 0x0000000092a00000, 0x0000000092b00000|  0%| F|  |TAMS 0x0000000092a00000, 0x0000000092a00000| Untracked 
| 299|0x0000000092b00000, 0x0000000092b00000, 0x0000000092c00000|  0%| F|  |TAMS 0x0000000092b00000, 0x0000000092b00000| Untracked 
| 300|0x0000000092c00000, 0x0000000092c00000, 0x0000000092d00000|  0%| F|  |TAMS 0x0000000092c00000, 0x0000000092c00000| Untracked 
| 301|0x0000000092d00000, 0x0000000092d00000, 0x0000000092e00000|  0%| F|  |TAMS 0x0000000092d00000, 0x0000000092d00000| Untracked 
| 302|0x0000000092e00000, 0x0000000092e00000, 0x0000000092f00000|  0%| F|  |TAMS 0x0000000092e00000, 0x0000000092e00000| Untracked 
| 303|0x0000000092f00000, 0x0000000092f00000, 0x0000000093000000|  0%| F|  |TAMS 0x0000000092f00000, 0x0000000092f00000| Untracked 
| 304|0x0000000093000000, 0x0000000093000000, 0x0000000093100000|  0%| F|  |TAMS 0x0000000093000000, 0x0000000093000000| Untracked 
| 305|0x0000000093100000, 0x0000000093100000, 0x0000000093200000|  0%| F|  |TAMS 0x0000000093100000, 0x0000000093100000| Untracked 
| 306|0x0000000093200000, 0x0000000093200000, 0x0000000093300000|  0%| F|  |TAMS 0x0000000093200000, 0x0000000093200000| Untracked 
| 307|0x0000000093300000, 0x0000000093300000, 0x0000000093400000|  0%| F|  |TAMS 0x0000000093300000, 0x0000000093300000| Untracked 
| 308|0x0000000093400000, 0x0000000093400000, 0x0000000093500000|  0%| F|  |TAMS 0x0000000093400000, 0x0000000093400000| Untracked 
| 309|0x0000000093500000, 0x0000000093500000, 0x0000000093600000|  0%| F|  |TAMS 0x0000000093500000, 0x0000000093500000| Untracked 
| 310|0x0000000093600000, 0x0000000093600000, 0x0000000093700000|  0%| F|  |TAMS 0x0000000093600000, 0x0000000093600000| Untracked 
| 311|0x0000000093700000, 0x0000000093700000, 0x0000000093800000|  0%| F|  |TAMS 0x0000000093700000, 0x0000000093700000| Untracked 
| 312|0x0000000093800000, 0x0000000093800000, 0x0000000093900000|  0%| F|  |TAMS 0x0000000093800000, 0x0000000093800000| Untracked 
| 313|0x0000000093900000, 0x0000000093900000, 0x0000000093a00000|  0%| F|  |TAMS 0x0000000093900000, 0x0000000093900000| Untracked 
| 314|0x0000000093a00000, 0x0000000093a00000, 0x0000000093b00000|  0%| F|  |TAMS 0x0000000093a00000, 0x0000000093a00000| Untracked 
| 315|0x0000000093b00000, 0x0000000093b00000, 0x0000000093c00000|  0%| F|  |TAMS 0x0000000093b00000, 0x0000000093b00000| Untracked 
| 316|0x0000000093c00000, 0x0000000093c00000, 0x0000000093d00000|  0%| F|  |TAMS 0x0000000093c00000, 0x0000000093c00000| Untracked 
| 317|0x0000000093d00000, 0x0000000093d00000, 0x0000000093e00000|  0%| F|  |TAMS 0x0000000093d00000, 0x0000000093d00000| Untracked 
| 318|0x0000000093e00000, 0x0000000093e00000, 0x0000000093f00000|  0%| F|  |TAMS 0x0000000093e00000, 0x0000000093e00000| Untracked 
| 319|0x0000000093f00000, 0x0000000093f00000, 0x0000000094000000|  0%| F|  |TAMS 0x0000000093f00000, 0x0000000093f00000| Untracked 
| 320|0x0000000094000000, 0x0000000094000000, 0x0000000094100000|  0%| F|  |TAMS 0x0000000094000000, 0x0000000094000000| Untracked 
| 321|0x0000000094100000, 0x0000000094100000, 0x0000000094200000|  0%| F|  |TAMS 0x0000000094100000, 0x0000000094100000| Untracked 
| 322|0x0000000094200000, 0x0000000094200000, 0x0000000094300000|  0%| F|  |TAMS 0x0000000094200000, 0x0000000094200000| Untracked 
| 323|0x0000000094300000, 0x0000000094300000, 0x0000000094400000|  0%| F|  |TAMS 0x0000000094300000, 0x0000000094300000| Untracked 
| 324|0x0000000094400000, 0x0000000094400000, 0x0000000094500000|  0%| F|  |TAMS 0x0000000094400000, 0x0000000094400000| Untracked 
| 325|0x0000000094500000, 0x0000000094500000, 0x0000000094600000|  0%| F|  |TAMS 0x0000000094500000, 0x0000000094500000| Untracked 
| 326|0x0000000094600000, 0x0000000094600000, 0x0000000094700000|  0%| F|  |TAMS 0x0000000094600000, 0x0000000094600000| Untracked 
| 327|0x0000000094700000, 0x0000000094700000, 0x0000000094800000|  0%| F|  |TAMS 0x0000000094700000, 0x0000000094700000| Untracked 
| 328|0x0000000094800000, 0x0000000094800000, 0x0000000094900000|  0%| F|  |TAMS 0x0000000094800000, 0x0000000094800000| Untracked 
| 329|0x0000000094900000, 0x0000000094900000, 0x0000000094a00000|  0%| F|  |TAMS 0x0000000094900000, 0x0000000094900000| Untracked 
| 330|0x0000000094a00000, 0x0000000094a00000, 0x0000000094b00000|  0%| F|  |TAMS 0x0000000094a00000, 0x0000000094a00000| Untracked 
| 331|0x0000000094b00000, 0x0000000094b00000, 0x0000000094c00000|  0%| F|  |TAMS 0x0000000094b00000, 0x0000000094b00000| Untracked 
| 332|0x0000000094c00000, 0x0000000094c00000, 0x0000000094d00000|  0%| F|  |TAMS 0x0000000094c00000, 0x0000000094c00000| Untracked 
| 333|0x0000000094d00000, 0x0000000094d00000, 0x0000000094e00000|  0%| F|  |TAMS 0x0000000094d00000, 0x0000000094d00000| Untracked 
| 334|0x0000000094e00000, 0x0000000094e00000, 0x0000000094f00000|  0%| F|  |TAMS 0x0000000094e00000, 0x0000000094e00000| Untracked 
| 335|0x0000000094f00000, 0x0000000094f00000, 0x0000000095000000|  0%| F|  |TAMS 0x0000000094f00000, 0x0000000094f00000| Untracked 
| 336|0x0000000095000000, 0x0000000095000000, 0x0000000095100000|  0%| F|  |TAMS 0x0000000095000000, 0x0000000095000000| Untracked 
| 337|0x0000000095100000, 0x0000000095100000, 0x0000000095200000|  0%| F|  |TAMS 0x0000000095100000, 0x0000000095100000| Untracked 
| 338|0x0000000095200000, 0x0000000095200000, 0x0000000095300000|  0%| F|  |TAMS 0x0000000095200000, 0x0000000095200000| Untracked 
| 339|0x0000000095300000, 0x0000000095300000, 0x0000000095400000|  0%| F|  |TAMS 0x0000000095300000, 0x0000000095300000| Untracked 
| 340|0x0000000095400000, 0x0000000095400000, 0x0000000095500000|  0%| F|  |TAMS 0x0000000095400000, 0x0000000095400000| Untracked 
| 341|0x0000000095500000, 0x0000000095500000, 0x0000000095600000|  0%| F|  |TAMS 0x0000000095500000, 0x0000000095500000| Untracked 
| 342|0x0000000095600000, 0x0000000095600000, 0x0000000095700000|  0%| F|  |TAMS 0x0000000095600000, 0x0000000095600000| Untracked 
| 343|0x0000000095700000, 0x0000000095700000, 0x0000000095800000|  0%| F|  |TAMS 0x0000000095700000, 0x0000000095700000| Untracked 
| 344|0x0000000095800000, 0x0000000095800000, 0x0000000095900000|  0%| F|  |TAMS 0x0000000095800000, 0x0000000095800000| Untracked 
| 345|0x0000000095900000, 0x0000000095900000, 0x0000000095a00000|  0%| F|  |TAMS 0x0000000095900000, 0x0000000095900000| Untracked 
| 346|0x0000000095a00000, 0x0000000095a00000, 0x0000000095b00000|  0%| F|  |TAMS 0x0000000095a00000, 0x0000000095a00000| Untracked 
| 347|0x0000000095b00000, 0x0000000095b00000, 0x0000000095c00000|  0%| F|  |TAMS 0x0000000095b00000, 0x0000000095b00000| Untracked 
| 348|0x0000000095c00000, 0x0000000095c00000, 0x0000000095d00000|  0%| F|  |TAMS 0x0000000095c00000, 0x0000000095c00000| Untracked 
| 349|0x0000000095d00000, 0x0000000095d00000, 0x0000000095e00000|  0%| F|  |TAMS 0x0000000095d00000, 0x0000000095d00000| Untracked 
| 350|0x0000000095e00000, 0x0000000095e00000, 0x0000000095f00000|  0%| F|  |TAMS 0x0000000095e00000, 0x0000000095e00000| Untracked 
| 351|0x0000000095f00000, 0x0000000095f00000, 0x0000000096000000|  0%| F|  |TAMS 0x0000000095f00000, 0x0000000095f00000| Untracked 
| 352|0x0000000096000000, 0x0000000096000000, 0x0000000096100000|  0%| F|  |TAMS 0x0000000096000000, 0x0000000096000000| Untracked 
| 353|0x0000000096100000, 0x0000000096100000, 0x0000000096200000|  0%| F|  |TAMS 0x0000000096100000, 0x0000000096100000| Untracked 
| 354|0x0000000096200000, 0x0000000096200000, 0x0000000096300000|  0%| F|  |TAMS 0x0000000096200000, 0x0000000096200000| Untracked 
| 355|0x0000000096300000, 0x0000000096300000, 0x0000000096400000|  0%| F|  |TAMS 0x0000000096300000, 0x0000000096300000| Untracked 
| 356|0x0000000096400000, 0x0000000096400000, 0x0000000096500000|  0%| F|  |TAMS 0x0000000096400000, 0x0000000096400000| Untracked 
| 357|0x0000000096500000, 0x0000000096500000, 0x0000000096600000|  0%| F|  |TAMS 0x0000000096500000, 0x0000000096500000| Untracked 
| 358|0x0000000096600000, 0x0000000096600000, 0x0000000096700000|  0%| F|  |TAMS 0x0000000096600000, 0x0000000096600000| Untracked 
| 359|0x0000000096700000, 0x0000000096700000, 0x0000000096800000|  0%| F|  |TAMS 0x0000000096700000, 0x0000000096700000| Untracked 
| 360|0x0000000096800000, 0x0000000096800000, 0x0000000096900000|  0%| F|  |TAMS 0x0000000096800000, 0x0000000096800000| Untracked 
| 361|0x0000000096900000, 0x0000000096900000, 0x0000000096a00000|  0%| F|  |TAMS 0x0000000096900000, 0x0000000096900000| Untracked 
| 362|0x0000000096a00000, 0x0000000096a00000, 0x0000000096b00000|  0%| F|  |TAMS 0x0000000096a00000, 0x0000000096a00000| Untracked 
| 363|0x0000000096b00000, 0x0000000096b00000, 0x0000000096c00000|  0%| F|  |TAMS 0x0000000096b00000, 0x0000000096b00000| Untracked 
| 364|0x0000000096c00000, 0x0000000096c00000, 0x0000000096d00000|  0%| F|  |TAMS 0x0000000096c00000, 0x0000000096c00000| Untracked 
| 365|0x0000000096d00000, 0x0000000096d00000, 0x0000000096e00000|  0%| F|  |TAMS 0x0000000096d00000, 0x0000000096d00000| Untracked 
| 366|0x0000000096e00000, 0x0000000096e00000, 0x0000000096f00000|  0%| F|  |TAMS 0x0000000096e00000, 0x0000000096e00000| Untracked 
| 367|0x0000000096f00000, 0x0000000096f00000, 0x0000000097000000|  0%| F|  |TAMS 0x0000000096f00000, 0x0000000096f00000| Untracked 
| 368|0x0000000097000000, 0x0000000097000000, 0x0000000097100000|  0%| F|  |TAMS 0x0000000097000000, 0x0000000097000000| Untracked 
| 369|0x0000000097100000, 0x0000000097100000, 0x0000000097200000|  0%| F|  |TAMS 0x0000000097100000, 0x0000000097100000| Untracked 

Card table byte_map: [0x000001b6f9d30000,0x000001b6fa130000] _byte_map_base: 0x000001b6f9930000

Marking Bits (Prev, Next): (CMBitMap*) 0x000001b6f5b2f4b8, (CMBitMap*) 0x000001b6f5b2f4f0
 Prev Bits: [0x000001b6fa530000, 0x000001b6fc530000)
 Next Bits: [0x000001b6fc530000, 0x000001b6fe530000)

Polling page: 0x000001b6f3900000

Metaspace:

Usage:
  Non-class:     88.17 MB capacity,    86.75 MB ( 98%) used,     1.12 MB (  1%) free+waste,   309.56 KB ( <1%) overhead. 
      Class:     13.80 MB capacity,    12.90 MB ( 93%) used,   791.03 KB (  6%) free+waste,   135.81 KB ( <1%) overhead. 
       Both:    101.98 MB capacity,    99.65 MB ( 98%) used,     1.90 MB (  2%) free+waste,   445.38 KB ( <1%) overhead. 

Virtual space:
  Non-class space:       90.00 MB reserved,      88.25 MB ( 98%) committed 
      Class space:        1.00 GB reserved,      13.95 MB (  1%) committed 
             Both:        1.09 GB reserved,     102.20 MB (  9%) committed 

Chunk freelists:
   Non-Class:  13.00 KB
       Class:  105.00 KB
        Both:  118.00 KB

MaxMetaspaceSize: 17179869184.00 GB
CompressedClassSpaceSize: 1.00 GB
Initial GC threshold: 20.80 MB
Current GC threshold: 170.33 MB
CDS: off

CodeHeap 'non-profiled nmethods': size=120000Kb used=9221Kb max_used=9221Kb free=110778Kb
 bounds [0x000001b687ad0000, 0x000001b6883e0000, 0x000001b68f000000]
CodeHeap 'profiled nmethods': size=120000Kb used=36910Kb max_used=36910Kb free=83089Kb
 bounds [0x000001b6805a0000, 0x000001b6829b0000, 0x000001b687ad0000]
CodeHeap 'non-nmethods': size=5760Kb used=2404Kb max_used=2474Kb free=3355Kb
 bounds [0x000001b680000000, 0x000001b680270000, 0x000001b6805a0000]
 total_blobs=16192 nmethods=15272 adapters=830
 compilation: enabled
              stopped_count=0, restarted_count=0
 full_count=0

Compilation events (20 events):
Event: 24.486 Thread 0x000001b6ff850800 15693       2       com.android.tools.r8.internal.j8::<init> (10 bytes)
Event: 24.487 Thread 0x000001b6ff850800 nmethod 15693 0x000001b6829a8110 code [0x000001b6829a82c0, 0x000001b6829a83f8]
Event: 24.487 Thread 0x000001b6ff850800 15696       2       com.android.tools.r8.internal.Cs::a (32 bytes)
Event: 24.487 Thread 0x000001b6ff850800 nmethod 15696 0x000001b6829a8490 code [0x000001b6829a8680, 0x000001b6829a8a18]
Event: 24.487 Thread 0x000001b6ff850800 15697       2       com.android.tools.r8.graph.d0::n (2 bytes)
Event: 24.487 Thread 0x000001b6ff850800 nmethod 15697 0x000001b6829a8b90 code [0x000001b6829a8d40, 0x000001b6829a8e38]
Event: 24.487 Thread 0x000001b6ff850800 15698       2       com.android.tools.r8.internal.Cs$$Lambda$1622/0x0000000100c7a840::a (21 bytes)
Event: 24.487 Thread 0x000001b6ff850800 nmethod 15698 0x000001b6829a8f10 code [0x000001b6829a90e0, 0x000001b6829a9348]
Event: 24.512 Thread 0x000001b6ff850800 15705       2       com.android.tools.r8.graph.T$$Lambda$1470/0x0000000100c5a840::apply (15 bytes)
Event: 24.513 Thread 0x000001b6ff850800 nmethod 15705 0x000001b6829a9490 code [0x000001b6829a9640, 0x000001b6829a97d8]
Event: 24.523 Thread 0x000001b6ff850800 15706       2       com.android.tools.r8.internal.Z4::a (105 bytes)
Event: 24.524 Thread 0x000001b6ff850800 nmethod 15706 0x000001b6829a9910 code [0x000001b6829a9c20, 0x000001b6829aa5d8]
Event: 24.527 Thread 0x000001b693529000 nmethod 15267 0x000001b6883ce790 code [0x000001b6883ce9e0, 0x000001b6883cfce8]
Event: 24.527 Thread 0x000001b693529000 15704       4       com.android.tools.r8.internal.i8::a (80 bytes)
Event: 24.531 Thread 0x000001b6ff850800 15707       3       com.android.tools.r8.ir.regalloc.b::d (44 bytes)
Event: 24.531 Thread 0x000001b6ff850800 nmethod 15707 0x000001b6829aad90 code [0x000001b6829aafa0, 0x000001b6829ab638]
Event: 24.534 Thread 0x000001b6ff850800 15709       1       com.android.tools.r8.internal.v8::a2 (3 bytes)
Event: 24.534 Thread 0x000001b6ff850800 nmethod 15709 0x000001b6883d0a90 code [0x000001b6883d0c40, 0x000001b6883d0cf8]
Event: 24.535 Thread 0x000001b693529000 nmethod 15704 0x000001b6883d0d90 code [0x000001b6883d0f60, 0x000001b6883d12b8]
Event: 24.535 Thread 0x000001b693529000 15708       4       com.android.tools.r8.internal.Mv::a (430 bytes)

GC Heap History (20 events):
Event: 21.338 GC heap after
{Heap after GC invocations=29 (full 0):
 garbage-first heap   total 315392K, used 173004K [0x0000000080000000, 0x0000000100000000)
  region size 1024K, 2 young (2048K), 2 survivors (2048K)
 Metaspace       used 100182K, capacity 102558K, committed 102988K, reserved 1138688K
  class space    used 13074K, capacity 13963K, committed 14156K, reserved 1048576K
}
Event: 21.816 GC heap before
{Heap before GC invocations=29 (full 0):
 garbage-first heap   total 315392K, used 254924K [0x0000000080000000, 0x0000000100000000)
  region size 1024K, 82 young (83968K), 2 survivors (2048K)
 Metaspace       used 100383K, capacity 102740K, committed 103372K, reserved 1138688K
  class space    used 13070K, capacity 13972K, committed 14284K, reserved 1048576K
}
Event: 21.824 GC heap after
{Heap after GC invocations=30 (full 0):
 garbage-first heap   total 315392K, used 175250K [0x0000000080000000, 0x0000000100000000)
  region size 1024K, 4 young (4096K), 4 survivors (4096K)
 Metaspace       used 100383K, capacity 102740K, committed 103372K, reserved 1138688K
  class space    used 13070K, capacity 13972K, committed 14284K, reserved 1048576K
}
Event: 22.002 GC heap before
{Heap before GC invocations=31 (full 0):
 garbage-first heap   total 315392K, used 258194K [0x0000000080000000, 0x0000000100000000)
  region size 1024K, 85 young (87040K), 4 survivors (4096K)
 Metaspace       used 100464K, capacity 102814K, committed 103372K, reserved 1138688K
  class space    used 13071K, capacity 13975K, committed 14284K, reserved 1048576K
}
Event: 22.011 GC heap after
{Heap after GC invocations=32 (full 0):
 garbage-first heap   total 315392K, used 175242K [0x0000000080000000, 0x0000000100000000)
  region size 1024K, 4 young (4096K), 4 survivors (4096K)
 Metaspace       used 100464K, capacity 102814K, committed 103372K, reserved 1138688K
  class space    used 13071K, capacity 13975K, committed 14284K, reserved 1048576K
}
Event: 22.192 GC heap before
{Heap before GC invocations=32 (full 0):
 garbage-first heap   total 315392K, used 259210K [0x0000000080000000, 0x0000000100000000)
  region size 1024K, 87 young (89088K), 4 survivors (4096K)
 Metaspace       used 100513K, capacity 102879K, committed 103628K, reserved 1138688K
  class space    used 13071K, capacity 13975K, committed 14284K, reserved 1048576K
}
Event: 22.201 GC heap after
{Heap after GC invocations=33 (full 0):
 garbage-first heap   total 315392K, used 176168K [0x0000000080000000, 0x0000000100000000)
  region size 1024K, 5 young (5120K), 5 survivors (5120K)
 Metaspace       used 100513K, capacity 102879K, committed 103628K, reserved 1138688K
  class space    used 13071K, capacity 13975K, committed 14284K, reserved 1048576K
}
Event: 22.532 GC heap before
{Heap before GC invocations=33 (full 0):
 garbage-first heap   total 315392K, used 262184K [0x0000000080000000, 0x0000000100000000)
  region size 1024K, 89 young (91136K), 5 survivors (5120K)
 Metaspace       used 100803K, capacity 103155K, committed 103884K, reserved 1138688K
  class space    used 13073K, capacity 13978K, committed 14284K, reserved 1048576K
}
Event: 22.542 GC heap after
{Heap after GC invocations=34 (full 0):
 garbage-first heap   total 378880K, used 176506K [0x0000000080000000, 0x0000000100000000)
  region size 1024K, 5 young (5120K), 5 survivors (5120K)
 Metaspace       used 100803K, capacity 103155K, committed 103884K, reserved 1138688K
  class space    used 13073K, capacity 13978K, committed 14284K, reserved 1048576K
}
Event: 22.865 GC heap before
{Heap before GC invocations=35 (full 0):
 garbage-first heap   total 378880K, used 294266K [0x0000000080000000, 0x0000000100000000)
  region size 1024K, 120 young (122880K), 5 survivors (5120K)
 Metaspace       used 100940K, capacity 103305K, committed 103884K, reserved 1138688K
  class space    used 13075K, capacity 13982K, committed 14284K, reserved 1048576K
}
Event: 22.874 GC heap after
{Heap after GC invocations=36 (full 0):
 garbage-first heap   total 378880K, used 176360K [0x0000000080000000, 0x0000000100000000)
  region size 1024K, 5 young (5120K), 5 survivors (5120K)
 Metaspace       used 100940K, capacity 103305K, committed 103884K, reserved 1138688K
  class space    used 13075K, capacity 13982K, committed 14284K, reserved 1048576K
}
Event: 23.068 GC heap before
{Heap before GC invocations=36 (full 0):
 garbage-first heap   total 378880K, used 298216K [0x0000000080000000, 0x0000000100000000)
  region size 1024K, 124 young (126976K), 5 survivors (5120K)
 Metaspace       used 101016K, capacity 103386K, committed 103884K, reserved 1138688K
  class space    used 13081K, capacity 13986K, committed 14284K, reserved 1048576K
}
Event: 23.079 GC heap after
{Heap after GC invocations=37 (full 0):
 garbage-first heap   total 378880K, used 175565K [0x0000000080000000, 0x0000000100000000)
  region size 1024K, 4 young (4096K), 4 survivors (4096K)
 Metaspace       used 101016K, capacity 103386K, committed 103884K, reserved 1138688K
  class space    used 13081K, capacity 13986K, committed 14284K, reserved 1048576K
}
Event: 23.531 GC heap before
{Heap before GC invocations=37 (full 0):
 garbage-first heap   total 378880K, used 303565K [0x0000000080000000, 0x0000000100000000)
  region size 1024K, 129 young (132096K), 4 survivors (4096K)
 Metaspace       used 101063K, capacity 103453K, committed 104140K, reserved 1138688K
  class space    used 13081K, capacity 13986K, committed 14284K, reserved 1048576K
}
Event: 23.541 GC heap after
{Heap after GC invocations=38 (full 0):
 garbage-first heap   total 378880K, used 176524K [0x0000000080000000, 0x0000000100000000)
  region size 1024K, 5 young (5120K), 5 survivors (5120K)
 Metaspace       used 101063K, capacity 103453K, committed 104140K, reserved 1138688K
  class space    used 13081K, capacity 13986K, committed 14284K, reserved 1048576K
}
Event: 23.781 GC heap before
{Heap before GC invocations=39 (full 0):
 garbage-first heap   total 378880K, used 308620K [0x0000000080000000, 0x0000000100000000)
  region size 1024K, 134 young (137216K), 5 survivors (5120K)
 Metaspace       used 101206K, capacity 103571K, committed 104140K, reserved 1138688K
  class space    used 13102K, capacity 14003K, committed 14284K, reserved 1048576K
}
Event: 23.792 GC heap after
{Heap after GC invocations=40 (full 0):
 garbage-first heap   total 378880K, used 177052K [0x0000000080000000, 0x0000000100000000)
  region size 1024K, 6 young (6144K), 6 survivors (6144K)
 Metaspace       used 101206K, capacity 103571K, committed 104140K, reserved 1138688K
  class space    used 13102K, capacity 14003K, committed 14284K, reserved 1048576K
}
Event: 24.031 GC heap before
{Heap before GC invocations=40 (full 0):
 garbage-first heap   total 378880K, used 311196K [0x0000000080000000, 0x0000000100000000)
  region size 1024K, 138 young (141312K), 6 survivors (6144K)
 Metaspace       used 101894K, capacity 104300K, committed 104652K, reserved 1140736K
  class space    used 13188K, capacity 14117K, committed 14284K, reserved 1048576K
}
Event: 24.042 GC heap after
{Heap after GC invocations=41 (full 0):
 garbage-first heap   total 378880K, used 177996K [0x0000000080000000, 0x0000000100000000)
  region size 1024K, 7 young (7168K), 7 survivors (7168K)
 Metaspace       used 101894K, capacity 104300K, committed 104652K, reserved 1140736K
  class space    used 13188K, capacity 14117K, committed 14284K, reserved 1048576K
}
Event: 24.551 GC heap before
{Heap before GC invocations=41 (full 0):
 garbage-first heap   total 378880K, used 316236K [0x0000000080000000, 0x0000000100000000)
  region size 1024K, 142 young (145408K), 7 survivors (7168K)
 Metaspace       used 102038K, capacity 104426K, committed 104652K, reserved 1140736K
  class space    used 13208K, capacity 14135K, committed 14284K, reserved 1048576K
}

Deoptimization events (20 events):
Event: 24.482 Thread 0x000001b694240800 Uncommon trap: trap_request=0xffffffbe fr.pc=0x000001b6882d3cc0 relative=0x0000000000000560
Event: 24.482 Thread 0x000001b694240800 Uncommon trap: reason=profile_predicate action=maybe_recompile pc=0x000001b6882d3cc0 method=com.android.tools.r8.internal.i8.a(Ljava/util/Iterator;Ljava/util/Iterator;Lcom/android/tools/r8/internal/EE$a;)I @ 5 c2
Event: 24.482 Thread 0x000001b694240800 DEOPT PACKING pc=0x000001b6882d3cc0 sp=0x000000860bbf9db0
Event: 24.482 Thread 0x000001b694240800 DEOPT UNPACKING pc=0x000001b68004a1af sp=0x000000860bbf9d58 mode 2
Event: 24.482 Thread 0x000001b694240800 Uncommon trap: trap_request=0xffffffde fr.pc=0x000001b6882abec8 relative=0x0000000000000268
Event: 24.482 Thread 0x000001b694240800 Uncommon trap: reason=class_check action=maybe_recompile pc=0x000001b6882abec8 method=com.android.tools.r8.graph.d0.a(Lcom/android/tools/r8/internal/EE;Lcom/android/tools/r8/internal/f8;)I @ 6 c2
Event: 24.482 Thread 0x000001b694240800 DEOPT PACKING pc=0x000001b6882abec8 sp=0x000000860bbf9d20
Event: 24.483 Thread 0x000001b694240800 DEOPT UNPACKING pc=0x000001b68004a1af sp=0x000000860bbf9c50 mode 2
Event: 24.483 Thread 0x000001b694240800 Uncommon trap: trap_request=0xffffffbe fr.pc=0x000001b6882d3cc0 relative=0x0000000000000560
Event: 24.483 Thread 0x000001b694240800 Uncommon trap: reason=profile_predicate action=maybe_recompile pc=0x000001b6882d3cc0 method=com.android.tools.r8.internal.i8.a(Ljava/util/Iterator;Ljava/util/Iterator;Lcom/android/tools/r8/internal/EE$a;)I @ 5 c2
Event: 24.483 Thread 0x000001b694240800 DEOPT PACKING pc=0x000001b6882d3cc0 sp=0x000000860bbf9db0
Event: 24.483 Thread 0x000001b694240800 DEOPT UNPACKING pc=0x000001b68004a1af sp=0x000000860bbf9d58 mode 2
Event: 24.483 Thread 0x000001b694240800 Uncommon trap: trap_request=0xffffffbe fr.pc=0x000001b6882d3cc0 relative=0x0000000000000560
Event: 24.483 Thread 0x000001b694240800 Uncommon trap: reason=profile_predicate action=maybe_recompile pc=0x000001b6882d3cc0 method=com.android.tools.r8.internal.i8.a(Ljava/util/Iterator;Ljava/util/Iterator;Lcom/android/tools/r8/internal/EE$a;)I @ 5 c2
Event: 24.483 Thread 0x000001b694240800 DEOPT PACKING pc=0x000001b6882d3cc0 sp=0x000000860bbf9db0
Event: 24.483 Thread 0x000001b694240800 DEOPT UNPACKING pc=0x000001b68004a1af sp=0x000000860bbf9d58 mode 2
Event: 24.483 Thread 0x000001b694240800 Uncommon trap: trap_request=0xffffffbe fr.pc=0x000001b6882d3cc0 relative=0x0000000000000560
Event: 24.483 Thread 0x000001b694240800 Uncommon trap: reason=profile_predicate action=maybe_recompile pc=0x000001b6882d3cc0 method=com.android.tools.r8.internal.i8.a(Ljava/util/Iterator;Ljava/util/Iterator;Lcom/android/tools/r8/internal/EE$a;)I @ 5 c2
Event: 24.483 Thread 0x000001b694240800 DEOPT PACKING pc=0x000001b6882d3cc0 sp=0x000000860bbf9db0
Event: 24.483 Thread 0x000001b694240800 DEOPT UNPACKING pc=0x000001b68004a1af sp=0x000000860bbf9d58 mode 2

Classes redefined (0 events):
No events

Internal exceptions (20 events):
Event: 18.599 Thread 0x000001b69423b800 Exception <a 'java/lang/NoSuchMethodError'{0x000000008fbac528}: 'void java.lang.invoke.DirectMethodHandle$Holder.invokeStatic(java.lang.Object, java.lang.Object, java.lang.Object, int)'> (0x000000008fbac528) thrown at [./src/hotspot/share/interpreter/linkResolver.cpp, line 773]
Event: 18.601 Thread 0x000001b694240800 Exception <a 'java/lang/IncompatibleClassChangeError'{0x000000008f82a620}: Found class java.lang.Object, but interface was expected> (0x000000008f82a620) thrown at [./src/hotspot/share/interpreter/linkResolver.cpp, line 839]
Event: 18.614 Thread 0x000001b69423b800 Exception <a 'java/lang/NoSuchMethodError'{0x000000008f5994f8}: 'int java.lang.invoke.DirectMethodHandle$Holder.invokeVirtual(java.lang.Object, java.lang.Object, java.lang.Object)'> (0x000000008f5994f8) thrown at [./src/hotspot/share/interpreter/linkResolver.cpp, line 773]
Event: 19.093 Thread 0x000001b694240800 Exception <a 'java/lang/NoSuchMethodError'{0x000000008f9edfc8}: 'java.lang.Object java.lang.invoke.Invokers$Holder.linkToTargetMethod(java.lang.Object, java.lang.Object, java.lang.Object, java.lang.Object, java.lang.Object, java.lang.Object, java.lang.Object)'> (0x000000008f9edfc8) thrown at [./src/hotspot/share/interpreter/linkResolver.cpp, line 773]
Event: 19.325 Thread 0x000001b69423f800 Exception <a 'java/lang/NoSuchMethodError'{0x000000008d69c2f8}: 'java.lang.Object java.lang.invoke.DirectMethodHandle$Holder.invokeVirtual(java.lang.Object, java.lang.Object, int, java.lang.Object)'> (0x000000008d69c2f8) thrown at [./src/hotspot/share/interpreter/linkResolver.cpp, line 773]
Event: 19.325 Thread 0x000001b694239800 Exception <a 'java/lang/NoSuchMethodError'{0x000000008e4bb718}: 'java.lang.Object java.lang.invoke.DirectMethodHandle$Holder.invokeVirtual(java.lang.Object, java.lang.Object, int, java.lang.Object)'> (0x000000008e4bb718) thrown at [./src/hotspot/share/interpreter/linkResolver.cpp, line 773]
Event: 19.405 Thread 0x000001b69423f800 Exception <a 'java/lang/IncompatibleClassChangeError'{0x0000000092c13780}: Found class java.lang.Object, but interface was expected> (0x0000000092c13780) thrown at [./src/hotspot/share/interpreter/linkResolver.cpp, line 839]
Event: 19.408 Thread 0x000001b69423f800 Exception <a 'java/lang/IncompatibleClassChangeError'{0x0000000092c1e108}: Found class java.lang.Object, but interface was expected> (0x0000000092c1e108) thrown at [./src/hotspot/share/interpreter/linkResolver.cpp, line 839]
Event: 19.448 Thread 0x000001b69423f800 Exception <a 'java/lang/NoSuchMethodError'{0x0000000092b8c970}: 'void java.lang.invoke.DirectMethodHandle$Holder.invokeVirtual(java.lang.Object, java.lang.Object, int, java.lang.Object)'> (0x0000000092b8c970) thrown at [./src/hotspot/share/interpreter/linkResolver.cpp, line 773]
Event: 19.448 Thread 0x000001b694241000 Exception <a 'java/lang/NoSuchMethodError'{0x0000000092021ac8}: 'void java.lang.invoke.DirectMethodHandle$Holder.invokeVirtual(java.lang.Object, java.lang.Object, int, java.lang.Object)'> (0x0000000092021ac8) thrown at [./src/hotspot/share/interpreter/linkResolver.cpp, line 773]
Event: 19.551 Thread 0x000001b69423e000 Exception <a 'java/lang/NoSuchMethodError'{0x0000000091206b18}: 'int java.lang.invoke.DirectMethodHandle$Holder.invokeSpecial(java.lang.Object, java.lang.Object, java.lang.Object, int, java.lang.Object)'> (0x0000000091206b18) thrown at [./src/hotspot/share/interpreter/linkResolver.cpp, line 773]
Event: 19.568 Thread 0x000001b694241000 Exception <a 'java/lang/NoSuchMethodError'{0x00000000915beee0}: 'int java.lang.invoke.DirectMethodHandle$Holder.invokeSpecial(java.lang.Object, java.lang.Object, java.lang.Object, int, java.lang.Object)'> (0x00000000915beee0) thrown at [./src/hotspot/share/interpreter/linkResolver.cpp, line 773]
Event: 19.599 Thread 0x000001b69423e000 Exception <a 'java/lang/NoSuchMethodError'{0x0000000091212a70}: 'java.lang.Object java.lang.invoke.DirectMethodHandle$Holder.newInvokeSpecial(java.lang.Object, int)'> (0x0000000091212a70) thrown at [./src/hotspot/share/interpreter/linkResolver.cpp, line 773]
Event: 19.818 Thread 0x000001b694239800 Exception <a 'java/lang/NoSuchMethodError'{0x00000000900cd2c8}: 'java.lang.Object java.lang.invoke.DirectMethodHandle$Holder.invokeInterface(java.lang.Object, java.lang.Object, int)'> (0x00000000900cd2c8) thrown at [./src/hotspot/share/interpreter/linkResolver.cpp, line 773]
Event: 21.228 Thread 0x000001b694241000 Exception <a 'java/lang/NoSuchMethodError'{0x0000000090b52c40}: 'int java.lang.invoke.DirectMethodHandle$Holder.invokeInterface(java.lang.Object, java.lang.Object, int)'> (0x0000000090b52c40) thrown at [./src/hotspot/share/interpreter/linkResolver.cpp, line 773]
Event: 23.870 Thread 0x000001b694240800 Exception <a 'java/lang/NoSuchMethodError'{0x0000000094331620}: 'void java.lang.invoke.DirectMethodHandle$Holder.invokeSpecial(java.lang.Object, java.lang.Object, int, java.lang.Object, java.lang.Object, java.lang.Object, java.lang.Object)'> (0x0000000094331620) thrown at [./src/hotspot/share/interpreter/linkResolver.cpp, line 773]
Event: 23.871 Thread 0x000001b694240800 Exception <a 'java/lang/NoSuchMethodError'{0x000000009433d2c0}: 'java.lang.Object java.lang.invoke.Invokers$Holder.linkToTargetMethod(java.lang.Object, int, java.lang.Object, java.lang.Object, java.lang.Object, java.lang.Object)'> (0x000000009433d2c0) thrown at [./src/hotspot/share/interpreter/linkResolver.cpp, line 773]
Event: 23.871 Thread 0x000001b694240800 Exception <a 'java/lang/NoSuchMethodError'{0x0000000094341770}: 'void java.lang.invoke.DirectMethodHandle$Holder.invokeSpecial(java.lang.Object, java.lang.Object, java.lang.Object, java.lang.Object, java.lang.Object, java.lang.Object, java.lang.Object, java.lang.Object, java.lang.Object)'> (0x0000000094341770) thrown at [./src/hotspot/share/interpreter/linkResolver.cpp, line 773]
Event: 23.874 Thread 0x000001b694240800 Exception <a 'java/lang/NoSuchMethodError'{0x0000000093e00ba0}: 'void java.lang.invoke.DirectMethodHandle$Holder.invokeStatic(java.lang.Object, java.lang.Object, java.lang.Object, java.lang.Object, java.lang.Object, java.lang.Object, java.lang.Object, java.lang.Object)'> (0x0000000093e00ba0) thrown at [./src/hotspot/share/interpreter/linkResolver.cpp, line 773]
Event: 24.091 Thread 0x000001b694240800 Exception <a 'java/lang/IncompatibleClassChangeError'{0x0000000097119ba0}: Found class java.lang.Object, but interface was expected> (0x0000000097119ba0) thrown at [./src/hotspot/share/interpreter/linkResolver.cpp, line 839]

Events (20 events):
Event: 24.398 loading class com/android/tools/r8/internal/Nz done
Event: 24.410 loading class com/android/tools/r8/internal/Nv
Event: 24.410 loading class com/android/tools/r8/internal/Nv done
Event: 24.479 loading class com/android/tools/r8/internal/Uu$b
Event: 24.479 loading class com/android/tools/r8/internal/Uu$b done
Event: 24.479 loading class java/util/IdentityHashMap$KeySpliterator
Event: 24.480 loading class java/util/IdentityHashMap$IdentityHashMapSpliterator
Event: 24.480 loading class java/util/IdentityHashMap$IdentityHashMapSpliterator done
Event: 24.480 loading class java/util/IdentityHashMap$KeySpliterator done
Event: 24.480 loading class com/android/tools/r8/internal/Uu$b
Event: 24.480 loading class com/android/tools/r8/internal/Uu$b done
Event: 24.480 loading class com/android/tools/r8/graph/Z
Event: 24.480 loading class com/android/tools/r8/graph/Z done
Event: 24.480 loading class com/android/tools/r8/internal/Uu$b
Event: 24.480 loading class com/android/tools/r8/internal/Uu$b done
Event: 24.482 loading class com/android/tools/r8/graph/a0
Event: 24.482 loading class com/android/tools/r8/graph/a0 done
Event: 24.482 loading class com/android/tools/r8/internal/Uu
Event: 24.482 loading class com/android/tools/r8/internal/Uu done
Event: 24.549 Executing VM operation: G1CollectForAllocation


Dynamic libraries:
0x00007ff66f280000 - 0x00007ff66f28a000 	T:\Programmi\Android Studio\jre\bin\java.exe
0x00007ffc91370000 - 0x00007ffc91565000 	C:\WINDOWS\SYSTEM32\ntdll.dll
0x00007ffc90150000 - 0x00007ffc9020d000 	C:\WINDOWS\System32\KERNEL32.DLL
0x00007ffc8ee90000 - 0x00007ffc8f15d000 	C:\WINDOWS\System32\KERNELBASE.dll
0x00007ffc8f160000 - 0x00007ffc8f260000 	C:\WINDOWS\System32\ucrtbase.dll
0x00007ffc6bb40000 - 0x00007ffc6bb57000 	T:\Programmi\Android Studio\jre\bin\VCRUNTIME140.dll
0x00007ffc6bea0000 - 0x00007ffc6beb9000 	T:\Programmi\Android Studio\jre\bin\jli.dll
0x00007ffc8fb30000 - 0x00007ffc8fcd0000 	C:\WINDOWS\System32\USER32.dll
0x00007ffc8ec00000 - 0x00007ffc8ec22000 	C:\WINDOWS\System32\win32u.dll
0x00007ffc7d600000 - 0x00007ffc7d89a000 	C:\WINDOWS\WinSxS\amd64_microsoft.windows.common-controls_6595b64144ccf1df_6.0.19041.1110_none_60b5254171f9507e\COMCTL32.dll
0x00007ffc91190000 - 0x00007ffc9122e000 	C:\WINDOWS\System32\msvcrt.dll
0x00007ffc91230000 - 0x00007ffc9125a000 	C:\WINDOWS\System32\GDI32.dll
0x00007ffc8eaf0000 - 0x00007ffc8ebfb000 	C:\WINDOWS\System32\gdi32full.dll
0x00007ffc8ed30000 - 0x00007ffc8edcd000 	C:\WINDOWS\System32\msvcp_win.dll
0x00007ffc8f960000 - 0x00007ffc8f990000 	C:\WINDOWS\System32\IMM32.DLL
0x00007ffc5d7e0000 - 0x00007ffc5d87d000 	T:\Programmi\Android Studio\jre\bin\msvcp140.dll
0x00007ffc472b0000 - 0x00007ffc47d95000 	T:\Programmi\Android Studio\jre\bin\server\jvm.dll
0x00007ffc90af0000 - 0x00007ffc90b9e000 	C:\WINDOWS\System32\ADVAPI32.dll
0x00007ffc8f630000 - 0x00007ffc8f6cc000 	C:\WINDOWS\System32\sechost.dll
0x00007ffc8f3c0000 - 0x00007ffc8f4e5000 	C:\WINDOWS\System32\RPCRT4.dll
0x00007ffc90ae0000 - 0x00007ffc90ae8000 	C:\WINDOWS\System32\PSAPI.DLL
0x00007ffc81c80000 - 0x00007ffc81ca7000 	C:\WINDOWS\SYSTEM32\WINMM.dll
0x00007ffc8be80000 - 0x00007ffc8be89000 	C:\WINDOWS\SYSTEM32\WSOCK32.dll
0x00007ffc889c0000 - 0x00007ffc889ca000 	C:\WINDOWS\SYSTEM32\VERSION.dll
0x00007ffc8f990000 - 0x00007ffc8f9fb000 	C:\WINDOWS\System32\WS2_32.dll
0x00007ffc8cb80000 - 0x00007ffc8cb92000 	C:\WINDOWS\SYSTEM32\kernel.appcore.dll
0x00007ffc80390000 - 0x00007ffc803a1000 	T:\Programmi\Android Studio\jre\bin\verify.dll
0x00007ffc8c670000 - 0x00007ffc8c854000 	C:\WINDOWS\SYSTEM32\DBGHELP.DLL
0x00007ffc7ad30000 - 0x00007ffc7ad5c000 	C:\WINDOWS\SYSTEM32\dbgcore.DLL
0x00007ffc8edd0000 - 0x00007ffc8ee52000 	C:\WINDOWS\System32\bcryptPrimitives.dll
0x00007ffc7fed0000 - 0x00007ffc7fef9000 	T:\Programmi\Android Studio\jre\bin\java.dll
0x00007ffc8a350000 - 0x00007ffc8a35b000 	T:\Programmi\Android Studio\jre\bin\jimage.dll
0x00007ffc80120000 - 0x00007ffc80138000 	T:\Programmi\Android Studio\jre\bin\zip.dll
0x00007ffc90390000 - 0x00007ffc90ad4000 	C:\WINDOWS\System32\SHELL32.dll
0x00007ffc8cba0000 - 0x00007ffc8d334000 	C:\WINDOWS\SYSTEM32\windows.storage.dll
0x00007ffc90ba0000 - 0x00007ffc90ef4000 	C:\WINDOWS\System32\combase.dll
0x00007ffc8e4e0000 - 0x00007ffc8e50c000 	C:\WINDOWS\SYSTEM32\Wldp.dll
0x00007ffc910e0000 - 0x00007ffc9118d000 	C:\WINDOWS\System32\SHCORE.dll
0x00007ffc8f790000 - 0x00007ffc8f7e5000 	C:\WINDOWS\System32\shlwapi.dll
0x00007ffc8e9c0000 - 0x00007ffc8e9df000 	C:\WINDOWS\SYSTEM32\profapi.dll
0x00007ffc7feb0000 - 0x00007ffc7feca000 	T:\Programmi\Android Studio\jre\bin\net.dll
0x00007ffc818a0000 - 0x00007ffc819aa000 	C:\WINDOWS\SYSTEM32\WINHTTP.dll
0x00007ffc8e240000 - 0x00007ffc8e2aa000 	C:\WINDOWS\system32\mswsock.dll
0x00007ffc7fe90000 - 0x00007ffc7fea4000 	T:\Programmi\Android Studio\jre\bin\nio.dll
0x00007ffc725c0000 - 0x00007ffc725e7000 	C:\Users\corel\.gradle\native\8bec1ad78214c89d9ad589b4d07fe93259594b29d510b10fafb7a158f7737e5d\windows-amd64\native-platform.dll
0x00007ffc622d0000 - 0x00007ffc6240d000 	C:\Users\corel\.gradle\native\53dbd7edfb1c66fb8903c78663c9afc45aea4f116125fa6feffd364cf09443e8\windows-amd64\native-platform-file-events.dll
0x00007ffc81750000 - 0x00007ffc8175a000 	T:\Programmi\Android Studio\jre\bin\management.dll
0x00007ffc81680000 - 0x00007ffc8168d000 	T:\Programmi\Android Studio\jre\bin\management_ext.dll
0x00007ffc8e440000 - 0x00007ffc8e458000 	C:\WINDOWS\SYSTEM32\CRYPTSP.dll
0x00007ffc8db50000 - 0x00007ffc8db84000 	C:\WINDOWS\system32\rsaenh.dll
0x00007ffc8ee60000 - 0x00007ffc8ee87000 	C:\WINDOWS\System32\bcrypt.dll
0x00007ffc8e980000 - 0x00007ffc8e9ae000 	C:\WINDOWS\SYSTEM32\USERENV.dll
0x00007ffc8e430000 - 0x00007ffc8e43c000 	C:\WINDOWS\SYSTEM32\CRYPTBASE.dll
0x00007ffc8dee0000 - 0x00007ffc8df1b000 	C:\WINDOWS\SYSTEM32\IPHLPAPI.DLL
0x00007ffc8f620000 - 0x00007ffc8f628000 	C:\WINDOWS\System32\NSI.dll
0x00007ffc889d0000 - 0x00007ffc889e7000 	C:\WINDOWS\SYSTEM32\dhcpcsvc6.DLL
0x00007ffc88710000 - 0x00007ffc8872d000 	C:\WINDOWS\SYSTEM32\dhcpcsvc.DLL
0x00007ffc8df20000 - 0x00007ffc8dfeb000 	C:\WINDOWS\SYSTEM32\DNSAPI.dll

dbghelp: loaded successfully - version: 4.0.5 - missing functions: none
symbol engine: initialized successfully - sym options: 0x614 - pdb path: .;T:\Programmi\Android Studio\jre\bin;C:\WINDOWS\SYSTEM32;C:\WINDOWS\WinSxS\amd64_microsoft.windows.common-controls_6595b64144ccf1df_6.0.19041.1110_none_60b5254171f9507e;T:\Programmi\Android Studio\jre\bin\server;C:\Users\corel\.gradle\native\8bec1ad78214c89d9ad589b4d07fe93259594b29d510b10fafb7a158f7737e5d\windows-amd64;C:\Users\corel\.gradle\native\53dbd7edfb1c66fb8903c78663c9afc45aea4f116125fa6feffd364cf09443e8\windows-amd64

VM Arguments:
jvm_args: --add-opens=java.base/java.util=ALL-UNNAMED --add-opens=java.base/java.lang=ALL-UNNAMED --add-opens=java.base/java.lang.invoke=ALL-UNNAMED --add-opens=java.base/java.util=ALL-UNNAMED --add-opens=java.prefs/java.util.prefs=ALL-UNNAMED --add-opens=java.prefs/java.util.prefs=ALL-UNNAMED --add-opens=java.base/java.nio.charset=ALL-UNNAMED --add-opens=java.base/java.net=ALL-UNNAMED --add-opens=java.base/java.util.concurrent.atomic=ALL-UNNAMED -Xmx2048m -Dfile.encoding=UTF-8 -Duser.country=IT -Duser.language=it -Duser.variant 
java_command: org.gradle.launcher.daemon.bootstrap.GradleDaemon 7.0.2
java_class_path (initial): C:\Users\corel\.gradle\wrapper\dists\gradle-7.0.2-bin\857tjihv64xamwrf0h14cai3r\gradle-7.0.2\lib\gradle-launcher-7.0.2.jar
Launcher Type: SUN_STANDARD

[Global flags]
     intx CICompilerCount                          = 4                                         {product} {ergonomic}
     uint ConcGCThreads                            = 2                                         {product} {ergonomic}
     uint G1ConcRefinementThreads                  = 8                                         {product} {ergonomic}
   size_t G1HeapRegionSize                         = 1048576                                   {product} {ergonomic}
    uintx GCDrainStackTargetSize                   = 64                                        {product} {ergonomic}
   size_t InitialHeapSize                          = 268435456                                 {product} {ergonomic}
   size_t MarkStackSize                            = 4194304                                   {product} {ergonomic}
   size_t MaxHeapSize                              = 2147483648                                {product} {command line}
   size_t MaxNewSize                               = 1287651328                                {product} {ergonomic}
   size_t MinHeapDeltaBytes                        = 1048576                                   {product} {ergonomic}
    uintx NonNMethodCodeHeapSize                   = 5836300                                {pd product} {ergonomic}
    uintx NonProfiledCodeHeapSize                  = 122910970                              {pd product} {ergonomic}
    uintx ProfiledCodeHeapSize                     = 122910970                              {pd product} {ergonomic}
    uintx ReservedCodeCacheSize                    = 251658240                              {pd product} {ergonomic}
     bool SegmentedCodeCache                       = true                                      {product} {ergonomic}
     bool UseCompressedClassPointers               = true                                 {lp64_product} {ergonomic}
     bool UseCompressedOops                        = true                                 {lp64_product} {ergonomic}
     bool UseG1GC                                  = true                                      {product} {ergonomic}
     bool UseLargePagesIndividualAllocation        = false                                  {pd product} {ergonomic}

Logging:
Log output configuration:
 #0: stdout all=warning uptime,level,tags
 #1: stderr all=off uptime,level,tags

Environment Variables:
PATH=C:\Windows\system32;C:\Windows;C:\Windows\System32\Wbem;C:\Windows\System32\WindowsPowerShell\v1.0\;C:\Windows\System32\OpenSSH\;C:\Program Files\NVIDIA Corporation\NVIDIA NvDLISR;C:\Program Files (x86)\NVIDIA Corporation\PhysX\Common;C:\WINDOWS\system32;C:\WINDOWS;C:\WINDOWS\System32\Wbem;C:\WINDOWS\System32\WindowsPowerShell\v1.0\;C:\WINDOWS\System32\OpenSSH\;T:\Programmi\PuTTy\;C:\Users\corel\AppData\Local\Microsoft\WindowsApps;T:\Programmi\Microsoft VS Code\bin;C:\Users\corel\AppData\Local\GitHubDesktop\bin
USERNAME=corel
OS=Windows_NT
PROCESSOR_IDENTIFIER=Intel64 Family 6 Model 60 Stepping 3, GenuineIntel



---------------  S Y S T E M  ---------------

OS: Windows 10 , 64 bit Build 19041 (10.0.19041.1706)
OS uptime: 12 days 13:02 hours

CPU:total 8 (initial active 8) (4 cores per cpu, 2 threads per core) family 6 model 60 stepping 3 microcode 0x27, cmov, cx8, fxsr, mmx, sse, sse2, sse3, ssse3, sse4.1, sse4.2, popcnt, avx, avx2, aes, clmul, erms, lzcnt, ht, tsc, tscinvbit, bmi1, bmi2, fma

Memory: 4k page, system-wide physical 16323M (3804M free)
TotalPageFile size 30564M (AvailPageFile size 11M)
current process WorkingSet (physical memory assigned to process): 761M, peak: 766M
current process commit charge ("private bytes"): 820M, peak: 887M

vm_info: OpenJDK 64-Bit Server VM (11.0.12+7-b1504.28-7817840) for windows-amd64 JRE (11.0.12+7-b1504.28-7817840), built on Oct 13 2021 22:12:33 by "builder" with MS VC++ 14.0 (VS2015)

END.
