#
# There is insufficient memory for the Java Runtime Environment to continue.
# Native memory allocation (malloc) failed to allocate 1267696 bytes for Chunk::new
# Possible reasons:
#   The system is out of physical RAM or swap space
#   The process is running with CompressedOops enabled, and the Java Heap may be blocking the growth of the native heap
# Possible solutions:
#   Reduce memory load on the system
#   Increase physical memory or swap space
#   Check if swap backing store is full
#   Decrease Java heap size (-Xmx/-Xms)
#   Decrease number of Java threads
#   Decrease Java thread stack sizes (-Xss)
#   Set larger code cache with -XX:ReservedCodeCacheSize=
#   JVM is running with Unscaled Compressed Oops mode in which the Java heap is
#     placed in the first 4GB address space. The Java Heap base address is the
#     maximum limit for the native heap growth. Please use -XX:HeapBaseMinAddress
#     to set the Java Heap base and to place the Java Heap above 4GB virtual address.
# This output file may be truncated or incomplete.
#
#  Out of Memory Error (./src/hotspot/share/memory/arena.cpp:197), pid=18260, tid=4056
#
# JRE version: OpenJDK Runtime Environment (11.0.10) (build 11.0.10+0-b96-7249189)
# Java VM: OpenJDK 64-Bit Server VM (11.0.10+0-b96-7249189, mixed mode, tiered, compressed oops, g1 gc, windows-amd64)
# No core dump will be written. Minidumps are not enabled by default on client versions of Windows
#

---------------  S U M M A R Y ------------

Command Line: --add-opens=java.base/java.util=ALL-UNNAMED --add-opens=java.base/java.lang=ALL-UNNAMED --add-opens=java.base/java.lang.invoke=ALL-UNNAMED --add-opens=java.base/java.util=ALL-UNNAMED --add-opens=java.prefs/java.util.prefs=ALL-UNNAMED --add-opens=java.prefs/java.util.prefs=ALL-UNNAMED --add-opens=java.base/java.nio.charset=ALL-UNNAMED --add-opens=java.base/java.net=ALL-UNNAMED --add-opens=java.base/java.util.concurrent.atomic=ALL-UNNAMED -Xmx2048m -Dfile.encoding=UTF-8 -Duser.country=IT -Duser.language=it -Duser.variant org.gradle.launcher.daemon.bootstrap.GradleDaemon 7.0.2

Host: AMD Ryzen 5 2500U with Radeon Vega Mobile Gfx  , 8 cores, 6G,  Windows 10 , 64 bit Build 19041 (10.0.19041.1348)
Time: Mon Dec 27 22:34:26 2021 ora solare Europa occidentale elapsed time: 22.215291 seconds (0d 0h 0m 22s)

---------------  T H R E A D  ---------------

Current thread (0x0000018170931800):  JavaThread "C2 CompilerThread0" daemon [_thread_in_native, id=4056, stack(0x000000563a700000,0x000000563a800000)]


Current CompileTask:
C2:  22215 10003       4       com.android.tools.r8.graph.B0$d::<init> (207 bytes)

Stack: [0x000000563a700000,0x000000563a800000]
Native frames: (J=compiled Java code, j=interpreted, Vv=VM code, C=native code)
V  [jvm.dll+0x5ecfaa]
V  [jvm.dll+0x722bd5]
V  [jvm.dll+0x72412d]
V  [jvm.dll+0x7247e3]
V  [jvm.dll+0x242928]
V  [jvm.dll+0xbc4fc]
V  [jvm.dll+0xbca0c]
V  [jvm.dll+0x352d7d]
V  [jvm.dll+0x197e0c]
V  [jvm.dll+0x1fb70e]
V  [jvm.dll+0x1fa7f4]
V  [jvm.dll+0x18354c]
V  [jvm.dll+0x208ee7]
V  [jvm.dll+0x207731]
V  [jvm.dll+0x6eb1cf]
V  [jvm.dll+0x6e3d45]
V  [jvm.dll+0x5ebe96]
C  [ucrtbase.dll+0x21bb2]
C  [KERNEL32.DLL+0x17034]
C  [ntdll.dll+0x52651]


---------------  P R O C E S S  ---------------

Threads class SMR info:
_java_thread_list=0x00000181735aeeb0, length=61, elements={
0x00000181564bc000, 0x000001817090c000, 0x000001817090e000, 0x0000018170923800,
0x0000018170924000, 0x0000018170927000, 0x0000018170931800, 0x0000018170936800,
0x0000018170938000, 0x0000018171406800, 0x0000018173476800, 0x0000018173078800,
0x0000018171686800, 0x0000018173136000, 0x0000018171a87800, 0x00000181732d6000,
0x000001817179f800, 0x00000181729c0800, 0x00000181739a0800, 0x000001817357f800,
0x0000018173585000, 0x0000018173581800, 0x0000018173582800, 0x0000018173580000,
0x0000018173583800, 0x0000018173581000, 0x0000018173586000, 0x0000018173584000,
0x0000018176457000, 0x000001817645b000, 0x0000018176455800, 0x0000018176459800,
0x000001817645a800, 0x0000018176456000, 0x000001817645e800, 0x000001817645d800,
0x0000018176460000, 0x000001817645f000, 0x0000018176461800, 0x000001817645c800,
0x0000018176462800, 0x0000018176463800, 0x0000018176464000, 0x0000018176461000,
0x0000018175376000, 0x0000018175377000, 0x0000018175375000, 0x0000018175371000,
0x0000018175373000, 0x0000018173410000, 0x0000018175373800, 0x0000018175372000,
0x000001817537a000, 0x000001817537c000, 0x000001817537b000, 0x000001817537c800,
0x0000018175378800, 0x000001817537d800, 0x000001817537e000, 0x000001817537f000,
0x0000018175379800
}

Java Threads: ( => current thread )
  0x00000181564bc000 JavaThread "main" [_thread_blocked, id=2596, stack(0x0000005639b00000,0x0000005639c00000)]
  0x000001817090c000 JavaThread "Reference Handler" daemon [_thread_blocked, id=14396, stack(0x000000563a200000,0x000000563a300000)]
  0x000001817090e000 JavaThread "Finalizer" daemon [_thread_blocked, id=17208, stack(0x000000563a300000,0x000000563a400000)]
  0x0000018170923800 JavaThread "Signal Dispatcher" daemon [_thread_blocked, id=16044, stack(0x000000563a400000,0x000000563a500000)]
  0x0000018170924000 JavaThread "Attach Listener" daemon [_thread_blocked, id=16200, stack(0x000000563a500000,0x000000563a600000)]
  0x0000018170927000 JavaThread "Service Thread" daemon [_thread_blocked, id=14400, stack(0x000000563a600000,0x000000563a700000)]
=>0x0000018170931800 JavaThread "C2 CompilerThread0" daemon [_thread_in_native, id=4056, stack(0x000000563a700000,0x000000563a800000)]
  0x0000018170936800 JavaThread "C1 CompilerThread0" daemon [_thread_blocked, id=10608, stack(0x000000563a800000,0x000000563a900000)]
  0x0000018170938000 JavaThread "Sweeper thread" daemon [_thread_blocked, id=12012, stack(0x000000563a900000,0x000000563aa00000)]
  0x0000018171406800 JavaThread "Common-Cleaner" daemon [_thread_blocked, id=3200, stack(0x000000563aa00000,0x000000563ab00000)]
  0x0000018173476800 JavaThread "Daemon health stats" [_thread_blocked, id=16000, stack(0x000000563af00000,0x000000563b000000)]
  0x0000018173078800 JavaThread "Incoming local TCP Connector on port 62282" [_thread_in_native, id=8688, stack(0x000000563ac00000,0x000000563ad00000)]
  0x0000018171686800 JavaThread "Daemon periodic checks" [_thread_blocked, id=10028, stack(0x000000563ae00000,0x000000563af00000)]
  0x0000018173136000 JavaThread "Daemon" [_thread_blocked, id=408, stack(0x000000563b000000,0x000000563b100000)]
  0x0000018171a87800 JavaThread "Handler for socket connection from /127.0.0.1:62282 to /127.0.0.1:62283" [_thread_in_native, id=8448, stack(0x000000563b100000,0x000000563b200000)]
  0x00000181732d6000 JavaThread "Cancel handler" [_thread_blocked, id=12184, stack(0x000000563b200000,0x000000563b300000)]
  0x000001817179f800 JavaThread "Daemon worker" [_thread_blocked, id=12640, stack(0x000000563b300000,0x000000563b400000)]
  0x00000181729c0800 JavaThread "Asynchronous log dispatcher for DefaultDaemonConnection: socket connection from /127.0.0.1:62282 to /127.0.0.1:62283" [_thread_blocked, id=17048, stack(0x000000563b400000,0x000000563b500000)]
  0x00000181739a0800 JavaThread "Stdin handler" [_thread_blocked, id=1544, stack(0x000000563b500000,0x000000563b600000)]
  0x000001817357f800 JavaThread "Daemon client event forwarder" [_thread_blocked, id=9456, stack(0x000000563b600000,0x000000563b700000)]
  0x0000018173585000 JavaThread "Cache worker for file hash cache (C:\Users\Umby\.gradle\caches\7.0.2\fileHashes)" [_thread_blocked, id=14684, stack(0x000000563bd00000,0x000000563be00000)]
  0x0000018173581800 JavaThread "File lock request listener" [_thread_in_native, id=10448, stack(0x000000563be00000,0x000000563bf00000)]
  0x0000018173582800 JavaThread "Cache worker for journal cache (C:\Users\Umby\.gradle\caches\journal-1)" [_thread_blocked, id=4564, stack(0x000000563c000000,0x000000563c100000)]
  0x0000018173580000 JavaThread "Cache worker for file hash cache (C:\Users\Umby\AndroidStudioProjects\Pothub\.gradle\7.0.2\fileHashes)" [_thread_blocked, id=13728, stack(0x000000563c300000,0x000000563c400000)]
  0x0000018173583800 JavaThread "File watcher server" daemon [_thread_in_native, id=14588, stack(0x000000563c400000,0x000000563c500000)]
  0x0000018173581000 JavaThread "File watcher consumer" daemon [_thread_blocked, id=4796, stack(0x000000563c500000,0x000000563c600000)]
  0x0000018173586000 JavaThread "Cache worker for checksums cache (C:\Users\Umby\AndroidStudioProjects\Pothub\.gradle\checksums)" [_thread_blocked, id=14928, stack(0x000000563c600000,0x000000563c700000)]
  0x0000018173584000 JavaThread "Cache worker for cache directory md-supplier (C:\Users\Umby\.gradle\caches\7.0.2\md-supplier)" [_thread_blocked, id=13464, stack(0x000000563c700000,0x000000563c800000)]
  0x0000018176457000 JavaThread "Cache worker for cache directory md-rule (C:\Users\Umby\.gradle\caches\7.0.2\md-rule)" [_thread_blocked, id=15756, stack(0x000000563c800000,0x000000563c900000)]
  0x000001817645b000 JavaThread "Cache worker for execution history cache (C:\Users\Umby\.gradle\caches\7.0.2\executionHistory)" [_thread_blocked, id=16356, stack(0x000000563c900000,0x000000563ca00000)]
  0x0000018176455800 JavaThread "jar transforms" [_thread_blocked, id=15952, stack(0x000000563c200000,0x000000563c300000)]
  0x0000018176459800 JavaThread "jar transforms Thread 2" [_thread_blocked, id=6904, stack(0x000000563ca00000,0x000000563cb00000)]
  0x000001817645a800 JavaThread "Cache worker for file content cache (C:\Users\Umby\.gradle\caches\7.0.2\fileContent)" [_thread_blocked, id=13448, stack(0x000000563cb00000,0x000000563cc00000)]
  0x0000018176456000 JavaThread "Cache worker for dependencies-accessors (C:\Users\Umby\AndroidStudioProjects\Pothub\.gradle\7.0.2\dependencies-accessors)" [_thread_blocked, id=14104, stack(0x000000563cc00000,0x000000563cd00000)]
  0x000001817645e800 JavaThread "jar transforms Thread 3" [_thread_blocked, id=17192, stack(0x000000563cd00000,0x000000563ce00000)]
  0x000001817645d800 JavaThread "Cache worker for Build Output Cleanup Cache (C:\Users\Umby\AndroidStudioProjects\Pothub\.gradle\buildOutputCleanup)" [_thread_blocked, id=7600, stack(0x000000563ce00000,0x000000563cf00000)]
  0x0000018176460000 JavaThread "Build operations" [_thread_blocked, id=12912, stack(0x000000563cf00000,0x000000563d000000)]
  0x000001817645f000 JavaThread "Build operations Thread 2" [_thread_blocked, id=11864, stack(0x000000563d000000,0x000000563d100000)]
  0x0000018176461800 JavaThread "Build operations Thread 3" [_thread_blocked, id=15492, stack(0x000000563d100000,0x000000563d200000)]
  0x000001817645c800 JavaThread "Build operations Thread 4" [_thread_blocked, id=17128, stack(0x000000563d200000,0x000000563d300000)]
  0x0000018176462800 JavaThread "Build operations Thread 5" [_thread_blocked, id=10688, stack(0x000000563d300000,0x000000563d400000)]
  0x0000018176463800 JavaThread "Build operations Thread 6" [_thread_in_vm, id=13196, stack(0x000000563d400000,0x000000563d500000)]
  0x0000018176464000 JavaThread "Build operations Thread 7" [_thread_blocked, id=3332, stack(0x000000563d500000,0x000000563d600000)]
  0x0000018176461000 JavaThread "Build operations Thread 8" [_thread_blocked, id=1236, stack(0x000000563d600000,0x000000563d700000)]
  0x0000018175376000 JavaThread "jar transforms Thread 4" [_thread_blocked, id=5484, stack(0x000000563d700000,0x000000563d800000)]
  0x0000018175377000 JavaThread "jar transforms Thread 5" [_thread_blocked, id=1768, stack(0x000000563d800000,0x000000563d900000)]
  0x0000018175375000 JavaThread "jar transforms Thread 6" [_thread_blocked, id=12136, stack(0x000000563d900000,0x000000563da00000)]
  0x0000018175371000 JavaThread "jar transforms Thread 7" [_thread_blocked, id=14836, stack(0x000000563da00000,0x000000563db00000)]
  0x0000018175373000 JavaThread "jar transforms Thread 8" [_thread_blocked, id=15300, stack(0x000000563db00000,0x000000563dc00000)]
  0x0000018173410000 JavaThread "C2 CompilerThread1" daemon [_thread_in_native, id=3184, stack(0x000000563c100000,0x000000563c200000)]
  0x0000018175373800 JavaThread "Memory manager" [_thread_blocked, id=4332, stack(0x000000563dc00000,0x000000563dd00000)]
  0x0000018175372000 JavaThread "build event listener" [_thread_blocked, id=17880, stack(0x000000563dd00000,0x000000563de00000)]
  0x000001817537a000 JavaThread "Execution worker for ':'" [_thread_blocked, id=8616, stack(0x000000563de00000,0x000000563df00000)]
  0x000001817537c000 JavaThread "Execution worker for ':' Thread 2" [_thread_blocked, id=14384, stack(0x000000563df00000,0x000000563e000000)]
  0x000001817537b000 JavaThread "Execution worker for ':' Thread 3" [_thread_blocked, id=9424, stack(0x000000563e000000,0x000000563e100000)]
  0x000001817537c800 JavaThread "Execution worker for ':' Thread 4" [_thread_blocked, id=10024, stack(0x000000563e100000,0x000000563e200000)]
  0x0000018175378800 JavaThread "Execution worker for ':' Thread 5" [_thread_blocked, id=14912, stack(0x000000563e200000,0x000000563e300000)]
  0x000001817537d800 JavaThread "Execution worker for ':' Thread 6" [_thread_blocked, id=12796, stack(0x000000563e300000,0x000000563e400000)]
  0x000001817537e000 JavaThread "Execution worker for ':' Thread 7" [_thread_blocked, id=13128, stack(0x000000563e400000,0x000000563e500000)]
  0x000001817537f000 JavaThread "Cache worker for execution history cache (C:\Users\Umby\AndroidStudioProjects\Pothub\.gradle\7.0.2\executionHistory)" [_thread_blocked, id=2824, stack(0x000000563e500000,0x000000563e600000)]
  0x0000018175379800 JavaThread "WorkerExecutor Queue" [_thread_blocked, id=12040, stack(0x000000563e600000,0x000000563e700000)]

Other Threads:
  0x0000018170906800 VMThread "VM Thread" [stack: 0x000000563a100000,0x000000563a200000] [id=1792]
  0x000001817142f000 WatcherThread [stack: 0x000000563ab00000,0x000000563ac00000] [id=12276]
  0x00000181564d5800 GCTaskThread "GC Thread#0" [stack: 0x0000005639c00000,0x0000005639d00000] [id=9548]
  0x000001817209e800 GCTaskThread "GC Thread#1" [stack: 0x000000563ad00000,0x000000563ae00000] [id=14260]
  0x0000018173481000 GCTaskThread "GC Thread#2" [stack: 0x000000563b700000,0x000000563b800000] [id=11744]
  0x0000018173a21800 GCTaskThread "GC Thread#3" [stack: 0x000000563b800000,0x000000563b900000] [id=14808]
  0x0000018172489000 GCTaskThread "GC Thread#4" [stack: 0x000000563b900000,0x000000563ba00000] [id=16380]
  0x0000018173855800 GCTaskThread "GC Thread#5" [stack: 0x000000563ba00000,0x000000563bb00000] [id=14364]
  0x0000018173a1e800 GCTaskThread "GC Thread#6" [stack: 0x000000563bb00000,0x000000563bc00000] [id=15320]
  0x0000018172a76000 GCTaskThread "GC Thread#7" [stack: 0x000000563bc00000,0x000000563bd00000] [id=15740]
  0x0000018156507000 ConcurrentGCThread "G1 Main Marker" [stack: 0x0000005639d00000,0x0000005639e00000] [id=484]
  0x0000018156508000 ConcurrentGCThread "G1 Conc#0" [stack: 0x0000005639e00000,0x0000005639f00000] [id=8520]
  0x00000181725ed000 ConcurrentGCThread "G1 Conc#1" [stack: 0x000000563bf00000,0x000000563c000000] [id=708]
  0x0000018170756800 ConcurrentGCThread "G1 Refine#0" [stack: 0x0000005639f00000,0x000000563a000000] [id=11268]
  0x000001815658e800 ConcurrentGCThread "G1 Young RemSet Sampling" [stack: 0x000000563a000000,0x000000563a100000] [id=12492]

Threads with active compile tasks:
C2 CompilerThread0  22260 10003       4       com.android.tools.r8.graph.B0$d::<init> (207 bytes)
C2 CompilerThread1  22260 10201       4       java.util.IdentityHashMap::put (137 bytes)

VM state:not at safepoint (normal execution)

VM Mutex/Monitor currently owned by a thread: None

Heap address: 0x0000000080000000, size: 2048 MB, Compressed Oops mode: 32-bit
Narrow klass base: 0x0000000000000000, Narrow klass shift: 3
Compressed class space size: 1073741824 Address: 0x0000000100000000

Heap:
 garbage-first heap   total 165888K, used 113424K [0x0000000080000000, 0x0000000100000000)
  region size 1024K, 16 young (16384K), 3 survivors (3072K)
 Metaspace       used 89438K, capacity 91629K, committed 92160K, reserved 1128448K
  class space    used 11645K, capacity 12409K, committed 12620K, reserved 1048576K
Heap Regions: E=young(eden), S=young(survivor), O=old, HS=humongous(starts), HC=humongous(continues), CS=collection set, F=free, A=archive, TAMS=top-at-mark-start (previous, next)
|   0|0x0000000080000000, 0x0000000080100000, 0x0000000080100000|100%| O|  |TAMS 0x0000000080100000, 0x0000000080000000| Updating 
|   1|0x0000000080100000, 0x0000000080200000, 0x0000000080200000|100%| O|  |TAMS 0x0000000080200000, 0x0000000080100000| Updating 
|   2|0x0000000080200000, 0x0000000080300000, 0x0000000080300000|100%| O|  |TAMS 0x0000000080300000, 0x0000000080200000| Updating 
|   3|0x0000000080300000, 0x0000000080400000, 0x0000000080400000|100%|HS|  |TAMS 0x0000000080400000, 0x0000000080300000| Complete 
|   4|0x0000000080400000, 0x0000000080500000, 0x0000000080500000|100%|HC|  |TAMS 0x0000000080500000, 0x0000000080400000| Complete 
|   5|0x0000000080500000, 0x0000000080600000, 0x0000000080600000|100%|HC|  |TAMS 0x0000000080600000, 0x0000000080500000| Complete 
|   6|0x0000000080600000, 0x0000000080700000, 0x0000000080700000|100%| O|  |TAMS 0x0000000080700000, 0x0000000080600000| Updating 
|   7|0x0000000080700000, 0x0000000080800000, 0x0000000080800000|100%| O|  |TAMS 0x0000000080800000, 0x0000000080700000| Updating 
|   8|0x0000000080800000, 0x0000000080900000, 0x0000000080900000|100%| O|  |TAMS 0x0000000080900000, 0x0000000080800000| Updating 
|   9|0x0000000080900000, 0x0000000080a00000, 0x0000000080a00000|100%| O|  |TAMS 0x0000000080a00000, 0x0000000080900000| Updating 
|  10|0x0000000080a00000, 0x0000000080b00000, 0x0000000080b00000|100%| O|  |TAMS 0x0000000080b00000, 0x0000000080a00000| Updating 
|  11|0x0000000080b00000, 0x0000000080c00000, 0x0000000080c00000|100%| O|  |TAMS 0x0000000080c00000, 0x0000000080b00000| Updating 
|  12|0x0000000080c00000, 0x0000000080d00000, 0x0000000080d00000|100%| O|  |TAMS 0x0000000080d00000, 0x0000000080c00000| Updating 
|  13|0x0000000080d00000, 0x0000000080e00000, 0x0000000080e00000|100%| O|  |TAMS 0x0000000080e00000, 0x0000000080d00000| Updating 
|  14|0x0000000080e00000, 0x0000000080f00000, 0x0000000080f00000|100%| O|  |TAMS 0x0000000080f00000, 0x0000000080e00000| Updating 
|  15|0x0000000080f00000, 0x0000000081000000, 0x0000000081000000|100%| O|  |TAMS 0x0000000081000000, 0x0000000080f00000| Updating 
|  16|0x0000000081000000, 0x0000000081100000, 0x0000000081100000|100%|HS|  |TAMS 0x0000000081100000, 0x0000000081000000| Complete 
|  17|0x0000000081100000, 0x0000000081200000, 0x0000000081200000|100%| O|  |TAMS 0x0000000081200000, 0x0000000081100000| Updating 
|  18|0x0000000081200000, 0x0000000081300000, 0x0000000081300000|100%| O|  |TAMS 0x0000000081300000, 0x0000000081200000| Updating 
|  19|0x0000000081300000, 0x0000000081400000, 0x0000000081400000|100%| O|  |TAMS 0x0000000081400000, 0x0000000081300000| Updating 
|  20|0x0000000081400000, 0x0000000081500000, 0x0000000081500000|100%| O|  |TAMS 0x0000000081500000, 0x0000000081400000| Updating 
|  21|0x0000000081500000, 0x0000000081600000, 0x0000000081600000|100%| O|  |TAMS 0x0000000081600000, 0x0000000081500000| Updating 
|  22|0x0000000081600000, 0x0000000081700000, 0x0000000081700000|100%| O|  |TAMS 0x0000000081700000, 0x0000000081600000| Updating 
|  23|0x0000000081700000, 0x0000000081800000, 0x0000000081800000|100%| O|  |TAMS 0x0000000081800000, 0x0000000081700000| Updating 
|  24|0x0000000081800000, 0x0000000081900000, 0x0000000081900000|100%|HS|  |TAMS 0x0000000081900000, 0x0000000081800000| Complete 
|  25|0x0000000081900000, 0x0000000081a00000, 0x0000000081a00000|100%|HS|  |TAMS 0x0000000081a00000, 0x0000000081900000| Complete 
|  26|0x0000000081a00000, 0x0000000081b00000, 0x0000000081b00000|100%|HC|  |TAMS 0x0000000081b00000, 0x0000000081a00000| Complete 
|  27|0x0000000081b00000, 0x0000000081c00000, 0x0000000081c00000|100%| O|  |TAMS 0x0000000081c00000, 0x0000000081b00000| Updating 
|  28|0x0000000081c00000, 0x0000000081d00000, 0x0000000081d00000|100%| O|  |TAMS 0x0000000081d00000, 0x0000000081c00000| Updating 
|  29|0x0000000081d00000, 0x0000000081e00000, 0x0000000081e00000|100%| O|  |TAMS 0x0000000081e00000, 0x0000000081d00000| Updating 
|  30|0x0000000081e00000, 0x0000000081f00000, 0x0000000081f00000|100%| O|  |TAMS 0x0000000081f00000, 0x0000000081e00000| Updating 
|  31|0x0000000081f00000, 0x0000000082000000, 0x0000000082000000|100%| O|  |TAMS 0x0000000082000000, 0x0000000081f00000| Updating 
|  32|0x0000000082000000, 0x0000000082100000, 0x0000000082100000|100%| O|  |TAMS 0x0000000082100000, 0x0000000082000000| Updating 
|  33|0x0000000082100000, 0x0000000082200000, 0x0000000082200000|100%| O|  |TAMS 0x0000000082200000, 0x0000000082100000| Updating 
|  34|0x0000000082200000, 0x0000000082300000, 0x0000000082300000|100%| O|  |TAMS 0x0000000082300000, 0x0000000082200000| Updating 
|  35|0x0000000082300000, 0x0000000082400000, 0x0000000082400000|100%| O|  |TAMS 0x0000000082400000, 0x0000000082300000| Updating 
|  36|0x0000000082400000, 0x0000000082500000, 0x0000000082500000|100%| O|  |TAMS 0x0000000082500000, 0x0000000082400000| Updating 
|  37|0x0000000082500000, 0x0000000082600000, 0x0000000082600000|100%| O|  |TAMS 0x0000000082600000, 0x0000000082500000| Updating 
|  38|0x0000000082600000, 0x0000000082700000, 0x0000000082700000|100%| O|  |TAMS 0x0000000082700000, 0x0000000082600000| Updating 
|  39|0x0000000082700000, 0x0000000082800000, 0x0000000082800000|100%| O|  |TAMS 0x0000000082800000, 0x0000000082700000| Updating 
|  40|0x0000000082800000, 0x0000000082900000, 0x0000000082900000|100%| O|  |TAMS 0x0000000082900000, 0x0000000082800000| Updating 
|  41|0x0000000082900000, 0x0000000082a00000, 0x0000000082a00000|100%| O|  |TAMS 0x0000000082a00000, 0x0000000082900000| Updating 
|  42|0x0000000082a00000, 0x0000000082b00000, 0x0000000082b00000|100%| O|  |TAMS 0x0000000082b00000, 0x0000000082a00000| Updating 
|  43|0x0000000082b00000, 0x0000000082c00000, 0x0000000082c00000|100%| O|  |TAMS 0x0000000082c00000, 0x0000000082b00000| Updating 
|  44|0x0000000082c00000, 0x0000000082d00000, 0x0000000082d00000|100%| O|  |TAMS 0x0000000082d00000, 0x0000000082c00000| Updating 
|  45|0x0000000082d00000, 0x0000000082e00000, 0x0000000082e00000|100%| O|  |TAMS 0x0000000082e00000, 0x0000000082d00000| Updating 
|  46|0x0000000082e00000, 0x0000000082f00000, 0x0000000082f00000|100%| O|  |TAMS 0x0000000082f00000, 0x0000000082e00000| Updating 
|  47|0x0000000082f00000, 0x0000000083000000, 0x0000000083000000|100%| O|  |TAMS 0x0000000083000000, 0x0000000082f00000| Updating 
|  48|0x0000000083000000, 0x0000000083100000, 0x0000000083100000|100%| O|  |TAMS 0x0000000083100000, 0x0000000083000000| Updating 
|  49|0x0000000083100000, 0x0000000083200000, 0x0000000083200000|100%| O|  |TAMS 0x0000000083200000, 0x0000000083100000| Updating 
|  50|0x0000000083200000, 0x0000000083300000, 0x0000000083300000|100%| O|  |TAMS 0x0000000083300000, 0x0000000083200000| Updating 
|  51|0x0000000083300000, 0x0000000083400000, 0x0000000083400000|100%| O|  |TAMS 0x0000000083400000, 0x0000000083300000| Updating 
|  52|0x0000000083400000, 0x0000000083500000, 0x0000000083500000|100%| O|  |TAMS 0x0000000083500000, 0x0000000083400000| Updating 
|  53|0x0000000083500000, 0x0000000083600000, 0x0000000083600000|100%| O|  |TAMS 0x0000000083600000, 0x0000000083500000| Updating 
|  54|0x0000000083600000, 0x0000000083700000, 0x0000000083700000|100%| O|  |TAMS 0x0000000083700000, 0x0000000083600000| Updating 
|  55|0x0000000083700000, 0x0000000083800000, 0x0000000083800000|100%| O|  |TAMS 0x0000000083800000, 0x0000000083700000| Updating 
|  56|0x0000000083800000, 0x0000000083900000, 0x0000000083900000|100%| O|  |TAMS 0x0000000083900000, 0x0000000083800000| Updating 
|  57|0x0000000083900000, 0x0000000083a00000, 0x0000000083a00000|100%| O|  |TAMS 0x0000000083a00000, 0x0000000083900000| Updating 
|  58|0x0000000083a00000, 0x0000000083b00000, 0x0000000083b00000|100%| O|  |TAMS 0x0000000083b00000, 0x0000000083a00000| Updating 
|  59|0x0000000083b00000, 0x0000000083c00000, 0x0000000083c00000|100%| O|  |TAMS 0x0000000083c00000, 0x0000000083b00000| Updating 
|  60|0x0000000083c00000, 0x0000000083d00000, 0x0000000083d00000|100%| O|  |TAMS 0x0000000083d00000, 0x0000000083c00000| Updating 
|  61|0x0000000083d00000, 0x0000000083e00000, 0x0000000083e00000|100%| O|  |TAMS 0x0000000083e00000, 0x0000000083d00000| Updating 
|  62|0x0000000083e00000, 0x0000000083f00000, 0x0000000083f00000|100%| O|  |TAMS 0x0000000083f00000, 0x0000000083e00000| Updating 
|  63|0x0000000083f00000, 0x0000000084000000, 0x0000000084000000|100%| O|  |TAMS 0x0000000084000000, 0x0000000083f00000| Updating 
|  64|0x0000000084000000, 0x0000000084100000, 0x0000000084100000|100%| O|  |TAMS 0x0000000084100000, 0x0000000084000000| Updating 
|  65|0x0000000084100000, 0x0000000084200000, 0x0000000084200000|100%| O|  |TAMS 0x0000000084200000, 0x0000000084100000| Updating 
|  66|0x0000000084200000, 0x0000000084300000, 0x0000000084300000|100%| O|  |TAMS 0x0000000084300000, 0x0000000084200000| Updating 
|  67|0x0000000084300000, 0x0000000084400000, 0x0000000084400000|100%| O|  |TAMS 0x0000000084400000, 0x0000000084300000| Updating 
|  68|0x0000000084400000, 0x0000000084500000, 0x0000000084500000|100%| O|  |TAMS 0x0000000084500000, 0x0000000084400000| Updating 
|  69|0x0000000084500000, 0x0000000084600000, 0x0000000084600000|100%| O|  |TAMS 0x0000000084600000, 0x0000000084500000| Updating 
|  70|0x0000000084600000, 0x0000000084700000, 0x0000000084700000|100%| O|  |TAMS 0x0000000084700000, 0x0000000084600000| Updating 
|  71|0x0000000084700000, 0x0000000084800000, 0x0000000084800000|100%| O|  |TAMS 0x0000000084800000, 0x0000000084700000| Updating 
|  72|0x0000000084800000, 0x0000000084900000, 0x0000000084900000|100%| O|  |TAMS 0x0000000084900000, 0x0000000084800000| Updating 
|  73|0x0000000084900000, 0x0000000084a00000, 0x0000000084a00000|100%| O|  |TAMS 0x0000000084a00000, 0x0000000084900000| Updating 
|  74|0x0000000084a00000, 0x0000000084b00000, 0x0000000084b00000|100%| O|  |TAMS 0x0000000084b00000, 0x0000000084a00000| Updating 
|  75|0x0000000084b00000, 0x0000000084c00000, 0x0000000084c00000|100%| O|  |TAMS 0x0000000084c00000, 0x0000000084b00000| Updating 
|  76|0x0000000084c00000, 0x0000000084d00000, 0x0000000084d00000|100%| O|  |TAMS 0x0000000084d00000, 0x0000000084c00000| Updating 
|  77|0x0000000084d00000, 0x0000000084e00000, 0x0000000084e00000|100%| O|  |TAMS 0x0000000084e00000, 0x0000000084d00000| Updating 
|  78|0x0000000084e00000, 0x0000000084f00000, 0x0000000084f00000|100%| O|  |TAMS 0x0000000084f00000, 0x0000000084e00000| Updating 
|  79|0x0000000084f00000, 0x0000000085000000, 0x0000000085000000|100%| O|  |TAMS 0x0000000085000000, 0x0000000084f00000| Updating 
|  80|0x0000000085000000, 0x0000000085100000, 0x0000000085100000|100%| O|  |TAMS 0x0000000085100000, 0x0000000085000000| Updating 
|  81|0x0000000085100000, 0x0000000085200000, 0x0000000085200000|100%| O|  |TAMS 0x0000000085200000, 0x0000000085100000| Updating 
|  82|0x0000000085200000, 0x0000000085300000, 0x0000000085300000|100%| O|  |TAMS 0x0000000085300000, 0x0000000085200000| Updating 
|  83|0x0000000085300000, 0x0000000085400000, 0x0000000085400000|100%| O|  |TAMS 0x0000000085400000, 0x0000000085300000| Updating 
|  84|0x0000000085400000, 0x0000000085500000, 0x0000000085500000|100%| O|  |TAMS 0x0000000085500000, 0x0000000085400000| Updating 
|  85|0x0000000085500000, 0x0000000085600000, 0x0000000085600000|100%| O|  |TAMS 0x0000000085600000, 0x0000000085500000| Updating 
|  86|0x0000000085600000, 0x0000000085700000, 0x0000000085700000|100%| O|  |TAMS 0x0000000085700000, 0x0000000085600000| Updating 
|  87|0x0000000085700000, 0x0000000085800000, 0x0000000085800000|100%| O|  |TAMS 0x0000000085800000, 0x0000000085700000| Updating 
|  88|0x0000000085800000, 0x0000000085900000, 0x0000000085900000|100%| O|  |TAMS 0x0000000085900000, 0x0000000085800000| Updating 
|  89|0x0000000085900000, 0x0000000085a00000, 0x0000000085a00000|100%| O|  |TAMS 0x0000000085a00000, 0x0000000085900000| Updating 
|  90|0x0000000085a00000, 0x0000000085b00000, 0x0000000085b00000|100%| O|  |TAMS 0x0000000085b00000, 0x0000000085a00000| Updating 
|  91|0x0000000085b00000, 0x0000000085c00000, 0x0000000085c00000|100%| O|  |TAMS 0x0000000085bfea00, 0x0000000085b00000| Updating 
|  92|0x0000000085c00000, 0x0000000085d00000, 0x0000000085d00000|100%| O|  |TAMS 0x0000000085c00000, 0x0000000085c00000| Untracked 
|  93|0x0000000085d00000, 0x0000000085e00000, 0x0000000085e00000|100%| O|  |TAMS 0x0000000085d00000, 0x0000000085d00000| Untracked 
|  94|0x0000000085e00000, 0x0000000085f00000, 0x0000000085f00000|100%| O|  |TAMS 0x0000000085e00000, 0x0000000085e00000| Untracked 
|  95|0x0000000085f00000, 0x0000000085fc4000, 0x0000000086000000| 76%| O|  |TAMS 0x0000000085f00000, 0x0000000085f00000| Updating 
|  96|0x0000000086000000, 0x0000000086000000, 0x0000000086100000|  0%| F|  |TAMS 0x0000000086000000, 0x0000000086000000| Untracked 
|  97|0x0000000086100000, 0x0000000086100000, 0x0000000086200000|  0%| F|  |TAMS 0x0000000086100000, 0x0000000086100000| Untracked 
|  98|0x0000000086200000, 0x0000000086200000, 0x0000000086300000|  0%| F|  |TAMS 0x0000000086200000, 0x0000000086200000| Untracked 
|  99|0x0000000086300000, 0x0000000086300000, 0x0000000086400000|  0%| F|  |TAMS 0x0000000086300000, 0x0000000086300000| Untracked 
| 100|0x0000000086400000, 0x0000000086400000, 0x0000000086500000|  0%| F|  |TAMS 0x0000000086400000, 0x0000000086400000| Untracked 
| 101|0x0000000086500000, 0x0000000086500000, 0x0000000086600000|  0%| F|  |TAMS 0x0000000086500000, 0x0000000086500000| Untracked 
| 102|0x0000000086600000, 0x0000000086600000, 0x0000000086700000|  0%| F|  |TAMS 0x0000000086600000, 0x0000000086600000| Untracked 
| 103|0x0000000086700000, 0x0000000086700000, 0x0000000086800000|  0%| F|  |TAMS 0x0000000086700000, 0x0000000086700000| Untracked 
| 104|0x0000000086800000, 0x0000000086800000, 0x0000000086900000|  0%| F|  |TAMS 0x0000000086800000, 0x0000000086800000| Untracked 
| 105|0x0000000086900000, 0x0000000086900000, 0x0000000086a00000|  0%| F|  |TAMS 0x0000000086900000, 0x0000000086900000| Untracked 
| 106|0x0000000086a00000, 0x0000000086a00000, 0x0000000086b00000|  0%| F|  |TAMS 0x0000000086a00000, 0x0000000086a00000| Untracked 
| 107|0x0000000086b00000, 0x0000000086b00000, 0x0000000086c00000|  0%| F|  |TAMS 0x0000000086b00000, 0x0000000086b00000| Untracked 
| 108|0x0000000086c00000, 0x0000000086c00000, 0x0000000086d00000|  0%| F|  |TAMS 0x0000000086c00000, 0x0000000086c00000| Untracked 
| 109|0x0000000086d00000, 0x0000000086d00000, 0x0000000086e00000|  0%| F|  |TAMS 0x0000000086d00000, 0x0000000086d00000| Untracked 
| 110|0x0000000086e00000, 0x0000000086e00000, 0x0000000086f00000|  0%| F|  |TAMS 0x0000000086e00000, 0x0000000086e00000| Untracked 
| 111|0x0000000086f00000, 0x0000000086f00000, 0x0000000087000000|  0%| F|  |TAMS 0x0000000086f00000, 0x0000000086f00000| Untracked 
| 112|0x0000000087000000, 0x0000000087000000, 0x0000000087100000|  0%| F|  |TAMS 0x0000000087000000, 0x0000000087000000| Untracked 
| 113|0x0000000087100000, 0x0000000087100000, 0x0000000087200000|  0%| F|  |TAMS 0x0000000087100000, 0x0000000087100000| Untracked 
| 114|0x0000000087200000, 0x0000000087200000, 0x0000000087300000|  0%| F|  |TAMS 0x0000000087200000, 0x0000000087200000| Untracked 
| 115|0x0000000087300000, 0x0000000087400000, 0x0000000087400000|100%| S|CS|TAMS 0x0000000087300000, 0x0000000087300000| Complete 
| 116|0x0000000087400000, 0x0000000087500000, 0x0000000087500000|100%| S|CS|TAMS 0x0000000087400000, 0x0000000087400000| Complete 
| 117|0x0000000087500000, 0x0000000087600000, 0x0000000087600000|100%| S|CS|TAMS 0x0000000087500000, 0x0000000087500000| Complete 
| 118|0x0000000087600000, 0x0000000087600000, 0x0000000087700000|  0%| F|  |TAMS 0x0000000087600000, 0x0000000087600000| Untracked 
| 119|0x0000000087700000, 0x0000000087700000, 0x0000000087800000|  0%| F|  |TAMS 0x0000000087700000, 0x0000000087700000| Untracked 
| 120|0x0000000087800000, 0x0000000087800000, 0x0000000087900000|  0%| F|  |TAMS 0x0000000087800000, 0x0000000087800000| Untracked 
| 121|0x0000000087900000, 0x0000000087900000, 0x0000000087a00000|  0%| F|  |TAMS 0x0000000087900000, 0x0000000087900000| Untracked 
| 122|0x0000000087a00000, 0x0000000087a00000, 0x0000000087b00000|  0%| F|  |TAMS 0x0000000087a00000, 0x0000000087a00000| Untracked 
| 123|0x0000000087b00000, 0x0000000087b00000, 0x0000000087c00000|  0%| F|  |TAMS 0x0000000087b00000, 0x0000000087b00000| Untracked 
| 124|0x0000000087c00000, 0x0000000087c00000, 0x0000000087d00000|  0%| F|  |TAMS 0x0000000087c00000, 0x0000000087c00000| Untracked 
| 125|0x0000000087d00000, 0x0000000087d00000, 0x0000000087e00000|  0%| F|  |TAMS 0x0000000087d00000, 0x0000000087d00000| Untracked 
| 126|0x0000000087e00000, 0x0000000087e00000, 0x0000000087f00000|  0%| F|  |TAMS 0x0000000087e00000, 0x0000000087e00000| Untracked 
| 127|0x0000000087f00000, 0x0000000087f00000, 0x0000000088000000|  0%| F|  |TAMS 0x0000000087f00000, 0x0000000087f00000| Untracked 
| 128|0x0000000088000000, 0x0000000088000000, 0x0000000088100000|  0%| F|  |TAMS 0x0000000088000000, 0x0000000088000000| Untracked 
| 129|0x0000000088100000, 0x0000000088100000, 0x0000000088200000|  0%| F|  |TAMS 0x0000000088100000, 0x0000000088100000| Untracked 
| 130|0x0000000088200000, 0x0000000088200000, 0x0000000088300000|  0%| F|  |TAMS 0x0000000088200000, 0x0000000088200000| Untracked 
| 131|0x0000000088300000, 0x0000000088300000, 0x0000000088400000|  0%| F|  |TAMS 0x0000000088300000, 0x0000000088300000| Untracked 
| 132|0x0000000088400000, 0x0000000088400000, 0x0000000088500000|  0%| F|  |TAMS 0x0000000088400000, 0x0000000088400000| Untracked 
| 133|0x0000000088500000, 0x0000000088500000, 0x0000000088600000|  0%| F|  |TAMS 0x0000000088500000, 0x0000000088500000| Untracked 
| 134|0x0000000088600000, 0x0000000088600000, 0x0000000088700000|  0%| F|  |TAMS 0x0000000088600000, 0x0000000088600000| Untracked 
| 135|0x0000000088700000, 0x0000000088700000, 0x0000000088800000|  0%| F|  |TAMS 0x0000000088700000, 0x0000000088700000| Untracked 
| 136|0x0000000088800000, 0x0000000088800000, 0x0000000088900000|  0%| F|  |TAMS 0x0000000088800000, 0x0000000088800000| Untracked 
| 137|0x0000000088900000, 0x0000000088900000, 0x0000000088a00000|  0%| F|  |TAMS 0x0000000088900000, 0x0000000088900000| Untracked 
| 138|0x0000000088a00000, 0x0000000088a00000, 0x0000000088b00000|  0%| F|  |TAMS 0x0000000088a00000, 0x0000000088a00000| Untracked 
| 139|0x0000000088b00000, 0x0000000088b00000, 0x0000000088c00000|  0%| F|  |TAMS 0x0000000088b00000, 0x0000000088b00000| Untracked 
| 140|0x0000000088c00000, 0x0000000088c00000, 0x0000000088d00000|  0%| F|  |TAMS 0x0000000088c00000, 0x0000000088c00000| Untracked 
| 141|0x0000000088d00000, 0x0000000088d00000, 0x0000000088e00000|  0%| F|  |TAMS 0x0000000088d00000, 0x0000000088d00000| Untracked 
| 142|0x0000000088e00000, 0x0000000088e00000, 0x0000000088f00000|  0%| F|  |TAMS 0x0000000088e00000, 0x0000000088e00000| Untracked 
| 143|0x0000000088f00000, 0x0000000088f00000, 0x0000000089000000|  0%| F|  |TAMS 0x0000000088f00000, 0x0000000088f00000| Untracked 
| 144|0x0000000089000000, 0x0000000089000000, 0x0000000089100000|  0%| F|  |TAMS 0x0000000089000000, 0x0000000089000000| Untracked 
| 145|0x0000000089100000, 0x0000000089100000, 0x0000000089200000|  0%| F|  |TAMS 0x0000000089100000, 0x0000000089100000| Untracked 
| 146|0x0000000089200000, 0x0000000089200000, 0x0000000089300000|  0%| F|  |TAMS 0x0000000089200000, 0x0000000089200000| Untracked 
| 147|0x0000000089300000, 0x0000000089300000, 0x0000000089400000|  0%| F|  |TAMS 0x0000000089300000, 0x0000000089300000| Untracked 
| 148|0x0000000089400000, 0x0000000089493000, 0x0000000089500000| 57%| E|  |TAMS 0x0000000089400000, 0x0000000089400000| Complete 
| 149|0x0000000089500000, 0x0000000089600000, 0x0000000089600000|100%| E|CS|TAMS 0x0000000089500000, 0x0000000089500000| Complete 
| 150|0x0000000089600000, 0x0000000089700000, 0x0000000089700000|100%| E|CS|TAMS 0x0000000089600000, 0x0000000089600000| Complete 
| 151|0x0000000089700000, 0x0000000089800000, 0x0000000089800000|100%| E|CS|TAMS 0x0000000089700000, 0x0000000089700000| Complete 
| 152|0x0000000089800000, 0x0000000089900000, 0x0000000089900000|100%| E|CS|TAMS 0x0000000089800000, 0x0000000089800000| Complete 
| 153|0x0000000089900000, 0x0000000089a00000, 0x0000000089a00000|100%| E|CS|TAMS 0x0000000089900000, 0x0000000089900000| Complete 
| 154|0x0000000089a00000, 0x0000000089b00000, 0x0000000089b00000|100%| E|CS|TAMS 0x0000000089a00000, 0x0000000089a00000| Complete 
| 155|0x0000000089b00000, 0x0000000089c00000, 0x0000000089c00000|100%| E|CS|TAMS 0x0000000089b00000, 0x0000000089b00000| Complete 
| 156|0x0000000089c00000, 0x0000000089d00000, 0x0000000089d00000|100%| E|CS|TAMS 0x0000000089c00000, 0x0000000089c00000| Complete 
| 157|0x0000000089d00000, 0x0000000089e00000, 0x0000000089e00000|100%| E|CS|TAMS 0x0000000089d00000, 0x0000000089d00000| Complete 
| 158|0x0000000089e00000, 0x0000000089f00000, 0x0000000089f00000|100%| E|CS|TAMS 0x0000000089e00000, 0x0000000089e00000| Complete 
| 159|0x0000000089f00000, 0x000000008a000000, 0x000000008a000000|100%| E|CS|TAMS 0x0000000089f00000, 0x0000000089f00000| Complete 
| 160|0x000000008a000000, 0x000000008a100000, 0x000000008a100000|100%| E|CS|TAMS 0x000000008a000000, 0x000000008a000000| Complete 
| 161|0x000000008a100000, 0x000000008a200000, 0x000000008a200000|100%| E|CS|TAMS 0x000000008a100000, 0x000000008a100000| Complete 

Card table byte_map: [0x00000181696d0000,0x0000018169ad0000] _byte_map_base: 0x00000181692d0000

Marking Bits (Prev, Next): (CMBitMap*) 0x00000181564fdef8, (CMBitMap*) 0x00000181564fdf30
 Prev Bits: [0x0000018169ed0000, 0x000001816bed0000)
 Next Bits: [0x000001816bed0000, 0x000001816ded0000)

Polling page: 0x00000181542e0000

Metaspace:

Usage:
  Non-class:     77.37 MB capacity,    76.00 MB ( 98%) used,     1.12 MB (  1%) free+waste,   247.88 KB ( <1%) overhead. 
      Class:     12.12 MB capacity,    11.38 MB ( 94%) used,   649.90 KB (  5%) free+waste,   111.38 KB ( <1%) overhead. 
       Both:     89.49 MB capacity,    87.38 MB ( 98%) used,     1.76 MB (  2%) free+waste,   359.25 KB ( <1%) overhead. 

Virtual space:
  Non-class space:       78.00 MB reserved,      77.68 MB (>99%) committed 
      Class space:        1.00 GB reserved,      12.32 MB (  1%) committed 
             Both:        1.08 GB reserved,      90.00 MB (  8%) committed 

Chunk freelists:
   Non-Class:  316.00 KB
       Class:  165.00 KB
        Both:  481.00 KB

MaxMetaspaceSize: 17179869184.00 GB
CompressedClassSpaceSize: 1.00 GB

CodeHeap 'non-profiled nmethods': size=120000Kb used=5678Kb max_used=5678Kb free=114321Kb
 bounds [0x0000018161a70000, 0x0000018162000000, 0x0000018168fa0000]
CodeHeap 'profiled nmethods': size=120000Kb used=22650Kb max_used=22650Kb free=97349Kb
 bounds [0x000001815a540000, 0x000001815bb60000, 0x0000018161a70000]
CodeHeap 'non-nmethods': size=5760Kb used=2293Kb max_used=2329Kb free=3466Kb
 bounds [0x0000018159fa0000, 0x000001815a210000, 0x000001815a540000]
 total_blobs=11042 nmethods=10144 adapters=809
 compilation: enabled
              stopped_count=0, restarted_count=0
 full_count=0

Compilation events (20 events):
Event: 22.189 Thread 0x0000018170936800 nmethod 10204 0x0000018161ff7f90 code [0x0000018161ff8140, 0x0000018161ff81f8]
Event: 22.189 Thread 0x0000018170936800 10205       1       com.android.tools.r8.internal.y4::C (5 bytes)
Event: 22.189 Thread 0x0000018170936800 nmethod 10205 0x0000018161ff8290 code [0x0000018161ff8440, 0x0000018161ff84f8]
Event: 22.189 Thread 0x0000018170936800 10208       2       com.android.tools.r8.internal.g7::a (19 bytes)
Event: 22.189 Thread 0x0000018170936800 nmethod 10208 0x000001815bb53f10 code [0x000001815bb540c0, 0x000001815bb541e8]
Event: 22.189 Thread 0x0000018170936800 10203       2       com.android.tools.r8.graph.G0::b (246 bytes)
Event: 22.191 Thread 0x0000018170936800 nmethod 10203 0x000001815bb54290 code [0x000001815bb54540, 0x000001815bb54f88]
Event: 22.191 Thread 0x0000018170936800 10206       1       com.android.tools.r8.internal.y4::B (5 bytes)
Event: 22.191 Thread 0x0000018170936800 nmethod 10206 0x0000018161ff8590 code [0x0000018161ff8740, 0x0000018161ff87f8]
Event: 22.191 Thread 0x0000018170936800 10198       2       com.android.tools.r8.internal.zj::hasNext (13 bytes)
Event: 22.191 Thread 0x0000018170936800 nmethod 10198 0x000001815bb55510 code [0x000001815bb556c0, 0x000001815bb557d8]
Event: 22.192 Thread 0x0000018170936800 10210   !   2       com.android.tools.r8.graph.c0::toString (17 bytes)
Event: 22.193 Thread 0x0000018170936800 nmethod 10210 0x000001815bb55890 code [0x000001815bb55a80, 0x000001815bb55df8]
Event: 22.193 Thread 0x0000018170936800 10211       2       java.util.IdentityHashMap::resize (153 bytes)
Event: 22.194 Thread 0x0000018170936800 nmethod 10211 0x000001815bb56010 code [0x000001815bb56220, 0x000001815bb56938]
Event: 22.194 Thread 0x0000018170936800 10213       2       com.android.tools.r8.internal.K3::<init> (57 bytes)
Event: 22.194 Thread 0x0000018170936800 nmethod 10213 0x000001815bb56c10 code [0x000001815bb56dc0, 0x000001815bb56f58]
Event: 22.204 Thread 0x0000018170936800 10215       2       com.android.tools.r8.internal.M4::<init> (118 bytes)
Event: 22.205 Thread 0x0000018170936800 nmethod 10215 0x000001815bb57010 code [0x000001815bb571c0, 0x000001815bb57358]
Event: 22.212 Thread 0x0000018170936800 10216       2       com.android.tools.r8.utils.V$$Lambda$1253/0x0000000100b69c40::accept (21 bytes)

GC Heap History (20 events):
Event: 18.220 GC heap before
{Heap before GC invocations=18 (full 0):
 garbage-first heap   total 138240K, used 108504K [0x0000000080000000, 0x0000000100000000)
  region size 1024K, 53 young (54272K), 3 survivors (3072K)
 Metaspace       used 77555K, capacity 79452K, committed 79744K, reserved 1118208K
  class space    used 10197K, capacity 10915K, committed 10956K, reserved 1048576K
}
Event: 18.231 GC heap after
{Heap after GC invocations=19 (full 0):
 garbage-first heap   total 138240K, used 60924K [0x0000000080000000, 0x0000000100000000)
  region size 1024K, 7 young (7168K), 7 survivors (7168K)
 Metaspace       used 77555K, capacity 79452K, committed 79744K, reserved 1118208K
  class space    used 10197K, capacity 10915K, committed 10956K, reserved 1048576K
}
Event: 19.304 GC heap before
{Heap before GC invocations=19 (full 0):
 garbage-first heap   total 138240K, used 109052K [0x0000000080000000, 0x0000000100000000)
  region size 1024K, 55 young (56320K), 7 survivors (7168K)
 Metaspace       used 78749K, capacity 80747K, committed 81024K, reserved 1120256K
  class space    used 10323K, capacity 11093K, committed 11212K, reserved 1048576K
}
Event: 19.315 GC heap after
{Heap after GC invocations=20 (full 0):
 garbage-first heap   total 138240K, used 64302K [0x0000000080000000, 0x0000000100000000)
  region size 1024K, 7 young (7168K), 7 survivors (7168K)
 Metaspace       used 78749K, capacity 80747K, committed 81024K, reserved 1120256K
  class space    used 10323K, capacity 11093K, committed 11212K, reserved 1048576K
}
Event: 20.073 GC heap before
{Heap before GC invocations=20 (full 0):
 garbage-first heap   total 138240K, used 110382K [0x0000000080000000, 0x0000000100000000)
  region size 1024K, 53 young (54272K), 7 survivors (7168K)
 Metaspace       used 81610K, capacity 83630K, committed 83840K, reserved 1122304K
  class space    used 10660K, capacity 11410K, committed 11468K, reserved 1048576K
}
Event: 20.082 GC heap after
{Heap after GC invocations=21 (full 0):
 garbage-first heap   total 138240K, used 66338K [0x0000000080000000, 0x0000000100000000)
  region size 1024K, 6 young (6144K), 6 survivors (6144K)
 Metaspace       used 81610K, capacity 83630K, committed 83840K, reserved 1122304K
  class space    used 10660K, capacity 11410K, committed 11468K, reserved 1048576K
}
Event: 20.771 GC heap before
{Heap before GC invocations=21 (full 0):
 garbage-first heap   total 138240K, used 111394K [0x0000000080000000, 0x0000000100000000)
  region size 1024K, 51 young (52224K), 6 survivors (6144K)
 Metaspace       used 83722K, capacity 85807K, committed 85888K, reserved 1124352K
  class space    used 10887K, capacity 11678K, committed 11724K, reserved 1048576K
}
Event: 20.780 GC heap after
{Heap after GC invocations=22 (full 0):
 garbage-first heap   total 138240K, used 69365K [0x0000000080000000, 0x0000000100000000)
  region size 1024K, 5 young (5120K), 5 survivors (5120K)
 Metaspace       used 83722K, capacity 85807K, committed 85888K, reserved 1124352K
  class space    used 10887K, capacity 11678K, committed 11724K, reserved 1048576K
}
Event: 21.096 GC heap before
{Heap before GC invocations=22 (full 0):
 garbage-first heap   total 138240K, used 112373K [0x0000000080000000, 0x0000000100000000)
  region size 1024K, 48 young (49152K), 5 survivors (5120K)
 Metaspace       used 84847K, capacity 87065K, committed 87424K, reserved 1124352K
  class space    used 11056K, capacity 11854K, committed 11980K, reserved 1048576K
}
Event: 21.108 GC heap after
{Heap after GC invocations=23 (full 0):
 garbage-first heap   total 138240K, used 77507K [0x0000000080000000, 0x0000000100000000)
  region size 1024K, 6 young (6144K), 6 survivors (6144K)
 Metaspace       used 84847K, capacity 87065K, committed 87424K, reserved 1124352K
  class space    used 11056K, capacity 11854K, committed 11980K, reserved 1048576K
}
Event: 21.426 GC heap before
{Heap before GC invocations=24 (full 0):
 garbage-first heap   total 138240K, used 110275K [0x0000000080000000, 0x0000000100000000)
  region size 1024K, 39 young (39936K), 6 survivors (6144K)
 Metaspace       used 86736K, capacity 88993K, committed 89216K, reserved 1126400K
  class space    used 11349K, capacity 12170K, committed 12236K, reserved 1048576K
}
Event: 21.433 GC heap after
{Heap after GC invocations=25 (full 0):
 garbage-first heap   total 138240K, used 82187K [0x0000000080000000, 0x0000000100000000)
  region size 1024K, 5 young (5120K), 5 survivors (5120K)
 Metaspace       used 86736K, capacity 88993K, committed 89216K, reserved 1126400K
  class space    used 11349K, capacity 12170K, committed 12236K, reserved 1048576K
}
Event: 21.698 GC heap before
{Heap before GC invocations=25 (full 0):
 garbage-first heap   total 138240K, used 109835K [0x0000000080000000, 0x0000000100000000)
  region size 1024K, 32 young (32768K), 5 survivors (5120K)
 Metaspace       used 88169K, capacity 90431K, committed 90752K, reserved 1128448K
  class space    used 11535K, capacity 12370K, committed 12492K, reserved 1048576K
}
Event: 21.713 GC heap after
{Heap after GC invocations=26 (full 0):
 garbage-first heap   total 138240K, used 87163K [0x0000000080000000, 0x0000000100000000)
  region size 1024K, 4 young (4096K), 4 survivors (4096K)
 Metaspace       used 88169K, capacity 90431K, committed 90752K, reserved 1128448K
  class space    used 11535K, capacity 12370K, committed 12492K, reserved 1048576K
}
Event: 21.926 GC heap before
{Heap before GC invocations=27 (full 0):
 garbage-first heap   total 138240K, used 111739K [0x0000000080000000, 0x0000000100000000)
  region size 1024K, 28 young (28672K), 4 survivors (4096K)
 Metaspace       used 88603K, capacity 90911K, committed 91264K, reserved 1128448K
  class space    used 11583K, capacity 12421K, committed 12492K, reserved 1048576K
}
Event: 21.940 GC heap after
{Heap after GC invocations=28 (full 0):
 garbage-first heap   total 138240K, used 92665K [0x0000000080000000, 0x0000000100000000)
  region size 1024K, 4 young (4096K), 4 survivors (4096K)
 Metaspace       used 88603K, capacity 90911K, committed 91264K, reserved 1128448K
  class space    used 11583K, capacity 12421K, committed 12492K, reserved 1048576K
}
Event: 22.072 GC heap before
{Heap before GC invocations=28 (full 0):
 garbage-first heap   total 138240K, used 112121K [0x0000000080000000, 0x0000000100000000)
  region size 1024K, 24 young (24576K), 4 survivors (4096K)
 Metaspace       used 88953K, capacity 91296K, committed 91648K, reserved 1128448K
  class space    used 11632K, capacity 12485K, committed 12620K, reserved 1048576K
}
Event: 22.084 GC heap after
{Heap after GC invocations=29 (full 0):
 garbage-first heap   total 138240K, used 97274K [0x0000000080000000, 0x0000000100000000)
  region size 1024K, 3 young (3072K), 3 survivors (3072K)
 Metaspace       used 88953K, capacity 91296K, committed 91648K, reserved 1128448K
  class space    used 11632K, capacity 12485K, committed 12620K, reserved 1048576K
}
Event: 22.174 GC heap before
{Heap before GC invocations=29 (full 0):
 garbage-first heap   total 138240K, used 113658K [0x0000000080000000, 0x0000000100000000)
  region size 1024K, 20 young (20480K), 3 survivors (3072K)
 Metaspace       used 89255K, capacity 91552K, committed 91904K, reserved 1128448K
  class space    used 11658K, capacity 12485K, committed 12620K, reserved 1048576K
}
Event: 22.182 GC heap after
{Heap after GC invocations=30 (full 0):
 garbage-first heap   total 165888K, used 101136K [0x0000000080000000, 0x0000000100000000)
  region size 1024K, 3 young (3072K), 3 survivors (3072K)
 Metaspace       used 89255K, capacity 91552K, committed 91904K, reserved 1128448K
  class space    used 11658K, capacity 12485K, committed 12620K, reserved 1048576K
}

Deoptimization events (20 events):
Event: 21.832 Thread 0x0000018176460000 DEOPT PACKING pc=0x0000018161fb7e24 sp=0x000000563cff9fe0
Event: 21.832 Thread 0x0000018176460000 DEOPT UNPACKING pc=0x0000018159fc78af sp=0x000000563cff9f78 mode 2
Event: 21.867 Thread 0x0000018176460000 Uncommon trap: trap_request=0xffffff4d fr.pc=0x0000018161fd6568 relative=0x0000000000001508
Event: 21.867 Thread 0x0000018176460000 Uncommon trap: reason=unstable_if action=reinterpret pc=0x0000018161fd6568 method=com.android.tools.r8.internal.E9.e(Ljava/lang/String;)[Ljava/lang/String; @ 27 c2
Event: 21.867 Thread 0x0000018176460000 DEOPT PACKING pc=0x0000018161fd6568 sp=0x000000563cff9cd0
Event: 21.867 Thread 0x0000018176460000 DEOPT UNPACKING pc=0x0000018159fc78af sp=0x000000563cff9cc0 mode 2
Event: 21.882 Thread 0x0000018176460000 Uncommon trap: trap_request=0xffffff4d fr.pc=0x0000018161fb84a4 relative=0x0000000000000084
Event: 21.882 Thread 0x0000018176460000 Uncommon trap: reason=unstable_if action=reinterpret pc=0x0000018161fb84a4 method=com.android.tools.r8.internal.Ye.d(I)Z @ 45 c2
Event: 21.882 Thread 0x0000018176460000 DEOPT PACKING pc=0x0000018161fb84a4 sp=0x000000563cff9940
Event: 21.882 Thread 0x0000018176460000 DEOPT UNPACKING pc=0x0000018159fc78af sp=0x000000563cff98d0 mode 2
Event: 21.896 Thread 0x0000018176462800 Uncommon trap: trap_request=0xffffff4d fr.pc=0x0000018161fe9be0 relative=0x00000000000007a0
Event: 21.896 Thread 0x0000018176462800 Uncommon trap: reason=unstable_if action=reinterpret pc=0x0000018161fe9be0 method=com.android.tools.r8.internal.U6.<init>([BIZ)V @ 128 c2
Event: 21.896 Thread 0x0000018176462800 DEOPT PACKING pc=0x0000018161fe9be0 sp=0x000000563d3fa240
Event: 21.896 Thread 0x0000018176462800 DEOPT UNPACKING pc=0x0000018159fc78af sp=0x000000563d3fa1e8 mode 2
Event: 21.896 Thread 0x0000018176462800 Uncommon trap: trap_request=0xffffff4d fr.pc=0x0000018161fe5e0c relative=0x000000000000034c
Event: 21.896 Thread 0x0000018176462800 Uncommon trap: reason=unstable_if action=reinterpret pc=0x0000018161fe5e0c method=com.android.tools.r8.internal.U6.<init>([BIZ)V @ 128 c2
Event: 21.896 Thread 0x0000018176462800 DEOPT PACKING pc=0x0000018161fe5e0c sp=0x000000563d3fa240
Event: 21.896 Thread 0x0000018176462800 DEOPT UNPACKING pc=0x0000018159fc78af sp=0x000000563d3fa1e8 mode 2
Event: 22.118 Thread 0x0000018176462800 DEOPT PACKING pc=0x000001815bae9b75 sp=0x000000563d3f9540
Event: 22.119 Thread 0x0000018176462800 DEOPT UNPACKING pc=0x0000018159fc76ce sp=0x000000563d3f8cc8 mode 0

Classes redefined (0 events):
No events

Internal exceptions (20 events):
Event: 21.413 Thread 0x0000018176460000 Exception <a 'java/lang/IncompatibleClassChangeError'{0x0000000086758fb8}: Found class java.lang.Object, but interface was expected> (0x0000000086758fb8) thrown at [./src/hotspot/share/interpreter/linkResolver.cpp, line 839]
Event: 21.413 Thread 0x000001817645c800 Exception <a 'java/lang/IncompatibleClassChangeError'{0x0000000086602360}: Found class java.lang.Object, but interface was expected> (0x0000000086602360) thrown at [./src/hotspot/share/interpreter/linkResolver.cpp, line 839]
Event: 21.413 Thread 0x0000018176464000 Exception <a 'java/lang/IncompatibleClassChangeError'{0x000000008674f930}: Found class java.lang.Object, but interface was expected> (0x000000008674f930) thrown at [./src/hotspot/share/interpreter/linkResolver.cpp, line 839]
Event: 21.413 Thread 0x0000018176463800 Exception <a 'java/lang/IncompatibleClassChangeError'{0x0000000086775f40}: Found class java.lang.Object, but interface was expected> (0x0000000086775f40) thrown at [./src/hotspot/share/interpreter/linkResolver.cpp, line 839]
Event: 21.413 Thread 0x000001817645f000 Exception <a 'java/lang/IncompatibleClassChangeError'{0x00000000868e21e8}: Found class java.lang.Object, but interface was expected> (0x00000000868e21e8) thrown at [./src/hotspot/share/interpreter/linkResolver.cpp, line 839]
Event: 21.413 Thread 0x0000018176462800 Exception <a 'java/lang/IncompatibleClassChangeError'{0x00000000867678b8}: Found class java.lang.Object, but interface was expected> (0x00000000867678b8) thrown at [./src/hotspot/share/interpreter/linkResolver.cpp, line 839]
Event: 21.413 Thread 0x0000018176461800 Exception <a 'java/lang/IncompatibleClassChangeError'{0x000000008677cda8}: Found class java.lang.Object, but interface was expected> (0x000000008677cda8) thrown at [./src/hotspot/share/interpreter/linkResolver.cpp, line 839]
Event: 21.456 Thread 0x000001817645c800 Exception <a 'java/lang/NoSuchMethodError'{0x000000008853fa90}: 'long java.lang.invoke.DirectMethodHandle$Holder.invokeStatic(java.lang.Object, long, java.lang.Object)'> (0x000000008853fa90) thrown at [./src/hotspot/share/interpreter/linkResolver.cpp, line 773]
Event: 21.458 Thread 0x000001817645c800 Exception <a 'java/lang/NoSuchMethodError'{0x00000000885e1250}: 'java.lang.Object java.lang.invoke.DirectMethodHandle$Holder.invokeStatic(java.lang.Object, long)'> (0x00000000885e1250) thrown at [./src/hotspot/share/interpreter/linkResolver.cpp, line 773]
Event: 21.458 Thread 0x0000018176464000 Exception <a 'java/lang/NoSuchMethodError'{0x00000000885d5120}: 'java.lang.Object java.lang.invoke.DirectMethodHandle$Holder.invokeStatic(java.lang.Object, long)'> (0x00000000885d5120) thrown at [./src/hotspot/share/interpreter/linkResolver.cpp, line 773]
Event: 21.462 Thread 0x0000018176463800 Exception <a 'java/lang/NoSuchMethodError'{0x00000000885d8b60}: 'java.lang.Object java.lang.invoke.DirectMethodHandle$Holder.invokeStatic(java.lang.Object, long)'> (0x00000000885d8b60) thrown at [./src/hotspot/share/interpreter/linkResolver.cpp, line 773]
Event: 21.635 Thread 0x000001817645c800 Exception <a 'java/lang/NoSuchMethodError'{0x00000000872a8f98}: 'int java.lang.invoke.DirectMethodHandle$Holder.invokeVirtual(java.lang.Object, java.lang.Object, java.lang.Object, java.lang.Object)'> (0x00000000872a8f98) thrown at [./src/hotspot/share/interpreter/linkResolver.cpp, line 773]
Event: 21.872 Thread 0x0000018176464000 Exception <a 'java/lang/NoSuchMethodError'{0x00000000876b5bc0}: 'void java.lang.invoke.DirectMethodHandle$Holder.invokeStatic(java.lang.Object, java.lang.Object, java.lang.Object, int)'> (0x00000000876b5bc0) thrown at [./src/hotspot/share/interpreter/linkResolver.cpp, line 773]
Event: 21.873 Thread 0x000001817645c800 Exception <a 'java/lang/NoSuchMethodError'{0x000000008775a1b0}: 'void java.lang.invoke.DirectMethodHandle$Holder.invokeStatic(java.lang.Object, java.lang.Object, java.lang.Object, int)'> (0x000000008775a1b0) thrown at [./src/hotspot/share/interpreter/linkResolver.cpp, line 773]
Event: 21.872 Thread 0x000001817645f000 Exception <a 'java/lang/NoSuchMethodError'{0x0000000087d1eff0}: 'void java.lang.invoke.DirectMethodHandle$Holder.invokeStatic(java.lang.Object, java.lang.Object, java.lang.Object, int)'> (0x0000000087d1eff0) thrown at [./src/hotspot/share/interpreter/linkResolver.cpp, line 773]
Event: 21.875 Thread 0x0000018176461800 Exception <a 'java/lang/IncompatibleClassChangeError'{0x00000000876ece70}: Found class java.lang.Object, but interface was expected> (0x00000000876ece70) thrown at [./src/hotspot/share/interpreter/linkResolver.cpp, line 839]
Event: 21.875 Thread 0x0000018176464000 Exception <a 'java/lang/IncompatibleClassChangeError'{0x00000000876bb778}: Found class java.lang.Object, but interface was expected> (0x00000000876bb778) thrown at [./src/hotspot/share/interpreter/linkResolver.cpp, line 839]
Event: 21.875 Thread 0x000001817645c800 Exception <a 'java/lang/IncompatibleClassChangeError'{0x000000008775d9c8}: Found class java.lang.Object, but interface was expected> (0x000000008775d9c8) thrown at [./src/hotspot/share/interpreter/linkResolver.cpp, line 839]
Event: 21.875 Thread 0x0000018176463800 Exception <a 'java/lang/IncompatibleClassChangeError'{0x00000000876f23d0}: Found class java.lang.Object, but interface was expected> (0x00000000876f23d0) thrown at [./src/hotspot/share/interpreter/linkResolver.cpp, line 839]
Event: 21.904 Thread 0x0000018176462800 Exception <a 'java/lang/NoSuchMethodError'{0x0000000087280c60}: 'int java.lang.invoke.DirectMethodHandle$Holder.invokeVirtual(java.lang.Object, java.lang.Object, java.lang.Object)'> (0x0000000087280c60) thrown at [./src/hotspot/share/interpreter/linkResolver.cpp, line 773]

Events (20 events):
Event: 22.203 loading class com/android/tools/r8/internal/Sr
Event: 22.203 loading class com/android/tools/r8/internal/Sr done
Event: 22.205 loading class com/android/tools/r8/internal/v1
Event: 22.205 loading class com/android/tools/r8/internal/v1 done
Event: 22.205 loading class com/android/tools/r8/internal/Rf
Event: 22.205 loading class com/android/tools/r8/internal/Rf done
Event: 22.206 loading class com/android/tools/r8/internal/C1
Event: 22.206 loading class com/android/tools/r8/internal/C1 done
Event: 22.207 loading class com/android/tools/r8/internal/zg
Event: 22.207 loading class com/android/tools/r8/internal/zg done
Event: 22.208 loading class com/android/tools/r8/internal/wg
Event: 22.208 loading class com/android/tools/r8/internal/wg done
Event: 22.209 loading class com/android/tools/r8/internal/Cg
Event: 22.209 loading class com/android/tools/r8/internal/Cg done
Event: 22.210 loading class com/android/tools/r8/internal/Qs
Event: 22.210 loading class com/android/tools/r8/internal/Qs done
Event: 22.211 loading class com/android/tools/r8/internal/he
Event: 22.211 loading class com/android/tools/r8/internal/he done
Event: 22.212 loading class com/android/tools/r8/internal/t
Event: 22.212 loading class com/android/tools/r8/internal/t done


Dynamic libraries:
0x00007ff744300000 - 0x00007ff74430a000 	D:\Programmi\Android Studio\jre\bin\java.exe
0x00007ffcc35d0000 - 0x00007ffcc37c5000 	C:\WINDOWS\SYSTEM32\ntdll.dll
0x00007ffcc26a0000 - 0x00007ffcc275e000 	C:\WINDOWS\System32\KERNEL32.DLL
0x00007ffcc0ce0000 - 0x00007ffcc0fa8000 	C:\WINDOWS\System32\KERNELBASE.dll
0x00007ffcbe5f0000 - 0x00007ffcbe680000 	C:\WINDOWS\SYSTEM32\apphelp.dll
0x00007ffcc1130000 - 0x00007ffcc1230000 	C:\WINDOWS\System32\ucrtbase.dll
0x00007ffcbba10000 - 0x00007ffcbba29000 	D:\Programmi\Android Studio\jre\bin\jli.dll
0x00007ffcc33e0000 - 0x00007ffcc3581000 	C:\WINDOWS\System32\USER32.dll
0x00007ffcc1100000 - 0x00007ffcc1122000 	C:\WINDOWS\System32\win32u.dll
0x00007ffcc2550000 - 0x00007ffcc257b000 	C:\WINDOWS\System32\GDI32.dll
0x00007ffcc1470000 - 0x00007ffcc157d000 	C:\WINDOWS\System32\gdi32full.dll
0x00007ffcc0fb0000 - 0x00007ffcc104d000 	C:\WINDOWS\System32\msvcp_win.dll
0x00007ffcbb920000 - 0x00007ffcbb937000 	D:\Programmi\Android Studio\jre\bin\VCRUNTIME140.dll
0x00007ffcb6930000 - 0x00007ffcb6bca000 	C:\WINDOWS\WinSxS\amd64_microsoft.windows.common-controls_6595b64144ccf1df_6.0.19041.1110_none_60b5254171f9507e\COMCTL32.dll
0x00007ffcc1bd0000 - 0x00007ffcc1c6e000 	C:\WINDOWS\System32\msvcrt.dll
0x00007ffcc21f0000 - 0x00007ffcc2220000 	C:\WINDOWS\System32\IMM32.DLL
0x00007ffc8eb60000 - 0x00007ffc8ebfd000 	D:\Programmi\Android Studio\jre\bin\msvcp140.dll
0x00007ffc898e0000 - 0x00007ffc8a3af000 	D:\Programmi\Android Studio\jre\bin\server\jvm.dll
0x00007ffcc2760000 - 0x00007ffcc280c000 	C:\WINDOWS\System32\ADVAPI32.dll
0x00007ffcc1680000 - 0x00007ffcc171b000 	C:\WINDOWS\System32\sechost.dll
0x00007ffcc2290000 - 0x00007ffcc23ba000 	C:\WINDOWS\System32\RPCRT4.dll
0x00007ffcc2c80000 - 0x00007ffcc2c88000 	C:\WINDOWS\System32\PSAPI.DLL
0x00007ffcb4b70000 - 0x00007ffcb4b97000 	C:\WINDOWS\SYSTEM32\WINMM.dll
0x00007ffcb31f0000 - 0x00007ffcb31fa000 	C:\WINDOWS\SYSTEM32\VERSION.dll
0x00007ffcae400000 - 0x00007ffcae409000 	C:\WINDOWS\SYSTEM32\WSOCK32.dll
0x00007ffcc2220000 - 0x00007ffcc228b000 	C:\WINDOWS\System32\WS2_32.dll
0x00007ffcbebd0000 - 0x00007ffcbebe2000 	C:\WINDOWS\SYSTEM32\kernel.appcore.dll
0x00007ffcbb940000 - 0x00007ffcbb951000 	D:\Programmi\Android Studio\jre\bin\verify.dll
0x00007ffcb8670000 - 0x00007ffcb8854000 	C:\WINDOWS\SYSTEM32\DBGHELP.DLL
0x00007ffcb8640000 - 0x00007ffcb866c000 	C:\WINDOWS\SYSTEM32\dbgcore.DLL
0x00007ffcc13e0000 - 0x00007ffcc1462000 	C:\WINDOWS\System32\bcryptPrimitives.dll
0x00007ffcbb0f0000 - 0x00007ffcbb119000 	D:\Programmi\Android Studio\jre\bin\java.dll
0x00007ffcbbd70000 - 0x00007ffcbbd7b000 	D:\Programmi\Android Studio\jre\bin\jimage.dll
0x00007ffcbb870000 - 0x00007ffcbb888000 	D:\Programmi\Android Studio\jre\bin\zip.dll
0x00007ffcc2c90000 - 0x00007ffcc33d4000 	C:\WINDOWS\System32\SHELL32.dll
0x00007ffcbedd0000 - 0x00007ffcbf564000 	C:\WINDOWS\SYSTEM32\windows.storage.dll
0x00007ffcc2870000 - 0x00007ffcc2bc5000 	C:\WINDOWS\System32\combase.dll
0x00007ffcc0660000 - 0x00007ffcc068e000 	C:\WINDOWS\SYSTEM32\Wldp.dll
0x00007ffcc17f0000 - 0x00007ffcc189d000 	C:\WINDOWS\System32\SHCORE.dll
0x00007ffcc1d10000 - 0x00007ffcc1d65000 	C:\WINDOWS\System32\shlwapi.dll
0x00007ffcc0c20000 - 0x00007ffcc0c3f000 	C:\WINDOWS\SYSTEM32\profapi.dll
0x00007ffcbb810000 - 0x00007ffcbb82a000 	D:\Programmi\Android Studio\jre\bin\net.dll
0x00007ffcb77e0000 - 0x00007ffcb78ec000 	C:\WINDOWS\SYSTEM32\WINHTTP.dll
0x00007ffcc03c0000 - 0x00007ffcc042a000 	C:\WINDOWS\system32\mswsock.dll
0x00007ffcbb3f0000 - 0x00007ffcbb404000 	D:\Programmi\Android Studio\jre\bin\nio.dll
0x00007ffca6ac0000 - 0x00007ffca6ae7000 	C:\Users\Umby\.gradle\native\8bec1ad78214c89d9ad589b4d07fe93259594b29d510b10fafb7a158f7737e5d\windows-amd64\native-platform.dll
0x00007ffc8ec00000 - 0x00007ffc8ed3d000 	C:\Users\Umby\.gradle\native\53dbd7edfb1c66fb8903c78663c9afc45aea4f116125fa6feffd364cf09443e8\windows-amd64\native-platform-file-events.dll
0x00007ffcbbd50000 - 0x00007ffcbbd5a000 	D:\Programmi\Android Studio\jre\bin\management.dll
0x00007ffcbbc40000 - 0x00007ffcbbc4c000 	D:\Programmi\Android Studio\jre\bin\management_ext.dll
0x00007ffcc05b0000 - 0x00007ffcc05c8000 	C:\WINDOWS\SYSTEM32\CRYPTSP.dll
0x00007ffcbfd40000 - 0x00007ffcbfd74000 	C:\WINDOWS\system32\rsaenh.dll
0x00007ffcc1580000 - 0x00007ffcc15a7000 	C:\WINDOWS\System32\bcrypt.dll
0x00007ffcc0be0000 - 0x00007ffcc0c0e000 	C:\WINDOWS\SYSTEM32\USERENV.dll
0x00007ffcc05d0000 - 0x00007ffcc05dc000 	C:\WINDOWS\SYSTEM32\CRYPTBASE.dll
0x00007ffcc00b0000 - 0x00007ffcc00eb000 	C:\WINDOWS\SYSTEM32\IPHLPAPI.DLL
0x00007ffcc1610000 - 0x00007ffcc1618000 	C:\WINDOWS\System32\NSI.dll
0x00007ffcb8c30000 - 0x00007ffcb8c47000 	C:\WINDOWS\SYSTEM32\dhcpcsvc6.DLL
0x00007ffcb9560000 - 0x00007ffcb957d000 	C:\WINDOWS\SYSTEM32\dhcpcsvc.DLL
0x00007ffcc00f0000 - 0x00007ffcc01bb000 	C:\WINDOWS\SYSTEM32\DNSAPI.dll

dbghelp: loaded successfully - version: 4.0.5 - missing functions: none
symbol engine: initialized successfully - sym options: 0x614 - pdb path: .;D:\Programmi\Android Studio\jre\bin;C:\WINDOWS\SYSTEM32;C:\WINDOWS\WinSxS\amd64_microsoft.windows.common-controls_6595b64144ccf1df_6.0.19041.1110_none_60b5254171f9507e;D:\Programmi\Android Studio\jre\bin\server;C:\Users\Umby\.gradle\native\8bec1ad78214c89d9ad589b4d07fe93259594b29d510b10fafb7a158f7737e5d\windows-amd64;C:\Users\Umby\.gradle\native\53dbd7edfb1c66fb8903c78663c9afc45aea4f116125fa6feffd364cf09443e8\windows-amd64

VM Arguments:
jvm_args: --add-opens=java.base/java.util=ALL-UNNAMED --add-opens=java.base/java.lang=ALL-UNNAMED --add-opens=java.base/java.lang.invoke=ALL-UNNAMED --add-opens=java.base/java.util=ALL-UNNAMED --add-opens=java.prefs/java.util.prefs=ALL-UNNAMED --add-opens=java.prefs/java.util.prefs=ALL-UNNAMED --add-opens=java.base/java.nio.charset=ALL-UNNAMED --add-opens=java.base/java.net=ALL-UNNAMED --add-opens=java.base/java.util.concurrent.atomic=ALL-UNNAMED -Xmx2048m -Dfile.encoding=UTF-8 -Duser.country=IT -Duser.language=it -Duser.variant 
java_command: org.gradle.launcher.daemon.bootstrap.GradleDaemon 7.0.2
java_class_path (initial): C:\Users\Umby\.gradle\wrapper\dists\gradle-7.0.2-bin\857tjihv64xamwrf0h14cai3r\gradle-7.0.2\lib\gradle-launcher-7.0.2.jar
Launcher Type: SUN_STANDARD

[Global flags]
     intx CICompilerCount                          = 4                                         {product} {ergonomic}
     uint ConcGCThreads                            = 2                                         {product} {ergonomic}
     uint G1ConcRefinementThreads                  = 8                                         {product} {ergonomic}
   size_t G1HeapRegionSize                         = 1048576                                   {product} {ergonomic}
    uintx GCDrainStackTargetSize                   = 64                                        {product} {ergonomic}
   size_t InitialHeapSize                          = 117440512                                 {product} {ergonomic}
   size_t MarkStackSize                            = 4194304                                   {product} {ergonomic}
   size_t MaxHeapSize                              = 2147483648                                {product} {command line}
   size_t MaxNewSize                               = 1287651328                                {product} {ergonomic}
   size_t MinHeapDeltaBytes                        = 1048576                                   {product} {ergonomic}
    uintx NonNMethodCodeHeapSize                   = 5836300                                {pd product} {ergonomic}
    uintx NonProfiledCodeHeapSize                  = 122910970                              {pd product} {ergonomic}
    uintx ProfiledCodeHeapSize                     = 122910970                              {pd product} {ergonomic}
    uintx ReservedCodeCacheSize                    = 251658240                              {pd product} {ergonomic}
     bool SegmentedCodeCache                       = true                                      {product} {ergonomic}
     bool UseCompressedClassPointers               = true                                 {lp64_product} {ergonomic}
     bool UseCompressedOops                        = true                                 {lp64_product} {ergonomic}
     bool UseG1GC                                  = true                                      {product} {ergonomic}
     bool UseLargePagesIndividualAllocation        = false                                  {pd product} {ergonomic}

Logging:
Log output configuration:
 #0: stdout all=warning uptime,level,tags
 #1: stderr all=off uptime,level,tags

Environment Variables:
PATH=C:\Program Files (x86)\Common Files\Oracle\Java\javapath;C:\Program Files (x86)\NVIDIA Corporation\PhysX\Common;C:\WINDOWS\system32;C:\WINDOWS;C:\WINDOWS\System32\Wbem;C:\WINDOWS\System32\WindowsPowerShell\v1.0\;C:\WINDOWS\System32\OpenSSH\;C:\Program Files\Intel\WiFi\bin\;C:\Program Files\Common Files\Intel\WirelessCommon\;D:\Programmi\MinGW\bin;C:\Users\Umby\AppData\Local\Microsoft\WindowsApps;D:\Programmi\Microsoft VS Code\bin
USERNAME=Umby
OS=Windows_NT
PROCESSOR_IDENTIFIER=AMD64 Family 23 Model 17 Stepping 0, AuthenticAMD



---------------  S Y S T E M  ---------------

OS: Windows 10 , 64 bit Build 19041 (10.0.19041.1348)
OS uptime: 2 days 12:17 hours

CPU:total 8 (initial active 8) (8 cores per cpu, 2 threads per core) family 23 model 17 stepping 0 microcode 0x0, cmov, cx8, fxsr, mmx, sse, sse2, sse3, ssse3, sse4.1, sse4.2, popcnt, avx, avx2, aes, clmul, mmxext, 3dnowpref, lzcnt, sse4a, ht, tsc, tscinvbit, tscinv, bmi1, bmi2, adx, s

Memory: 4k page, system-wide physical 7069M (357M free)
TotalPageFile size 17309M (AvailPageFile size 5M)
current process WorkingSet (physical memory assigned to process): 431M, peak: 431M
current process commit charge ("private bytes"): 495M, peak: 496M

vm_info: OpenJDK 64-Bit Server VM (11.0.10+0-b96-7249189) for windows-amd64 JRE (11.0.10+0-b96-7249189), built on Mar 31 2021 21:44:00 by "builder" with MS VC++ 14.0 (VS2015)

END.
